This is TeX, Version 3.14159 (Web2C 7.4.5) (format=latex 2007.11.26)  19 MAR 2009 13:43
**l
(./l.tex
LaTeX2e <2001/06/01>
Babel <v3.7h> and hyphenation patterns for american, french, german, ngerman, n
ohyphenation, loaded.
(/usr/share/texmf/tex/latex/seminar/seminar.cls
Document Class: seminar 1997/10/13, 1.4
Document Style: `seminar' v1.4 <1997/10/13> (tvz)
\slidewidth=\dimen102
\slideheight=\dimen103
\footheight=\dimen104
(/usr/share/texmf/tex/latex/base/article.cls
Document Class: article 2001/04/21 v1.4e Standard LaTeX document class
(/usr/share/texmf/tex/latex/base/size10.clo
File: size10.clo 2001/04/21 v1.4e Standard LaTeX file (size option)
)
\c@part=\count79
\c@section=\count80
\c@subsection=\count81
\c@subsubsection=\count82
\c@paragraph=\count83
\c@subparagraph=\count84
\c@figure=\count85
\c@table=\count86
\abovecaptionskip=\skip41
\belowcaptionskip=\skip42
\bibindent=\dimen105
)
(/usr/share/texmf/tex/latex/seminar/sem-page.sty)
\before@document=\toks14
\after@document=\toks15
\before@enddocument=\toks16
\c@slide=\count87
\slide@count=\count88
\@slidebox=\box26
\not@slidebox=\box27
\slide@hook=\toks17
\after@slide=\toks18
\slide@footins=\insert233
\slide@listdepth=\count89
\saved@specials=\box28
\before@newslide=\toks19
\after@slidepage=\toks20
\slidesep=\skip43
\c@note=\count90
\slideframewidth=\dimen106
\slideframesep=\dimen107
\semin=\dimen108
\semcm=\dimen109
)
(/usr/share/texmf/tex/latex/config/seminar.con)
(/usr/share/texmf/tex/latex/seminar/semcolor.sty
Style Option: `semcolor' for doc style `seminar' 1.0 <93/04/01> (tvz)
(/usr/share/texmf/tex/generic/pstricks/pstricks.tex
`PSTricks' v97 patch 14  <1999/12/23> (tvz)
\pst@dima=\dimen110
\pst@dimb=\dimen111
\pst@dimc=\dimen112
\pst@dimd=\dimen113
\pst@dimg=\dimen114
\pst@dimh=\dimen115
\pst@hbox=\box29
\pst@boxg=\box30
\pst@cnta=\count91
\pst@cntb=\count92
\pst@cntc=\count93
\pst@cntd=\count94
\pst@cntg=\count95
\pst@cnth=\count96
\pst@toks=\toks21
(/usr/share/texmf/tex/generic/pstricks/pstricks.con)
\psunit=\dimen116
\psxunit=\dimen117
\psyunit=\dimen118
\pslinewidth=\dimen119
\pst@customdefs=\toks22
\pslinearc=\dimen120
\everypsbox=\toks23
\psframesep=\dimen121
\pslabelsep=\dimen122
\theoverlaybox=\box31
))
(/usr/share/texmf/tex/latex/seminar/semlayer.sty
\@@slidebox=\box32
\c@overlay=\count97
)
(/usr/share/texmf/tex/latex/graphics/epsfig.sty
Package: epsfig 1999/02/16 v1.7a (e)psfig emulation (SPQR)

(/usr/share/texmf/tex/latex/graphics/graphicx.sty
Package: graphicx 1999/02/16 v1.0f Enhanced LaTeX Graphics (DPC,SPQR)

(/usr/share/texmf/tex/latex/graphics/keyval.sty
Package: keyval 1999/03/16 v1.13 key=value parser (DPC)
\KV@toks@=\toks24
)
(/usr/share/texmf/tex/latex/graphics/graphics.sty
Package: graphics 2001/07/07 v1.0n Standard LaTeX Graphics (DPC,SPQR)

(/usr/share/texmf/tex/latex/graphics/trig.sty
Package: trig 1999/03/16 v1.09 sin cos tan (DPC)
)
(/usr/share/texmf/tex/latex/config/graphics.cfg
File: graphics.cfg 2001/08/31 v1.1 graphics configuration of teTeX/TeXLive
)
Package graphics Info: Driver file: dvips.def on input line 80.

(/usr/share/texmf/tex/latex/graphics/dvips.def
File: dvips.def 1999/02/16 v3.0i Driver-dependant file (DPC,SPQR)
))
\Gin@req@height=\dimen123
\Gin@req@width=\dimen124
)
\epsfxsize=\dimen125
\epsfysize=\dimen126
)
(/usr/share/texmf/tex/latex/amsmath/amsmath.sty
Package: amsmath 2000/07/18 v2.13 AMS math features
\@mathmargin=\skip44

For additional information on amsmath, use the `?' option.
(/usr/share/texmf/tex/latex/amsmath/amstext.sty
Package: amstext 2000/06/29 v2.01

(/usr/share/texmf/tex/latex/amsmath/amsgen.sty
File: amsgen.sty 1999/11/30 v2.0
\@emptytoks=\toks25
\ex@=\dimen127
))
(/usr/share/texmf/tex/latex/amsmath/amsbsy.sty
Package: amsbsy 1999/11/29 v1.2d
\pmbraise@=\dimen128
)
(/usr/share/texmf/tex/latex/amsmath/amsopn.sty
Package: amsopn 1999/12/14 v2.01 operator names
)
\inf@bad=\count98
LaTeX Info: Redefining \frac on input line 211.
\uproot@=\count99
\leftroot@=\count100
LaTeX Info: Redefining \overline on input line 307.
\classnum@=\count101
\DOTSCASE@=\count102
LaTeX Info: Redefining \ldots on input line 379.
LaTeX Info: Redefining \dots on input line 382.
LaTeX Info: Redefining \cdots on input line 467.
\Mathstrutbox@=\box33
\strutbox@=\box34
\big@size=\dimen129
LaTeX Font Info:    Redeclaring font encoding OML on input line 567.
LaTeX Font Info:    Redeclaring font encoding OMS on input line 568.
\macc@depth=\count103
\c@MaxMatrixCols=\count104
\dotsspace@=\muskip10
\c@parentequation=\count105
\dspbrk@lvl=\count106
\tag@help=\toks26
\row@=\count107
\column@=\count108
\maxfields@=\count109
\andhelp@=\toks27
\eqnshift@=\dimen130
\alignsep@=\dimen131
\tagshift@=\dimen132
\tagwidth@=\dimen133
\totwidth@=\dimen134
\lineht@=\dimen135
\@envbody=\toks28
\multlinegap=\skip45
\multlinetaggap=\skip46
\mathdisplay@stack=\toks29
LaTeX Info: Redefining \[ on input line 2666.
LaTeX Info: Redefining \] on input line 2667.
)
(/usr/share/texmf/tex/latex/misc/rotating.sty
Package: rotating 1997/09/26, v2.13 Rotation package

(/usr/share/texmf/tex/latex/base/ifthen.sty
Package: ifthen 2001/05/26 v1.1c Standard LaTeX ifthen package (DPC)
)
\c@r@tfl@t=\count110
\rot@float@box=\box35
) (./comdef.tex) (./color.tex)

LaTeX Warning: Unused global option(s):
    [pstricks,fancybox,epsfig,colordvi,rotate].

(./l.aux)
\openout1 = `l.aux'.

LaTeX Font Info:    Checking defaults for OML/cmm/m/it on input line 71.
LaTeX Font Info:    ... okay on input line 71.
LaTeX Font Info:    Checking defaults for T1/cmr/m/n on input line 71.
LaTeX Font Info:    ... okay on input line 71.
LaTeX Font Info:    Checking defaults for OT1/cmr/m/n on input line 71.
LaTeX Font Info:    ... okay on input line 71.
LaTeX Font Info:    Checking defaults for OMS/cmsy/m/n on input line 71.
LaTeX Font Info:    ... okay on input line 71.
LaTeX Font Info:    Checking defaults for OMX/cmex/m/n on input line 71.
LaTeX Font Info:    ... okay on input line 71.
LaTeX Font Info:    Checking defaults for U/cmr/m/n on input line 71.
LaTeX Font Info:    ... okay on input line 71.
 (./ladvorg.tex
File: zevis/r59848e136160_trackcal_rphi.eps Graphic file (type eps)
 <zevis/r59848e136160_trackcal_rphi.eps>
File: eps/trackfit.epsi Graphic file (type eps)

<eps/trackfit.epsi>
Underfull \hbox (badness 3525) in paragraph at lines 31--31
[]\OT1/cmr/m/it/10 Track ex-am-ple: De-tec-tor
 []

LaTeX Font Info:    Try loading font information for OMS+cmss on input line 95.

LaTeX Font Info:    No file OMScmss.fd. on input line 95.

LaTeX Font Warning: Font shape `OMS/cmss/m/n' undefined
(Font)              using `OMS/cmsy/m/n' instead
(Font)              for symbol `textbullet' on input line 95.


Underfull \hbox (badness 1694) in paragraph at lines 95--95
[]\OT1/cmss/m/n/10 Apply con-straint fits to both tracks, e.g.
 []


Overfull \hbox (15.15833pt too wide) in paragraph at lines 96--97
 [][] 
 []


Overfull \vbox (8.0pt too high) has occurred while \output is active []

 [1


])
(./lov.tex
Underfull \hbox (badness 10000) in paragraph at lines 27--31
[]\OT1/cmss/m/n/7 One sin-gle mea-sure-ment:
 []


Underfull \hbox (badness 2903) in paragraph at lines 31--34
\OT1/cmss/m/n/7 per-form fit by adding $\OML/cmm/m/it/7 ^^_[]$\OT1/cmss/m/n/7 -

 []


Underfull \hbox (badness 10000) in paragraph at lines 34--36
[]\OT1/cmss/m/n/7 Averaging many mea-sure-
 []


Underfull \hbox (badness 2181) in paragraph at lines 108--111
[]\OT1/cmss/m/n/7 Exercise: Learn qual-i-ta-tive fea-tures of
 []


Overfull \hbox (13.3804pt too wide) in paragraph at lines 9--137
[]|  []  
 []


Overfull \vbox (8.0pt too high) has occurred while \output is active []

 [2

])
(./l1_cont.tex
Overfull \vbox (8.0pt too high) has occurred while \output is active []

 [3

])
(./lintro.tex
File: feynman/l1.ps Graphic file (type eps)
 <feynman/l1.ps>

LaTeX Font Warning: Font shape `OT1/cmss/m/it' in size <14.4> not available
(Font)              Font shape `OT1/cmss/m/sl' tried instead on input line 33.


Overfull \hbox (15.15833pt too wide) in paragraph at lines 34--35
 [] 
 []


Overfull \vbox (8.0pt too high) has occurred while \output is active []

 [4

]
Overfull \hbox (15.15833pt too wide) in paragraph at lines 80--81
 [] 
 []


Overfull \vbox (8.0pt too high) has occurred while \output is active []

 [5

]
Underfull \hbox (badness 10000) in paragraph at lines 121--121

 []


Overfull \hbox (76.6062pt too wide) detected at line 121
\OMS/cmsy/m/n/14.4 ! []
 []


Overfull \hbox (15.15833pt too wide) in paragraph at lines 122--123
 [][] 
 []


Overfull \vbox (8.0pt too high) has occurred while \output is active []

 [6

]
Overfull \hbox (15.15833pt too wide) in paragraph at lines 201--202
 [] 
 []


Overfull \vbox (8.0pt too high) has occurred while \output is active []

 [7

]

LaTeX Font Warning: Font shape `OT1/cmss/m/it' in size <10> not available
(Font)              Font shape `OT1/cmss/m/sl' tried instead on input line 243.


File: eps/linfits.eps Graphic file (type eps)
<eps/linfits.eps>
Overfull \hbox (15.15833pt too wide) in paragraph at lines 255--256
 [][] 
 []


Overfull \vbox (8.0pt too high) has occurred while \output is active []

 [8

])
(./lc1.tex
Overfull \vbox (8.0pt too high) has occurred while \output is active []

 [9

]

LaTeX Font Warning: Font shape `OT1/cmss/m/it' in size <20.74> not available
(Font)              Font shape `OT1/cmss/m/sl' tried instead on input line 26.

File: feynman/gauss1.ps Graphic file (type eps)
<feynman/gauss1.ps>
File: feynman/chisqp1.ps Graphic file (type eps)
 <feynman/chisqp1.ps>
Overfull \vbox (8.0pt too high) has occurred while \output is active []

 [10

])
(./lc2.tex
Overfull \vbox (8.0pt too high) has occurred while \output is active []

 [11

]
File: feynman/chisqp2.epsi Graphic file (type eps)

<feynman/chisqp2.epsi>
Overfull \vbox (8.0pt too high) has occurred while \output is active []

 [12

])
(./papueb/lex1.tex
File: feynman/chisq_parabola.eps Graphic file (type eps)
 <feynman/chisq_parabola.eps>
Overfull \hbox (15.15833pt too wide) in paragraph at lines 58--59
[][]  
 []


Overfull \vbox (8.0pt too high) has occurred while \output is active []

 [13

])
(./lc_many.tex
Overfull \vbox (8.0pt too high) has occurred while \output is active []

 [14

]
Overfull \vbox (8.0pt too high) has occurred while \output is active []

 [15

])
(./e_wav.tex
Overfull \vbox (8.0pt too high) has occurred while \output is active []

 [16

])
(./l2_cont.tex
Overfull \vbox (8.0pt too high) has occurred while \output is active []

 [17

])
(./lco1.tex
File: feynman/lco1.ps Graphic file (type eps)
 <feynman/lco1.ps>
File: feynman/lco2.ps Graphic file (type eps)
 <feynman/lco2.ps>
Overfull \vbox (8.0pt too high) has occurred while \output is active []

 [18

]
Overfull \hbox (8.71614pt too wide) in paragraph at lines 37--38
[]$[]$  
 []

File: feynman/lco3.ps Graphic file (type eps)
<feynman/lco3.ps>
Overfull \vbox (8.0pt too high) has occurred while \output is active []

 [19

]
File: feynman/325px-Chi-square_distributionPDF.ps Graphic file (type eps)

<feynman/325px-Chi-square_distributionPDF.ps>
Overfull \vbox (8.0pt too high) has occurred while \output is active []

 [20

]
File: eps/probfct.eps Graphic file (type eps)

<eps/probfct.eps>
Overfull \vbox (8.0pt too high) has occurred while \output is active []

 [21

]
Overfull \hbox (1.05382pt too wide) in paragraph at lines 154--154
 [] 
 []


Overfull \vbox (8.0pt too high) has occurred while \output is active []

 [22

]
Overfull \hbox (1.05382pt too wide) in paragraph at lines 179--179
 [] 
 []


Overfull \vbox (8.0pt too high) has occurred while \output is active []

 [23

]
File: eps/chisq_ndf_curves.eps Graphic file (type eps)

<eps/chisq_ndf_curves.eps>
Overfull \vbox (8.0pt too high) has occurred while \output is active []

 [24

]
File: eps/average_mw_new.ps Graphic file (type eps)

<eps/average_mw_new.ps>
Overfull \vbox (8.0pt too high) has occurred while \output is active []

 [25

])
(./l3_cont.tex
Overfull \vbox (8.0pt too high) has occurred while \output is active []

 [26

])
(./normaleq.tex
Overfull \vbox (8.0pt too high) has occurred while \output is active []

 [27

])
(./geradenfit.tex
File: eps/p1.eps Graphic file (type eps)
 <eps/p1.eps>
Overfull \vbox (8.0pt too high) has occurred while \output is active []

 [28

]
Overfull \vbox (8.0pt too high) has occurred while \output is active []

 [29

]
Overfull \hbox (17.36331pt too wide) in paragraph at lines 185--185
 [] 
 []


Overfull \vbox (8.0pt too high) has occurred while \output is active []

 [30

]
File: eps/straightline.eps Graphic file (type eps)

<eps/straightline.eps>
Overfull \vbox (8.0pt too high) has occurred while \output is active []

 [31

]
File: eps/trackfit.ps Graphic file (type eps)

<eps/trackfit.ps>
Overfull \vbox (8.0pt too high) has occurred while \output is active []

 [32

])
(./l.aux)

LaTeX Font Warning: Some font shapes were not available, defaults substituted.

 ) 
Here is how much of TeX's memory you used:
 2914 strings out of 95847
 31638 string characters out of 1195947
 105321 words of memory out of 1000001
 5761 multiletter control sequences out of 10000+50000
 17055 words of font info for 59 fonts, out of 500000 for 1000
 14 hyphenation exceptions out of 1000
 32i,14n,23p,214b,736s stack positions out of 1500i,500n,5000p,200000b,5000s

Output written on l.dvi (32 pages, 51052 bytes).
