   5.000000    0.000180    0.274484    0.148777    0.012479    0.010086    0.016045
    7.000000    0.000500    0.138340    0.154404    0.006689    0.009050    0.011253
    7.000000    0.000300    0.230567    0.167933    0.007712    0.010567    0.013082
   12.000000    0.001500    0.079051    0.140367    0.007709    0.009550    0.012273
   12.000000    0.000800    0.148221    0.176204    0.006660    0.010117    0.012113
   12.000000    0.000500    0.237154    0.232955    0.010037    0.011786    0.015480
   12.000000    0.000320    0.370553    0.283941    0.013432    0.018515    0.022874
   18.000000    0.002500    0.071146    0.156730    0.005551    0.008994    0.010569
   18.000000    0.001350    0.131752    0.199580    0.006479    0.010510    0.012347
   18.000000    0.000800    0.222332    0.262467    0.010126    0.012201    0.015856
   18.000000    0.000500    0.355731    0.275201    0.012866    0.019126    0.023051
   32.000000    0.003200    0.098814    0.193390    0.013737    0.010873    0.017519
   32.000000    0.002400    0.131752    0.202566    0.009775    0.010036    0.014010
   32.000000    0.001400    0.225861    0.275526    0.010713    0.011680    0.015849
   32.000000    0.000800    0.395257    0.351395    0.015175    0.018745    0.024118
   60.000000    0.005000    0.118577    0.196579    0.009311    0.009601    0.013374
   60.000000    0.003200    0.185277    0.271101    0.012868    0.010461    0.016584
   60.000000    0.002000    0.296443    0.337557    0.014677    0.012413    0.019223
   60.000000    0.001400    0.423490    0.320365    0.019720    0.017385    0.026289
  120.000000    0.010000    0.118577    0.158455    0.010470    0.008608    0.013554
  120.000000    0.005500    0.215595    0.225205    0.011710    0.010119    0.015476
  120.000000    0.002000    0.592885    0.343756    0.024485    0.017826    0.030287
  200.000000    0.013000    0.152022    0.165339    0.011086    0.007978    0.013658
  200.000000    0.005000    0.395257    0.243057    0.019690    0.013855    0.024076
  350.000000    0.025000    0.138340    0.101256    0.011367    0.005892    0.012803
  350.000000    0.010000    0.345850    0.219534    0.019175    0.010938    0.022076
  650.000000    0.032000    0.200716    0.093173    0.011627    0.009940    0.015297
  650.000000    0.013000    0.494071    0.199711    0.022293    0.014363    0.026520
 2000.000000    0.050000    0.395257    0.061741    0.017179    0.008906    0.019350
    7.000000    0.001600    0.043231    0.091964    0.005858    0.006963    0.009100
    7.000000    0.000800    0.086462    0.114817    0.008246    0.006966    0.010795
    7.000000    0.000130    0.532077    0.213141    0.017341    0.016985    0.024274
   12.000000    0.003000    0.039526    0.102166    0.006303    0.008245    0.010378
   12.000000    0.000220    0.538987    0.297149    0.025149    0.021397    0.033020
   18.000000    0.004500    0.039526    0.133983    0.007658    0.010801    0.013240
   18.000000    0.000350    0.508187    0.307955    0.028336    0.019879    0.034613
   32.000000    0.008000    0.039526    0.101983    0.010938    0.008445    0.013818
   32.000000    0.005500    0.057492    0.147991    0.010221    0.008870    0.013534
   60.000000    0.015000    0.039526    0.100390    0.010651    0.006451    0.012452
   60.000000    0.008000    0.074111    0.144872    0.017474    0.007496    0.019014
    2.500000    0.000030    0.823452    0.112436    0.015797    0.012205    0.019963
    2.500000    0.000070    0.352908    0.106454    0.009586    0.010536    0.014244
    2.500000    0.000130    0.190027    0.088468    0.008868    0.008006    0.011948
    2.500000    0.000180    0.137242    0.090391    0.008566    0.007516    0.011396
    2.500000    0.000350    0.070582    0.055752    0.004866    0.004543    0.006657
    7.000000    0.000180    0.384278    0.189953    0.019341    0.016146    0.025194
    5.000000    0.000070    0.705816    0.146518    0.022910    0.014606    0.027170
    5.000000    0.000350    0.141163    0.114820    0.008173    0.007636    0.011185
    5.000000    0.001000    0.049407    0.079923    0.007403    0.006590    0.009911
   32.000000    0.000600    0.527009    0.411233    0.062274    0.023440    0.066539
  120.000000    0.003200    0.370553    0.242022    0.038398    0.009838    0.039639
  120.000000    0.025000    0.047431    0.086158    0.011753    0.005892    0.013147

