   2.5000  0.00003000  0.82345200    0.112299    0.016503    0.012116    0.020473
    2.5000  0.00007000  0.35290799    0.106730    0.009758    0.010476    0.014317
    2.5000  0.00013000  0.19002700    0.086922    0.008707    0.007707    0.011628
    2.5000  0.00018000  0.13724200    0.089390    0.008214    0.007492    0.011117
    2.5000  0.00035000  0.07058200    0.055987    0.004545    0.004494    0.006392
    5.0000  0.00018000  0.27448401    0.147839    0.012191    0.009992    0.015763
    5.0000  0.00007000  0.70581597    0.146615    0.023285    0.014486    0.027423
    5.0000  0.00035000  0.14116301    0.114474    0.007816    0.007596    0.010899
    5.0000  0.00100000  0.04940700    0.080572    0.006461    0.006462    0.009138
    7.0000  0.00050000  0.13834000    0.154442    0.006564    0.009018    0.011154
    7.0000  0.00030000  0.23056699    0.168159    0.007590    0.010516    0.012969
    7.0000  0.00160000  0.04323100    0.092061    0.005379    0.006894    0.008744
    7.0000  0.00080000  0.08646200    0.116425    0.008094    0.006976    0.010686
    7.0000  0.00013000  0.53207701    0.213750    0.017852    0.016887    0.024573
    7.0000  0.00018000  0.38427800    0.186868    0.019204    0.015794    0.024864
   12.0000  0.00150000  0.07905100    0.141437    0.007639    0.009513    0.012200
   12.0000  0.00080000  0.14822100    0.176893    0.006544    0.010056    0.011997
   12.0000  0.00050000  0.23715401    0.233015    0.009930    0.011743    0.015378
   12.0000  0.00032000  0.37055299    0.283611    0.013359    0.018355    0.022701
   12.0000  0.00300000  0.03952600    0.102963    0.005920    0.008123    0.010052
   12.0000  0.00022000  0.53898698    0.298426    0.025564    0.021368    0.033318
   18.0000  0.00250000  0.07114600    0.157379    0.005424    0.008984    0.010494
   18.0000  0.00135000  0.13175200    0.200911    0.006452    0.010479    0.012306
   18.0000  0.00080000  0.22233200    0.262260    0.010102    0.012119    0.015777
   18.0000  0.00050000  0.35573101    0.275091    0.012810    0.019024    0.022935
   18.0000  0.00450000  0.03952600    0.135609    0.007446    0.010676    0.013017
   18.0000  0.00035000  0.50818700    0.306219    0.028196    0.019635    0.034359
   32.0000  0.00320000  0.09881400    0.193706    0.013736    0.010835    0.017495
   32.0000  0.00240000  0.13175200    0.203024    0.009693    0.010011    0.013935
   32.0000  0.00140000  0.22586100    0.275465    0.010565    0.011673    0.015744
   32.0000  0.00080000  0.39525700    0.351763    0.015044    0.018690    0.023992
   32.0000  0.00800000  0.03952600    0.103101    0.010688    0.008356    0.013567
   32.0000  0.00550000  0.05749200    0.148164    0.009497    0.008706    0.012883
   32.0000  0.00060000  0.52700901    0.412433    0.061919    0.023446    0.066210
   60.0000  0.00500000  0.11857700    0.196975    0.009234    0.009557    0.013289
   60.0000  0.00320000  0.18527700    0.271025    0.012776    0.010413    0.016482
   60.0000  0.00200000  0.29644299    0.337278    0.014652    0.012380    0.019181
   60.0000  0.00140000  0.42348999    0.317413    0.019860    0.017149    0.026239
   60.0000  0.01500000  0.03952600    0.101554    0.010221    0.006384    0.012051
   60.0000  0.00800000  0.07411100    0.146521    0.017211    0.007470    0.018762
  120.0000  0.01000000  0.11857700    0.157797    0.010294    0.008541    0.013376
  120.0000  0.00550000  0.21559501    0.224624    0.011721    0.010097    0.015470
  120.0000  0.00200000  0.59288502    0.342815    0.024238    0.017861    0.030109
  120.0000  0.00320000  0.37055299    0.238108    0.036923    0.009486    0.038122
  120.0000  0.02500000  0.04743100    0.085682    0.011052    0.005810    0.012486
  200.0000  0.01300000  0.15202200    0.165207    0.011077    0.007966    0.013644
  200.0000  0.00500000  0.39525700    0.242205    0.019655    0.013823    0.024029
  350.0000  0.02500000  0.13834000    0.099439    0.011260    0.005834    0.012681
  350.0000  0.01000000  0.34584999    0.212399    0.018753    0.010812    0.021646
  650.0000  0.03200000  0.20071600    0.093214    0.011604    0.009886    0.015244
  650.0000  0.01300000  0.49407101    0.198213    0.022262    0.014290    0.026454
 2000.0000  0.05000000  0.39525700    0.061100    0.017159    0.008831    0.019298

