
//----- 2.18.0 -------
k_c[0]= 1.17547; k_c_err[0]= 0.0376061;
k_b[0]= 1.67722; k_b_err[0]= 0.21397;
sigma_c[0]= 3601.56; sigma_c_err[0]= 115.223;
sigma_b[0]= 182.838; sigma_b_err[0]= 23.3254;

//----- 2.18.1 -------
k_c[1]= 1.16545; k_c_err[1]= 0.0379022;
k_b[1]= 1.73547; k_b_err[1]= 0.215924;
sigma_c[1]= 3570.86; sigma_c_err[1]= 116.13;
sigma_b[1]= 189.188; sigma_b_err[1]= 23.5384;

//----- 2.18.2 -------
k_c[2]= 1.16567; k_c_err[2]= 0.0376494;
k_b[2]= 1.63399; k_b_err[2]= 0.214784;
sigma_c[2]= 3571.54; sigma_c_err[2]= 115.355;
sigma_b[2]= 178.126; sigma_b_err[2]= 23.4142;

//----- 2.18.3 -------
k_c[3]= 1.15118; k_c_err[3]= 0.0379207;
k_b[3]= 1.66359; k_b_err[3]= 0.217472;
sigma_c[3]= 3527.12; sigma_c_err[3]= 116.186;
sigma_b[3]= 181.352; sigma_b_err[3]= 23.7071;

//----- 2.18.4 -------
k_c[4]= 1.15871; k_c_err[4]= 0.0377051;
k_b[4]= 1.62257; k_b_err[4]= 0.216972;
sigma_c[4]= 3550.21; sigma_c_err[4]= 115.526;
sigma_b[4]= 176.88; sigma_b_err[4]= 23.6527;

//----- 2.18.5 -------
k_c[5]= 1.12096; k_c_err[5]= 0.0372464;
k_b[5]= 1.71687; k_b_err[5]= 0.214929;
sigma_c[5]= 3434.53; sigma_c_err[5]= 114.12;
sigma_b[5]= 187.161; sigma_b_err[5]= 23.4299;

//----- 2.18.6 -------
k_c[6]= 1.12312; k_c_err[6]= 0.0376166;
k_b[6]= 1.73855; k_b_err[6]= 0.217204;
sigma_c[6]= 3441.18; sigma_c_err[6]= 115.255;
sigma_b[6]= 189.524; sigma_b_err[6]= 23.6779;

//----- 2.18.7 -------
k_c[7]= 1.09768; k_c_err[7]= 0.0374948;
k_b[7]= 1.76141; k_b_err[7]= 0.21768;
sigma_c[7]= 3363.21; sigma_c_err[7]= 114.882;
sigma_b[7]= 192.015; sigma_b_err[7]= 23.7298;

//----- 2.18.8 -------
k_c[8]= 1.10128; k_c_err[8]= 0.037345;
k_b[8]= 1.66275; k_b_err[8]= 0.216449;
sigma_c[8]= 3374.26; sigma_c_err[8]= 114.423;
sigma_b[8]= 181.261; sigma_b_err[8]= 23.5957;
