
//----- 2.19.0 -------
results.full2.19.0.0405e06e07p.v02.true05e06e0607p.xml
k_c[0]= 1.29918; k_c_err[0]= 0.0199421;
k_b[0]= 1.46999; k_b_err[0]= 0.0494826;
sigma_c[0]= 3228.09; sigma_c_err[0]= 49.5505;
sigma_b[0]= 231.949; sigma_b_err[0]= 7.8078;

//----- 2.19.1 -------
results.full2.19.1.0405e06e07p.v02.true05e06e0607p.xml
k_c[1]= 1.28958; k_c_err[1]= 0.0199787;
k_b[1]= 1.49976; k_b_err[1]= 0.0497005;
sigma_c[1]= 3204.23; sigma_c_err[1]= 49.6413;
sigma_b[1]= 236.645; sigma_b_err[1]= 7.8422;

//----- 2.19.2 -------
results.full2.19.2.0405e06e07p.v02.true05e06e0607p.xml
k_c[2]= 1.28871; k_c_err[2]= 0.0200125;
k_b[2]= 1.4739; k_b_err[2]= 0.0500819;
sigma_c[2]= 3202.06; sigma_c_err[2]= 49.7252;
sigma_b[2]= 232.566; sigma_b_err[2]= 7.90238;

//----- 2.19.3 -------
results.full2.19.3.0405e06e07p.v02.true05e06e0607p.xml
k_c[3]= 1.27795; k_c_err[3]= 0.0199246;
k_b[3]= 1.44933; k_b_err[3]= 0.0499399;
sigma_c[3]= 3175.34; sigma_c_err[3]= 49.5068;
sigma_b[3]= 228.688; sigma_b_err[3]= 7.87997;

//----- 2.19.4 -------
results.full2.19.4.0405e06e07p.v02.true05e06e0607p.xml
k_c[4]= 1.27032; k_c_err[4]= 0.0199508;
k_b[4]= 1.4668; k_b_err[4]= 0.0502009;
sigma_c[4]= 3156.37; sigma_c_err[4]= 49.5719;
sigma_b[4]= 231.445; sigma_b_err[4]= 7.92115;

//----- 2.19.5 -------
results.full2.19.5.0405e06e07p.v02.true05e06e0607p.xml
k_c[5]= 1.25371; k_c_err[5]= 0.0198913;
k_b[5]= 1.46621; k_b_err[5]= 0.0501991;
sigma_c[5]= 3115.1; sigma_c_err[5]= 49.4241;
sigma_b[5]= 231.351; sigma_b_err[5]= 7.92087;

//----- 2.19.6 -------
results.full2.19.6.0405e06e07p.v02.true05e06e0607p.xml
k_c[6]= 1.24066; k_c_err[6]= 0.0198688;
k_b[6]= 1.48882; k_b_err[6]= 0.0502782;
sigma_c[6]= 3082.68; sigma_c_err[6]= 49.3682;
sigma_b[6]= 234.919; sigma_b_err[6]= 7.93335;

//----- 2.19.7 -------
results.full2.19.7.0405e06e07p.v02.true05e06e0607p.xml
k_c[7]= 1.23638; k_c_err[7]= 0.0198287;
k_b[7]= 1.43646; k_b_err[7]= 0.0503533;
sigma_c[7]= 3072.05; sigma_c_err[7]= 49.2685;
sigma_b[7]= 226.658; sigma_b_err[7]= 7.94519;

//----- 2.19.8 -------
results.full2.19.8.0405e06e07p.v02.true05e06e0607p.xml
k_c[8]= 1.24045; k_c_err[8]= 0.0198149;
k_b[8]= 1.42873; k_b_err[8]= 0.0504133;
sigma_c[8]= 3082.15; sigma_c_err[8]= 49.2344;
sigma_b[8]= 225.439; sigma_b_err[8]= 7.95466;
