destination path:  /data/zenith234b/libov/REFUNNEL/0607_p/beauty/Q2G1/
source path:  /acs/users/shehzadi/mcgen/0607_p/
searchString:  beauty
deleting directories.list
54345405 bytes in 1 seconds (53071.68 KB/sec)
346331 bytes in 0 seconds
54172412 bytes in 1 seconds (52902.75 KB/sec)
54112561 bytes in 0 seconds
54173165 bytes in 1 seconds (52903.48 KB/sec)
330380 bytes in 0 seconds
54243213 bytes in 1 seconds (52971.89 KB/sec)
340830 bytes in 0 seconds
54336423 bytes in 1 seconds (53062.91 KB/sec)
339837 bytes in 0 seconds
345704 bytes in 0 seconds
339285 bytes in 0 seconds
334279 bytes in 0 seconds
54272684 bytes in 0 seconds
54242152 bytes in 1 seconds (52970.85 KB/sec)
54381987 bytes in 1 seconds (53107.41 KB/sec)
54266650 bytes in 1 seconds (52994.78 KB/sec)
54192140 bytes in 1 seconds (52922.01 KB/sec)
331136 bytes in 1 seconds (323.38 KB/sec)
54379946 bytes in 1 seconds (53105.42 KB/sec)
329353 bytes in 0 seconds
352982 bytes in 0 seconds
332786 bytes in 0 seconds
54318576 bytes in 0 seconds
54086363 bytes in 1 seconds (52818.71 KB/sec)
330135 bytes in 0 seconds
54235932 bytes in 0 seconds
54212925 bytes in 1 seconds (52942.31 KB/sec)
317548 bytes in 0 seconds
339928 bytes in 0 seconds
54325309 bytes in 1 seconds (53052.06 KB/sec)
340514 bytes in 0 seconds
336065 bytes in 0 seconds
54150448 bytes in 0 seconds
54311542 bytes in 1 seconds (53038.62 KB/sec)
329541 bytes in 0 seconds
54255903 bytes in 1 seconds (52984.28 KB/sec)
54190721 bytes in 0 seconds
54265221 bytes in 1 seconds (52993.38 KB/sec)
342500 bytes in 0 seconds
334558 bytes in 0 seconds
334936 bytes in 0 seconds
334588 bytes in 0 seconds
327981 bytes in 0 seconds
54362613 bytes in 1 seconds (53088.49 KB/sec)
54260323 bytes in 0 seconds
319684 bytes in 0 seconds
54216966 bytes in 0 seconds
54138618 bytes in 1 seconds (52869.74 KB/sec)
54274738 bytes in 1 seconds (53002.67 KB/sec)
337099 bytes in 0 seconds
346417 bytes in 0 seconds
334162 bytes in 1 seconds (326.33 KB/sec)
318769 bytes in 0 seconds
54374169 bytes in 1 seconds (53099.77 KB/sec)
54139636 bytes in 0 seconds
54193281 bytes in 1 seconds (52923.13 KB/sec)
54189537 bytes in 0 seconds
341814 bytes in 0 seconds
54342509 bytes in 0 seconds
332784 bytes in 0 seconds
54411086 bytes in 0 seconds
335420 bytes in 0 seconds
341778 bytes in 0 seconds
328115 bytes in 0 seconds
349291 bytes in 0 seconds
54271814 bytes in 0 seconds
54205878 bytes in 1 seconds (52935.43 KB/sec)
54254568 bytes in 0 seconds
54172707 bytes in 0 seconds
54144152 bytes in 1 seconds (52875.15 KB/sec)
352194 bytes in 1 seconds (343.94 KB/sec)
54352289 bytes in 0 seconds
340342 bytes in 0 seconds
328684 bytes in 0 seconds
336002 bytes in 0 seconds
54345821 bytes in 0 seconds
351186 bytes in 0 seconds
54289921 bytes in 0 seconds
54175851 bytes in 1 seconds (52906.10 KB/sec)
54281321 bytes in 0 seconds
330457 bytes in 0 seconds
327407 bytes in 0 seconds
54181005 bytes in 1 seconds (52911.14 KB/sec)
343543 bytes in 0 seconds
326314 bytes in 1 seconds (318.67 KB/sec)
328003 bytes in 0 seconds
54338967 bytes in 1 seconds (53065.40 KB/sec)
54307273 bytes in 1 seconds (53034.45 KB/sec)
331902 bytes in 0 seconds
54315907 bytes in 1 seconds (53042.88 KB/sec)
54092194 bytes in 1 seconds (52824.41 KB/sec)
54175180 bytes in 0 seconds
335801 bytes in 0 seconds
318564 bytes in 0 seconds
341390 bytes in 1 seconds (333.39 KB/sec)
332496 bytes in 0 seconds
330111 bytes in 0 seconds
54278808 bytes in 0 seconds
54200909 bytes in 1 seconds (52930.58 KB/sec)
54510999 bytes in 1 seconds (53233.40 KB/sec)
345847 bytes in 0 seconds
54122761 bytes in 0 seconds
54215753 bytes in 1 seconds (52945.07 KB/sec)
326272 bytes in 0 seconds
340978 bytes in 0 seconds
350439 bytes in 0 seconds
333298 bytes in 0 seconds
54402260 bytes in 1 seconds (53127.21 KB/sec)
54308895 bytes in 0 seconds
54179460 bytes in 1 seconds (52909.63 KB/sec)
54452264 bytes in 1 seconds (53176.04 KB/sec)
341876 bytes in 0 seconds
54298233 bytes in 1 seconds (53025.62 KB/sec)
333034 bytes in 1 seconds (325.23 KB/sec)
54055237 bytes in 0 seconds
332123 bytes in 0 seconds
333186 bytes in 0 seconds
334912 bytes in 0 seconds
337045 bytes in 0 seconds
54232108 bytes in 1 seconds (52961.04 KB/sec)
54179661 bytes in 0 seconds
54237694 bytes in 1 seconds (52966.50 KB/sec)
54208851 bytes in 0 seconds
54296709 bytes in 1 seconds (53024.13 KB/sec)
345948 bytes in 1 seconds (337.84 KB/sec)
54227504 bytes in 1 seconds (52956.55 KB/sec)
333743 bytes in 1 seconds (325.92 KB/sec)
338198 bytes in 0 seconds
331638 bytes in 0 seconds
54322556 bytes in 0 seconds
334098 bytes in 0 seconds
54262412 bytes in 0 seconds
54171576 bytes in 1 seconds (52901.93 KB/sec)
54370555 bytes in 0 seconds
336038 bytes in 0 seconds
328536 bytes in 0 seconds
54320833 bytes in 1 seconds (53047.69 KB/sec)
326372 bytes in 0 seconds
344868 bytes in 0 seconds
580607 bytes in 1 seconds (567.00 KB/sec)
54186517 bytes in 1 seconds (52916.52 KB/sec)
54248000 bytes in 1 seconds (52976.56 KB/sec)
54127885 bytes in 0 seconds
353050 bytes in 0 seconds
54295362 bytes in 0 seconds
54276945 bytes in 1 seconds (53004.83 KB/sec)
336581 bytes in 0 seconds
54263554 bytes in 1 seconds (52991.75 KB/sec)
332431 bytes in 0 seconds
341574 bytes in 0 seconds
340169 bytes in 1 seconds (332.20 KB/sec)
333504 bytes in 0 seconds
54225392 bytes in 1 seconds (52954.48 KB/sec)
54301485 bytes in 1 seconds (53028.79 KB/sec)
54258812 bytes in 0 seconds
331090 bytes in 0 seconds
54271000 bytes in 1 seconds (52999.02 KB/sec)
54218341 bytes in 0 seconds
336033 bytes in 0 seconds
358760 bytes in 0 seconds
345866 bytes in 0 seconds
350707 bytes in 0 seconds
54269078 bytes in 1 seconds (52997.15 KB/sec)
54278487 bytes in 1 seconds (53006.33 KB/sec)
54247534 bytes in 1 seconds (52976.11 KB/sec)
341246 bytes in 0 seconds
54105955 bytes in 1 seconds (52837.85 KB/sec)
54193190 bytes in 0 seconds
704 bytes in 0 seconds
328996 bytes in 0 seconds
331190 bytes in 0 seconds
333805 bytes in 0 seconds
323651 bytes in 0 seconds
344346 bytes in 0 seconds
54300848 bytes in 0 seconds
54330922 bytes in 1 seconds (53057.54 KB/sec)
54339580 bytes in 0 seconds
328546 bytes in 0 seconds
54277592 bytes in 0 seconds
54238283 bytes in 1 seconds (52967.07 KB/sec)
331796 bytes in 0 seconds
54108443 bytes in 0 seconds
327934 bytes in 0 seconds
333851 bytes in 0 seconds
54185582 bytes in 1 seconds (52915.61 KB/sec)
54315058 bytes in 1 seconds (53042.05 KB/sec)
346664 bytes in 0 seconds
332497 bytes in 0 seconds
329975 bytes in 0 seconds
325976 bytes in 0 seconds
54310564 bytes in 1 seconds (53037.66 KB/sec)
342210 bytes in 0 seconds
54213394 bytes in 1 seconds (52942.77 KB/sec)
54278259 bytes in 0 seconds
334295 bytes in 0 seconds
54318440 bytes in 0 seconds
54221201 bytes in 1 seconds (52950.39 KB/sec)
319263 bytes in 0 seconds
54412924 bytes in 1 seconds (53137.62 KB/sec)
342598 bytes in 1 seconds (334.57 KB/sec)
348736 bytes in 0 seconds
345605 bytes in 0 seconds
325921 bytes in 0 seconds
54164341 bytes in 1 seconds (52894.86 KB/sec)
54354321 bytes in 0 seconds
54300368 bytes in 1 seconds (53027.70 KB/sec)
54254981 bytes in 1 seconds (52983.38 KB/sec)
332098 bytes in 0 seconds
54363357 bytes in 1 seconds (53089.22 KB/sec)
340088 bytes in 0 seconds
336255 bytes in 0 seconds
345050 bytes in 1 seconds (336.96 KB/sec)
338404 bytes in 0 seconds
54209458 bytes in 1 seconds (52938.92 KB/sec)
54419795 bytes in 1 seconds (53144.33 KB/sec)
320640 bytes in 0 seconds
54115592 bytes in 1 seconds (52847.26 KB/sec)
54255431 bytes in 0 seconds
322176 bytes in 0 seconds
335156 bytes in 1 seconds (327.30 KB/sec)
54327190 bytes in 1 seconds (53053.90 KB/sec)
326384 bytes in 0 seconds
316521 bytes in 0 seconds
54383578 bytes in 1 seconds (53108.96 KB/sec)
54241930 bytes in 1 seconds (52970.63 KB/sec)
54276817 bytes in 1 seconds (53004.70 KB/sec)
329044 bytes in 0 seconds
54238224 bytes in 1 seconds (52967.02 KB/sec)
54175871 bytes in 0 seconds
330466 bytes in 0 seconds
330487 bytes in 0 seconds
322696 bytes in 0 seconds
340730 bytes in 0 seconds
54187289 bytes in 1 seconds (52917.27 KB/sec)
