destination path:  /acs/users/libov/MC/rgap30/
source path:  /data/zenith226a/libov/amadeus/events/rgap30/
searchString:  rg30
deleting directories.list
53388327 bytes in 1 seconds (52137.04 KB/sec)
535021 bytes in 1 seconds (522.48 KB/sec)
53483501 bytes in 2 seconds (26114.99 KB/sec)
535131 bytes in 0 seconds
53503099 bytes in 1 seconds (52249.12 KB/sec)
539595 bytes in 0 seconds
53459954 bytes in 1 seconds (52206.99 KB/sec)
533261 bytes in 0 seconds
53472835 bytes in 3 seconds (17406.52 KB/sec)
536767 bytes in 0 seconds
53529108 bytes in 1 seconds (52274.52 KB/sec)
536074 bytes in 0 seconds
53359651 bytes in 1 seconds (52109.03 KB/sec)
538613 bytes in 0 seconds
53304373 bytes in 2 seconds (26027.53 KB/sec)
544548 bytes in 1 seconds (531.79 KB/sec)
53468470 bytes in 2 seconds (26107.65 KB/sec)
538206 bytes in 0 seconds
53439603 bytes in 2 seconds (26093.56 KB/sec)
539028 bytes in 0 seconds
53422586 bytes in 1 seconds (52170.49 KB/sec)
537726 bytes in 0 seconds
53524446 bytes in 2 seconds (26134.98 KB/sec)
537341 bytes in 1 seconds (524.75 KB/sec)
53513755 bytes in 2 seconds (26129.76 KB/sec)
539226 bytes in 0 seconds
53372066 bytes in 1 seconds (52121.16 KB/sec)
543914 bytes in 0 seconds
53609976 bytes in 2 seconds (26176.75 KB/sec)
543556 bytes in 1 seconds (530.82 KB/sec)
53539905 bytes in 2 seconds (26142.53 KB/sec)
541166 bytes in 0 seconds
53588304 bytes in 1 seconds (52332.33 KB/sec)
530001 bytes in 0 seconds
53490662 bytes in 1 seconds (52236.97 KB/sec)
532621 bytes in 0 seconds
53522727 bytes in 4 seconds (13067.07 KB/sec)
542692 bytes in 0 seconds
1212103 bytes in 0 seconds
511112 bytes in 0 seconds
365 bytes in 0 seconds
53360091 bytes in 1 seconds (52109.46 KB/sec)
533370 bytes in 0 seconds
53392275 bytes in 2 seconds (26070.45 KB/sec)
542628 bytes in 0 seconds
53439804 bytes in 2 seconds (26093.65 KB/sec)
545276 bytes in 0 seconds
53496945 bytes in 1 seconds (52243.11 KB/sec)
543268 bytes in 0 seconds
53395859 bytes in 1 seconds (52144.39 KB/sec)
540846 bytes in 0 seconds
53368584 bytes in 1 seconds (52117.76 KB/sec)
543433 bytes in 0 seconds
365 bytes in 0 seconds
53496162 bytes in 1 seconds (52242.35 KB/sec)
548643 bytes in 0 seconds
53405272 bytes in 1 seconds (52153.59 KB/sec)
540457 bytes in 0 seconds
53376215 bytes in 1 seconds (52125.21 KB/sec)
541291 bytes in 0 seconds
53335172 bytes in 2 seconds (26042.56 KB/sec)
535181 bytes in 0 seconds
53510267 bytes in 2 seconds (26128.06 KB/sec)
539036 bytes in 0 seconds
53442097 bytes in 1 seconds (52189.55 KB/sec)
548003 bytes in 1 seconds (535.16 KB/sec)
53519936 bytes in 1 seconds (52265.56 KB/sec)
539656 bytes in 0 seconds
53339530 bytes in 1 seconds (52089.38 KB/sec)
534476 bytes in 1 seconds (521.95 KB/sec)
53573700 bytes in 2 seconds (26159.03 KB/sec)
532971 bytes in 0 seconds
53574070 bytes in 1 seconds (52318.43 KB/sec)
538170 bytes in 0 seconds
53401324 bytes in 1 seconds (52149.73 KB/sec)
545996 bytes in 0 seconds
53477719 bytes in 2 seconds (26112.17 KB/sec)
544576 bytes in 0 seconds
53531287 bytes in 2 seconds (26138.32 KB/sec)
536983 bytes in 0 seconds
53376709 bytes in 1 seconds (52125.69 KB/sec)
542716 bytes in 0 seconds
53469603 bytes in 1 seconds (52216.41 KB/sec)
542921 bytes in 0 seconds
53418788 bytes in 2 seconds (26083.39 KB/sec)
542426 bytes in 0 seconds
53536916 bytes in 2 seconds (26141.07 KB/sec)
532555 bytes in 1 seconds (520.07 KB/sec)
53511977 bytes in 1 seconds (52257.79 KB/sec)
538743 bytes in 0 seconds
53500192 bytes in 2 seconds (26123.14 KB/sec)
541158 bytes in 0 seconds
53494545 bytes in 2 seconds (26120.38 KB/sec)
542396 bytes in 0 seconds
53273261 bytes in 2 seconds (26012.33 KB/sec)
536876 bytes in 0 seconds
53471393 bytes in 1 seconds (52218.16 KB/sec)
538446 bytes in 0 seconds
53539775 bytes in 2 seconds (26142.47 KB/sec)
535893 bytes in 0 seconds
53640791 bytes in 1 seconds (52383.58 KB/sec)
537464 bytes in 1 seconds (524.87 KB/sec)
53518918 bytes in 1 seconds (52264.57 KB/sec)
538796 bytes in 0 seconds
53490711 bytes in 1 seconds (52237.02 KB/sec)
542291 bytes in 1 seconds (529.58 KB/sec)
53432214 bytes in 2 seconds (26089.95 KB/sec)
543908 bytes in 0 seconds
53576959 bytes in 1 seconds (52321.25 KB/sec)
539036 bytes in 0 seconds
53494146 bytes in 1 seconds (52240.38 KB/sec)
540046 bytes in 0 seconds
53608674 bytes in 1 seconds (52352.22 KB/sec)
534391 bytes in 0 seconds
53527160 bytes in 1 seconds (52272.62 KB/sec)
536701 bytes in 0 seconds
53451398 bytes in 2 seconds (26099.32 KB/sec)
535711 bytes in 0 seconds
53456181 bytes in 1 seconds (52203.30 KB/sec)
539538 bytes in 0 seconds
53370455 bytes in 2 seconds (26059.79 KB/sec)
543858 bytes in 1 seconds (531.11 KB/sec)
53642773 bytes in 2 seconds (26192.76 KB/sec)
546153 bytes in 0 seconds
53314545 bytes in 1 seconds (52064.99 KB/sec)
537461 bytes in 0 seconds
53552452 bytes in 6 seconds (8716.22 KB/sec)
531725 bytes in 0 seconds
53534602 bytes in 1 seconds (52279.88 KB/sec)
534562 bytes in 0 seconds
53439470 bytes in 2 seconds (26093.49 KB/sec)
540746 bytes in 0 seconds
53539080 bytes in 1 seconds (52284.26 KB/sec)
537058 bytes in 0 seconds
53459411 bytes in 2 seconds (26103.23 KB/sec)
542811 bytes in 0 seconds
53367281 bytes in 2 seconds (26058.24 KB/sec)
532263 bytes in 0 seconds
53446782 bytes in 2 seconds (26097.06 KB/sec)
537566 bytes in 0 seconds
53562694 bytes in 1 seconds (52307.32 KB/sec)
530970 bytes in 0 seconds
53373718 bytes in 2 seconds (26061.39 KB/sec)
531341 bytes in 0 seconds
53450587 bytes in 2 seconds (26098.92 KB/sec)
546693 bytes in 0 seconds
53581229 bytes in 1 seconds (52325.42 KB/sec)
538126 bytes in 0 seconds
53318177 bytes in 1 seconds (52068.53 KB/sec)
543573 bytes in 0 seconds
53403469 bytes in 1 seconds (52151.83 KB/sec)
536206 bytes in 0 seconds
53492985 bytes in 1 seconds (52239.24 KB/sec)
543603 bytes in 0 seconds
53397372 bytes in 1 seconds (52145.87 KB/sec)
539484 bytes in 0 seconds
53477808 bytes in 1 seconds (52224.42 KB/sec)
545653 bytes in 0 seconds
1180558 bytes in 0 seconds
518871 bytes in 0 seconds
367 bytes in 0 seconds
53531121 bytes in 2 seconds (26138.24 KB/sec)
536338 bytes in 0 seconds
53590905 bytes in 1 seconds (52334.87 KB/sec)
543318 bytes in 0 seconds
53395445 bytes in 2 seconds (26071.99 KB/sec)
534418 bytes in 0 seconds
53453773 bytes in 1 seconds (52200.95 KB/sec)
545931 bytes in 0 seconds
53331045 bytes in 1 seconds (52081.10 KB/sec)
537531 bytes in 0 seconds
53423954 bytes in 1 seconds (52171.83 KB/sec)
533116 bytes in 0 seconds
53449976 bytes in 2 seconds (26098.62 KB/sec)
539028 bytes in 1 seconds (526.39 KB/sec)
53532025 bytes in 2 seconds (26138.68 KB/sec)
541523 bytes in 0 seconds
53366325 bytes in 1 seconds (52115.55 KB/sec)
534250 bytes in 0 seconds
53477869 bytes in 1 seconds (52224.48 KB/sec)
541551 bytes in 0 seconds
53285447 bytes in 2 seconds (26018.28 KB/sec)
538113 bytes in 1 seconds (525.50 KB/sec)
53577301 bytes in 1 seconds (52321.58 KB/sec)
535756 bytes in 0 seconds
53476687 bytes in 1 seconds (52223.33 KB/sec)
541815 bytes in 0 seconds
53528144 bytes in 2 seconds (26136.79 KB/sec)
544178 bytes in 0 seconds
53478515 bytes in 2 seconds (26112.56 KB/sec)
530930 bytes in 0 seconds
53509862 bytes in 1 seconds (52255.72 KB/sec)
536483 bytes in 0 seconds
53466765 bytes in 2 seconds (26106.82 KB/sec)
543973 bytes in 0 seconds
53523302 bytes in 2 seconds (26134.42 KB/sec)
533951 bytes in 0 seconds
53369689 bytes in 1 seconds (52118.84 KB/sec)
539899 bytes in 0 seconds
609279 bytes in 0 seconds
514654 bytes in 1 seconds (502.59 KB/sec)
365 bytes in 0 seconds
53474406 bytes in 1 seconds (52221.10 KB/sec)
533683 bytes in 0 seconds
53474705 bytes in 1 seconds (52221.39 KB/sec)
536635 bytes in 0 seconds
53436248 bytes in 1 seconds (52183.84 KB/sec)
532523 bytes in 0 seconds
53503319 bytes in 1 seconds (52249.33 KB/sec)
533581 bytes in 0 seconds
53483651 bytes in 3 seconds (17410.04 KB/sec)
539741 bytes in 1 seconds (527.09 KB/sec)
53472195 bytes in 1 seconds (52218.94 KB/sec)
536598 bytes in 0 seconds
53384146 bytes in 2 seconds (26066.48 KB/sec)
538314 bytes in 0 seconds
53373686 bytes in 1 seconds (52122.74 KB/sec)
539412 bytes in 0 seconds
53412363 bytes in 1 seconds (52160.51 KB/sec)
544091 bytes in 0 seconds
53509574 bytes in 1 seconds (52255.44 KB/sec)
535108 bytes in 0 seconds
53447245 bytes in 1 seconds (52194.58 KB/sec)
538533 bytes in 0 seconds
53608866 bytes in 2 seconds (26176.20 KB/sec)
538971 bytes in 0 seconds
53403207 bytes in 1 seconds (52151.57 KB/sec)
542716 bytes in 0 seconds
53502273 bytes in 1 seconds (52248.31 KB/sec)
540257 bytes in 0 seconds
53568825 bytes in 1 seconds (52313.31 KB/sec)
544956 bytes in 0 seconds
53323621 bytes in 1 seconds (52073.85 KB/sec)
549253 bytes in 0 seconds
53552997 bytes in 2 seconds (26148.92 KB/sec)
540486 bytes in 1 seconds (527.82 KB/sec)
53735856 bytes in 2 seconds (26238.21 KB/sec)
538361 bytes in 0 seconds
53404582 bytes in 4 seconds (13038.23 KB/sec)
542555 bytes in 0 seconds
53498405 bytes in 1 seconds (52244.54 KB/sec)
545121 bytes in 0 seconds
53577658 bytes in 2 seconds (26160.97 KB/sec)
538461 bytes in 0 seconds
53470507 bytes in 2 seconds (26108.65 KB/sec)
539436 bytes in 0 seconds
53361708 bytes in 2 seconds (26055.52 KB/sec)
541601 bytes in 0 seconds
53403281 bytes in 2 seconds (26075.82 KB/sec)
539361 bytes in 0 seconds
53487071 bytes in 2 seconds (26116.73 KB/sec)
536728 bytes in 0 seconds
53593136 bytes in 2 seconds (26168.52 KB/sec)
546577 bytes in 0 seconds
53470746 bytes in 2 seconds (26108.76 KB/sec)
531436 bytes in 0 seconds
53456887 bytes in 2 seconds (26102.00 KB/sec)
546241 bytes in 1 seconds (533.44 KB/sec)
53433894 bytes in 2 seconds (26090.77 KB/sec)
531508 bytes in 0 seconds
53437894 bytes in 2 seconds (26092.72 KB/sec)
540266 bytes in 0 seconds
53408206 bytes in 2 seconds (26078.23 KB/sec)
542738 bytes in 0 seconds
53549250 bytes in 2 seconds (26147.09 KB/sec)
542467 bytes in 0 seconds
52260948 bytes in 2 seconds (25518.04 KB/sec)
544703 bytes in 0 seconds
366 bytes in 0 seconds
53420223 bytes in 2 seconds (26084.09 KB/sec)
540323 bytes in 0 seconds
53314132 bytes in 1 seconds (52064.58 KB/sec)
537042 bytes in 0 seconds
53487198 bytes in 3 seconds (17411.20 KB/sec)
541623 bytes in 0 seconds
53619898 bytes in 1 seconds (52363.18 KB/sec)
537907 bytes in 1 seconds (525.30 KB/sec)
53527391 bytes in 1 seconds (52272.84 KB/sec)
538761 bytes in 0 seconds
53386794 bytes in 2 seconds (26067.77 KB/sec)
552064 bytes in 0 seconds
53302361 bytes in 1 seconds (52053.09 KB/sec)
541058 bytes in 0 seconds
53311819 bytes in 1 seconds (52062.32 KB/sec)
541028 bytes in 0 seconds
53357279 bytes in 2 seconds (26053.36 KB/sec)
539545 bytes in 0 seconds
365 bytes in 0 seconds
520814 bytes in 1 seconds (508.61 KB/sec)
53493447 bytes in 2 seconds (26119.85 KB/sec)
521622 bytes in 0 seconds
53383941 bytes in 2 seconds (26066.38 KB/sec)
521293 bytes in 0 seconds
53472254 bytes in 3 seconds (17406.33 KB/sec)
519941 bytes in 1 seconds (507.75 KB/sec)
521221 bytes in 0 seconds
53442973 bytes in 1 seconds (52190.40 KB/sec)
517142 bytes in 0 seconds
53465735 bytes in 1 seconds (52212.63 KB/sec)
527694 bytes in 0 seconds
53423916 bytes in 1 seconds (52171.79 KB/sec)
53421735 bytes in 1 seconds (52169.66 KB/sec)
514813 bytes in 0 seconds
53413937 bytes in 1 seconds (52162.05 KB/sec)
511621 bytes in 0 seconds
524582 bytes in 0 seconds
53542218 bytes in 1 seconds (52287.32 KB/sec)
517934 bytes in 1 seconds (505.79 KB/sec)
53431909 bytes in 2 seconds (26089.80 KB/sec)
516893 bytes in 1 seconds (504.78 KB/sec)
53384152 bytes in 1 seconds (52132.96 KB/sec)
53685413 bytes in 1 seconds (52427.16 KB/sec)
520502 bytes in 0 seconds
53439181 bytes in 2 seconds (26093.35 KB/sec)
521714 bytes in 0 seconds
53420186 bytes in 1 seconds (52168.15 KB/sec)
521062 bytes in 0 seconds
520494 bytes in 0 seconds
53379134 bytes in 2 seconds (26064.03 KB/sec)
519293 bytes in 0 seconds
53315028 bytes in 1 seconds (52065.46 KB/sec)
520261 bytes in 0 seconds
53345598 bytes in 1 seconds (52095.31 KB/sec)
53538978 bytes in 2 seconds (26142.08 KB/sec)
520013 bytes in 1 seconds (507.83 KB/sec)
53440515 bytes in 3 seconds (17396.00 KB/sec)
517061 bytes in 0 seconds
53410728 bytes in 1 seconds (52158.91 KB/sec)
520822 bytes in 0 seconds
53361449 bytes in 2 seconds (26055.40 KB/sec)
525302 bytes in 0 seconds
53418847 bytes in 1 seconds (52166.84 KB/sec)
520422 bytes in 0 seconds
53394666 bytes in 1 seconds (52143.23 KB/sec)
522574 bytes in 0 seconds
53610856 bytes in 2 seconds (26177.18 KB/sec)
53327660 bytes in 1 seconds (52077.79 KB/sec)
523221 bytes in 0 seconds
53409300 bytes in 1 seconds (52157.52 KB/sec)
518981 bytes in 0 seconds
53509457 bytes in 2 seconds (26127.66 KB/sec)
522595 bytes in 1 seconds (510.35 KB/sec)
53367128 bytes in 2 seconds (26058.17 KB/sec)
53515793 bytes in 2 seconds (26130.76 KB/sec)
516981 bytes in 1 seconds (504.86 KB/sec)
53444243 bytes in 2 seconds (26095.82 KB/sec)
512341 bytes in 0 seconds
53654940 bytes in 2 seconds (26198.70 KB/sec)
516582 bytes in 0 seconds
53460676 bytes in 1 seconds (52207.69 KB/sec)
517861 bytes in 0 seconds
53339757 bytes in 1 seconds (52089.61 KB/sec)
517782 bytes in 0 seconds
53653193 bytes in 1 seconds (52395.70 KB/sec)
519382 bytes in 0 seconds
53340373 bytes in 1 seconds (52090.21 KB/sec)
53449434 bytes in 1 seconds (52196.71 KB/sec)
53505745 bytes in 4 seconds (13062.93 KB/sec)
53459909 bytes in 2 seconds (26103.47 KB/sec)
528022 bytes in 0 seconds
53507052 bytes in 1 seconds (52252.98 KB/sec)
520413 bytes in 0 seconds
53588293 bytes in 1 seconds (52332.32 KB/sec)
514894 bytes in 0 seconds
53599640 bytes in 1 seconds (52343.40 KB/sec)
518261 bytes in 0 seconds
53355092 bytes in 1 seconds (52104.58 KB/sec)
525933 bytes in 0 seconds
53429079 bytes in 2 seconds (26088.42 KB/sec)
53337315 bytes in 1 seconds (52087.22 KB/sec)
524502 bytes in 0 seconds
53416325 bytes in 2 seconds (26082.19 KB/sec)
521382 bytes in 1 seconds (509.16 KB/sec)
53302890 bytes in 1 seconds (52053.60 KB/sec)
522733 bytes in 0 seconds
512902 bytes in 0 seconds
53352716 bytes in 2 seconds (26051.13 KB/sec)
518502 bytes in 0 seconds
53354467 bytes in 1 seconds (52103.97 KB/sec)
514102 bytes in 0 seconds
53290491 bytes in 2 seconds (26020.75 KB/sec)
53423148 bytes in 2 seconds (26085.52 KB/sec)
514101 bytes in 1 seconds (502.05 KB/sec)
53338042 bytes in 10 seconds (5208.79 KB/sec)
520174 bytes in 0 seconds
53385856 bytes in 1 seconds (52134.62 KB/sec)
523061 bytes in 0 seconds
517542 bytes in 0 seconds
53469786 bytes in 3 seconds (17405.53 KB/sec)
511622 bytes in 0 seconds
53354990 bytes in 1 seconds (52104.48 KB/sec)
524981 bytes in 0 seconds
53327097 bytes in 1 seconds (52077.24 KB/sec)
521773 bytes in 0 seconds
53396589 bytes in 1 seconds (52145.11 KB/sec)
520494 bytes in 0 seconds
53607251 bytes in 2 seconds (26175.42 KB/sec)
520334 bytes in 0 seconds
53367022 bytes in 1 seconds (52116.23 KB/sec)
518822 bytes in 0 seconds
53453168 bytes in 2 seconds (26100.18 KB/sec)
53562029 bytes in 2 seconds (26153.33 KB/sec)
519142 bytes in 0 seconds
53443404 bytes in 1 seconds (52190.82 KB/sec)
519054 bytes in 0 seconds
53514760 bytes in 1 seconds (52260.51 KB/sec)
526422 bytes in 0 seconds
512182 bytes in 0 seconds
53441727 bytes in 1 seconds (52189.19 KB/sec)
520262 bytes in 0 seconds
53768770 bytes in 2 seconds (26254.28 KB/sec)
522414 bytes in 0 seconds
53317829 bytes in 2 seconds (26034.10 KB/sec)
53367208 bytes in 1 seconds (52116.41 KB/sec)
521373 bytes in 0 seconds
53403579 bytes in 1 seconds (52151.93 KB/sec)
522261 bytes in 1 seconds (510.02 KB/sec)
53598881 bytes in 1 seconds (52342.66 KB/sec)
524254 bytes in 0 seconds
53278039 bytes in 2 seconds (26014.67 KB/sec)
525534 bytes in 0 seconds
53552973 bytes in 1 seconds (52297.83 KB/sec)
518013 bytes in 0 seconds
53407387 bytes in 2 seconds (26077.83 KB/sec)
529293 bytes in 0 seconds
53462191 bytes in 1 seconds (52209.17 KB/sec)
53465692 bytes in 1 seconds (52212.59 KB/sec)
515221 bytes in 0 seconds
53627330 bytes in 1 seconds (52370.44 KB/sec)
526174 bytes in 0 seconds
53401834 bytes in 1 seconds (52150.23 KB/sec)
523533 bytes in 0 seconds
53345322 bytes in 2 seconds (26047.52 KB/sec)
53480909 bytes in 2 seconds (26113.73 KB/sec)
517694 bytes in 0 seconds
53603292 bytes in 1 seconds (52346.96 KB/sec)
518022 bytes in 0 seconds
53349725 bytes in 1 seconds (52099.34 KB/sec)
514982 bytes in 0 seconds
53457103 bytes in 2 seconds (26102.10 KB/sec)
523221 bytes in 1 seconds (510.96 KB/sec)
53523247 bytes in 1 seconds (52268.80 KB/sec)
527134 bytes in 0 seconds
53500820 bytes in 1 seconds (52246.89 KB/sec)
522814 bytes in 0 seconds
520014 bytes in 0 seconds
53500281 bytes in 2 seconds (26123.18 KB/sec)
523782 bytes in 0 seconds
53335995 bytes in 2 seconds (26042.97 KB/sec)
516422 bytes in 0 seconds
53498917 bytes in 2 seconds (26122.52 KB/sec)
53368926 bytes in 2 seconds (26059.05 KB/sec)
518182 bytes in 1 seconds (506.04 KB/sec)
53328932 bytes in 1 seconds (52079.04 KB/sec)
516742 bytes in 0 seconds
53585445 bytes in 1 seconds (52329.54 KB/sec)
513614 bytes in 0 seconds
516493 bytes in 0 seconds
53579631 bytes in 1 seconds (52323.86 KB/sec)
515142 bytes in 1 seconds (503.07 KB/sec)
53571872 bytes in 2 seconds (26158.14 KB/sec)
520413 bytes in 0 seconds
53505677 bytes in 1 seconds (52251.64 KB/sec)
378 bytes in 0 seconds
515458 bytes in 0 seconds
53574360 bytes in 1 seconds (52318.71 KB/sec)
514421 bytes in 0 seconds
53531454 bytes in 1 seconds (52276.81 KB/sec)
523294 bytes in 0 seconds
53345700 bytes in 1 seconds (52095.41 KB/sec)
53489646 bytes in 1 seconds (52235.98 KB/sec)
45965762 bytes in 1 seconds (44888.44 KB/sec)
516421 bytes in 0 seconds
53512435 bytes in 1 seconds (52258.24 KB/sec)
523374 bytes in 0 seconds
519302 bytes in 1 seconds (507.13 KB/sec)
522901 bytes in 0 seconds
520422 bytes in 1 seconds (508.22 KB/sec)
519782 bytes in 0 seconds
525693 bytes in 1 seconds (513.37 KB/sec)
53344818 bytes in 2 seconds (26047.27 KB/sec)
520661 bytes in 0 seconds
53424785 bytes in 3 seconds (17390.88 KB/sec)
521781 bytes in 0 seconds
53441112 bytes in 1 seconds (52188.59 KB/sec)
523941 bytes in 0 seconds
526182 bytes in 0 seconds
519222 bytes in 0 seconds
520973 bytes in 0 seconds
53610623 bytes in 2 seconds (26177.06 KB/sec)
516262 bytes in 0 seconds
53347242 bytes in 1 seconds (52096.92 KB/sec)
524342 bytes in 0 seconds
