destination path:  /data/zenith234b/libov/REFUNNEL/05_e/charm/Q2G1_5/
source path:  /acs/users/shehzadi/mcgen/05_e/charm/Q2G1_5/
searchString:  05
deleting directories.list
80975417 bytes in 1 seconds (79077.56 KB/sec)
722360 bytes in 0 seconds
81089305 bytes in 1 seconds (79188.77 KB/sec)
81167997 bytes in 1 seconds (79265.62 KB/sec)
723002 bytes in 0 seconds
725396 bytes in 0 seconds
81235069 bytes in 1 seconds (79331.12 KB/sec)
722122 bytes in 0 seconds
81349790 bytes in 1 seconds (79443.15 KB/sec)
723482 bytes in 0 seconds
81168927 bytes in 1 seconds (79266.53 KB/sec)
81237779 bytes in 1 seconds (79333.77 KB/sec)
724276 bytes in 0 seconds
81065497 bytes in 1 seconds (79165.52 KB/sec)
723321 bytes in 0 seconds
81173382 bytes in 1 seconds (79270.88 KB/sec)
725076 bytes in 0 seconds
727316 bytes in 0 seconds
81211952 bytes in 1 seconds (79308.55 KB/sec)
81249804 bytes in 1 seconds (79345.51 KB/sec)
81154679 bytes in 1 seconds (79252.62 KB/sec)
726436 bytes in 0 seconds
81296329 bytes in 1 seconds (79390.95 KB/sec)
722762 bytes in 1 seconds (705.82 KB/sec)
81026654 bytes in 1 seconds (79127.59 KB/sec)
81262524 bytes in 1 seconds (79357.93 KB/sec)
725556 bytes in 0 seconds
81061939 bytes in 1 seconds (79162.05 KB/sec)
81162509 bytes in 0 seconds
721002 bytes in 0 seconds
721793 bytes in 0 seconds
81337654 bytes in 1 seconds (79431.30 KB/sec)
722441 bytes in 0 seconds
721722 bytes in 0 seconds
81195339 bytes in 1 seconds (79292.32 KB/sec)
81067667 bytes in 1 seconds (79167.64 KB/sec)
724674 bytes in 0 seconds
81061618 bytes in 1 seconds (79161.74 KB/sec)
723322 bytes in 0 seconds
81240080 bytes in 1 seconds (79336.02 KB/sec)
81122796 bytes in 1 seconds (79221.48 KB/sec)
725476 bytes in 0 seconds
81329486 bytes in 1 seconds (79423.33 KB/sec)
725476 bytes in 0 seconds
81186742 bytes in 1 seconds (79283.93 KB/sec)
81186144 bytes in 1 seconds (79283.34 KB/sec)
721482 bytes in 0 seconds
723482 bytes in 0 seconds
722442 bytes in 0 seconds
81193131 bytes in 1 seconds (79290.17 KB/sec)
81134227 bytes in 1 seconds (79232.64 KB/sec)
721402 bytes in 0 seconds
721801 bytes in 0 seconds
81342141 bytes in 1 seconds (79435.68 KB/sec)
724202 bytes in 0 seconds
721881 bytes in 0 seconds
722280 bytes in 0 seconds
81038330 bytes in 1 seconds (79138.99 KB/sec)
724753 bytes in 0 seconds
81204591 bytes in 1 seconds (79301.36 KB/sec)
723002 bytes in 0 seconds
725636 bytes in 0 seconds
81186743 bytes in 1 seconds (79283.93 KB/sec)
81140848 bytes in 1 seconds (79239.11 KB/sec)
81393601 bytes in 0 seconds
721962 bytes in 0 seconds
722841 bytes in 0 seconds
81103751 bytes in 1 seconds (79202.88 KB/sec)
723082 bytes in 0 seconds
721322 bytes in 0 seconds
81181763 bytes in 1 seconds (79279.07 KB/sec)
723240 bytes in 0 seconds
724676 bytes in 0 seconds
81223777 bytes in 0 seconds
727236 bytes in 0 seconds
724516 bytes in 0 seconds
81095684 bytes in 1 seconds (79195.00 KB/sec)
81205042 bytes in 1 seconds (79301.80 KB/sec)
81072506 bytes in 1 seconds (79172.37 KB/sec)
724436 bytes in 0 seconds
81291946 bytes in 1 seconds (79386.67 KB/sec)
723242 bytes in 0 seconds
724596 bytes in 0 seconds
81184794 bytes in 1 seconds (79282.03 KB/sec)
726356 bytes in 0 seconds
81217228 bytes in 0 seconds
725636 bytes in 0 seconds
723081 bytes in 0 seconds
81158379 bytes in 1 seconds (79256.23 KB/sec)
81287933 bytes in 0 seconds
721562 bytes in 0 seconds
721960 bytes in 0 seconds
81164638 bytes in 1 seconds (79262.34 KB/sec)
722282 bytes in 0 seconds
81165717 bytes in 1 seconds (79263.40 KB/sec)
81062147 bytes in 1 seconds (79162.25 KB/sec)
723002 bytes in 1 seconds (706.06 KB/sec)
81107309 bytes in 1 seconds (79206.36 KB/sec)
81148252 bytes in 1 seconds (79246.34 KB/sec)
724676 bytes in 0 seconds
727875 bytes in 0 seconds
723720 bytes in 0 seconds
81228261 bytes in 1 seconds (79324.47 KB/sec)
724116 bytes in 0 seconds
81091556 bytes in 1 seconds (79190.97 KB/sec)
723794 bytes in 0 seconds
81017164 bytes in 1 seconds (79118.32 KB/sec)
81070391 bytes in 1 seconds (79170.30 KB/sec)
81183859 bytes in 1 seconds (79281.11 KB/sec)
723081 bytes in 0 seconds
81218183 bytes in 1 seconds (79314.63 KB/sec)
81192063 bytes in 1 seconds (79289.12 KB/sec)
81123619 bytes in 1 seconds (79222.28 KB/sec)
721002 bytes in 0 seconds
81181024 bytes in 1 seconds (79278.34 KB/sec)
721721 bytes in 0 seconds
724916 bytes in 0 seconds
81298075 bytes in 1 seconds (79392.65 KB/sec)
81258639 bytes in 1 seconds (79354.14 KB/sec)
725236 bytes in 0 seconds
81071563 bytes in 1 seconds (79171.45 KB/sec)
720281 bytes in 0 seconds
81234244 bytes in 1 seconds (79330.32 KB/sec)
729476 bytes in 0 seconds
81056595 bytes in 1 seconds (79156.83 KB/sec)
81161074 bytes in 1 seconds (79258.86 KB/sec)
723642 bytes in 0 seconds
81029874 bytes in 1 seconds (79130.74 KB/sec)
726195 bytes in 0 seconds
81161354 bytes in 1 seconds (79259.13 KB/sec)
722922 bytes in 1 seconds (705.98 KB/sec)
81305881 bytes in 1 seconds (79400.27 KB/sec)
722922 bytes in 0 seconds
81156943 bytes in 1 seconds (79254.83 KB/sec)
725956 bytes in 0 seconds
81083564 bytes in 1 seconds (79183.17 KB/sec)
726676 bytes in 0 seconds
80916746 bytes in 1 seconds (79020.26 KB/sec)
722361 bytes in 0 seconds
722920 bytes in 0 seconds
722202 bytes in 0 seconds
721242 bytes in 0 seconds
80998785 bytes in 1 seconds (79100.38 KB/sec)
722676 bytes in 0 seconds
81084706 bytes in 1 seconds (79184.28 KB/sec)
81224885 bytes in 1 seconds (79321.18 KB/sec)
81047196 bytes in 1 seconds (79147.65 KB/sec)
81140264 bytes in 1 seconds (79238.54 KB/sec)
724596 bytes in 0 seconds
722602 bytes in 0 seconds
81050040 bytes in 0 seconds
723716 bytes in 0 seconds
81248503 bytes in 1 seconds (79344.24 KB/sec)
724676 bytes in 0 seconds
81312545 bytes in 1 seconds (79406.78 KB/sec)
81271810 bytes in 1 seconds (79367.00 KB/sec)
81239621 bytes in 0 seconds
81228265 bytes in 1 seconds (79324.48 KB/sec)
730516 bytes in 0 seconds
722682 bytes in 0 seconds
81091510 bytes in 1 seconds (79190.93 KB/sec)
724756 bytes in 0 seconds
725396 bytes in 0 seconds
81173483 bytes in 1 seconds (79270.98 KB/sec)
81154386 bytes in 1 seconds (79252.33 KB/sec)
723162 bytes in 0 seconds
81145018 bytes in 0 seconds
81184306 bytes in 1 seconds (79281.55 KB/sec)
729316 bytes in 0 seconds
81156344 bytes in 0 seconds
722602 bytes in 0 seconds
81188696 bytes in 1 seconds (79285.84 KB/sec)
81135102 bytes in 1 seconds (79233.50 KB/sec)
722682 bytes in 0 seconds
81110923 bytes in 1 seconds (79209.89 KB/sec)
726116 bytes in 0 seconds
723639 bytes in 0 seconds
81449175 bytes in 1 seconds (79540.21 KB/sec)
723320 bytes in 0 seconds
722442 bytes in 0 seconds
722602 bytes in 0 seconds
81297680 bytes in 1 seconds (79392.27 KB/sec)
725396 bytes in 0 seconds
81037496 bytes in 1 seconds (79138.18 KB/sec)
80979417 bytes in 1 seconds (79081.46 KB/sec)
81078091 bytes in 1 seconds (79177.82 KB/sec)
725075 bytes in 0 seconds
721876 bytes in 0 seconds
723562 bytes in 0 seconds
81307359 bytes in 1 seconds (79401.72 KB/sec)
721962 bytes in 0 seconds
81164394 bytes in 1 seconds (79262.10 KB/sec)
81178190 bytes in 1 seconds (79275.58 KB/sec)
722681 bytes in 0 seconds
722682 bytes in 0 seconds
81167974 bytes in 1 seconds (79265.60 KB/sec)
722842 bytes in 0 seconds
724356 bytes in 0 seconds
725636 bytes in 0 seconds
81083181 bytes in 1 seconds (79182.79 KB/sec)
723160 bytes in 0 seconds
81029096 bytes in 0 seconds
81031973 bytes in 1 seconds (79132.79 KB/sec)
81236193 bytes in 1 seconds (79332.22 KB/sec)
724196 bytes in 0 seconds
724676 bytes in 0 seconds
721882 bytes in 0 seconds
81341084 bytes in 1 seconds (79434.65 KB/sec)
721562 bytes in 0 seconds
81072509 bytes in 1 seconds (79172.37 KB/sec)
81126794 bytes in 1 seconds (79225.38 KB/sec)
723155 bytes in 0 seconds
81081993 bytes in 0 seconds
81057567 bytes in 1 seconds (79157.78 KB/sec)
722762 bytes in 0 seconds
81031382 bytes in 1 seconds (79132.21 KB/sec)
727236 bytes in 0 seconds
725236 bytes in 0 seconds
81118770 bytes in 1 seconds (79217.55 KB/sec)
727316 bytes in 0 seconds
81126946 bytes in 1 seconds (79225.53 KB/sec)
723396 bytes in 0 seconds
81117279 bytes in 0 seconds
722042 bytes in 0 seconds
81155351 bytes in 1 seconds (79253.27 KB/sec)
721401 bytes in 0 seconds
81125702 bytes in 1 seconds (79224.32 KB/sec)
81150296 bytes in 1 seconds (79248.34 KB/sec)
723636 bytes in 0 seconds
81108262 bytes in 1 seconds (79207.29 KB/sec)
723636 bytes in 0 seconds
722515 bytes in 0 seconds
81115317 bytes in 1 seconds (79214.18 KB/sec)
725002 bytes in 0 seconds
727076 bytes in 0 seconds
81153587 bytes in 1 seconds (79251.55 KB/sec)
81236661 bytes in 0 seconds
722362 bytes in 0 seconds
81190133 bytes in 1 seconds (79287.24 KB/sec)
722836 bytes in 0 seconds
721561 bytes in 0 seconds
722361 bytes in 0 seconds
724915 bytes in 0 seconds
728756 bytes in 0 seconds
81212765 bytes in 1 seconds (79309.34 KB/sec)
725796 bytes in 0 seconds
81187976 bytes in 1 seconds (79285.13 KB/sec)
81344394 bytes in 1 seconds (79437.88 KB/sec)
81090703 bytes in 1 seconds (79190.14 KB/sec)
722762 bytes in 1 seconds (705.82 KB/sec)
81263605 bytes in 1 seconds (79358.99 KB/sec)
723561 bytes in 0 seconds
81297832 bytes in 1 seconds (79392.41 KB/sec)
81267203 bytes in 1 seconds (79362.50 KB/sec)
722680 bytes in 0 seconds
722122 bytes in 0 seconds
722520 bytes in 1 seconds (705.59 KB/sec)
81055608 bytes in 1 seconds (79155.87 KB/sec)
81114409 bytes in 1 seconds (79213.29 KB/sec)
727314 bytes in 0 seconds
80962190 bytes in 1 seconds (79064.64 KB/sec)
724122 bytes in 0 seconds
81135459 bytes in 1 seconds (79233.85 KB/sec)
81092578 bytes in 1 seconds (79191.97 KB/sec)
81082457 bytes in 1 seconds (79182.09 KB/sec)
723562 bytes in 0 seconds
81325761 bytes in 1 seconds (79419.69 KB/sec)
81213481 bytes in 1 seconds (79310.04 KB/sec)
723956 bytes in 0 seconds
723002 bytes in 0 seconds
81140792 bytes in 1 seconds (79239.05 KB/sec)
720600 bytes in 0 seconds
81185431 bytes in 1 seconds (79282.65 KB/sec)
722282 bytes in 0 seconds
81168070 bytes in 1 seconds (79265.69 KB/sec)
81180790 bytes in 1 seconds (79278.12 KB/sec)
724353 bytes in 0 seconds
81106646 bytes in 1 seconds (79205.71 KB/sec)
722202 bytes in 0 seconds
81118827 bytes in 1 seconds (79217.60 KB/sec)
723802 bytes in 0 seconds
722682 bytes in 0 seconds
81121382 bytes in 0 seconds
724276 bytes in 0 seconds
81054778 bytes in 1 seconds (79155.06 KB/sec)
81296289 bytes in 1 seconds (79390.91 KB/sec)
724916 bytes in 0 seconds
722682 bytes in 0 seconds
727236 bytes in 0 seconds
721802 bytes in 0 seconds
720842 bytes in 0 seconds
81136175 bytes in 1 seconds (79234.55 KB/sec)
722201 bytes in 0 seconds
81266795 bytes in 1 seconds (79362.10 KB/sec)
721002 bytes in 0 seconds
728116 bytes in 0 seconds
722278 bytes in 0 seconds
81157154 bytes in 1 seconds (79255.03 KB/sec)
722442 bytes in 0 seconds
81257293 bytes in 1 seconds (79352.83 KB/sec)
81172422 bytes in 1 seconds (79269.94 KB/sec)
723322 bytes in 1 seconds (706.37 KB/sec)
81115626 bytes in 1 seconds (79214.48 KB/sec)
81204636 bytes in 1 seconds (79301.40 KB/sec)
723316 bytes in 0 seconds
81029888 bytes in 1 seconds (79130.75 KB/sec)
726593 bytes in 0 seconds
81297795 bytes in 1 seconds (79392.38 KB/sec)
721162 bytes in 0 seconds
81285574 bytes in 1 seconds (79380.44 KB/sec)
81215803 bytes in 1 seconds (79312.31 KB/sec)
81324459 bytes in 1 seconds (79418.42 KB/sec)
723796 bytes in 0 seconds
722042 bytes in 0 seconds
81045997 bytes in 1 seconds (79146.48 KB/sec)
728436 bytes in 0 seconds
81356536 bytes in 1 seconds (79449.74 KB/sec)
724354 bytes in 0 seconds
81168414 bytes in 1 seconds (79266.03 KB/sec)
722202 bytes in 0 seconds
722202 bytes in 0 seconds
722282 bytes in 0 seconds
81059465 bytes in 1 seconds (79159.63 KB/sec)
81225468 bytes in 1 seconds (79321.75 KB/sec)
81199311 bytes in 0 seconds
723802 bytes in 0 seconds
81334338 bytes in 1 seconds (79428.06 KB/sec)
723642 bytes in 0 seconds
722602 bytes in 0 seconds
81243674 bytes in 1 seconds (79339.53 KB/sec)
722040 bytes in 0 seconds
81149469 bytes in 1 seconds (79247.53 KB/sec)
722522 bytes in 0 seconds
81233035 bytes in 1 seconds (79329.14 KB/sec)
722202 bytes in 0 seconds
81251206 bytes in 1 seconds (79346.88 KB/sec)
81055436 bytes in 1 seconds (79155.70 KB/sec)
723642 bytes in 0 seconds
81357985 bytes in 1 seconds (79451.16 KB/sec)
81144759 bytes in 1 seconds (79242.93 KB/sec)
723400 bytes in 0 seconds
724516 bytes in 0 seconds
81192440 bytes in 1 seconds (79289.49 KB/sec)
721642 bytes in 0 seconds
81017560 bytes in 1 seconds (79118.71 KB/sec)
726676 bytes in 0 seconds
80977021 bytes in 1 seconds (79079.12 KB/sec)
81011966 bytes in 2 seconds (39556.62 KB/sec)
721716 bytes in 0 seconds
81015572 bytes in 1 seconds (79116.77 KB/sec)
723241 bytes in 0 seconds
81239112 bytes in 1 seconds (79335.07 KB/sec)
724196 bytes in 0 seconds
723476 bytes in 0 seconds
81191569 bytes in 1 seconds (79288.64 KB/sec)
81184786 bytes in 1 seconds (79282.02 KB/sec)
81067072 bytes in 1 seconds (79167.06 KB/sec)
725476 bytes in 0 seconds
81222396 bytes in 1 seconds (79318.75 KB/sec)
721641 bytes in 0 seconds
81351465 bytes in 0 seconds
81117938 bytes in 1 seconds (79216.74 KB/sec)
724441 bytes in 0 seconds
81155820 bytes in 1 seconds (79253.73 KB/sec)
724593 bytes in 0 seconds
722682 bytes in 0 seconds
81204370 bytes in 1 seconds (79301.14 KB/sec)
725476 bytes in 0 seconds
727153 bytes in 0 seconds
81136893 bytes in 0 seconds
81267274 bytes in 1 seconds (79362.57 KB/sec)
723402 bytes in 0 seconds
81159339 bytes in 1 seconds (79257.17 KB/sec)
726914 bytes in 0 seconds
81067837 bytes in 1 seconds (79167.81 KB/sec)
81339015 bytes in 1 seconds (79432.63 KB/sec)
724121 bytes in 0 seconds
81174151 bytes in 1 seconds (79271.63 KB/sec)
721722 bytes in 0 seconds
81069134 bytes in 1 seconds (79169.08 KB/sec)
514 bytes in 0 seconds
81213333 bytes in 1 seconds (79309.90 KB/sec)
727236 bytes in 1 seconds (710.19 KB/sec)
726516 bytes in 0 seconds
722036 bytes in 0 seconds
81176406 bytes in 1 seconds (79273.83 KB/sec)
80996209 bytes in 1 seconds (79097.86 KB/sec)
728676 bytes in 0 seconds
721242 bytes in 0 seconds
81366386 bytes in 1 seconds (79459.36 KB/sec)
724836 bytes in 0 seconds
723079 bytes in 0 seconds
81152097 bytes in 1 seconds (79250.09 KB/sec)
721722 bytes in 0 seconds
81152715 bytes in 1 seconds (79250.70 KB/sec)
724042 bytes in 0 seconds
722441 bytes in 0 seconds
81039331 bytes in 1 seconds (79139.97 KB/sec)
81317321 bytes in 1 seconds (79411.45 KB/sec)
81082761 bytes in 1 seconds (79182.38 KB/sec)
726116 bytes in 0 seconds
727716 bytes in 0 seconds
81237950 bytes in 0 seconds
723482 bytes in 0 seconds
722602 bytes in 0 seconds
81123219 bytes in 1 seconds (79221.89 KB/sec)
722602 bytes in 0 seconds
726036 bytes in 0 seconds
81070063 bytes in 1 seconds (79169.98 KB/sec)
723162 bytes in 0 seconds
723080 bytes in 0 seconds
81235349 bytes in 1 seconds (79331.40 KB/sec)
81135704 bytes in 1 seconds (79234.09 KB/sec)
80971957 bytes in 1 seconds (79074.18 KB/sec)
722762 bytes in 0 seconds
81195960 bytes in 1 seconds (79292.93 KB/sec)
724836 bytes in 0 seconds
722202 bytes in 0 seconds
81151297 bytes in 1 seconds (79249.31 KB/sec)
721962 bytes in 0 seconds
80954756 bytes in 1 seconds (79057.38 KB/sec)
722601 bytes in 0 seconds
722761 bytes in 0 seconds
81127284 bytes in 1 seconds (79225.86 KB/sec)
81121749 bytes in 1 seconds (79220.46 KB/sec)
721560 bytes in 0 seconds
81158046 bytes in 1 seconds (79255.90 KB/sec)
81167948 bytes in 1 seconds (79265.57 KB/sec)
723802 bytes in 0 seconds
80999770 bytes in 1 seconds (79101.34 KB/sec)
81124987 bytes in 1 seconds (79223.62 KB/sec)
81112880 bytes in 1 seconds (79211.80 KB/sec)
721560 bytes in 0 seconds
81099413 bytes in 1 seconds (79198.65 KB/sec)
721401 bytes in 0 seconds
81312279 bytes in 1 seconds (79406.52 KB/sec)
81046418 bytes in 0 seconds
727476 bytes in 0 seconds
81076626 bytes in 0 seconds
726114 bytes in 0 seconds
722042 bytes in 0 seconds
722122 bytes in 0 seconds
81203444 bytes in 1 seconds (79300.24 KB/sec)
81093773 bytes in 1 seconds (79193.14 KB/sec)
722282 bytes in 1 seconds (705.35 KB/sec)
722282 bytes in 0 seconds
723556 bytes in 0 seconds
81205117 bytes in 1 seconds (79301.87 KB/sec)
724194 bytes in 0 seconds
726836 bytes in 0 seconds
81185338 bytes in 1 seconds (79282.56 KB/sec)
destination path:  /data/zenith234b/libov/REFUNNEL/06_e/charm/Q2G1_5/
source path:  /acs/users/libov/MC/rgap30/
searchString:  evue26.f15643.ccbar.rg30.Q2g1.5.BGF
deleting directories.list
365 bytes in 0 seconds
524336 bytes in 0 seconds
36031301 bytes in 0 seconds
531235 bytes in 0 seconds
40458619 bytes in 1 seconds (39510.37 KB/sec)
529389 bytes in 0 seconds
40597052 bytes in 1 seconds (39645.56 KB/sec)
524754 bytes in 0 seconds
40494402 bytes in 0 seconds
520995 bytes in 0 seconds
40389823 bytes in 1 seconds (39443.19 KB/sec)
533229 bytes in 0 seconds
40494171 bytes in 0 seconds
522114 bytes in 0 seconds
40504571 bytes in 1 seconds (39555.25 KB/sec)
529149 bytes in 0 seconds
40495212 bytes in 1 seconds (39546.11 KB/sec)
526029 bytes in 0 seconds
40495042 bytes in 1 seconds (39545.94 KB/sec)
533629 bytes in 0 seconds
40526106 bytes in 0 seconds
521795 bytes in 0 seconds
40444418 bytes in 1 seconds (39496.50 KB/sec)
520835 bytes in 0 seconds
40474468 bytes in 0 seconds
526915 bytes in 1 seconds (514.57 KB/sec)
40434363 bytes in 1 seconds (39486.68 KB/sec)
528909 bytes in 0 seconds
40562866 bytes in 1 seconds (39612.17 KB/sec)
522275 bytes in 1 seconds (510.03 KB/sec)
40567443 bytes in 1 seconds (39616.64 KB/sec)
529149 bytes in 0 seconds
40533439 bytes in 1 seconds (39583.44 KB/sec)
526434 bytes in 1 seconds (514.10 KB/sec)
40482281 bytes in 1 seconds (39533.48 KB/sec)
529869 bytes in 0 seconds
40440838 bytes in 1 seconds (39493.01 KB/sec)
530195 bytes in 0 seconds
40470111 bytes in 1 seconds (39521.59 KB/sec)
528115 bytes in 0 seconds
40528434 bytes in 1 seconds (39578.55 KB/sec)
529474 bytes in 0 seconds
40522566 bytes in 1 seconds (39572.82 KB/sec)
522035 bytes in 0 seconds
40519558 bytes in 1 seconds (39569.88 KB/sec)
525709 bytes in 0 seconds
40450916 bytes in 0 seconds
523869 bytes in 0 seconds
40393672 bytes in 0 seconds
530194 bytes in 0 seconds
40477135 bytes in 1 seconds (39528.45 KB/sec)
529393 bytes in 0 seconds
40539337 bytes in 1 seconds (39589.20 KB/sec)
524195 bytes in 0 seconds
40453678 bytes in 1 seconds (39505.54 KB/sec)
524514 bytes in 0 seconds
40458019 bytes in 1 seconds (39509.78 KB/sec)
529789 bytes in 0 seconds
40596356 bytes in 0 seconds
528675 bytes in 0 seconds
40379892 bytes in 0 seconds
527075 bytes in 0 seconds
40518236 bytes in 0 seconds
522592 bytes in 0 seconds
40400950 bytes in 1 seconds (39454.05 KB/sec)
525149 bytes in 0 seconds
40433768 bytes in 1 seconds (39486.10 KB/sec)
522594 bytes in 0 seconds
40565347 bytes in 1 seconds (39614.60 KB/sec)
526995 bytes in 0 seconds
40385812 bytes in 0 seconds
destination path:  /data/zenith234b/libov/REFUNNEL/06_e/charm/Q2G1_5/
source path:  /acs/users/libov/MC/rgap30/
searchString:  evse26.f15643.ccbar.rg30.Q2g1.5.BGF
deleting directories.list
40428603 bytes in 1 seconds (39481.06 KB/sec)
527715 bytes in 0 seconds
40433051 bytes in 0 seconds
531229 bytes in 0 seconds
40472036 bytes in 1 seconds (39523.47 KB/sec)
519154 bytes in 1 seconds (506.99 KB/sec)
40557536 bytes in 1 seconds (39606.97 KB/sec)
523715 bytes in 0 seconds
40528262 bytes in 0 seconds
523155 bytes in 0 seconds
40558865 bytes in 0 seconds
535075 bytes in 0 seconds
40473998 bytes in 1 seconds (39525.39 KB/sec)
528832 bytes in 0 seconds
40448535 bytes in 1 seconds (39500.52 KB/sec)
521475 bytes in 0 seconds
40382706 bytes in 1 seconds (39436.24 KB/sec)
528909 bytes in 0 seconds
40343775 bytes in 1 seconds (39398.22 KB/sec)
533949 bytes in 0 seconds
40525036 bytes in 0 seconds
531149 bytes in 0 seconds
40504051 bytes in 1 seconds (39554.74 KB/sec)
530667 bytes in 0 seconds
40482868 bytes in 1 seconds (39534.05 KB/sec)
526509 bytes in 0 seconds
40493630 bytes in 0 seconds
526435 bytes in 0 seconds
40407577 bytes in 1 seconds (39460.52 KB/sec)
531789 bytes in 0 seconds
40569984 bytes in 0 seconds
527872 bytes in 0 seconds
40541369 bytes in 0 seconds
521475 bytes in 0 seconds
40628751 bytes in 1 seconds (39676.51 KB/sec)
524115 bytes in 0 seconds
40552931 bytes in 1 seconds (39602.47 KB/sec)
531069 bytes in 0 seconds
40509316 bytes in 0 seconds
523469 bytes in 0 seconds
40391944 bytes in 1 seconds (39445.26 KB/sec)
527233 bytes in 0 seconds
40458959 bytes in 1 seconds (39510.70 KB/sec)
521875 bytes in 0 seconds
40535998 bytes in 0 seconds
528754 bytes in 0 seconds
40384306 bytes in 0 seconds
521395 bytes in 0 seconds
40497102 bytes in 1 seconds (39547.95 KB/sec)
524354 bytes in 0 seconds
40459561 bytes in 0 seconds
528189 bytes in 0 seconds
40531857 bytes in 1 seconds (39581.89 KB/sec)
526755 bytes in 0 seconds
40550745 bytes in 0 seconds
527069 bytes in 0 seconds
40517387 bytes in 0 seconds
527795 bytes in 0 seconds
40395784 bytes in 0 seconds
530349 bytes in 0 seconds
40493693 bytes in 0 seconds
527149 bytes in 0 seconds
40503453 bytes in 0 seconds
522915 bytes in 0 seconds
40508780 bytes in 0 seconds
527789 bytes in 0 seconds
40434261 bytes in 0 seconds
525315 bytes in 0 seconds
40560649 bytes in 0 seconds
523149 bytes in 0 seconds
40448528 bytes in 0 seconds
523709 bytes in 0 seconds
40359275 bytes in 1 seconds (39413.35 KB/sec)
516275 bytes in 0 seconds
40462852 bytes in 0 seconds
518674 bytes in 0 seconds
40405176 bytes in 1 seconds (39458.18 KB/sec)
529389 bytes in 0 seconds
40423787 bytes in 1 seconds (39476.35 KB/sec)
516429 bytes in 0 seconds
40662707 bytes in 0 seconds
366 bytes in 0 seconds
511460 bytes in 0 seconds
14575817 bytes in 1 seconds (14234.20 KB/sec)
534669 bytes in 1 seconds (522.14 KB/sec)
40603574 bytes in 1 seconds (39651.93 KB/sec)
531309 bytes in 0 seconds
40527055 bytes in 1 seconds (39577.20 KB/sec)
525869 bytes in 0 seconds
40443160 bytes in 0 seconds
521074 bytes in 0 seconds
40410062 bytes in 1 seconds (39462.95 KB/sec)
526189 bytes in 0 seconds
40434807 bytes in 1 seconds (39487.12 KB/sec)
522594 bytes in 1 seconds (510.35 KB/sec)
40539308 bytes in 0 seconds
522915 bytes in 0 seconds
40440657 bytes in 0 seconds
40466880 bytes in 1 seconds (39518.44 KB/sec)
529469 bytes in 1 seconds (517.06 KB/sec)
40519086 bytes in 1 seconds (39569.42 KB/sec)
522354 bytes in 0 seconds
40426140 bytes in 0 seconds
525955 bytes in 0 seconds
40438910 bytes in 0 seconds
528296 bytes in 1 seconds (515.91 KB/sec)
40374365 bytes in 0 seconds
525235 bytes in 0 seconds
40485649 bytes in 0 seconds
530515 bytes in 0 seconds
40478115 bytes in 0 seconds
527075 bytes in 0 seconds
40477106 bytes in 0 seconds
527795 bytes in 0 seconds
40611364 bytes in 1 seconds (39659.54 KB/sec)
527069 bytes in 0 seconds
40446955 bytes in 0 seconds
530909 bytes in 0 seconds
40475387 bytes in 0 seconds
526195 bytes in 0 seconds
40520918 bytes in 1 seconds (39571.21 KB/sec)
530668 bytes in 0 seconds
40410522 bytes in 1 seconds (39463.40 KB/sec)
520595 bytes in 0 seconds
40492002 bytes in 1 seconds (39542.97 KB/sec)
528669 bytes in 0 seconds
40531421 bytes in 1 seconds (39581.47 KB/sec)
523795 bytes in 0 seconds
40563849 bytes in 1 seconds (39613.13 KB/sec)
530829 bytes in 0 seconds
40373618 bytes in 0 seconds
519794 bytes in 0 seconds
40517855 bytes in 1 seconds (39568.22 KB/sec)
528509 bytes in 0 seconds
40474500 bytes in 1 seconds (39525.88 KB/sec)
525549 bytes in 0 seconds
40475685 bytes in 1 seconds (39527.04 KB/sec)
523875 bytes in 0 seconds
40468649 bytes in 1 seconds (39520.17 KB/sec)
524115 bytes in 0 seconds
40432418 bytes in 0 seconds
524195 bytes in 0 seconds
40575177 bytes in 1 seconds (39624.20 KB/sec)
525469 bytes in 0 seconds
40417455 bytes in 1 seconds (39470.17 KB/sec)
525475 bytes in 1 seconds (513.16 KB/sec)
40413706 bytes in 1 seconds (39466.51 KB/sec)
531789 bytes in 0 seconds
40526605 bytes in 1 seconds (39576.76 KB/sec)
533709 bytes in 0 seconds
40493219 bytes in 1 seconds (39544.16 KB/sec)
525068 bytes in 0 seconds
40501127 bytes in 1 seconds (39551.88 KB/sec)
523875 bytes in 0 seconds
40441618 bytes in 1 seconds (39493.77 KB/sec)
524427 bytes in 0 seconds
40425586 bytes in 1 seconds (39478.11 KB/sec)
536675 bytes in 0 seconds
40411082 bytes in 1 seconds (39463.95 KB/sec)
531309 bytes in 0 seconds
40422944 bytes in 0 seconds
523149 bytes in 0 seconds
40534881 bytes in 1 seconds (39584.84 KB/sec)
531875 bytes in 0 seconds
40457059 bytes in 0 seconds
522829 bytes in 0 seconds
40495711 bytes in 1 seconds (39546.59 KB/sec)
521875 bytes in 0 seconds
40481016 bytes in 1 seconds (39532.24 KB/sec)
526915 bytes in 0 seconds
40457442 bytes in 1 seconds (39509.22 KB/sec)
529954 bytes in 0 seconds
40449214 bytes in 0 seconds
527715 bytes in 0 seconds
40421396 bytes in 1 seconds (39474.02 KB/sec)
524749 bytes in 0 seconds
40502740 bytes in 0 seconds
519234 bytes in 0 seconds
40438916 bytes in 0 seconds
528355 bytes in 0 seconds
40472505 bytes in 1 seconds (39523.93 KB/sec)
520986 bytes in 0 seconds
40572245 bytes in 1 seconds (39621.33 KB/sec)
524755 bytes in 0 seconds
40425611 bytes in 1 seconds (39478.14 KB/sec)
523795 bytes in 0 seconds
40465155 bytes in 0 seconds
526915 bytes in 0 seconds
40568418 bytes in 1 seconds (39617.60 KB/sec)
524195 bytes in 0 seconds
40351019 bytes in 0 seconds
518835 bytes in 0 seconds
40333420 bytes in 0 seconds
526589 bytes in 0 seconds
40554953 bytes in 0 seconds
530829 bytes in 0 seconds
40475732 bytes in 0 seconds
521394 bytes in 0 seconds
40340748 bytes in 1 seconds (39395.26 KB/sec)
525155 bytes in 0 seconds
40501570 bytes in 0 seconds
518995 bytes in 1 seconds (506.83 KB/sec)
40416430 bytes in 1 seconds (39469.17 KB/sec)
530509 bytes in 1 seconds (518.08 KB/sec)
40402147 bytes in 0 seconds
523234 bytes in 0 seconds
40455101 bytes in 0 seconds
528989 bytes in 0 seconds
40515960 bytes in 1 seconds (39566.37 KB/sec)
534907 bytes in 0 seconds
40347714 bytes in 1 seconds (39402.06 KB/sec)
522114 bytes in 0 seconds
40423568 bytes in 0 seconds
528115 bytes in 0 seconds
40477160 bytes in 1 seconds (39528.48 KB/sec)
527635 bytes in 0 seconds
40330510 bytes in 1 seconds (39385.26 KB/sec)
526275 bytes in 0 seconds
40347161 bytes in 0 seconds
528355 bytes in 0 seconds
40424598 bytes in 1 seconds (39477.15 KB/sec)
531468 bytes in 0 seconds
40533072 bytes in 0 seconds
521475 bytes in 0 seconds
40455815 bytes in 1 seconds (39507.63 KB/sec)
523629 bytes in 0 seconds
40439893 bytes in 1 seconds (39492.08 KB/sec)
521155 bytes in 0 seconds
40391574 bytes in 0 seconds
528989 bytes in 0 seconds
40480768 bytes in 1 seconds (39532.00 KB/sec)
523795 bytes in 0 seconds
40482851 bytes in 0 seconds
526269 bytes in 0 seconds
40463208 bytes in 1 seconds (39514.85 KB/sec)
529787 bytes in 0 seconds
40445970 bytes in 1 seconds (39498.02 KB/sec)
528267 bytes in 0 seconds
40400135 bytes in 0 seconds
526994 bytes in 0 seconds
40452410 bytes in 0 seconds
528435 bytes in 0 seconds
40465537 bytes in 0 seconds
529635 bytes in 0 seconds
40427471 bytes in 0 seconds
527229 bytes in 0 seconds
40465115 bytes in 1 seconds (39516.71 KB/sec)
528429 bytes in 0 seconds
40474489 bytes in 0 seconds
524349 bytes in 0 seconds
40389667 bytes in 0 seconds
521634 bytes in 0 seconds
40490081 bytes in 1 seconds (39541.09 KB/sec)
531709 bytes in 0 seconds
518433 bytes in 0 seconds
530035 bytes in 0 seconds
40494939 bytes in 0 seconds
529629 bytes in 0 seconds
40480025 bytes in 1 seconds (39531.27 KB/sec)
521075 bytes in 0 seconds
40477767 bytes in 1 seconds (39529.07 KB/sec)
529235 bytes in 0 seconds
40382864 bytes in 0 seconds
534993 bytes in 0 seconds
40479305 bytes in 0 seconds
destination path:  /data/zenith234b/libov/REFUNNEL/0607_p/charm/Q2G1_5/
source path:  /acs/users/libov/MC/rgap30/
searchString:  fsz627.f15643.ccbar.rg30.Q2g1.5.BGF
deleting directories.list
519635 bytes in 0 seconds
40460664 bytes in 1 seconds (39512.37 KB/sec)
522435 bytes in 0 seconds
40526484 bytes in 1 seconds (39576.64 KB/sec)
530029 bytes in 0 seconds
40509466 bytes in 0 seconds
529474 bytes in 0 seconds
40428021 bytes in 0 seconds
529549 bytes in 0 seconds
40443750 bytes in 1 seconds (39495.85 KB/sec)
531395 bytes in 0 seconds
40431017 bytes in 1 seconds (39483.42 KB/sec)
525954 bytes in 0 seconds
40567616 bytes in 0 seconds
528349 bytes in 0 seconds
40521475 bytes in 0 seconds
531306 bytes in 0 seconds
40494013 bytes in 0 seconds
534109 bytes in 0 seconds
40443546 bytes in 1 seconds (39495.65 KB/sec)
529875 bytes in 0 seconds
40525007 bytes in 1 seconds (39575.20 KB/sec)
524113 bytes in 0 seconds
40449522 bytes in 0 seconds
525875 bytes in 0 seconds
40440294 bytes in 1 seconds (39492.47 KB/sec)
531309 bytes in 0 seconds
40538951 bytes in 1 seconds (39588.82 KB/sec)
520595 bytes in 0 seconds
40443367 bytes in 1 seconds (39495.48 KB/sec)
533869 bytes in 0 seconds
40397078 bytes in 0 seconds
524833 bytes in 0 seconds
40598570 bytes in 0 seconds
521955 bytes in 0 seconds
40396823 bytes in 1 seconds (39450.02 KB/sec)
519875 bytes in 0 seconds
40509677 bytes in 1 seconds (39560.23 KB/sec)
525315 bytes in 0 seconds
40658214 bytes in 0 seconds
519474 bytes in 0 seconds
40399112 bytes in 1 seconds (39452.26 KB/sec)
537475 bytes in 0 seconds
40601816 bytes in 1 seconds (39650.21 KB/sec)
528189 bytes in 0 seconds
40410671 bytes in 1 seconds (39463.55 KB/sec)
525155 bytes in 0 seconds
40283064 bytes in 1 seconds (39338.93 KB/sec)
534028 bytes in 0 seconds
40405123 bytes in 0 seconds
522189 bytes in 0 seconds
40404535 bytes in 1 seconds (39457.55 KB/sec)
518507 bytes in 0 seconds
40431420 bytes in 1 seconds (39483.81 KB/sec)
527629 bytes in 0 seconds
40461789 bytes in 1 seconds (39513.47 KB/sec)
528029 bytes in 0 seconds
40431301 bytes in 1 seconds (39483.69 KB/sec)
529551 bytes in 0 seconds
40566714 bytes in 1 seconds (39615.93 KB/sec)
524349 bytes in 1 seconds (512.06 KB/sec)
40468578 bytes in 0 seconds
520675 bytes in 0 seconds
40402396 bytes in 1 seconds (39455.46 KB/sec)
526509 bytes in 0 seconds
40501421 bytes in 0 seconds
528589 bytes in 0 seconds
40579425 bytes in 1 seconds (39628.34 KB/sec)
523875 bytes in 0 seconds
40459641 bytes in 1 seconds (39511.37 KB/sec)
524515 bytes in 0 seconds
40513457 bytes in 0 seconds
525713 bytes in 0 seconds
40452848 bytes in 0 seconds
526195 bytes in 0 seconds
40481712 bytes in 1 seconds (39532.92 KB/sec)
523635 bytes in 0 seconds
40590194 bytes in 0 seconds
517632 bytes in 0 seconds
40422985 bytes in 0 seconds
524515 bytes in 1 seconds (512.22 KB/sec)
40462562 bytes in 1 seconds (39514.22 KB/sec)
521075 bytes in 0 seconds
40442291 bytes in 0 seconds
524749 bytes in 1 seconds (512.45 KB/sec)
40441535 bytes in 1 seconds (39493.69 KB/sec)
524027 bytes in 0 seconds
40445538 bytes in 0 seconds
530989 bytes in 0 seconds
40426260 bytes in 0 seconds
526749 bytes in 0 seconds
40570168 bytes in 0 seconds
528513 bytes in 0 seconds
40421353 bytes in 0 seconds
530109 bytes in 0 seconds
40460317 bytes in 1 seconds (39512.03 KB/sec)
526029 bytes in 0 seconds
40442349 bytes in 1 seconds (39494.48 KB/sec)
528275 bytes in 0 seconds
40363136 bytes in 0 seconds
526509 bytes in 0 seconds
40486746 bytes in 1 seconds (39537.84 KB/sec)
528435 bytes in 0 seconds
40495511 bytes in 0 seconds
521976 bytes in 0 seconds
40494245 bytes in 1 seconds (39545.16 KB/sec)
530353 bytes in 0 seconds
40479307 bytes in 1 seconds (39530.57 KB/sec)
527554 bytes in 0 seconds
40463195 bytes in 1 seconds (39514.84 KB/sec)
522829 bytes in 0 seconds
40325660 bytes in 0 seconds
524835 bytes in 0 seconds
40436668 bytes in 1 seconds (39488.93 KB/sec)
532749 bytes in 0 seconds
40477854 bytes in 1 seconds (39529.15 KB/sec)
529627 bytes in 0 seconds
40540002 bytes in 1 seconds (39589.85 KB/sec)
527475 bytes in 0 seconds
40521719 bytes in 0 seconds
524267 bytes in 0 seconds
40521429 bytes in 0 seconds
525235 bytes in 0 seconds
40431246 bytes in 1 seconds (39483.64 KB/sec)
527309 bytes in 0 seconds
40549746 bytes in 0 seconds
525075 bytes in 0 seconds
40531855 bytes in 1 seconds (39581.89 KB/sec)
530189 bytes in 0 seconds
40412463 bytes in 1 seconds (39465.30 KB/sec)
529475 bytes in 0 seconds
40556081 bytes in 1 seconds (39605.55 KB/sec)
521235 bytes in 0 seconds
40377104 bytes in 1 seconds (39430.77 KB/sec)
519635 bytes in 0 seconds
40548357 bytes in 1 seconds (39598.00 KB/sec)
526995 bytes in 0 seconds
40543501 bytes in 1 seconds (39593.26 KB/sec)
523949 bytes in 0 seconds
40525218 bytes in 1 seconds (39575.41 KB/sec)
524994 bytes in 0 seconds
40385062 bytes in 1 seconds (39438.54 KB/sec)
531469 bytes in 0 seconds
40470122 bytes in 1 seconds (39521.60 KB/sec)
530909 bytes in 0 seconds
40477596 bytes in 0 seconds
529953 bytes in 0 seconds
40568855 bytes in 0 seconds
527555 bytes in 0 seconds
40599560 bytes in 1 seconds (39648.01 KB/sec)
522106 bytes in 0 seconds
40551599 bytes in 1 seconds (39601.17 KB/sec)
526034 bytes in 0 seconds
40474716 bytes in 0 seconds
519155 bytes in 0 seconds
40397627 bytes in 0 seconds
524915 bytes in 0 seconds
40567110 bytes in 1 seconds (39616.32 KB/sec)
522515 bytes in 0 seconds
40469021 bytes in 1 seconds (39520.53 KB/sec)
526749 bytes in 0 seconds
40339442 bytes in 0 seconds
527475 bytes in 0 seconds
40497914 bytes in 1 seconds (39548.74 KB/sec)
528355 bytes in 0 seconds
40345486 bytes in 1 seconds (39399.89 KB/sec)
536429 bytes in 0 seconds
40462633 bytes in 0 seconds
526909 bytes in 0 seconds
40480065 bytes in 0 seconds
532669 bytes in 0 seconds
40524026 bytes in 1 seconds (39574.24 KB/sec)
527709 bytes in 0 seconds
40414593 bytes in 1 seconds (39467.38 KB/sec)
523314 bytes in 0 seconds
40535518 bytes in 1 seconds (39585.47 KB/sec)
525955 bytes in 0 seconds
40390590 bytes in 1 seconds (39443.94 KB/sec)
524275 bytes in 1 seconds (511.99 KB/sec)
40585417 bytes in 1 seconds (39634.20 KB/sec)
526669 bytes in 0 seconds
40546235 bytes in 0 seconds
527229 bytes in 0 seconds
40392235 bytes in 1 seconds (39445.54 KB/sec)
528754 bytes in 0 seconds
40399012 bytes in 1 seconds (39452.16 KB/sec)
524029 bytes in 0 seconds
40466742 bytes in 0 seconds
526675 bytes in 0 seconds
40532968 bytes in 1 seconds (39582.98 KB/sec)
521395 bytes in 0 seconds
40520484 bytes in 0 seconds
523875 bytes in 0 seconds
40506498 bytes in 0 seconds
528035 bytes in 0 seconds
40444720 bytes in 0 seconds
522668 bytes in 0 seconds
40419561 bytes in 0 seconds
532435 bytes in 0 seconds
40367694 bytes in 1 seconds (39421.58 KB/sec)
523075 bytes in 0 seconds
40538447 bytes in 0 seconds
518595 bytes in 0 seconds
40480408 bytes in 1 seconds (39531.65 KB/sec)
531789 bytes in 0 seconds
40384158 bytes in 1 seconds (39437.65 KB/sec)
525715 bytes in 0 seconds
40529148 bytes in 1 seconds (39579.25 KB/sec)
526915 bytes in 0 seconds
40467987 bytes in 1 seconds (39519.52 KB/sec)
526429 bytes in 0 seconds
40616860 bytes in 1 seconds (39664.90 KB/sec)
525075 bytes in 0 seconds
40449672 bytes in 0 seconds
526113 bytes in 1 seconds (513.78 KB/sec)
40413581 bytes in 0 seconds
530429 bytes in 0 seconds
40310241 bytes in 0 seconds
528515 bytes in 0 seconds
40441763 bytes in 0 seconds
521875 bytes in 0 seconds
40472871 bytes in 0 seconds
522435 bytes in 0 seconds
40549087 bytes in 0 seconds
528909 bytes in 0 seconds
40408327 bytes in 0 seconds
518034 bytes in 0 seconds
40588103 bytes in 0 seconds
522275 bytes in 0 seconds
40522321 bytes in 0 seconds
528269 bytes in 0 seconds
40441799 bytes in 1 seconds (39493.94 KB/sec)
527869 bytes in 0 seconds
40468912 bytes in 0 seconds
531788 bytes in 0 seconds
40359553 bytes in 0 seconds
527155 bytes in 0 seconds
40447036 bytes in 1 seconds (39499.06 KB/sec)
524829 bytes in 0 seconds
40635564 bytes in 1 seconds (39683.17 KB/sec)
532434 bytes in 0 seconds
40385310 bytes in 1 seconds (39438.78 KB/sec)
524993 bytes in 0 seconds
40539903 bytes in 1 seconds (39589.75 KB/sec)
525555 bytes in 0 seconds
40485518 bytes in 1 seconds (39536.64 KB/sec)
531315 bytes in 0 seconds
40509382 bytes in 0 seconds
527469 bytes in 0 seconds
40452222 bytes in 0 seconds
524989 bytes in 0 seconds
40427856 bytes in 1 seconds (39480.33 KB/sec)
525395 bytes in 0 seconds
40405663 bytes in 0 seconds
522675 bytes in 0 seconds
40355498 bytes in 1 seconds (39409.67 KB/sec)
524514 bytes in 0 seconds
40430805 bytes in 0 seconds
530915 bytes in 0 seconds
40515538 bytes in 0 seconds
519313 bytes in 0 seconds
40369663 bytes in 1 seconds (39423.50 KB/sec)
529475 bytes in 0 seconds
40301694 bytes in 1 seconds (39357.12 KB/sec)
523155 bytes in 0 seconds
40399418 bytes in 0 seconds
528115 bytes in 0 seconds
40573745 bytes in 1 seconds (39622.80 KB/sec)
523475 bytes in 0 seconds
40403893 bytes in 1 seconds (39456.93 KB/sec)
530112 bytes in 0 seconds
40518623 bytes in 0 seconds
522195 bytes in 0 seconds
40518689 bytes in 0 seconds
527314 bytes in 0 seconds
40556348 bytes in 1 seconds (39605.81 KB/sec)
526829 bytes in 1 seconds (514.48 KB/sec)
40500025 bytes in 0 seconds
530435 bytes in 0 seconds
40410038 bytes in 1 seconds (39462.93 KB/sec)
528509 bytes in 0 seconds
40475380 bytes in 1 seconds (39526.74 KB/sec)
516669 bytes in 0 seconds
40435635 bytes in 1 seconds (39487.92 KB/sec)
366 bytes in 0 seconds
500977 bytes in 0 seconds
10731873 bytes in 1 seconds (10480.34 KB/sec)
527795 bytes in 0 seconds
40467599 bytes in 1 seconds (39519.14 KB/sec)
527714 bytes in 0 seconds
40521885 bytes in 1 seconds (39572.15 KB/sec)
520027 bytes in 0 seconds
40606370 bytes in 1 seconds (39654.66 KB/sec)
529228 bytes in 0 seconds
40518828 bytes in 0 seconds
525549 bytes in 0 seconds
40468743 bytes in 0 seconds
524835 bytes in 0 seconds
40487527 bytes in 0 seconds
518915 bytes in 0 seconds
40389597 bytes in 1 seconds (39442.97 KB/sec)
524109 bytes in 0 seconds
40489962 bytes in 1 seconds (39540.98 KB/sec)
521954 bytes in 0 seconds
40407621 bytes in 0 seconds
526354 bytes in 0 seconds
40367918 bytes in 0 seconds
525469 bytes in 0 seconds
40515433 bytes in 1 seconds (39565.85 KB/sec)
522035 bytes in 0 seconds
40424632 bytes in 0 seconds
530035 bytes in 0 seconds
40459489 bytes in 0 seconds
534589 bytes in 0 seconds
40373663 bytes in 0 seconds
526434 bytes in 0 seconds
40549071 bytes in 0 seconds
528355 bytes in 0 seconds
40481670 bytes in 1 seconds (39532.88 KB/sec)
527469 bytes in 1 seconds (515.11 KB/sec)
40571769 bytes in 0 seconds
523475 bytes in 0 seconds
40537094 bytes in 1 seconds (39587.01 KB/sec)
520674 bytes in 0 seconds
40473230 bytes in 1 seconds (39524.64 KB/sec)
521395 bytes in 0 seconds
40537513 bytes in 1 seconds (39587.42 KB/sec)
522115 bytes in 0 seconds
40511806 bytes in 0 seconds
531789 bytes in 0 seconds
40534791 bytes in 1 seconds (39584.76 KB/sec)
527795 bytes in 0 seconds
40471272 bytes in 0 seconds
521635 bytes in 0 seconds
40518753 bytes in 1 seconds (39569.09 KB/sec)
524195 bytes in 0 seconds
40523777 bytes in 1 seconds (39574.00 KB/sec)
519075 bytes in 0 seconds
40514560 bytes in 0 seconds
527874 bytes in 0 seconds
40603589 bytes in 1 seconds (39651.94 KB/sec)
531389 bytes in 0 seconds
40644005 bytes in 1 seconds (39691.41 KB/sec)
529549 bytes in 0 seconds
40584557 bytes in 1 seconds (39633.36 KB/sec)
529715 bytes in 0 seconds
40431622 bytes in 0 seconds
520275 bytes in 0 seconds
40486590 bytes in 1 seconds (39537.69 KB/sec)
516434 bytes in 0 seconds
40512426 bytes in 1 seconds (39562.92 KB/sec)
527312 bytes in 0 seconds
40425792 bytes in 0 seconds
524835 bytes in 0 seconds
40468506 bytes in 1 seconds (39520.03 KB/sec)
528595 bytes in 0 seconds
40472247 bytes in 1 seconds (39523.68 KB/sec)
destination path:  /data/zenith234b/libov/REFUNNEL/0607_p/charm/Q2G1_5/
source path:  /acs/users/libov/MC/rgap30/
searchString:  fsy627.f15643.ccbar.rg30.Q2g1.5.BGF
deleting directories.list
366 bytes in 0 seconds
517035 bytes in 0 seconds
25106997 bytes in 0 seconds
530189 bytes in 1 seconds (517.76 KB/sec)
40429501 bytes in 1 seconds (39481.93 KB/sec)
520589 bytes in 0 seconds
40538556 bytes in 0 seconds
523789 bytes in 0 seconds
40440432 bytes in 0 seconds
530909 bytes in 0 seconds
40575397 bytes in 1 seconds (39624.41 KB/sec)
525635 bytes in 0 seconds
40515078 bytes in 0 seconds
526274 bytes in 0 seconds
40517966 bytes in 1 seconds (39568.33 KB/sec)
531225 bytes in 0 seconds
40530716 bytes in 0 seconds
519315 bytes in 0 seconds
40510210 bytes in 0 seconds
524269 bytes in 0 seconds
40551397 bytes in 1 seconds (39600.97 KB/sec)
528675 bytes in 0 seconds
40327849 bytes in 0 seconds
527629 bytes in 0 seconds
40439214 bytes in 0 seconds
522835 bytes in 0 seconds
40510980 bytes in 0 seconds
527309 bytes in 0 seconds
40519025 bytes in 1 seconds (39569.36 KB/sec)
533391 bytes in 0 seconds
40569008 bytes in 0 seconds
525234 bytes in 0 seconds
40484259 bytes in 1 seconds (39535.41 KB/sec)
523789 bytes in 0 seconds
40469981 bytes in 0 seconds
533875 bytes in 0 seconds
40454358 bytes in 1 seconds (39506.21 KB/sec)
529395 bytes in 0 seconds
40611568 bytes in 1 seconds (39659.73 KB/sec)
529075 bytes in 0 seconds
40415307 bytes in 1 seconds (39468.07 KB/sec)
527555 bytes in 0 seconds
40471842 bytes in 0 seconds
524115 bytes in 0 seconds
40453546 bytes in 0 seconds
524667 bytes in 0 seconds
40502262 bytes in 1 seconds (39552.99 KB/sec)
527629 bytes in 0 seconds
40501246 bytes in 0 seconds
531949 bytes in 0 seconds
40503615 bytes in 1 seconds (39554.31 KB/sec)
530675 bytes in 0 seconds
40517334 bytes in 0 seconds
529629 bytes in 0 seconds
40403173 bytes in 0 seconds
526989 bytes in 0 seconds
40539860 bytes in 0 seconds
524987 bytes in 0 seconds
40491461 bytes in 0 seconds
528827 bytes in 0 seconds
40534400 bytes in 1 seconds (39584.38 KB/sec)
520275 bytes in 0 seconds
40486973 bytes in 1 seconds (39538.06 KB/sec)
526754 bytes in 0 seconds
40431066 bytes in 1 seconds (39483.46 KB/sec)
529315 bytes in 0 seconds
40349745 bytes in 1 seconds (39404.05 KB/sec)
521875 bytes in 0 seconds
40398634 bytes in 1 seconds (39451.79 KB/sec)
527555 bytes in 0 seconds
40516508 bytes in 0 seconds
525075 bytes in 0 seconds
40468608 bytes in 1 seconds (39520.12 KB/sec)
531865 bytes in 0 seconds
40472829 bytes in 1 seconds (39524.25 KB/sec)
538349 bytes in 1 seconds (525.73 KB/sec)
40546376 bytes in 0 seconds
534194 bytes in 0 seconds
40542797 bytes in 1 seconds (39592.58 KB/sec)
524269 bytes in 0 seconds
40380933 bytes in 0 seconds
523869 bytes in 0 seconds
40491240 bytes in 0 seconds
524749 bytes in 0 seconds
40478705 bytes in 0 seconds
520029 bytes in 0 seconds
40391912 bytes in 0 seconds
527795 bytes in 0 seconds
40467598 bytes in 0 seconds
527714 bytes in 0 seconds
40521884 bytes in 0 seconds
520027 bytes in 0 seconds
40469023 bytes in 1 seconds (39520.53 KB/sec)
526749 bytes in 0 seconds
40339442 bytes in 1 seconds (39393.99 KB/sec)
527475 bytes in 0 seconds
40497913 bytes in 0 seconds
528355 bytes in 0 seconds
40345525 bytes in 1 seconds (39399.93 KB/sec)
536429 bytes in 0 seconds
40462674 bytes in 1 seconds (39514.33 KB/sec)
526909 bytes in 0 seconds
40480116 bytes in 1 seconds (39531.36 KB/sec)
532669 bytes in 0 seconds
40523997 bytes in 1 seconds (39574.22 KB/sec)
527709 bytes in 0 seconds
40414592 bytes in 0 seconds
523314 bytes in 0 seconds
40535497 bytes in 1 seconds (39585.45 KB/sec)
525955 bytes in 0 seconds
40390548 bytes in 0 seconds
524275 bytes in 0 seconds
40585371 bytes in 1 seconds (39634.15 KB/sec)
526669 bytes in 0 seconds
40546235 bytes in 1 seconds (39595.93 KB/sec)
527229 bytes in 0 seconds
40392235 bytes in 0 seconds
528754 bytes in 0 seconds
40399012 bytes in 0 seconds
524029 bytes in 0 seconds
40466742 bytes in 0 seconds
526675 bytes in 0 seconds
40532969 bytes in 0 seconds
521395 bytes in 0 seconds
40520476 bytes in 0 seconds
523875 bytes in 0 seconds
40506498 bytes in 1 seconds (39557.13 KB/sec)
528035 bytes in 0 seconds
40444765 bytes in 0 seconds
522668 bytes in 0 seconds
40419543 bytes in 1 seconds (39472.21 KB/sec)
532435 bytes in 0 seconds
40367606 bytes in 1 seconds (39421.49 KB/sec)
523075 bytes in 0 seconds
40538448 bytes in 0 seconds
518595 bytes in 0 seconds
40480407 bytes in 1 seconds (39531.65 KB/sec)
531789 bytes in 0 seconds
40384128 bytes in 0 seconds
525715 bytes in 0 seconds
40529192 bytes in 1 seconds (39579.29 KB/sec)
526915 bytes in 0 seconds
40467975 bytes in 1 seconds (39519.51 KB/sec)
526429 bytes in 0 seconds
40616859 bytes in 0 seconds
525075 bytes in 0 seconds
40449672 bytes in 1 seconds (39501.63 KB/sec)
526113 bytes in 0 seconds
40413578 bytes in 0 seconds
530429 bytes in 0 seconds
40310171 bytes in 0 seconds
528515 bytes in 0 seconds
40441763 bytes in 1 seconds (39493.91 KB/sec)
521875 bytes in 0 seconds
40472825 bytes in 0 seconds
522435 bytes in 0 seconds
40549012 bytes in 0 seconds
528909 bytes in 0 seconds
40408273 bytes in 1 seconds (39461.20 KB/sec)
518034 bytes in 0 seconds
40588123 bytes in 0 seconds
40410334 bytes in 0 seconds
520594 bytes in 0 seconds
40612013 bytes in 0 seconds
528515 bytes in 0 seconds
40378797 bytes in 0 seconds
522754 bytes in 0 seconds
40623893 bytes in 1 seconds (39671.77 KB/sec)
528994 bytes in 0 seconds
40406366 bytes in 0 seconds
527794 bytes in 0 seconds
40511378 bytes in 0 seconds
522749 bytes in 0 seconds
40524196 bytes in 1 seconds (39574.41 KB/sec)
527075 bytes in 1 seconds (514.72 KB/sec)
40459780 bytes in 0 seconds
527155 bytes in 0 seconds
40566672 bytes in 0 seconds
530349 bytes in 0 seconds
40410287 bytes in 1 seconds (39463.17 KB/sec)
527875 bytes in 0 seconds
40389814 bytes in 0 seconds
529389 bytes in 0 seconds
40646349 bytes in 1 seconds (39693.70 KB/sec)
526749 bytes in 0 seconds
40489534 bytes in 0 seconds
530109 bytes in 0 seconds
40318862 bytes in 0 seconds
523232 bytes in 0 seconds
40461850 bytes in 1 seconds (39513.53 KB/sec)
529547 bytes in 0 seconds
40506852 bytes in 1 seconds (39557.47 KB/sec)
527395 bytes in 0 seconds
40366055 bytes in 1 seconds (39419.98 KB/sec)
533229 bytes in 1 seconds (520.73 KB/sec)
40431001 bytes in 1 seconds (39483.40 KB/sec)
529309 bytes in 1 seconds (516.90 KB/sec)
40411204 bytes in 0 seconds
521869 bytes in 0 seconds
40465167 bytes in 1 seconds (39516.76 KB/sec)
525715 bytes in 0 seconds
40512006 bytes in 0 seconds
522035 bytes in 0 seconds
40458250 bytes in 1 seconds (39510.01 KB/sec)
530909 bytes in 0 seconds
40536374 bytes in 1 seconds (39586.30 KB/sec)
524588 bytes in 0 seconds
40403928 bytes in 1 seconds (39456.96 KB/sec)
530107 bytes in 0 seconds
40482377 bytes in 0 seconds
527235 bytes in 0 seconds
40476179 bytes in 1 seconds (39527.52 KB/sec)
523155 bytes in 0 seconds
40419593 bytes in 1 seconds (39472.26 KB/sec)
533149 bytes in 0 seconds
40511199 bytes in 1 seconds (39561.72 KB/sec)
527715 bytes in 0 seconds
40448513 bytes in 0 seconds
526266 bytes in 0 seconds
40467420 bytes in 1 seconds (39518.96 KB/sec)
521155 bytes in 0 seconds
40544331 bytes in 0 seconds
525555 bytes in 0 seconds
40444605 bytes in 1 seconds (39496.68 KB/sec)
526435 bytes in 0 seconds
40559661 bytes in 1 seconds (39609.04 KB/sec)
534987 bytes in 0 seconds
40465900 bytes in 1 seconds (39517.48 KB/sec)
527475 bytes in 0 seconds
40367902 bytes in 0 seconds
524509 bytes in 0 seconds
40493043 bytes in 0 seconds
525155 bytes in 0 seconds
522275 bytes in 0 seconds
40522361 bytes in 1 seconds (39572.62 KB/sec)
528269 bytes in 0 seconds
40441736 bytes in 1 seconds (39493.88 KB/sec)
527869 bytes in 0 seconds
40468918 bytes in 0 seconds
531788 bytes in 0 seconds
40359371 bytes in 0 seconds
527155 bytes in 0 seconds
40447110 bytes in 0 seconds
524829 bytes in 0 seconds
40635519 bytes in 1 seconds (39683.12 KB/sec)
532434 bytes in 0 seconds
525555 bytes in 0 seconds
40485518 bytes in 0 seconds
531315 bytes in 0 seconds
40509382 bytes in 0 seconds
527469 bytes in 0 seconds
40452222 bytes in 0 seconds
524989 bytes in 0 seconds
40427856 bytes in 0 seconds
525395 bytes in 0 seconds
40405663 bytes in 1 seconds (39458.66 KB/sec)
522675 bytes in 0 seconds
40355498 bytes in 1 seconds (39409.67 KB/sec)
524514 bytes in 0 seconds
40430729 bytes in 1 seconds (39483.13 KB/sec)
530915 bytes in 0 seconds
40515554 bytes in 0 seconds
519313 bytes in 0 seconds
40369678 bytes in 0 seconds
529475 bytes in 0 seconds
40301705 bytes in 1 seconds (39357.13 KB/sec)
523155 bytes in 0 seconds
40399404 bytes in 0 seconds
528115 bytes in 0 seconds
40573745 bytes in 0 seconds
523475 bytes in 0 seconds
40403892 bytes in 0 seconds
530112 bytes in 0 seconds
40518623 bytes in 1 seconds (39568.97 KB/sec)
522195 bytes in 0 seconds
40518687 bytes in 1 seconds (39569.03 KB/sec)
527314 bytes in 0 seconds
40556347 bytes in 1 seconds (39605.81 KB/sec)
526829 bytes in 0 seconds
40500025 bytes in 0 seconds
530435 bytes in 0 seconds
40410038 bytes in 1 seconds (39462.93 KB/sec)
528509 bytes in 0 seconds
40475380 bytes in 0 seconds
516669 bytes in 0 seconds
40435636 bytes in 1 seconds (39487.93 KB/sec)
519635 bytes in 0 seconds
40460664 bytes in 1 seconds (39512.37 KB/sec)
522435 bytes in 0 seconds
40526482 bytes in 1 seconds (39576.64 KB/sec)
530029 bytes in 0 seconds
40509465 bytes in 1 seconds (39560.02 KB/sec)
529474 bytes in 0 seconds
40428020 bytes in 0 seconds
529549 bytes in 0 seconds
40443750 bytes in 1 seconds (39495.85 KB/sec)
531395 bytes in 0 seconds
40431018 bytes in 1 seconds (39483.42 KB/sec)
525954 bytes in 0 seconds
40567616 bytes in 1 seconds (39616.81 KB/sec)
528349 bytes in 0 seconds
40521475 bytes in 1 seconds (39571.75 KB/sec)
531306 bytes in 1 seconds (518.85 KB/sec)
40494011 bytes in 0 seconds
534109 bytes in 0 seconds
40443547 bytes in 0 seconds
529875 bytes in 0 seconds
40525007 bytes in 1 seconds (39575.20 KB/sec)
524113 bytes in 0 seconds
40449523 bytes in 1 seconds (39501.49 KB/sec)
525875 bytes in 0 seconds
40440294 bytes in 1 seconds (39492.47 KB/sec)
531309 bytes in 0 seconds
40538973 bytes in 1 seconds (39588.84 KB/sec)
520595 bytes in 0 seconds
529228 bytes in 0 seconds
40518827 bytes in 1 seconds (39569.17 KB/sec)
525549 bytes in 0 seconds
40468743 bytes in 1 seconds (39520.26 KB/sec)
524835 bytes in 0 seconds
40487491 bytes in 1 seconds (39538.57 KB/sec)
518915 bytes in 0 seconds
40389596 bytes in 1 seconds (39442.96 KB/sec)
524109 bytes in 0 seconds
40489961 bytes in 0 seconds
521954 bytes in 0 seconds
40407621 bytes in 0 seconds
526354 bytes in 0 seconds
40367929 bytes in 1 seconds (39421.81 KB/sec)
525469 bytes in 0 seconds
40515433 bytes in 1 seconds (39565.85 KB/sec)
522035 bytes in 0 seconds
40424632 bytes in 1 seconds (39477.18 KB/sec)
530035 bytes in 0 seconds
40459427 bytes in 0 seconds
534589 bytes in 0 seconds
40373663 bytes in 0 seconds
526434 bytes in 0 seconds
40549163 bytes in 0 seconds
528355 bytes in 0 seconds
40481621 bytes in 0 seconds
527469 bytes in 0 seconds
40571770 bytes in 1 seconds (39620.87 KB/sec)
523475 bytes in 0 seconds
40537072 bytes in 0 seconds
520674 bytes in 0 seconds
40473122 bytes in 1 seconds (39524.53 KB/sec)
521395 bytes in 0 seconds
40537513 bytes in 1 seconds (39587.42 KB/sec)
522115 bytes in 0 seconds
40511807 bytes in 1 seconds (39562.31 KB/sec)
531789 bytes in 0 seconds
40534792 bytes in 0 seconds
527795 bytes in 0 seconds
40471309 bytes in 1 seconds (39522.76 KB/sec)
521635 bytes in 0 seconds
40518753 bytes in 0 seconds
524195 bytes in 0 seconds
40412465 bytes in 1 seconds (39465.30 KB/sec)
529475 bytes in 0 seconds
40556142 bytes in 1 seconds (39605.61 KB/sec)
521235 bytes in 0 seconds
40377146 bytes in 0 seconds
519635 bytes in 0 seconds
40548272 bytes in 0 seconds
526995 bytes in 0 seconds
40543516 bytes in 1 seconds (39593.28 KB/sec)
523949 bytes in 0 seconds
40525218 bytes in 0 seconds
524994 bytes in 0 seconds
40385102 bytes in 0 seconds
531469 bytes in 0 seconds
40470120 bytes in 0 seconds
530909 bytes in 0 seconds
40477595 bytes in 0 seconds
529953 bytes in 0 seconds
40568855 bytes in 0 seconds
527555 bytes in 0 seconds
40599559 bytes in 1 seconds (39648.01 KB/sec)
522106 bytes in 0 seconds
40551599 bytes in 0 seconds
526034 bytes in 0 seconds
40474715 bytes in 1 seconds (39526.09 KB/sec)
519155 bytes in 0 seconds
40397571 bytes in 1 seconds (39450.75 KB/sec)
524915 bytes in 0 seconds
40567108 bytes in 0 seconds
522515 bytes in 1 seconds (510.27 KB/sec)
40443367 bytes in 1 seconds (39495.48 KB/sec)
533869 bytes in 0 seconds
40397034 bytes in 0 seconds
524833 bytes in 1 seconds (512.53 KB/sec)
40598570 bytes in 1 seconds (39647.04 KB/sec)
521955 bytes in 0 seconds
40396824 bytes in 0 seconds
519875 bytes in 0 seconds
40509694 bytes in 0 seconds
525315 bytes in 0 seconds
40658213 bytes in 0 seconds
519474 bytes in 0 seconds
40399112 bytes in 0 seconds
537475 bytes in 0 seconds
40601823 bytes in 1 seconds (39650.22 KB/sec)
528189 bytes in 0 seconds
40410712 bytes in 0 seconds
525155 bytes in 0 seconds
40283103 bytes in 1 seconds (39338.97 KB/sec)
534028 bytes in 0 seconds
40405135 bytes in 0 seconds
522189 bytes in 0 seconds
40404456 bytes in 1 seconds (39457.48 KB/sec)
518507 bytes in 0 seconds
40431421 bytes in 1 seconds (39483.81 KB/sec)
527629 bytes in 0 seconds
40461789 bytes in 1 seconds (39513.47 KB/sec)
528029 bytes in 0 seconds
40431300 bytes in 1 seconds (39483.69 KB/sec)
529551 bytes in 0 seconds
40566714 bytes in 0 seconds
524349 bytes in 0 seconds
40468579 bytes in 0 seconds
520675 bytes in 0 seconds
40402395 bytes in 0 seconds
526509 bytes in 0 seconds
40501421 bytes in 0 seconds
528589 bytes in 0 seconds
40579424 bytes in 0 seconds
523875 bytes in 0 seconds
40459641 bytes in 0 seconds
524515 bytes in 0 seconds
40513457 bytes in 1 seconds (39563.92 KB/sec)
525713 bytes in 0 seconds
40452847 bytes in 0 seconds
526195 bytes in 0 seconds
40481712 bytes in 0 seconds
523635 bytes in 0 seconds
40590194 bytes in 0 seconds
517632 bytes in 0 seconds
40422986 bytes in 1 seconds (39475.57 KB/sec)
524515 bytes in 0 seconds
40462562 bytes in 0 seconds
521075 bytes in 0 seconds
40442290 bytes in 1 seconds (39494.42 KB/sec)
524749 bytes in 0 seconds
40441536 bytes in 0 seconds
524027 bytes in 0 seconds
40445538 bytes in 0 seconds
530989 bytes in 0 seconds
40426260 bytes in 0 seconds
526749 bytes in 0 seconds
40570168 bytes in 0 seconds
528513 bytes in 0 seconds
40421354 bytes in 0 seconds
530109 bytes in 0 seconds
40460317 bytes in 0 seconds
526029 bytes in 0 seconds
40442350 bytes in 1 seconds (39494.48 KB/sec)
528275 bytes in 0 seconds
40363138 bytes in 1 seconds (39417.13 KB/sec)
526509 bytes in 0 seconds
40486746 bytes in 0 seconds
528435 bytes in 0 seconds
40495511 bytes in 0 seconds
521976 bytes in 0 seconds
40494245 bytes in 0 seconds
530353 bytes in 0 seconds
40479306 bytes in 0 seconds
527554 bytes in 0 seconds
40463196 bytes in 1 seconds (39514.84 KB/sec)
522829 bytes in 0 seconds
40606370 bytes in 1 seconds (39654.66 KB/sec)
40385311 bytes in 1 seconds (39438.78 KB/sec)
524993 bytes in 0 seconds
40539903 bytes in 1 seconds (39589.75 KB/sec)
40325659 bytes in 0 seconds
524835 bytes in 0 seconds
40436668 bytes in 0 seconds
532749 bytes in 0 seconds
40477853 bytes in 0 seconds
529627 bytes in 0 seconds
40540001 bytes in 1 seconds (39589.84 KB/sec)
527475 bytes in 0 seconds
40521719 bytes in 0 seconds
524267 bytes in 0 seconds
40521428 bytes in 1 seconds (39571.71 KB/sec)
525235 bytes in 0 seconds
40431246 bytes in 0 seconds
527309 bytes in 0 seconds
40549748 bytes in 0 seconds
525075 bytes in 0 seconds
40531854 bytes in 1 seconds (39581.89 KB/sec)
530189 bytes in 0 seconds
40523667 bytes in 1 seconds (39573.89 KB/sec)
519075 bytes in 0 seconds
40514560 bytes in 0 seconds
527874 bytes in 0 seconds
40603588 bytes in 1 seconds (39651.94 KB/sec)
531389 bytes in 0 seconds
40644003 bytes in 0 seconds
529549 bytes in 0 seconds
40584558 bytes in 1 seconds (39633.36 KB/sec)
529715 bytes in 0 seconds
40431622 bytes in 0 seconds
520275 bytes in 0 seconds
40486591 bytes in 0 seconds
516434 bytes in 0 seconds
40512476 bytes in 0 seconds
527312 bytes in 0 seconds
40425805 bytes in 1 seconds (39478.33 KB/sec)
524835 bytes in 0 seconds
40468505 bytes in 0 seconds
528595 bytes in 0 seconds
40472248 bytes in 0 seconds
