  
 ============================
 | HVQDIS  V1.4  APRIL 2000 |
 ============================
  
 NORDER    =        2
 ISCALER   =        5
 ISCALEF   =        5
 IPDF      =        5
 PTS0      =   500000
 ITS0      =        2
 PTS1      =    80000
 ITS1      =        4
 IQUARK    =        2
 MASS      =      4.75
 EPRO      =    920.00
 EIEL      =     27.50
 Q2MIN     =      4.00
 Q2MAX     =   3160.00
 XBJMIN    =      0.00
 XBJMAX    =      1.00
 YMIN      =      0.05
 YMAX      =      0.70
 ETAMAX    =      2.50
 PTMIN     =      0.00
 PTMAX     =   *******
 IFRAG     =        0
 ISL       =        1
 EPS       =      0.0069
 HFRAC     =      0.2205
 XMD       =      5.2780
 TCFRAG    =        0
 TCSL    =        1
 PREF      =   f2b_4.-3160._0.-1._r5_f5_m4.75.histos   
  
 BOTTOM PRODUCTION
 RM48 INITIALIZED:        40           0         0
 **hist: start histos 
 HPATH.  ERROR IN PATHNAME,


 ===> Directory : 
  create directory HISB
 hfrac:  0.2205
 **hzb: Version kula1  
 FULL LO+NLO ME



 INPUT PARAMETERS FOR VEGAS:  NDIM=  3  NCALL=   476656.
                              IT=    0  ITMX=    2
                              MDS= -1   ND=  31
 **MScale: SCALFA=   1. ISCALE=  5
 **MScale: scale: Pt2+4 M2 
 **MScale: SCALFA=   1. ISCALE=  5
 **MScale: scale: Pt2+4 M2 
 wtx  3.38332188E-06hfrac  0.392379761
 **frag: Peterson frag function 
 **frag: Vincenzo semi-leptonic routine dir+indir 

 ******************************************************
 KTCLUS: written by Mike Seymour, July 1992.
 Last modified October 1997.
 Please send comments or suggestions to Mike.Seymour@rl.ac.uk

       Collision type = 3 = pe        
     Angular variable = 2 = DeltaR    
 Monotonic definition = 1 = no        
 Recombination scheme = 1 = E         
 Ecut=  1.00
 ******************************************************

 **MScale: SCALFA=   1. ISCALE=  5
 **MScale: scale: Pt2+4 M2 
 **MScale: SCALFA=   1. ISCALE=  5
 **MScale: scale: Pt2+4 M2 
 wtx  3.83233555E-06hfrac  0.392379761
 **MScale: SCALFA=   1. ISCALE=  5
 **MScale: scale: Pt2+4 M2 
 wtx  4.47851198E-06hfrac  0.392379761
 wtx  1.74389049E-06hfrac  0.392379761
 wtx  3.58329635E-06hfrac  0.392379761
 wtx  1.06998814E-05hfrac  0.392379761
 wtx  1.47477249E-05hfrac  0.392379761
 wtx  4.4360263E-06hfrac  0.392379761
 wtx  3.6637648E-05hfrac  0.392379761
 wtx  5.67270263E-06hfrac  0.392379761
 wtx  3.62399733E-05hfrac  0.392379761
 wtx  1.03958637E-05hfrac  0.392379761
 wtx  9.84497274E-06hfrac  0.392379761
 wtx  2.69809188E-05hfrac  0.392379761
 wtx  1.79925573E-05hfrac  0.392379761
 wtx  1.66361879E-05hfrac  0.392379761
 wtx  1.36794733E-06hfrac  0.392379761
 wtx  3.16026599E-05hfrac  0.392379761
 wtx  0.000163498829hfrac  0.392379761
 wtx  6.4566666E-05hfrac  0.392379761
 wtx  4.07775467E-08hfrac  0.392379761
 **bmatch: create BMAT   
 BMAT    histos booked ! 
 wtx  2.07643498E-05hfrac  0.392379761
 wtx  9.67444157E-06hfrac  0.392379761
 wtx  6.5313754E-05hfrac  0.392379761
 wtx  1.29634518E-05hfrac  0.392379761
 wtx  2.49021796E-05hfrac  0.392379761
 wtx  4.27178566E-06hfrac  0.392379761
 wtx  1.98556118E-05hfrac  0.392379761
 wtx  6.39541031E-05hfrac  0.392379761
 wtx  0.000180718547hfrac  0.392379761
 wtx  5.58761531E-05hfrac  0.392379761
 wtx  9.71303962E-06hfrac  0.392379761
 wtx  7.33672277E-06hfrac  0.392379761
 wtx  0.000108324341hfrac  0.392379761
 wtx  1.30295684E-05hfrac  0.392379761
 wtx  0.000121965306hfrac  0.392379761
 wtx  3.05013855E-05hfrac  0.392379761
 wtx  0.000129756154hfrac  0.392379761
 wtx  5.7320176E-06hfrac  0.392379761
 wtx  4.29372885E-05hfrac  0.392379761
 wtx  0.00031596623hfrac  0.392379761
 wtx  3.70380403E-05hfrac  0.392379761
 wtx  1.47820374E-05hfrac  0.392379761
 wtx  4.28736421E-05hfrac  0.392379761
 wtx  8.84747351E-05hfrac  0.392379761
 wtx  2.1019252E-05hfrac  0.392379761
 wtx  1.74028119E-05hfrac  0.392379761
 wtx  1.06117386E-05hfrac  0.392379761
 wtx  9.6730555E-06hfrac  0.392379761
 wtx  1.7730521E-05hfrac  0.392379761
 wtx  5.42235575E-05hfrac  0.392379761
 wtx  1.34069014E-05hfrac  0.392379761
 wtx  2.47289177E-06hfrac  0.392379761
 wtx  1.00411762E-05hfrac  0.392379761
 wtx  1.9533185E-05hfrac  0.392379761
 wtx  3.61946586E-05hfrac  0.392379761
 wtx  2.63139827E-05hfrac  0.392379761
 wtx  2.33336341E-05hfrac  0.392379761
 wtx  2.26389657E-05hfrac  0.392379761
 wtx  3.57908648E-05hfrac  0.392379761
 wtx  7.11006142E-05hfrac  0.392379761
 wtx  2.08560305E-05hfrac  0.392379761
 wtx  2.40991922E-05hfrac  0.392379761
 wtx  1.05031431E-05hfrac  0.392379761
 wtx  0.00014075228hfrac  0.392379761
 wtx  2.02021456E-05hfrac  0.392379761
 wtx  1.45645481E-05hfrac  0.392379761
 wtx  7.62958564E-07hfrac  0.392379761
 wtx  2.93489284E-05hfrac  0.392379761
 wtx  9.72382259E-05hfrac  0.392379761
 wtx  3.61539387E-05hfrac  0.392379761
 wtx  1.88758695E-05hfrac  0.392379761
 wtx  1.05789263E-06hfrac  0.392379761
 wtx  2.39699675E-05hfrac  0.392379761
 wtx  1.92475418E-05hfrac  0.392379761
 wtx  5.40423662E-06hfrac  0.392379761
 wtx  6.42965279E-06hfrac  0.392379761
 wtx  2.04904827E-05hfrac  0.392379761
 wtx  3.45465305E-05hfrac  0.392379761
 wtx  4.55112095E-05hfrac  0.392379761
 wtx  9.35682692E-06hfrac  0.392379761
 wtx  1.78229111E-05hfrac  0.392379761
 wtx  3.91140475E-06hfrac  0.392379761
 wtx  2.87891926E-05hfrac  0.392379761
 wtx  3.00583793E-06hfrac  0.392379761
 wtx  9.14971588E-06hfrac  0.392379761
 wtx  2.888784E-05hfrac  0.392379761
 wtx  6.22900625E-05hfrac  0.392379761
 wtx  6.12119538E-06hfrac  0.392379761
 wtx  2.89110776E-05hfrac  0.392379761
 wtx  3.06788024E-05hfrac  0.392379761
 wtx  5.62198193E-06hfrac  0.392379761
 wtx  1.56741098E-05hfrac  0.392379761
 wtx  4.21056502E-05hfrac  0.392379761
 wtx  3.23589993E-05hfrac  0.392379761
 wtx  4.5939054E-05hfrac  0.392379761
 wtx  0.000340564351hfrac  0.392379761
 wtx  4.18089185E-05hfrac  0.392379761
 wtx  4.28473068E-05hfrac  0.392379761
 wtx  1.66620703E-05hfrac  0.392379761
   1       13.00038     0.5964       13.00038     0.5964      0.000    
   2       12.83766     0.1427       12.84668     0.1395     0.7119E-01



 INPUT PARAMETERS FOR VEGAS:  NDIM=  3  NCALL=  4920750.
                              IT=    0  ITMX=    4
                              MDS= -1   ND=  45
   1       12.61487     0.2039E-01   12.61487     0.2039E-01  0.000    
   2       12.62904     0.2036E-01   12.62198     0.1441E-01 0.2418    
   3       12.60689     0.2034E-01   12.61694     0.1176E-01 0.3040    
   4       12.62890     0.2037E-01   12.61994     0.1018E-01 0.2888    



 INPUT PARAMETERS FOR VEGAS:  NDIM=  6  NCALL=    78125.
                              IT=    0  ITMX=    4
                              MDS=  1   ND=  50
 **sig1: iscalef=  5
 **sig1: mur=   123.123266
 **sig1: iscalef=  5
 **sig1: muf=   123.123266
 ALFAS  =   0.167766238
 MUR2   =   123.123266
 LOGMUR =   1.69689678
 MUF2   =   123.123266
 LOGMUF =   1.69689678
  
 INTEGRATING NLO GLUON ...
  
   1       7.438493      4.322       7.438493      4.322      0.000    
   2       4.438355      1.783       5.408763      2.024     0.4808    
   3       6.442717      1.433       6.120232      1.150     0.3189    
   4       7.044927     0.8336       6.775530     0.6420     0.3415    



 INPUT PARAMETERS FOR VEGAS:  NDIM=  6  NCALL=   786432.
                              IT=    0  ITMX=    8
                              MDS=  1   ND=  50
   1       8.304108      1.207       8.304108      1.207      0.000    
   2       7.177219     0.3440       7.287770     0.3533     0.9003    
   3       7.304046     0.3437       7.295637     0.2490     0.4685    
   4       7.250225     0.3146       7.279178     0.1965     0.3239    
   5       7.211144     0.2832       7.258312     0.1623     0.2563    
   6       7.550599     0.4791       7.289054     0.1538     0.2721    
   7       6.790976     0.4751       7.249396     0.1457     0.3753    
   8       7.120182     0.4354       7.237200     0.1381     0.3352    



 INPUT PARAMETERS FOR VEGAS:  NDIM=  6  NCALL=    78125.
                              IT=    0  ITMX=    4
                              MDS=  1   ND=  50
 ALFAS  =   0.173864074
 MUR2   =   92.4453115
 LOGMUR =   1.41032801
 MUF2   =   92.4453115
 LOGMUF =   1.41032801
  
 INTEGRATING QUARK INITIATED ...
  
   1     -0.1001562     0.8293     -0.1001562     0.8293      0.000    
   2      0.8194577E-01 0.5079      0.1655400E-01 0.4540     0.3702E-01
   3      0.8369470E-02 0.2056      0.1623308E-01 0.3641     0.2766E-01
   4      0.8973259     0.2410      0.8946472     0.1216     0.5358E-01



 INPUT PARAMETERS FOR VEGAS:  NDIM=  6  NCALL=   786432.
                              IT=    0  ITMX=    8
                              MDS=  1   ND=  50
   1      0.9025096     0.6930E-01  0.9025096     0.6930E-01  0.000    
   2      0.8260609     0.6472E-01  0.8650537     0.4744E-01 0.6489    
   3      0.8337501     0.7065E-01  0.8558131     0.3935E-01 0.3981    
   4      0.8568484     0.6536E-01  0.8560895     0.3371E-01 0.2652    
   5      0.7842147     0.6744E-01  0.8436121     0.3016E-01 0.4092    
   6      0.8738925     0.7963E-01  0.8476677     0.2825E-01 0.3498    
   7      0.7875356     0.5876E-01  0.8376559     0.2554E-01 0.4255    
   8      0.7686641     0.5025E-01  0.8253610     0.2292E-01 0.5618    
  
 CROSS SECTION =   20.6824969 +/-   0.140339048
  
  # of events with muons:  0 out of:  54986491
  All:           1. muons:   98.5682526 2. muon   6.25279427
 In acc: 1. muons:     76.475:      0.776 % 2. muon      9.123:      1.459 %
  Norm Histos here: lum=   1.lumbreit lum1  1.
  ZEUS scenario in Lab frame Q2>4
  Total      sig (pb):   475.496033
  b tot  sig (pb):   282.61499
  >=1jets sig (pb):   398.378448
  muon +no cuts on jet sig (pb):   54.7403564
  muon+jet    sig (pb):   49.190815
  muon+jet+cone sig (pb):   31.5720043
  ZEUS scenario in Breit frame Q2>2 
  tot        sig (pb):   475.496033
  b.cross    sig (pb):   289.371002
  >=1jet sig (pb):   250.64183
  muon nojet cut sig (pb):   31.0493393
  muon+jet   sig (pb):   20.787674
 incl jet   sig (pb):  89.5535126
 incl muon  sig (pb):  22.7189083
 incl b     sig (pb):  390.56546
 generator:HVQ     hfrac  0.2205
  Output Histos here 
