  
 ============================
 | HVQDIS  V1.4  APRIL 2000 |
 ============================
  
 NORDER    =        2
 ISCALER   =        5
 ISCALEF   =       25
 IPDF      =        5
 PTS0      =   500000
 ITS0      =        2
 PTS1      =    80000
 ITS1      =        4
 IQUARK    =        2
 MASS      =      4.75
 EPRO      =    920.00
 EIEL      =     27.50
 Q2MIN     =    199.90
 Q2MAX     =    200.10
 XBJMIN    =      0.00
 XBJMAX    =      0.01
 YMIN      =      0.05
 YMAX      =      0.80
 ETAMAX    =      2.50
 PTMIN     =      0.00
 PTMAX     =   *******
 IFRAG     =        0
 ISL       =        1
 EPS       =      0.0035
 HFRAC     =      0.2205
 XMD       =      5.2780
 TCFRAG    =        0
 TCSL    =        1
 PREF      =   f2b_200_50_r5_f25.histos                
  
 BOTTOM PRODUCTION
 RM48 INITIALIZED:        40           0         0
 **hist: start histos 
 HPATH.  ERROR IN PATHNAME,


 ===> Directory : 
  create directory HISB
 hfrac:  0.2205
 **hzb: Version kula1  
 FULL LO+NLO ME



 INPUT PARAMETERS FOR VEGAS:  NDIM=  3  NCALL=   476656.
                              IT=    0  ITMX=    2
                              MDS= -1   ND=  31
 **MScale: SCALFA=   1. ISCALE=  5
 **MScale: scale: Pt2+4 M2 
 wtx  4.64645822E-11hfrac  0.392379761
 **frag: Peterson frag function 
 **frag: Vincenzo semi-leptonic routine dir+indir 

 ******************************************************
 KTCLUS: written by Mike Seymour, July 1992.
 Last modified October 1997.
 Please send comments or suggestions to Mike.Seymour@rl.ac.uk

       Collision type = 3 = pe        
     Angular variable = 2 = DeltaR    
 Monotonic definition = 1 = no        
 Recombination scheme = 1 = E         
 Ecut=  1.00
 ******************************************************

 wtx  7.73684155E-12hfrac  0.392379761
 wtx  1.34594905E-11hfrac  0.392379761
 wtx  6.19830532E-12hfrac  0.392379761
 wtx  3.08304771E-11hfrac  0.392379761
 wtx  2.00512124E-11hfrac  0.392379761
 **bmatch: create BMAT   
 BMAT    histos booked ! 
 wtx  3.97979531E-11hfrac  0.392379761
 wtx  3.82176686E-11hfrac  0.392379761
 wtx  2.59616686E-11hfrac  0.392379761
 wtx  1.87577245E-11hfrac  0.392379761
 wtx  2.95327686E-11hfrac  0.392379761
 wtx  2.07005472E-11hfrac  0.392379761
 wtx  1.12522153E-11hfrac  0.392379761
 wtx  3.68237975E-11hfrac  0.392379761
 wtx  2.94852059E-11hfrac  0.392379761
 wtx  1.9440706E-11hfrac  0.392379761
 wtx  2.27165457E-11hfrac  0.392379761
 wtx  4.66034607E-11hfrac  0.392379761
 wtx  2.81021057E-11hfrac  0.392379761
 wtx  6.05154425E-12hfrac  0.392379761
 wtx  4.93330854E-12hfrac  0.392379761
 wtx  3.07503953E-11hfrac  0.392379761
 wtx  1.50764713E-11hfrac  0.392379761
 wtx  3.85982704E-11hfrac  0.392379761
 wtx  3.87667121E-11hfrac  0.392379761
 wtx  1.5620753E-11hfrac  0.392379761
 wtx  4.67088972E-11hfrac  0.392379761
 wtx  5.14982605E-11hfrac  0.392379761
 wtx  3.63123628E-11hfrac  0.392379761
 wtx  2.98827837E-11hfrac  0.392379761
 wtx  3.36322671E-11hfrac  0.392379761
 wtx  4.50368735E-11hfrac  0.392379761
 wtx  1.91354068E-11hfrac  0.392379761
 wtx  1.88338894E-14hfrac  0.392379761
 wtx  2.29309974E-12hfrac  0.392379761
 wtx  1.14549967E-11hfrac  0.392379761
 wtx  1.78477753E-11hfrac  0.392379761
 wtx  2.64986973E-11hfrac  0.392379761
 wtx  1.87200325E-11hfrac  0.392379761
 wtx  5.60619693E-13hfrac  0.392379761
 wtx  4.48205396E-11hfrac  0.392379761
 wtx  1.84626828E-11hfrac  0.392379761
 wtx  4.70214423E-11hfrac  0.392379761
 wtx  6.835569E-12hfrac  0.392379761
 wtx  3.97329322E-11hfrac  0.392379761
 wtx  6.78376452E-12hfrac  0.392379761
 wtx  4.17762491E-11hfrac  0.392379761
 wtx  4.04146473E-11hfrac  0.392379761
 wtx  3.96116438E-11hfrac  0.392379761
 wtx  3.9337613E-11hfrac  0.392379761
 wtx  2.83009432E-11hfrac  0.392379761
 wtx  8.58598349E-12hfrac  0.392379761
 wtx  1.96673164E-11hfrac  0.392379761
 wtx  3.73032855E-11hfrac  0.392379761
 wtx  2.71423578E-11hfrac  0.392379761
 wtx  3.85799968E-11hfrac  0.392379761
 wtx  3.97368909E-11hfrac  0.392379761
 wtx  2.40386166E-11hfrac  0.392379761
 wtx  4.41584026E-11hfrac  0.392379761
 wtx  1.00157937E-11hfrac  0.392379761
 wtx  2.10850053E-11hfrac  0.392379761
 wtx  3.91376818E-12hfrac  0.392379761
 wtx  5.2749311E-12hfrac  0.392379761
 wtx  2.89283944E-11hfrac  0.392379761
 wtx  2.25489245E-11hfrac  0.392379761
 wtx  2.02186011E-11hfrac  0.392379761
 wtx  2.63427856E-11hfrac  0.392379761
 wtx  5.17479844E-11hfrac  0.392379761
 wtx  4.09372675E-11hfrac  0.392379761
 wtx  1.99444974E-11hfrac  0.392379761
 wtx  2.81601062E-11hfrac  0.392379761
 wtx  3.12462313E-11hfrac  0.392379761
 wtx  8.88496134E-12hfrac  0.392379761
 wtx  7.14988702E-12hfrac  0.392379761
 wtx  2.52392846E-11hfrac  0.392379761
 wtx  4.69503325E-11hfrac  0.392379761
 wtx  9.71440463E-12hfrac  0.392379761
 wtx  2.7699917E-11hfrac  0.392379761
 wtx  2.32084629E-11hfrac  0.392379761
 wtx  2.24480469E-11hfrac  0.392379761
 wtx  1.04089558E-11hfrac  0.392379761
 wtx  4.27201573E-11hfrac  0.392379761
 wtx  1.98479896E-11hfrac  0.392379761
 wtx  2.38662787E-11hfrac  0.392379761
 wtx  3.43198386E-11hfrac  0.392379761
 wtx  1.8297322E-11hfrac  0.392379761
 wtx  2.18072956E-11hfrac  0.392379761
 wtx  1.64275503E-11hfrac  0.392379761
 wtx  2.68058882E-12hfrac  0.392379761
 wtx  2.71942521E-11hfrac  0.392379761
 wtx  1.1461655E-19hfrac  0.392379761
 wtx  3.57579973E-11hfrac  0.392379761
 wtx  3.11678873E-12hfrac  0.392379761
 wtx  3.72660583E-11hfrac  0.392379761
 wtx  4.96511512E-11hfrac  0.392379761
 wtx  4.21807346E-11hfrac  0.392379761
 wtx  3.73886859E-11hfrac  0.392379761
 wtx  3.85435711E-11hfrac  0.392379761
 wtx  3.31468741E-11hfrac  0.392379761
 wtx  2.31555556E-11hfrac  0.392379761
   1      0.3917215E-05 0.3205E-06  0.3917215E-05 0.3205E-06  0.000    
   2      0.3724174E-05 0.8436E-07  0.3737917E-05 0.8343E-07 0.3540    



 INPUT PARAMETERS FOR VEGAS:  NDIM=  3  NCALL=  4920750.
                              IT=    0  ITMX=    4
                              MDS= -1   ND=  45
   1      0.3751629E-05 0.8388E-08  0.3751629E-05 0.8388E-08  0.000    
   2      0.3729934E-05 0.8378E-08  0.3740831E-05 0.5928E-08  3.349    
   3      0.3754593E-05 0.8410E-08  0.3745422E-05 0.4845E-08  2.567    
   4      0.3742087E-05 0.8395E-08  0.3744590E-05 0.4197E-08  1.751    



 INPUT PARAMETERS FOR VEGAS:  NDIM=  6  NCALL=    78125.
                              IT=    0  ITMX=    4
                              MDS=  1   ND=  50
 ALFAS  =   0.146434736
 MUR2   =   409.988296
 LOGMUR =   2.89983938
 MUF2   =   409.988296
 LOGMUF =   2.89983938
  
 INTEGRATING NLO GLUON ...
  
   1      0.1966314E-05 0.1616E-05  0.1966314E-05 0.1616E-05  0.000    
   2      0.4906565E-06 0.7318E-06  0.1622484E-05 0.1032E-05 0.3656    
   3      0.1589892E-05 0.3287E-06  0.1592375E-05 0.2955E-06 0.1702    
   4      0.1948749E-05 0.2540E-06  0.1841522E-05 0.1760E-06 0.3837    



 INPUT PARAMETERS FOR VEGAS:  NDIM=  6  NCALL=   786432.
                              IT=    0  ITMX=    8
                              MDS=  1   ND=  50
   1      0.2019715E-05 0.6980E-07  0.2019715E-05 0.6980E-07  0.000    
   2      0.2091846E-05 0.7021E-07  0.2056836E-05 0.4951E-07 0.5302    
   3      0.1976212E-05 0.1101E-06  0.2044153E-05 0.4487E-07 0.4861    
   4      0.1944643E-05 0.8282E-07  0.2023038E-05 0.3941E-07 0.6861    
   5      0.2037276E-05 0.6746E-07  0.2026738E-05 0.3400E-07 0.5201    
   6      0.1768931E-05 0.2668E-06  0.2023550E-05 0.3314E-07 0.5804    
   7      0.1970117E-05 0.9428E-07  0.2017703E-05 0.3126E-07 0.5315    
   8      0.2005701E-05 0.1534E-06  0.2017210E-05 0.3067E-07 0.4546    



 INPUT PARAMETERS FOR VEGAS:  NDIM=  6  NCALL=    78125.
                              IT=    0  ITMX=    4
                              MDS=  1   ND=  50
 ALFAS  =   0.136628138
 MUR2   =   814.479089
 LOGMUR =   3.58625952
 MUF2   =   814.479089
 LOGMUF =   3.58625952
  
 INTEGRATING QUARK INITIATED ...
  
   1      0.8256174E-06 0.8690E-06  0.8256174E-06 0.8690E-06  0.000    
   2     -0.7222058E-06 0.3737E-06 -0.4208872E-06 0.3602E-06  2.895    
   3     -0.2350649E-06 0.1522E-06 -0.3577880E-06 0.2444E-06  2.141    
   4     -0.1600868E-06 0.8935E-07 -0.2957605E-06 0.1771E-06  1.954    



 INPUT PARAMETERS FOR VEGAS:  NDIM=  6  NCALL=   786432.
                              IT=    0  ITMX=    8
                              MDS=  1   ND=  50
   1     -0.3258018E-07 0.2127E-07 -0.3258018E-07 0.2127E-07  0.000    
   2     -0.1487172E-06 0.5939E-07 -0.1170891E-06 0.3667E-07  1.987    
   3     -0.5009937E-07 0.2050E-07 -0.8966125E-07 0.2423E-07  2.269    
   4     -0.8664872E-07 0.1343E-07 -0.8743076E-07 0.1215E-07  1.565    
   5     -0.3235439E-07 0.1660E-07 -0.8394427E-07 0.1068E-07  1.816    
   6     -0.1983966E-07 0.5383E-07 -0.8379948E-07 0.9797E-08  1.743    
   7      0.7211550E-07 0.1372E-06 -0.8308606E-07 0.9705E-08  1.669    
   8     -0.2832220E-08 0.2786E-07 -0.8307232E-07 0.9079E-08  1.637    
  
 CROSS SECTION =   5.67872722E-06 +/-   3.22629054E-08
  
  # of events with muons:  0 out of:  33063996
  All:           1. muons:   2.18503883E-05 2. muon   1.48154948E-06
 In acc: 1. muons:      0.000:      0.894 % 2. muon      0.000:      1.519 %
  Norm Histos here: lum=   1.lumbreit lum1  1.
  ZEUS scenario in Lab frame Q2>4
  Total      sig (pb):   7.17911098E-05
  b tot  sig (pb):   5.69405165E-05
  >=1jets sig (pb):   7.14131893E-05
  muon +no cuts on jet sig (pb):   1.11529862E-05
  muon+jet    sig (pb):   1.11144E-05
  muon+jet+cone sig (pb):   8.62107936E-06
  ZEUS scenario in Breit frame Q2>2 
  tot        sig (pb):   7.17911098E-05
  b.cross    sig (pb):   5.54146936E-05
  >=1jet sig (pb):   4.77779031E-05
  muon nojet cut sig (pb):   7.86341116E-06
  muon+jet   sig (pb):   5.68374571E-06
 incl jet   sig (pb):  2.6073134E-05
 incl muon  sig (pb):  6.20546189E-06
 incl b     sig (pb):  8.41957299E-05
 generator:HVQ     hfrac  0.2205
  Output Histos here 
