  
 ============================
 | HVQDIS  V1.4  APRIL 2000 |
 ============================
  
 NORDER    =        2
 ISCALER   =        5
 ISCALEF   =        5
 IPDF      =        5
 PTS0      =   500000
 ITS0      =        2
 PTS1      =    80000
 ITS1      =        4
 IQUARK    =        2
 MASS      =      4.75
 EPRO      =    920.00
 EIEL      =     27.50
 Q2MIN     =    199.90
 Q2MAX     =    200.10
 XBJMIN    =      0.00
 XBJMAX    =      0.01
 YMIN      =      0.05
 YMAX      =      0.80
 ETAMAX    =      2.50
 PTMIN     =      0.00
 PTMAX     =   *******
 IFRAG     =        0
 ISL       =        1
 EPS       =      0.0035
 HFRAC     =      0.2205
 XMD       =      5.2780
 TCFRAG    =        0
 TCSL    =        1
 PREF      =   f2b_200_50_r5_f5_m4.75.histos           
  
 BOTTOM PRODUCTION
 RM48 INITIALIZED:        40           0         0
 **hist: start histos 
 HPATH.  ERROR IN PATHNAME,


 ===> Directory : 
  create directory HISB
 hfrac:  0.2205
 **hzb: Version kula1  
 FULL LO+NLO ME



 INPUT PARAMETERS FOR VEGAS:  NDIM=  3  NCALL=   476656.
                              IT=    0  ITMX=    2
                              MDS= -1   ND=  31
 **MScale: SCALFA=   1. ISCALE=  5
 **MScale: scale: Pt2+4 M2 
 **MScale: SCALFA=   1. ISCALE=  5
 **MScale: scale: Pt2+4 M2 
 wtx  4.8821152E-11hfrac  0.392379761
 **frag: Peterson frag function 
 **frag: Vincenzo semi-leptonic routine dir+indir 

 ******************************************************
 KTCLUS: written by Mike Seymour, July 1992.
 Last modified October 1997.
 Please send comments or suggestions to Mike.Seymour@rl.ac.uk

       Collision type = 3 = pe        
     Angular variable = 2 = DeltaR    
 Monotonic definition = 1 = no        
 Recombination scheme = 1 = E         
 Ecut=  1.00
 ******************************************************

 **MScale: SCALFA=   1. ISCALE=  5
 **MScale: scale: Pt2+4 M2 
 **MScale: SCALFA=   1. ISCALE=  5
 **MScale: scale: Pt2+4 M2 
 wtx  7.88636604E-12hfrac  0.392379761
 **MScale: SCALFA=   1. ISCALE=  5
 **MScale: scale: Pt2+4 M2 
 wtx  1.3740304E-11hfrac  0.392379761
 wtx  6.29014809E-12hfrac  0.392379761
 wtx  3.19872011E-11hfrac  0.392379761
 wtx  2.3791356E-11hfrac  0.392379761
 **bmatch: create BMAT   
 BMAT    histos booked ! 
 wtx  4.1308016E-11hfrac  0.392379761
 wtx  4.04958844E-11hfrac  0.392379761
 wtx  2.84259404E-11hfrac  0.392379761
 wtx  1.90300917E-11hfrac  0.392379761
 wtx  3.19481143E-11hfrac  0.392379761
 wtx  2.10268972E-11hfrac  0.392379761
 wtx  1.30524584E-11hfrac  0.392379761
 wtx  3.93075399E-11hfrac  0.392379761
 wtx  3.37764469E-11hfrac  0.392379761
 wtx  2.00051122E-11hfrac  0.392379761
 wtx  2.4147814E-11hfrac  0.392379761
 wtx  4.96733939E-11hfrac  0.392379761
 wtx  3.16872778E-11hfrac  0.392379761
 wtx  6.11786229E-12hfrac  0.392379761
 wtx  5.97284288E-12hfrac  0.392379761
 wtx  3.35063956E-11hfrac  0.392379761
 wtx  1.69934882E-11hfrac  0.392379761
 wtx  4.03561698E-11hfrac  0.392379761
 wtx  4.04707413E-11hfrac  0.392379761
 wtx  1.77891677E-11hfrac  0.392379761
 wtx  4.95194892E-11hfrac  0.392379761
 wtx  5.66402203E-11hfrac  0.392379761
 wtx  3.78232549E-11hfrac  0.392379761
 wtx  3.63060554E-11hfrac  0.392379761
 wtx  3.50766291E-11hfrac  0.392379761
 wtx  5.33023591E-11hfrac  0.392379761
 wtx  2.02074971E-11hfrac  0.392379761
 wtx  1.90300436E-14hfrac  0.392379761
 wtx  2.32041946E-12hfrac  0.392379761
 wtx  1.16039183E-11hfrac  0.392379761
 wtx  1.81237352E-11hfrac  0.392379761
 wtx  2.88857983E-11hfrac  0.392379761
 wtx  1.89980861E-11hfrac  0.392379761
 wtx  7.58183718E-13hfrac  0.392379761
 wtx  4.71682693E-11hfrac  0.392379761
 wtx  1.87880926E-11hfrac  0.392379761
 wtx  4.97818037E-11hfrac  0.392379761
 wtx  6.92491117E-12hfrac  0.392379761
 wtx  4.52781805E-11hfrac  0.392379761
 wtx  8.41392754E-12hfrac  0.392379761
 wtx  4.3641521E-11hfrac  0.392379761
 wtx  4.270162E-11hfrac  0.392379761
 wtx  4.15829558E-11hfrac  0.392379761
 wtx  4.1276968E-11hfrac  0.392379761
 wtx  3.08194165E-11hfrac  0.392379761
 wtx  9.94474121E-12hfrac  0.392379761
 wtx  1.99580387E-11hfrac  0.392379