  
 ============================
 | HVQDIS  V1.4  APRIL 2000 |
 ============================
  
 NORDER    =        2
 ISCALER   =        5
 ISCALEF   =        5
 IPDF      =        5
 PTS0      =   500000
 ITS0      =        2
 PTS1      =    80000
 ITS1      =        4
 IQUARK    =        2
 MASS      =      5.00
 EPRO      =    920.00
 EIEL      =     27.50
 Q2MIN     =    199.90
 Q2MAX     =    200.10
 XBJMIN    =      0.00
 XBJMAX    =      0.01
 YMIN      =      0.05
 YMAX      =      0.80
 ETAMAX    =      2.50
 PTMIN     =      0.00
 PTMAX     =   *******
 IFRAG     =        0
 ISL       =        1
 EPS       =      0.0035
 HFRAC     =      0.2205
 XMD       =      5.2780
 TCFRAG    =        0
 TCSL    =        1
 PREF      =   f2b_200_50_r5_f5_m5.0.histos            
  
 BOTTOM PRODUCTION
 RM48 INITIALIZED:        40           0         0
 **hist: start histos 
 HPATH.  ERROR IN PATHNAME,


 ===> Directory : 
  create directory HISB
 hfrac:  0.2205
 **hzb: Version kula1  
 FULL LO+NLO ME



 INPUT PARAMETERS FOR VEGAS:  NDIM=  3  NCALL=   476656.
                              IT=    0  ITMX=    2
                              MDS= -1   ND=  31
 **MScale: SCALFA=   1. ISCALE=  5
 **MScale: scale: Pt2+4 M2 
 **MScale: SCALFA=   1. ISCALE=  5
 **MScale: scale: Pt2+4 M2 
 wtx  4.348941E-11hfrac  0.392379761
 **frag: Peterson frag function 
 **frag: Vincenzo semi-leptonic routine dir+indir 

 ******************************************************
 KTCLUS: written by Mike Seymour, July 1992.
 Last modified October 1997.
 Please send comments or suggestions to Mike.Seymour@rl.ac.uk

       Collision type = 3 = pe        
     Angular variable = 2 = DeltaR    
 Monotonic definition = 1 = no        
 Recombination scheme = 1 = E         
 Ecut=  1.00
 ******************************************************

 **MScale: SCALFA=   1. ISCALE=  5
 **MScale: scale: Pt2+4 M2 
 **MScale: SCALFA=   1. ISCALE=  5
 **MScale: scale: Pt2+4 M2 
 wtx  7.10141321E-12hfrac  0.392379761
 **MScale: SCALFA=   1. ISCALE=  5
 **MScale: scale: Pt2+4 M2 
 wtx  1.23679686E-11hfrac  0.392379761
 wtx  5.68285436E-12hfrac  0.392379761
 wtx  2.87262835E-11hfrac  0.392379761
 wtx  2.20799455E-11hfrac  0.392379761
 **bmatch: create BMAT   
 BMAT    histos booked ! 
 wtx  3.84656786E-11hfrac  0.392379761
 wtx  3.81724687E-11hfrac  0.392379761
 wtx  2.66996772E-11hfrac  0.392379761
 wtx  1.75490438E-11hfrac  0.392379761
 wtx  2.99957385E-11hfrac  0.392379761
 wtx  1.93631014E-11hfrac  0.392379761
 wtx  1.21869294E-11hfrac  0.392379761
 wtx  3.69069775E-11hfrac  0.392379761
 wtx  3.1508459E-11hfrac  0.392379761
 wtx  1.7920606E-11hfrac  0.392379761
 wtx  2.13678329E-11hfrac  0.392379761
 wtx  4.49386361E-11hfrac  0.392379761
 wtx  2.96723965E-11hfrac  0.392379761
 wtx  5.6192993E-12hfrac  0.392379761
 wtx  5.52102027E-12hfrac  0.392379761
 wtx  3.15303374E-11hfrac  0.392379761
 wtx  1.59020609E-11hfrac  0.392379761
 wtx  3.78429163E-11hfrac  0.392379761
 wtx  3.78690482E-11hfrac  0.392379761
 wtx  1.66414226E-11hfrac  0.392379761
 wtx  4.58836615E-11hfrac  0.392379761
 wtx  5.19742513E-11hfrac  0.392379761
 wtx  3.41588632E-11hfrac  0.392379761
 wtx  3.31151391E-11hfrac  0.392379761
 wtx  3.16483333E-11hfrac  0.392379761
 wtx  4.78759254E-11hfrac  0.392379761
 wtx  1.79582321E-11hfrac  0.392379761
 wtx  1.74866005E-14hfrac  0.392379761
 wtx  2.11641056E-12hfrac  0.392379761
 wtx  1.06045745E-11hfrac  0.392379761
 wtx  1.65733087E-11hfrac  0.392379761
 wtx  2.71631485E-11hfrac  0.392379761
 wtx  1.74617508E-11hfrac  0.392379761
 wtx  6.73755539E-13hfrac  0.392379761
 wtx  4.36757748E-11hfrac  0.392379761
 wtx  1.71270446E-11hfrac  0.392379761
 wtx  4.5950993E-11hfrac  0.392379761
 wtx  6.2991422E-12hfrac  0.392379761
 wtx  4.20008126E-11hfrac  0.392379761
 wtx  7.73364532E-12hfrac  0.392379761
 wtx  4.0679151E-11hfrac  0.392379761
 wtx  3.99431425E-11hfrac  0.392379761
 wtx  3.904101E-11hfrac  0.392379761
 wtx  3.87789037E-11hfrac  0.392379761
 wtx  2.90113229E-11hfrac  0.392379761
 wtx  9.29157098E-12hfrac  0.392379761
 wtx  1.84177326E-11hfrac  0.392379761
 wtx  3.61992346E-11hfrac  0.392379761
 wtx  2.78192087E-11hfrac  0.392379761
 wtx  3.80710186E-11hfrac  0.392379761
 wtx  3.84509924E-11hfrac  0.392379761
 wtx  2.5183489E-11hfrac  0.392379761
 wtx  4.37545035E-11hfrac  0.392379761
 wtx  9.26053938E-12hfrac  0.392379761
 wtx  2.26729677E-11hfrac  0.392379761
 wtx  4.33668769E-12hfrac  0.392379761
 wtx  5.7857343E-12hfrac  0.392379761
 wtx  2.7500946E-11hfrac  0.392379761
 wtx  2.11084015E-11hfrac  0.392379761
 wtx  1.87996008E-11hfrac  0.392379761
 wtx  2.66668718E-11hfrac  0.392379761
 wtx  5.18520504E-11hfrac  0.392379761
 wtx  3.90068533E-11hfrac  0.392379761
 wtx  2.19869296E-11hfrac  0.392379761
 wtx  2.62847955E-11hfrac  0.392379761
 wtx  2.92959094E-11hfrac  0.392379761
 wtx  8.23885318E-12hfrac  0.392379761
 wtx  7.87352215E-12hfrac  0.392379761
 wtx  2.68584235E-11hfrac  0.392379761
 wtx  4.55569124E-11hfrac  0.392379761
 wtx  8.88246855E-12hfrac  0.392379761
 wtx  2.61128619E-11hfrac  0.392379761
 wtx  2.14347533E-11hfrac  0.392379761
 wtx  2.08391672E-11hfrac  0.392379761
 wtx  1.16822576E-11hfrac  0.392379761
 wtx  4.15344807E-11hfrac  0.392379761
 wtx  1.84891078E-11hfrac  0.392379761
 wtx  2.24190562E-11hfrac  0.392379761
 wtx  3.27611514E-11hfrac  0.392379761
 wtx  1.92908311E-11hfrac  0.392379761
 wtx  2.26763695E-11hfrac  0.392379761
 wtx  1.53408258E-11hfrac  0.392379761
 wtx  3.00086388E-12hfrac  0.392379761
 wtx  2.57622326E-11hfrac  0.392379761
 wtx  1.95971883E-19hfrac  0.392379761
 wtx  3.62086958E-11hfrac  0.392379761
 wtx  2.88887534E-12hfrac  0.392379761
 wtx  4.03492968E-11hfrac  0.392379761
 wtx  4.89553328E-11hfrac  0.392379761
 wtx  4.07148065E-11hfrac  0.392379761
 wtx  3.74039723E-11hfrac  0.392379761
 wtx  3.73735001E-11hfrac  0.392379761
 wtx  3.35821961E-11hfrac  0.392379761
 wtx  2.39730232E-11hfrac  0.392379761
   1      0.4023495E-05 0.3255E-06  0.4023495E-05 0.3255E-06  0.000    
   2      0.3948789E-05 0.8861E-07  0.3954127E-05 0.8620E-07 0.4983E-01



 INPUT PARAMETERS FOR VEGAS:  NDIM=  3  NCALL=  4920750.
                              IT=    0  ITMX=    4
                              MDS= -1   ND=  45
   1      0.3876862E-05 0.8567E-08  0.3876862E-05 0.8567E-08  0.000    
   2      0.3892147E-05 0.8593E-08  0.3884512E-05 0.6067E-08  1.587    
   3      0.3862282E-05 0.8543E-08  0.3877115E-05 0.4946E-08  3.038    
   4      0.3882707E-05 0.8575E-08  0.3878515E-05 0.4285E-08  2.131    



 INPUT PARAMETERS FOR VEGAS:  NDIM=  6  NCALL=    78125.
                              IT=    0  ITMX=    4
                              MDS=  1   ND=  50
 **sig1: iscalef=  5
 **sig1: mur=   113.813067
 **sig1: iscalef=  5
 **sig1: muf=   113.813067
 ALFAS  =   0.169393575
 MUR2   =   113.813067
 LOGMUR =   1.51568151
 MUF2   =   113.813067
 LOGMUF =   1.51568151
  
 INTEGRATING NLO GLUON ...
  
   1     -0.6734972E-05 0.8407E-05 -0.6734972E-05 0.8407E-05  0.000    
   2     -0.1621022E-05 0.1495E-05 -0.3426948E-05 0.3633E-05 0.4525    
   3     -0.6962521E-06 0.2321E-05 -0.3298108E-05 0.2910E-05 0.3558    
   4      0.2026687E-05 0.6323E-06  0.1192766E-05 0.1039E-05  1.448    



 INPUT PARAMETERS FOR VEGAS:  NDIM=  6  NCALL=   786432.
                              IT=    0  ITMX=    8
                              MDS=  1   ND=  50
   1      0.1511727E-05 0.1476E-06  0.1511727E-05 0.1476E-06  0.000    
   2      0.1710412E-05 0.3293E-06  0.1552391E-05 0.1406E-06 0.3252    
   3      0.1927017E-05 0.4118E-06  0.1605739E-05 0.1391E-06 0.5853    
   4      0.1346918E-05 0.9355E-07  0.1457136E-05 0.8623E-07  1.167    
   5      0.1675151E-05 0.1585E-06  0.1508644E-05 0.7570E-07  1.241    
   6      0.2025167E-05 0.5559E-06  0.1522753E-05 0.7779E-07  1.149    
   7      0.1274290E-05 0.1534E-06  0.1491870E-05 0.7043E-07  1.249    
   8      0.1725385E-05 0.2676E-06  0.1508146E-05 0.6828E-07  1.168    



 INPUT PARAMETERS FOR VEGAS:  NDIM=  6  NCALL=    78125.
                              IT=    0  ITMX=    4
                              MDS=  1   ND=  50
 ALFAS  =   0.171792211
 MUR2   =   101.651715
 LOGMUR =   1.40267659
 MUF2   =   101.651715
 LOGMUF =   1.40267659
  
 INTEGRATING QUARK INITIATED ...
  
   1      0.6707112E-07 0.2383E-06  0.6707112E-07 0.2383E-06  0.000    
   2     -0.5357644E-06 0.6200E-06 -0.4779585E-06 0.4201E-06 0.1785    
   3      0.1053744E-06 0.6323E-07 -0.2831854E-07 0.1673E-06  1.203    
   4      0.2627491E-06 0.7201E-07  0.2007505E-06 0.7411E-07  1.732    



 INPUT PARAMETERS FOR VEGAS:  NDIM=  6  NCALL=   786432.
                              IT=    0  ITMX=    8
                              MDS=  1   ND=  50
   1      0.2133293E-06 0.3278E-07  0.2133293E-06 0.3278E-07  0.000    
   2      0.2075350E-06 0.2613E-07  0.2098632E-06 0.2050E-07 0.1921E-01
   3      0.6145293E-07 0.6643E-07  0.2086682E-06 0.1702E-07 0.3175    
   4      0.4410491E-06 0.2703E-06  0.2143458E-06 0.2566E-07 0.7425    
   5      0.1561589E-06 0.1504E-07  0.1854065E-06 0.1695E-07  1.378    
   6      0.2292382E-06 0.5920E-07  0.1882431E-06 0.1618E-07  1.221    
   7      0.1733498E-06 0.2510E-07  0.1857011E-06 0.1419E-07  1.122    
   8      0.1752935E-06 0.2776E-07  0.1844013E-06 0.1289E-07  1.030    
  
 CROSS SECTION =   5.57106181E-06 +/-   6.96158247E-08
  
  # of events with muons:  0 out of:  30779476
  All:           1. muons:   2.61932892E-05 2. muon   1.39550195E-06
 In acc: 1. muons:      0.000:      0.684 % 2. muon      0.000:      1.496 %
  Norm Histos here: lum=   1.lumbreit lum1  1.
  ZEUS scenario in Lab frame Q2>4
  Total      sig (pb):   6.63373867E-05
  b tot  sig (pb):   5.31896112E-05
  >=1jets sig (pb):   6.59646103E-05
  muon +no cuts on jet sig (pb):   1.02584318E-05
  muon+jet    sig (pb):   1.02242457E-05
  muon+jet+cone sig (pb):   8.1061944E-06
  ZEUS scenario in Breit frame Q2>2 
  tot        sig (pb):   6.63373867E-05
  b.cross    sig (pb):   5.45771909E-05
  >=1jet sig (pb):   4.86770987E-05
  muon nojet cut sig (pb):   7.23563699E-06
  muon+jet   sig (pb):   5.735184E-06
 incl jet   sig (pb):  2.5963096E-05
 incl muon  sig (pb):  6.22449261E-06
 incl b     sig (pb):  8.47529955E-05
 generator:HVQ     hfrac  0.2205
  Output Histos here 
