  
 ============================
 | HVQDIS  V1.4  APRIL 2000 |
 ============================
  
 NORDER    =        2
 ISCALER   =       15
 ISCALEF   =        5
 IPDF      =        5
 PTS0      =   500000
 ITS0      =        2
 PTS1      =    80000
 ITS1      =        4
 IQUARK    =        2
 MASS      =      4.75
 EPRO      =    920.00
 EIEL      =     27.50
 Q2MIN     =    199.90
 Q2MAX     =    200.10
 XBJMIN    =      0.00
 XBJMAX    =      0.01
 YMIN      =      0.05
 YMAX      =      0.80
 ETAMAX    =      2.50
 PTMIN     =      0.00
 PTMAX     =   *******
 IFRAG     =        0
 ISL       =        1
 EPS       =      0.0035
 HFRAC     =      0.2205
 XMD       =      5.2780
 TCFRAG    =        0
 TCSL    =        1
 PREF      =   f2b_200_50_r15_f5.histos                
  
 BOTTOM PRODUCTION
 RM48 INITIALIZED:        40           0         0
 **hist: start histos 
 HPATH.  ERROR IN PATHNAME,


 ===> Directory : 
  create directory HISB
 hfrac:  0.2205
 **hzb: Version kula1  
 FULL LO+NLO ME



 INPUT PARAMETERS FOR VEGAS:  NDIM=  3  NCALL=   476656.
                              IT=    0  ITMX=    2
                              MDS= -1   ND=  31
 **MScale: SCALFA=   1. ISCALE=  15
 **MScale: scale: .5*(Pt2+4 M2) 
 wtx  6.04079148E-11hfrac  0.392379761
 **frag: Peterson frag function 
 **frag: Vincenzo semi-leptonic routine dir+indir 

 ******************************************************
 KTCLUS: written by Mike Seymour, July 1992.
 Last modified October 1997.
 Please send comments or suggestions to Mike.Seymour@rl.ac.uk

       Collision type = 3 = pe        
     Angular variable = 2 = DeltaR    
 Monotonic definition = 1 = no        
 Recombination scheme = 1 = E         
 Ecut=  1.00
 ******************************************************

 wtx  7.75443511E-12hfrac  0.392379761
 wtx  1.35391941E-11hfrac  0.392379761
 wtx  6.14851659E-12hfrac  0.392379761
 wtx  3.22192932E-11hfrac  0.392379761
 wtx  2.87554026E-11hfrac  0.392379761
 **bmatch: create BMAT   
 BMAT    histos booked ! 
 wtx  4.17617538E-11hfrac  0.392379761
 wtx  4.22352812E-11hfrac  0.392379761
 wtx  3.10325585E-11hfrac  0.392379761
 wtx  1.86081341E-11hfrac  0.392379761
 wtx  3.43194986E-11hfrac  0.392379761
 wtx  2.05968194E-11hfrac  0.392379761
 wtx  1.53594568E-11hfrac  0.392379761
 wtx  4.14192673E-11hfrac  0.392379761
 wtx  3.90218448E-11hfrac  0.392379761
 wtx  1.9924137E-11hfrac  0.392379761
 wtx  2.51119073E-11hfrac  0.392379761
 wtx  5.18968167E-11hfrac  0.392379761
 wtx  3.58911928E-11hfrac  0.392379761
 wtx  5.95001826E-12hfrac  0.392379761
 wtx  7.40549636E-12hfrac  0.392379761
 wtx  3.63144063E-11hfrac  0.392379761
 wtx  1.92819267E-11hfrac  0.392379761
 wtx  4.13239512E-11hfrac  0.392379761
 wtx  4.13422595E-11hfrac  0.392379761
 wtx  2.04425227E-11hfrac  0.392379761
 wtx  5.1457491E-11hfrac  0.392379761
 wtx  6.17691592E-11hfrac  0.392379761
 wtx  3.83082871E-11hfrac  0.392379761
 wtx  4.51796621E-11hfrac  0.392379761
 wtx  3.55787934E-11hfrac  0.392379761
 wtx  6.39822986E-11hfrac  0.392379761
 wtx  2.08294545E-11hfrac  0.392379761
 wtx  1.84931941E-14hfrac  0.392379761
 wtx  2.25944458E-12hfrac  0.392379761
 wtx  1.13178165E-11hfrac  0.392379761
 wtx  1.77398998E-11hfrac  0.392379761
 wtx  3.13557305E-11hfrac  0.392379761
 wtx  1.85837092E-11hfrac  0.392379761
 wtx  1.07289861E-12hfrac  0.392379761
 wtx  4.85459381E-11hfrac  0.392379761
 wtx  1.84406743E-11hfrac  0.392379761
 wtx  5.16040335E-11hfrac  0.392379761
 wtx  6.7536688E-12hfrac  0.392379761
 wtx  5.18981698E-11hfrac  0.392379761
 wtx  1.07407546E-11hfrac  0.392379761
 wtx  4.45014858E-11hfrac  0.392379761
 wtx  4.43283535E-11hfrac  0.392379761
 wtx  4.27998609E-11hfrac  0.392379761
 wtx  4.24660966E-11hfrac  0.392379761
 wtx  3.33972745E-11hfrac  0.392379761
 wtx  1.16849117E-11hfrac  0.392379761
 wtx  1.95240039E-11hfrac  0.392379761
 wtx  3.88559289E-11hfrac  0.392379761
 wtx  3.20528222E-11hfrac  0.392379761
 wtx  4.16846384E-11hfrac  0.392379761
 wtx  4.17419987E-11hfrac  0.392379761
 wtx  3.00549793E-11hfrac  0.392379761
 wtx  4.87947703E-11hfrac  0.392379761
 wtx  9.89333875E-12hfrac  0.392379761
 wtx  2.82692394E-11hfrac  0.392379761
 wtx  5.74240525E-12hfrac  0.392379761
 wtx  7.52555396E-12hfrac  0.392379761
 wtx  2.91746211E-11hfrac  0.392379761
 wtx  2.24950579E-11hfrac  0.392379761
 wtx  2.01685474E-11hfrac  0.392379761
 wtx  3.55912001E-11hfrac  0.392379761
 wtx  6.14295698E-11hfrac  0.392379761
 wtx  4.35138696E-11hfrac  0.392379761
 wtx  2.88129555E-11hfrac  0.392379761
 wtx  2.85341143E-11hfrac  0.392379761
 wtx  3.18141416E-11hfrac  0.392379761
 wtx  8.75650941E-12hfrac  0.392379761
 wtx  1.02818717E-11hfrac  0.392379761
 wtx  3.25979868E-11hfrac  0.392379761
 wtx  5.29235822E-11hfrac  0.392379761
 wtx  9.9262612E-12hfrac  0.392379761
 wtx  3.05673126E-11hfrac  0.392379761
 wtx  2.35655124E-11hfrac  0.392379761
 wtx  2.25933768E-11hfrac  0.392379761
 wtx  1.57063876E-11hfrac  0.392379761
 wtx  4.55638027E-11hfrac  0.392379761
 wtx  1.97497539E-11hfrac  0.392379761
 wtx  2.38829546E-11hfrac  0.392379761
 wtx  3.5099923E-11hfrac  0.392379761
 wtx  2.30880315E-11hfrac  0.392379761
 wtx  2.67355461E-11hfrac  0.392379761
 wtx  1.62563001E-11hfrac  0.392379761
 wtx  4.07970662E-12hfrac  0.392379761
 wtx  2.73443629E-11hfrac  0.392379761
 wtx  4.53449917E-19hfrac  0.392379761
 wtx  4.09507116E-11hfrac  0.392379761
 wtx  3.06500138E-12hfrac  0.392379761
 wtx  5.24631553E-11hfrac  0.392379761
 wtx  5.60950938E-11hfrac  0.392379761
 wtx  4.47423626E-11hfrac  0.392379761
 wtx  4.16886595E-11hfrac  0.392379761
 wtx  4.03491268E-11hfrac  0.392379761
 wtx  3.7937313E-11hfrac  0.392379761
 wtx  2.80576135E-11hfrac  0.392379761
   1      0.4619784E-05 0.3718E-06  0.4619784E-05 0.3718E-06  0.000    
   2      0.4334904E-05 0.9985E-07  0.4356469E-05 0.9920E-07 0.5770    



 INPUT PARAMETERS FOR VEGAS:  NDIM=  3  NCALL=  4920750.
                              IT=    0  ITMX=    4
                              MDS= -1   ND=  45
   1      0.4399696E-05 0.9791E-08  0.4399696E-05 0.9791E-08  0.000    
   2      0.4399469E-05 0.9773E-08  0.4399582E-05 0.6917E-08 0.2708E-03
   3      0.4400518E-05 0.9770E-08  0.4399895E-05 0.5645E-08 0.3189E-02
   4      0.4397610E-05 0.9762E-08  0.4399323E-05 0.4887E-08 0.1580E-01



 INPUT PARAMETERS FOR VEGAS:  NDIM=  6  NCALL=    78125.
                              IT=    0  ITMX=    4
                              MDS=  1   ND=  50
 ALFAS  =   0.184075896
 MUR2   =   59.8598481
 LOGMUR =   0.975716728
 MUF2   =   59.8598481
 LOGMUF =   0.975716728
  
 INTEGRATING NLO GLUON ...
  
   1     -0.1097545E-05 0.2333E-05 -0.1097545E-05 0.2333E-05  0.000    
   2     -0.7980754E-06 0.6906E-06 -0.8406663E-06 0.7691E-06 0.1850E-01
   3      0.5898267E-06 0.5503E-06 -0.2332972E-06 0.5194E-06 0.9383    
   4      0.3321664E-05 0.1363E-05  0.2209284E-05 0.6183E-06  2.507    



 INPUT PARAMETERS FOR VEGAS:  NDIM=  6  NCALL=   786432.
                              IT=    0  ITMX=    8
                              MDS=  1   ND=  50
   1      0.1252459E-05 0.1532E-06  0.1252459E-05 0.1532E-06  0.000    
   2      0.1251601E-05 0.1450E-06  0.1252006E-05 0.1053E-06 0.1654E-04
   3      0.1140022E-05 0.1550E-06  0.1220999E-05 0.8697E-07 0.1660    
   4      0.9031263E-06 0.1869E-06  0.1187063E-05 0.7745E-07 0.6600    
   5      0.2188304E-05 0.7836E-06  0.1221522E-05 0.9413E-07  1.264    
   6      0.9860580E-06 0.1018E-06  0.1152596E-05 0.7568E-07  1.507    
   7      0.1056262E-05 0.1142E-06  0.1132289E-05 0.6533E-07  1.390    
   8      0.1301299E-05 0.1596E-06  0.1156072E-05 0.6047E-07  1.330    



 INPUT PARAMETERS FOR VEGAS:  NDIM=  6  NCALL=    78125.
                              IT=    0  ITMX=    4
                              MDS=  1   ND=  50
 ALFAS  =   0.211124423
 MUR2   =   23.5252577
 LOGMUR =   0.0417854017
 MUF2   =   23.5252577
 LOGMUF =   0.0417854017
  
 INTEGRATING QUARK INITIATED ...
  
   1      0.5114216E-05 0.3822E-05  0.5114216E-05 0.3822E-05  0.000    
   2      0.7907005E-06 0.6041E-06  0.3000360E-05 0.1955E-05  1.222    
   3      0.7759803E-06 0.3087E-06  0.1569341E-05 0.9640E-06  1.507    
   4      0.9009006E-06 0.2583E-06  0.1199557E-05 0.5662E-06  1.416    



 INPUT PARAMETERS FOR VEGAS:  NDIM=  6  NCALL=   786432.
                              IT=    0  ITMX=    8
                              MDS=  1   ND=  50
   1      0.5916412E-06 0.1229E-06  0.5916412E-06 0.1229E-06  0.000    
   2      0.6428778E-06 0.5009E-07  0.6365633E-06 0.4507E-07 0.1397    
   3      0.6186601E-06 0.1565E-06  0.6351881E-06 0.4332E-07 0.7582E-01
   4      0.6525521E-06 0.3857E-07  0.6453355E-06 0.2833E-07 0.7956E-01
   5      0.6133724E-06 0.3405E-07  0.6325972E-06 0.2187E-07 0.1881    
   6      0.6642471E-06 0.9216E-07  0.6344952E-06 0.2144E-07 0.1718    
   7      0.5800827E-06 0.2600E-07  0.6146377E-06 0.1690E-07 0.5470    
   8      0.7364885E-06 0.1414E-06  0.6170135E-06 0.1714E-07 0.5850    
  
 CROSS SECTION =   6.172408E-06 +/-   6.304102E-08
  
  # of events with muons:  0 out of:  31920637
  All:           1. muons:   2.04445514E-05 2. muon   2.8779873E-06
 In acc: 1. muons:      0.000:      0.911 % 2. muon      0.000:      0.774 %
  Norm Histos here: lum=   1.lumbreit lum1  1.
  ZEUS scenario in Lab frame Q2>4
  Total      sig (pb):   6.99050725E-05
  b tot  sig (pb):   5.33783059E-05
  >=1jets sig (pb):   6.93284601E-05
  muon +no cuts on jet sig (pb):   1.06763055E-05
  muon+jet    sig (pb):   1.06273556E-05
  muon+jet+cone sig (pb):   7.9521069E-06
  ZEUS scenario in Breit frame Q2>2 
  tot        sig (pb):   6.99050725E-05
  b.cross    sig (pb):   5.96693899E-05
  >=1jet sig (pb):   5.68450596E-05
  muon nojet cut sig (pb):   7.50998197E-06
  muon+jet   sig (pb):   6.29670421E-06
 incl jet   sig (pb):  2.7485321E-05
 incl muon  sig (pb):  6.92348931E-06
 incl b     sig (pb):  9.24711931E-05
 generator:HVQ     hfrac  0.2205
  Output Histos here 
