  
 ============================
 | HVQDIS  V1.4  APRIL 2000 |
 ============================
  
 NORDER    =        2
 ISCALER   =        5
 ISCALEF   =       15
 IPDF      =        5
 PTS0      =   500000
 ITS0      =        2
 PTS1      =    80000
 ITS1      =        4
 IQUARK    =        2
 MASS      =      5.00
 EPRO      =    920.00
 EIEL      =     27.50
 Q2MIN     =    199.90
 Q2MAX     =    200.10
 XBJMIN    =      0.00
 XBJMAX    =      0.01
 YMIN      =      0.05
 YMAX      =      0.80
 ETAMAX    =      2.50
 PTMIN     =      0.00
 PTMAX     =   *******
 IFRAG     =        0
 ISL       =        1
 EPS       =      0.0035
 HFRAC     =      0.2205
 XMD       =      5.2780
 TCFRAG    =        0
 TCSL    =        1
 PREF      =   f2b_200_50_r5_f15_m5.0.histos           
  
 BOTTOM PRODUCTION
 RM48 INITIALIZED:        40           0         0
 **hist: start histos 
 HPATH.  ERROR IN PATHNAME,


 ===> Directory : 
  create directory HISB
 hfrac:  0.2205
 **hzb: Version kula1  
 FULL LO+NLO ME



 INPUT PARAMETERS FOR VEGAS:  NDIM=  3  NCALL=   476656.
                              IT=    0  ITMX=    2
                              MDS= -1   ND=  31
 **MScale: SCALFA=   1. ISCALE=  5
 **MScale: scale: Pt2+4 M2 
 **MScale: SCALFA=   1. ISCALE=  15
 **MScale: scale: .5*(Pt2+4 M2) 
 wtx  4.5356368E-11hfrac  0.392379761
 **frag: Peterson frag function 
 **frag: Vincenzo semi-leptonic routine dir+indir 

 ******************************************************
 KTCLUS: written by Mike Seymour, July 1992.
 Last modified October 1997.
 Please send comments or suggestions to Mike.Seymour@rl.ac.uk

       Collision type = 3 = pe        
     Angular variable = 2 = DeltaR    
 Monotonic definition = 1 = no        
 Recombination scheme = 1 = E         
 Ecut=  1.00
 ******************************************************

 **MScale: SCALFA=   1. ISCALE=  5
 **MScale: scale: Pt2+4 M2 
 **MScale: SCALFA=   1. ISCALE=  15
 **MScale: scale: .5*(Pt2+4 M2) 
 wtx  5.87981703E-12hfrac  0.392379761
 **MScale: SCALFA=   1. ISCALE=  5
 **MScale: scale: Pt2+4 M2 
 wtx  1.02643068E-11hfrac  0.392379761
 wtx  4.68000768E-12hfrac  0.392379761
 wtx  2.43811846E-11hfrac  0.392379761
 wtx  2.30326279E-11hfrac  0.392379761
 **bmatch: create BMAT   
 BMAT    histos booked ! 
 wtx  3.29325907E-11hfrac  0.392379761
 wtx  3.38933707E-11hfrac  0.392379761
 wtx  2.51136091E-11hfrac  0.392379761
 wtx  1.44707952E-11hfrac  0.392379761
 wtx  2.7681954E-11hfrac  0.392379761
 wtx  1.59977743E-11hfrac  0.392379761
 wtx  1.25416153E-11hfrac  0.392379761
 wtx  3.31832825E-11hfrac  0.392379761
 wtx  3.12224656E-11hfrac  0.392379761
 wtx  1.50327997E-11hfrac  0.392379761
 wtx  1.87017572E-11hfrac  0.392379761
 wtx  3.9592836E-11hfrac  0.392379761
 wtx  2.88854253E-11hfrac  0.392379761
 wtx  4.60412784E-12hfrac  0.392379761
 wtx  6.04333077E-12hfrac  0.392379761
 wtx  2.93140512E-11hfrac  0.392379761
 wtx  1.57130836E-11hfrac  0.392379761
 wtx  3.29378538E-11hfrac  0.392379761
 wtx  3.28726282E-11hfrac  0.392379761
 wtx  1.66413203E-11hfrac  0.392379761
 wtx  4.03384132E-11hfrac  0.392379761
 wtx  4.79210178E-11hfrac  0.392379761
 wtx  2.91615725E-11hfrac  0.392379761
 wtx  3.51001277E-11hfrac  0.392379761
 wtx  2.70381755E-11hfrac  0.392379761
 wtx  4.84753522E-11hfrac  0.392379761
 wtx  1.55747099E-11hfrac  0.392379761
 wtx  1.43144452E-14hfrac  0.392379761
 wtx  1.73602951E-12hfrac  0.392379761
 wtx  8.71588652E-12hfrac  0.392379761
 wtx  1.36765608E-11hfrac  0.392379761
 wtx  2.5393989E-11hfrac  0.392379761
 wtx  1.44030144E-11hfrac  0.392379761
 wtx  8.48854298E-13hfrac  0.392379761
 wtx  3.80490604E-11hfrac  0.392379761
 wtx  1.41659774E-11hfrac  0.392379761
 wtx  4.02510317E-11hfrac  0.392379761
 wtx  5.17580987E-12hfrac  0.392379761
 wtx  4.09758338E-11hfrac  0.392379761
 wtx  8.65071209E-12hfrac  0.392379761
 wtx  3.51249099E-11hfrac  0.392379761
 wtx  3.52427636E-11hfrac  0.392379761
 wtx  3.41431466E-11hfrac  0.392379761
 wtx  3.39032379E-11hfrac  0.392379761
 wtx  2.70281523E-11hfrac  0.392379761
 wtx  9.58542273E-12hfrac  0.392379761
 wtx  1.51956225E-11hfrac  0.392379761
 wtx  3.08952135E-11hfrac  0.392379761
 wtx  2.59593597E-11hfrac  0.392379761
 wtx  3.33323716E-11hfrac  0.392379761
 wtx  3.29532686E-11hfrac  0.392379761
 wtx  2.43299166E-11hfrac  0.392379761
 wtx  3.86475643E-11hfrac  0.392379761
 wtx  7.60931682E-12hfrac  0.392379761
 wtx  2.28184433E-11hfrac  0.392379761
 wtx  4.70395294E-12hfrac  0.392379761
 wtx  6.16255311E-12hfrac  0.392379761
 wtx  2.29301265E-11hfrac  0.392379761
 wtx  1.74708442E-11hfrac  0.392379761
 wtx  1.55470289E-11hfrac  0.392379761
 wtx  2.61208884E-11hfrac  0.392379761
 wtx  4.74802836E-11hfrac  0.392379761
 wtx  3.34622226E-11hfrac  0.392379761
 wtx  2.30266032E-11hfrac  0.392379761
 wtx  2.19392889E-11hfrac  0.392379761
 wtx  2.45352801E-11hfrac  0.392379761
 wtx  6.76063415E-12hfrac  0.392379761
 wtx  8.38874109E-12hfrac  0.392379761
 wtx  2.63681386E-11hfrac  0.392379761
 wtx  4.03901079E-11hfrac  0.392379761
 wtx  7.43779604E-12hfrac  0.392379761
 wtx  2.28360299E-11hfrac  0.392379761
 wtx  1.78966564E-11hfrac  0.392379761
 wtx  1.731317E-11hfrac  0.392379761
 wtx  1.26725262E-11hfrac  0.392379761
 wtx  3.58423603E-11hfrac  0.392379761
 wtx  1.52720007E-11hfrac  0.392379761
 wtx  1.85843094E-11hfrac  0.392379761
 wtx  2.75930043E-11hfrac  0.392379761
 wtx  1.88435292E-11hfrac  0.392379761
 wtx  2.17220304E-11hfrac  0.392379761
 wtx  1.2627681E-11hfrac  0.392379761
 wtx  3.33138226E-12hfrac  0.392379761
 wtx  2.1428713E-11hfrac  0.392379761
 wtx  3.63334431E-19hfrac  0.392379761
 wtx  3.29218215E-11hfrac  0.392379761
 wtx  2.36697532E-12hfrac  0.392379761
 wtx  4.100386E-11hfrac  0.392379761
 wtx  4.35847539E-11hfrac  0.392379761
 wtx  3.50194769E-11hfrac  0.392379761
 wtx  3.34319794E-11hfrac  0.392379761
 wtx  3.19895672E-11hfrac  0.392379761
 wtx  3.06024095E-11hfrac  0.392379761
 wtx  2.27852927E-11hfrac  0.392379761
   1      0.3726328E-05 0.2980E-06  0.3726328E-05 0.2980E-06  0.000    
   2      0.3667965E-05 0.8192E-07  0.3672189E-05 0.7953E-07 0.3615E-01



 INPUT PARAMETERS FOR VEGAS:  NDIM=  3  NCALL=  4920750.
                              IT=    0  ITMX=    4
                              MDS= -1   ND=  45
   1      0.3589265E-05 0.7857E-08  0.3589265E-05 0.7857E-08  0.000    
   2      0.3572608E-05 0.7856E-08  0.3580974E-05 0.5555E-08  2.248    
   3      0.3583403E-05 0.7859E-08  0.3581784E-05 0.4537E-08  1.155    
   4      0.3581148E-05 0.7866E-08  0.3581625E-05 0.3930E-08 0.7718    



 INPUT PARAMETERS FOR VEGAS:  NDIM=  6  NCALL=    78125.
                              IT=    0  ITMX=    4
                              MDS=  1   ND=  50
 **sig1: iscalef=  5
 **sig1: mur=   100.75114
 **sig1: iscalef=  15
 **sig1: muf=   25.187785
 ALFAS  =   0.171984181
 MUR2   =   100.75114
 LOGMUR =   1.39377769
 MUF2   =   25.187785
 LOGMUF =   0.00748332795
  
 INTEGRATING NLO GLUON ...
  
   1     -0.5859827E-06 0.5248E-06 -0.5859827E-06 0.5248E-06  0.000    
   2      0.4393347E-05 0.4926E-05  0.1353080E-05 0.2193E-05  1.226    
   3      0.6782159E-06 0.3415E-06  0.9084044E-06 0.1058E-05 0.9440    
   4      0.2550798E-05 0.9352E-06  0.1818380E-05 0.7039E-06  1.082    



 INPUT PARAMETERS FOR VEGAS:  NDIM=  6  NCALL=   786432.
                              IT=    0  ITMX=    8
                              MDS=  1   ND=  50
   1      0.1516689E-05 0.1166E-06  0.1516689E-05 0.1166E-06  0.000    
   2      0.1390959E-05 0.1011E-06  0.1450297E-05 0.7683E-07 0.6674    
   3      0.1256892E-05 0.1235E-06  0.1406938E-05 0.6475E-07  1.141    
   4      0.1445187E-05 0.2290E-06  0.1409971E-05 0.6273E-07 0.7549    
   5      0.1574259E-05 0.1661E-06  0.1434897E-05 0.5922E-07 0.7864    
   6      0.1235473E-05 0.9552E-07  0.1390963E-05 0.5113E-07  1.181    
   7      0.1555042E-05 0.2250E-06  0.1400671E-05 0.5036E-07  1.053    
   8      0.1314451E-05 0.1211E-06  0.1389685E-05 0.4658E-07 0.9747    



 INPUT PARAMETERS FOR VEGAS:  NDIM=  6  NCALL=    78125.
                              IT=    0  ITMX=    4
                              MDS=  1   ND=  50
 ALFAS  =   0.16832628
 MUR2   =   119.814364
 LOGMUR =   1.56706775
 MUF2   =   29.953591
 LOGMUF =   0.180773393
  
 INTEGRATING QUARK INITIATED ...
  
   1      0.2107705E-06 0.1252E-06  0.2107705E-06 0.1252E-06  0.000    
   2      0.1496012E-06 0.4425E-07  0.1617638E-06 0.4839E-07 0.2545    
   3      0.5301202E-06 0.1508E-06  0.3327698E-06 0.6599E-07  3.912    
   4      0.3017577E-06 0.4081E-07  0.3119138E-06 0.3674E-07  2.808    



 INPUT PARAMETERS FOR VEGAS:  NDIM=  6  NCALL=   786432.
                              IT=    0  ITMX=    8
                              MDS=  1   ND=  50
   1      0.4357532E-06 0.2081E-07  0.4357532E-06 0.2081E-07  0.000    
   2      0.4566169E-06 0.3295E-07  0.4421063E-06 0.1777E-07 0.2918    
   3      0.4027603E-06 0.1550E-07  0.4217568E-06 0.1196E-07  1.506    
   4      0.4196029E-06 0.2277E-07  0.4213123E-06 0.1058E-07  1.021    
   5      0.4136696E-06 0.2471E-07  0.4202003E-06 0.9710E-08 0.7962    
   6      0.4943560E-06 0.4436E-07  0.4246925E-06 0.9679E-08  1.270    
   7      0.3992376E-06 0.2199E-07  0.4211674E-06 0.8874E-08  1.249    
   8      0.4135366E-06 0.1737E-07  0.4197000E-06 0.7931E-08  1.103    
  
 CROSS SECTION =   5.39101015E-06 +/-   4.74137193E-08
  
  # of events with muons:  0 out of:  32285448
  All:           1. muons:   1.91328236E-05 2. muon   1.65522829E-06
 In acc: 1. muons:      0.000:      0.889 % 2. muon      0.000:      1.211 %
  Norm Histos here: lum=   1.lumbreit lum1  1.
  ZEUS scenario in Lab frame Q2>4
  Total      sig (pb):   6.22085063E-05
  b tot  sig (pb):   5.02884541E-05
  >=1jets sig (pb):   6.18039849E-05
  muon +no cuts on jet sig (pb):   9.81989524E-06
  muon+jet    sig (pb):   9.77506988E-06
  muon+jet+cone sig (pb):   7.71151008E-06
  ZEUS scenario in Breit frame Q2>2 
  tot        sig (pb):   6.22085063E-05
  b.cross    sig (pb):   5.22139162E-05
  >=1jet sig (pb):   4.65720841E-05
  muon nojet cut sig (pb):   6.85334589E-06
  muon+jet   sig (pb):   5.4221664E-06
 incl jet   sig (pb):  2.46717427E-05
 incl muon  sig (pb):  5.94438461E-06
 incl b     sig (pb):  8.02972063E-05
 generator:HVQ     hfrac  0.2205
  Output Histos here 
