  
 ============================
 | HVQDIS  V1.4  APRIL 2000 |
 ============================
  
 NORDER    =        2
 ISCALER   =       15
 ISCALEF   =       25
 IPDF      =        5
 PTS0      =   500000
 ITS0      =        2
 PTS1      =    80000
 ITS1      =        4
 IQUARK    =        2
 MASS      =      4.75
 EPRO      =    920.00
 EIEL      =     27.50
 Q2MIN     =    199.90
 Q2MAX     =    200.10
 XBJMIN    =      0.00
 XBJMAX    =      0.01
 YMIN      =      0.05
 YMAX      =      0.80
 ETAMAX    =      2.50
 PTMIN     =      0.00
 PTMAX     =   *******
 IFRAG     =        0
 ISL       =        1
 EPS       =      0.0035
 HFRAC     =      0.2205
 XMD       =      5.2780
 TCFRAG    =        0
 TCSL    =        1
 PREF      =   f2b_200_50_r15_f25.histos               
  
 BOTTOM PRODUCTION
 RM48 INITIALIZED:        40           0         0
 **hist: start histos 
 HPATH.  ERROR IN PATHNAME,


 ===> Directory : 
  create directory HISB
 hfrac:  0.2205
 **hzb: Version kula1  
 FULL LO+NLO ME



 INPUT PARAMETERS FOR VEGAS:  NDIM=  3  NCALL=   476656.
                              IT=    0  ITMX=    2
                              MDS= -1   ND=  31
 **MScale: SCALFA=   1. ISCALE=  15
 **MScale: scale: .5*(Pt2+4 M2) 
 wtx  5.8223551E-11hfrac  0.392379761
 **frag: Peterson frag function 
 **frag: Vincenzo semi-leptonic routine dir+indir 

 ******************************************************
 KTCLUS: written by Mike Seymour, July 1992.
 Last modified October 1997.
 Please send comments or suggestions to Mike.Seymour@rl.ac.uk

       Collision type = 3 = pe        
     Angular variable = 2 = DeltaR    
 Monotonic definition = 1 = no        
 Recombination scheme = 1 = E         
 Ecut=  1.00
 ******************************************************

 wtx  7.88636604E-12hfrac  0.392379761
 wtx  1.3740304E-11hfrac  0.392379761
 wtx  6.29014809E-12hfrac  0.392379761
 wtx  3.19872011E-11hfrac  0.392379761
 wtx  2.3791356E-11hfrac  0.392379761
 **bmatch: create BMAT   
 BMAT    histos booked ! 
 wtx  4.1308016E-11hfrac  0.392379761
 wtx  4.04958844E-11hfrac  0.392379761
 wtx  2.84259404E-11hfrac  0.392379761
 wtx  1.90300917E-11hfrac  0.392379761
 wtx  3.19481143E-11hfrac  0.392379761
 wtx  2.10268972E-11hfrac  0.392379761
 wtx  1.30524584E-11hfrac  0.392379761
 wtx  3.93075399E-11hfrac  0.392379761
 wtx  3.37764469E-11hfrac  0.392379761
 wtx  2.00051122E-11hfrac  0.392379761
 wtx  2.4147814E-11hfrac  0.392379761
 wtx  4.96733939E-11hfrac  0.392379761
 wtx  3.16872778E-11hfrac  0.392379761
 wtx  6.11786229E-12hfrac  0.392379761
 wtx  5.97284288E-12hfrac  0.392379761
 wtx  3.35063956E-11hfrac  0.392379761
 wtx  1.69934882E-11hfrac  0.392379761
 wtx  4.03561698E-11hfrac  0.392379761
 wtx  4.04707413E-11hfrac  0.392379761
 wtx  1.77891677E-11hfrac  0.392379761
 wtx  4.95194892E-11hfrac  0.392379761
 wtx  5.66402203E-11hfrac  0.392379761
 wtx  3.78232549E-11hfrac  0.392379761
 wtx  3.63060554E-11hfrac  0.392379761
 wtx  3.50766291E-11hfrac  0.392379761
 wtx  5.33023591E-11hfrac  0.392379761
 wtx  2.02074971E-11hfrac  0.392379761
 wtx  1.90300436E-14hfrac  0.392379761
 wtx  2.32041946E-12hfrac  0.392379761
 wtx  1.16039183E-11hfrac  0.392379761
 wtx  1.81237352E-11hfrac  0.392379761
 wtx  2.88857983E-11hfrac  0.392379761
 wtx  1.89980861E-11hfrac  0.392379761
 wtx  7.58183718E-13hfrac  0.392379761
 wtx  4.71682693E-11hfrac  0.392379761
 wtx  1.87880926E-11hfrac  0.392379761
 wtx  4.97818037E-11hfrac  0.392379761
 wtx  6.92491117E-12hfrac  0.392379761
 wtx  4.52781805E-11hfrac  0.392379761
 wtx  8.41392754E-12hfrac  0.392379761
 wtx  4.3641521E-11hfrac  0.392379761
 wtx  4.270162E-11hfrac  0.392379761
 wtx  4.15829558E-11hfrac  0.392379761
 wtx  4.1276968E-11hfrac  0.392379761
 wtx  3.08194165E-11hfrac  0.392379761
 wtx  9.94474121E-12hfrac  0.392379761
 wtx  1.99580387E-11hfrac  0.392379761
 wtx  3.85825677E-11hfrac  0.392379761
 wtx  2.95632963E-11hfrac  0.392379761
 wtx  4.04899864E-11hfrac  0.392379761
 wtx  4.1259135E-11hfrac  0.392379761
 wtx  2.68435552E-11hfrac  0.392379761
 wtx  4.68412704E-11hfrac  0.392379761
 wtx  1.01451703E-11hfrac  0.392379761
 wtx  2.42809696E-11hfrac  0.392379761
 wtx  4.68956211E-12hfrac  0.392379761
 wtx  6.24075531E-12hfrac  0.392379761
 wtx  2.95418204E-11hfrac  0.392379761
 wtx  2.29288324E-11hfrac  0.392379761
 wtx  2.05618248E-11hfrac  0.392379761
 wtx  3.0521613E-11hfrac  0.392379761
 wtx  5.66710359E-11hfrac  0.392379761
 wtx  4.27706481E-11hfrac  0.392379761
 wtx  2.37419771E-11hfrac  0.392379761
 wtx  2.88273919E-11hfrac  0.392379761
 wtx  3.20486346E-11hfrac  0.392379761
 wtx  8.99109693E-12hfrac  0.392379761
 wtx  8.48992057E-12hfrac  0.392379761
 wtx  2.85952928E-11hfrac  0.392379761
 wtx  5.03075984E-11hfrac  0.392379761
 wtx  9.98442301E-12hfrac  0.392379761
 wtx  2.94219614E-11hfrac  0.392379761
 wtx  2.37847381E-11hfrac  0.392379761
 wtx  2.29175273E-11hfrac  0.392379761
 wtx  1.26311479E-11hfrac  0.392379761
 wtx  4.46656392E-11hfrac  0.392379761
 wtx  2.01628228E-11hfrac  0.392379761
 wtx  2.43000117E-11hfrac  0.392379761
 wtx  3.52458132E-11hfrac  0.392379761
 wtx  2.05060274E-11hfrac  0.392379761
 wtx  2.41365972E-11hfrac  0.392379761
 wtx  1.66497632E-11hfrac  0.392379761
 wtx  3.26587043E-12hfrac  0.392379761
 wtx  2.77398191E-11hfrac  0.392379761
 wtx  2.21464219E-19hfrac  0.392379761
 wtx  3.84642214E-11hfrac  0.392379761
 wtx  3.15124641E-12hfrac  0.392379761
 wtx  4.38837126E-11hfrac  0.392379761
 wtx  5.3228557E-11hfrac  0.392379761
 wtx  4.40016391E-11hfrac  0.392379761
 wtx  3.9763217E-11hfrac  0.392379761
 wtx  3.99521943E-11hfrac  0.392379761
 wtx  3.5634818E-11hfrac  0.392379761
 wtx  2.54989849E-11hfrac  0.392379761
   1      0.4264513E-05 0.3463E-06  0.4264513E-05 0.3463E-06  0.000    
   2      0.3997243E-05 0.9076E-07  0.4016623E-05 0.9037E-07 0.5882    



 INPUT PARAMETERS FOR VEGAS:  NDIM=  3  NCALL=  4920750.
                              IT=    0  ITMX=    4
                              MDS= -1   ND=  45
   1      0.4069104E-05 0.9107E-08  0.4069104E-05 0.9107E-08  0.000    
   2      0.4076724E-05 0.9105E-08  0.4072922E-05 0.6439E-08 0.3502    
   3      0.4072355E-05 0.9113E-08  0.4072733E-05 0.5259E-08 0.1764    
   4      0.4075972E-05 0.9106E-08  0.4073544E-05 0.4554E-08 0.1492    



 INPUT PARAMETERS FOR VEGAS:  NDIM=  6  NCALL=    78125.
                              IT=    0  ITMX=    4
                              MDS=  1   ND=  50
 ALFAS  =   0.168757599
 MUR2   =   117.342127
 LOGMUR =   1.64880459
 MUF2   =   117.342127
 LOGMUF =   1.64880459
  
 INTEGRATING NLO GLUON ...
  
   1     -0.7125190E-06 0.8790E-06 -0.7125190E-06 0.8790E-06  0.000    
   2     -0.8333788E-08 0.6509E-06 -0.7123433E-06 0.6215E-06 0.3201E-03
   3      0.1458591E-05 0.5404E-06  0.1278958E-05 0.3326E-06  1.617    
   4      0.1502616E-05 0.3912E-06  0.1424349E-05 0.2322E-06 0.8446    



 INPUT PARAMETERS FOR VEGAS:  NDIM=  6  NCALL=   786432.
                              IT=    0  ITMX=    8
                              MDS=  1   ND=  50
   1      0.1736965E-05 0.8069E-07  0.1736965E-05 0.8069E-07  0.000    
   2      0.1665275E-05 0.8046E-07  0.1702526E-05 0.5698E-07 0.3952    
   3      0.1545511E-05 0.8687E-07  0.1661393E-05 0.4750E-07  1.266    
   4      0.1816388E-05 0.1261E-06  0.1684109E-05 0.4502E-07  1.296    
   5      0.1624026E-05 0.1081E-06  0.1675850E-05 0.4147E-07  1.050    
   6      0.1661372E-05 0.8031E-07  0.1672856E-05 0.3687E-07 0.8484    
   7      0.1750708E-05 0.1260E-06  0.1679498E-05 0.3548E-07 0.7607    
   8      0.1802154E-05 0.1166E-06  0.1691214E-05 0.3404E-07 0.8010    



 INPUT PARAMETERS FOR VEGAS:  NDIM=  6  NCALL=    78125.
                              IT=    0  ITMX=    4
                              MDS=  1   ND=  50
 ALFAS  =   0.174235742
 MUR2   =   90.9074412
 LOGMUR =   1.39355262
 MUF2   =   90.9074412
 LOGMUF =   1.39355262
  
 INTEGRATING QUARK INITIATED ...
  
   1      0.4363442E-06 0.4498E-06  0.4363442E-06 0.4498E-06  0.000    
   2      0.2552091E-06 0.4204E-06  0.3853615E-06 0.3124E-06 0.6801E-01
   3      0.8797864E-07 0.4738E-07  0.1698277E-06 0.1358E-06 0.5277    
   4      0.2496352E-06 0.5104E-07  0.2363963E-06 0.5327E-07 0.4828    



 INPUT PARAMETERS FOR VEGAS:  NDIM=  6  NCALL=   786432.
                              IT=    0  ITMX=    8
                              MDS=  1   ND=  50
   1      0.1838487E-06 0.1264E-07  0.1838487E-06 0.1264E-07  0.000    
   2      0.2278906E-06 0.1275E-07  0.2103410E-06 0.8987E-08  5.757    
   3      0.2329414E-06 0.1809E-07  0.2157215E-06 0.8184E-08  3.336    
   4      0.4161750E-06 0.1622E-06  0.2175977E-06 0.1055E-07  2.441    
   5      0.1907416E-06 0.1225E-07  0.2107154E-06 0.8599E-08  2.515    
   6      0.1985102E-06 0.2619E-07  0.2100164E-06 0.8040E-08  2.195    
   7      0.2415349E-06 0.1739E-07  0.2150994E-06 0.7310E-08  2.274    
   8      0.1460456E-06 0.5767E-07  0.2147310E-06 0.6980E-08  2.201    
  
 CROSS SECTION =   5.97948942E-06 +/-   3.50466663E-08
  
  # of events with muons:  0 out of:  34868921
  All:           1. muons:   2.08707424E-05 2. muon   1.54201086E-06
 In acc: 1. muons:      0.000:      0.918 % 2. muon      0.000:      1.450 %
  Norm Histos here: lum=   1.lumbreit lum1  1.
  ZEUS scenario in Lab frame Q2>4
  Total      sig (pb):   7.13085174E-05
  b tot  sig (pb):   5.63308568E-05
  >=1jets sig (pb):   7.08452135E-05
  muon +no cuts on jet sig (pb):   1.09349085E-05
  muon+jet    sig (pb):   1.08905706E-05
  muon+jet+cone sig (pb):   8.54674181E-06
  ZEUS scenario in Breit frame Q2>2 
  tot        sig (pb):   7.13085174E-05
  b.cross    sig (pb):   5.67929092E-05
  >=1jet sig (pb):   5.10368154E-05
  muon nojet cut sig (pb):   7.72390285E-06
  muon+jet   sig (pb):   6.00355042E-06
 incl jet   sig (pb):  2.69640332E-05
 incl muon  sig (pb):  6.5354734E-06
 incl b     sig (pb):  8.780192E-05
 generator:HVQ     hfrac  0.2205
  Output Histos here 
