  
 ============================
 | HVQDIS  V1.4  APRIL 2000 |
 ============================
  
 NORDER    =        2
 ISCALER   =        5
 ISCALEF   =        5
 IPDF      =        5
 PTS0      =   500000
 ITS0      =        2
 PTS1      =    80000
 ITS1      =        4
 IQUARK    =        2
 MASS      =      4.75
 EPRO      =    920.00
 EIEL      =     27.50
 Q2MIN     =      2.00
 Q2MAX     =      4.00
 XBJMIN    =      0.00
 XBJMAX    =      1.00
 YMIN      =      0.05
 YMAX      =      0.70
 ETAMAX    =      2.50
 PTMIN     =      0.00
 PTMAX     =   *******
 IFRAG     =        0
 ISL       =        1
 EPS       =      0.0035
 HFRAC     =      0.2205
 XMD       =      5.2780
 TCFRAG    =        0
 TCSL    =        1
 PREF      =   f2b_2-4_0.0-1._r5_f5_m4.75.histos       
  
 BOTTOM PRODUCTION
 RM48 INITIALIZED:        40           0         0
 **hist: start histos 
 HPATH.  ERROR IN PATHNAME,


 ===> Directory : 
  create directory HISB
 hfrac:  0.2205
 **hzb: Version kula1  
 FULL LO+NLO ME



 INPUT PARAMETERS FOR VEGAS:  NDIM=  3  NCALL=   476656.
                              IT=    0  ITMX=    2
                              MDS= -1   ND=  31
 **MScale: SCALFA=   1. ISCALE=  5
 **MScale: scale: Pt2+4 M2 
 1**Scales: M2=   22.5625 Q2=   2.01524278 X2=   0.0242675745
 1**Scale:   90.2742676
 **MScale: SCALFA=   1. ISCALE=  5
 **MScale: scale: Pt2+4 M2 
 2**Scales: M2=   22.5625 Q2=   2.01524278 X2=   0.0242675745
 2**Scale:   90.2742676
 wtx  3.65087693E-08hfrac  0.392379761
 **frag: Peterson frag function 
 **frag: Vincenzo semi-leptonic routine dir+indir 

 ******************************************************
 KTCLUS: written by Mike Seymour, July 1992.
 Last modified October 1997.
 Please send comments or suggestions to Mike.Seymour@rl.ac.uk

       Collision type = 3 = pe        
     Angular variable = 2 = DeltaR    
 Monotonic definition = 1 = no        
 Recombination scheme = 1 = E         
 Ecut=  1.00
 ******************************************************

 **MScale: SCALFA=   1. ISCALE=  5
 **MScale: scale: Pt2+4 M2 
 3**Scales: M2=   22.5625 Q2=   2.01210064 X2=   0.0199466652
 3**Scale:   90.2699467
 **MScale: SCALFA=   1. ISCALE=  5
 **MScale: scale: Pt2+4 M2 
 4**Scales: M2=   22.5625 Q2=   2.01210064 X2=   0.0199466652
 4**Scale:   90.2699467
 wtx  3.28244347E-08hfrac  0.392379761
 **MScale: SCALFA=   1. ISCALE=  5
 **MScale: scale: Pt2+4 M2 
 5**Scales: M2=   22.5625 Q2=   2.02598475 X2=   0.146220395
 5**Scale:   90.3962204
 6**Scales: M2=   22.5625 Q2=   2.02598475 X2=   0.146220395
 6**Scale:   90.3962204
 wtx  8.6894488E-08hfrac  0.392379761
 7**Scales: M2=   22.5625 Q2=   2.02490205 X2=   0.0256576235
 7**Scale:   90.2756576
 8**Scales: M2=   22.5625 Q2=   2.02490205 X2=   0.0256576235
 8**Scale:   90.2756576
 wtx  3.2077164E-08hfrac  0.392379761
 9**Scales: M2=   22.5625 Q2=   2.01264195 X2=   0.0309355978
 9**Scale:   90.2809356
 10**Scales: M2=   22.5625 Q2=   2.01264195 X2=   0.0309355978
 10**Scale:   90.2809356
 wtx  3.34325492E-08hfrac  0.392379761
 11**Scales: M2=   22.5625 Q2=   2.02084519 X2=   0.486184276
 11**Scale:   90.7361843
 12**Scales: M2=   22.5625 Q2=   2.02084519 X2=   0.486184276
 12**Scale:   90.7361843
 wtx  1.63547099E-07hfrac  0.392379761
 13**Scales: M2=   22.5625 Q2=   2.01614734 X2=   0.598861514
 13**Scale:   90.8488615
 14**Scales: M2=   22.5625 Q2=   2.01614734 X2=   0.598861514
 14**Scale:   90.8488615
 wtx  1.70944958E-07hfrac  0.392379761
 15**Scales: M2=   22.5625 Q2=   2.02331825 X2=   0.162284427
 15**Scale:   90.4122844
 16**Scales: M2=   22.5625 Q2=   2.02331825 X2=   0.162284427
 16**Scale:   90.4122844
 wtx  7.76612481E-08hfrac  0.392379761
 17**Scales: M2=   22.5625 Q2=   2.01225393 X2=   2.55678478
 17**Scale:   92.8067848
 18**Scales: M2=   22.5625 Q2=   2.01225393 X2=   2.55678478
 18**Scale:   92.8067848
 wtx  3.36445908E-07hfrac  0.392379761
 19**Scales: M2=   22.5625 Q2=   2.01471874 X2=   0.122927665
 19**Scale:   90.3729277
 20**Scales: M2=   22.5625 Q2=   2.01471874 X2=   0.122927665
 20**Scale:   90.3729277
 wtx  6.14991578E-08hfrac  0.392379761
 21**Scales: M2=   22.5625 Q2=   2.01383019 X2=   3.19087063
 21**Scale:   93.4408706
 22**Scales: M2=   22.5625 Q2=   2.01383019 X2=   3.19087063
 22**Scale:   93.4408706
 wtx  3.73581202E-07hfrac  0.392379761
 23**Scales: M2=   22.5625 Q2=   2.01965603 X2=   0.561113631
 23**Scale:   90.8111136
 24**Scales: M2=   22.5625 Q2=   2.01965603 X2=   0.561113631
 24**Scale:   90.8111136
 wtx  1.52853673E-07hfrac  0.392379761
 25**Scales: M2=   22.5625 Q2=   2.00163531 X2=   0.0167981398
 25**Scale:   90.2667981
 26**Scales: M2=   22.5625 Q2=   2.00163531 X2=   0.0167981398
 26**Scale:   90.2667981
 wtx  2.16235474E-08hfrac  0.392379761
 27**Scales: M2=   22.5625 Q2=   2.01678848 X2=   2.35353585
 27**Scale:   92.6035358
 28**Scales: M2=   22.5625 Q2=   2.01678848 X2=   2.35353585
 28**Scale:   92.6035358
 wtx  3.40223494E-07hfrac  0.392379761
 29**Scales: M2=   22.5625 Q2=   2.0290216 X2=   5.54900191
 29**Scale:   95.7990019
 30**Scales: M2=   22.5625 Q2=   2.0290216 X2=   5.54900191
 30**Scale:   95.7990019
 wtx  4.7252567E-07hfrac  0.392379761
 31**Scales: M2=   22.5625 Q2=   2.03050539 X2=   5.18888463
 31**Scale:   95.4388846
 32**Scales: M2=   22.5625 Q2=   2.03050539 X2=   5.18888463
 32**Scale:   95.4388846
 wtx  4.60032027E-07hfrac  0.392379761
 33**Scales: M2=   22.5625 Q2=   2.01584011 X2=   0.0105857784
 33**Scale:   90.2605858
 34**Scales: M2=   22.5625 Q2=   2.01584011 X2=   0.0105857784
 34**Scale:   90.2605858
 wtx  1.64357292E-08hfrac  0.392379761
 35**Scales: M2=   22.5625 Q2=   2.01361823 X2=   2.54336977
 35**Scale:   92.7933698
 36**Scales: M2=   22.5625 Q2=   2.01361823 X2=   2.54336977
 36**Scale:   92.7933698
 wtx  3.18546711E-07hfrac  0.392379761
 37**Scales: M2=   22.5625 Q2=   2.00331002 X2=   14.5444218
 37**Scale:   104.794422
 38**Scales: M2=   22.5625 Q2=   2.00331002 X2=   14.5444218
 38**Scale:   104.794422
 wtx  5.34856156E-07hfrac  0.392379761
 39**Scales: M2=   22.5625 Q2=   2.00940063 X2=   17.5609788
 39**Scale:   107.810979
 40**Scales: M2=   22.5625 Q2=   2.00940063 X2=   17.5609788
 40**Scale:   107.810979
 wtx  5.02988541E-07hfrac  0.392379761
 41**Scales: M2=   22.5625 Q2=   2.00685898 X2=   286.174445
 41**Scale:   376.424445
 42**Scales: M2=   22.5625 Q2=   2.00685898 X2=   286.174445
 42**Scale:   376.424445
 wtx  3.64700742E-10hfrac  0.392379761
 **bmatch: create BMAT   
 BMAT    histos booked ! 
 43**Scales: M2=   22.5625 Q2=   2.01596134 X2=   1.54424311
 43**Scale:   91.7942431
 44**Scales: M2=   22.5625 Q2=   2.01596134 X2=   1.54424311
 44**Scale:   91.7942431
 wtx  2.4892924E-07hfrac  0.392379761
 45**Scales: M2=   22.5625 Q2=   2.02481582 X2=   1.14615482
 45**Scale:   91.3961548
 46**Scales: M2=   22.5625 Q2=   2.02481582 X2=   1.14615482
 46**Scale:   91.3961548
 wtx  1.91193919E-07hfrac  0.392379761
 47**Scales: M2=   22.5625 Q2=   2.00539064 X2=   2.37472747
 47**Scale:   92.6247275
 48**Scales: M2=   22.5625 Q2=   2.00539064 X2=   2.37472747
 48**Scale:   92.6247275
 wtx  2.89080106E-07hfrac  0.392379761
 49**Scales: M2=   22.5625 Q2=   2.01196776 X2=   0.464400278
 49**Scale:   90.7144003
 50**Scales: M2=   22.5625 Q2=   2.01196776 X2=   0.464400278
 50**Scale:   90.7144003
 wtx  1.16103024E-07hfrac  0.392379761
 51**Scales: M2=   22.5625 Q2=   2.02325446 X2=   17.8698943
 51**Scale:   108.119894
 52**Scales: M2=   22.5625 Q2=   2.02325446 X2=   17.8698943
 52**Scale:   108.119894
 wtx  5.54155747E-07hfrac  0.392379761
 53**Scales: M2=   22.5625 Q2=   2.01292125 X2=   162.127498
 53**Scale:   252.377498
 54**Scales: M2=   22.5625 Q2=   2.01292125 X2=   162.127498
 54**Scale:   252.377498
 wtx  6.46016787E-08hfrac  0.392379761
 55**Scales: M2=   22.5625 Q2=   2.01532136 X2=   1.65071949
 55**Scale:   91.9007195
 56**Scales: M2=   22.5625 Q2=   2.01532136 X2=   1.65071949
 56**Scale:   91.9007195
 wtx  2.28662742E-07hfrac  0.392379761
 57**Scales: M2=   22.5625 Q2=   2.01083836 X2=   13.323262
 57**Scale:   103.573262
 58**Scales: M2=   22.5625 Q2=   2.01083836 X2=   13.323262
 58**Scale:   103.573262
 wtx  5.55712802E-07hfrac  0.392379761
 59**Scales: M2=   22.5625 Q2=   2.00220749 X2=   5.74878759
 59**Scale:   95.9987876
 60**Scales: M2=   22.5625 Q2=   2.00220749 X2=   5.74878759
 60**Scale:   95.9987876
 wtx  4.57739532E-07hfrac  0.392379761
 61**Scales: M2=   22.5625 Q2=   2.01081225 X2=   6.56894876
 61**Scale:   96.8189488
 62**Scales: M2=   22.5625 Q2=   2.01081225 X2=   6.56894876
 62**Scale:   96.8189488
 wtx  4.66594059E-07hfrac  0.392379761
 63**Scales: M2=   22.5625 Q2=   2.03086177 X2=   51.6211801
 63**Scale:   141.87118
 64**Scales: M2=   22.5625 Q2=   2.03086177 X2=   51.6211801
 64**Scale:   141.87118
 wtx  3.8612589E-07hfrac  0.392379761
 65**Scales: M2=   22.5625 Q2=   2.02670108 X2=   87.0806684
 65**Scale:   177.330668
 66**Scales: M2=   22.5625 Q2=   2.02670108 X2=   87.0806684
 66**Scale:   177.330668
 wtx  2.56636582E-07hfrac  0.392379761
 67**Scales: M2=   22.5625 Q2=   2.0050606 X2=   6.57552434
 67**Scale:   96.8255243
 68**Scales: M2=   22.5625 Q2=   2.0050606 X2=   6.57552434
 68**Scale:   96.8255243
 wtx  4.64698957E-07hfrac  0.392379761
 69**Scales: M2=   22.5625 Q2=   2.02850611 X2=   3.12193279
 69**Scale:   93.3719328
 70**Scales: M2=   22.5625 Q2=   2.02850611 X2=   3.12193279
 70**Scale:   93.3719328
 wtx  3.23864072E-07hfrac  0.392379761
 71**Scales: M2=   22.5625 Q2=   2.00343864 X2=   4.49033667
 71**Scale:   94.7403367
 72**Scales: M2=   22.5625 Q2=   2.00343864 X2=   4.49033667
 72**Scale:   94.7403367
 wtx  3.98367888E-07hfrac  0.392379761
 73**Scales: M2=   22.5625 Q2=   2.02067182 X2=   13.1417922
 73**Scale:   103.391792
 74**Scales: M2=   22.5625 Q2=   2.02067182 X2=   13.1417922
 74**Scale:   103.391792
 wtx  5.52792983E-07hfrac  0.392379761
 75**Scales: M2=   22.5625 Q2=   2.00260301 X2=   58.4080882
 75**Scale:   148.658088
 76**Scales: M2=   22.5625 Q2=   2.00260301 X2=   58.4080882
 76**Scale:   148.658088
 wtx  3.76634631E-07hfrac  0.392379761
 77**Scales: M2=   22.5625 Q2=   2.02147523 X2=   138.753834
 77**Scale:   229.003834
 78**Scales: M2=   22.5625 Q2=   2.02147523 X2=   138.753834
 78**Scale:   229.003834
 wtx  1.55275373E-07hfrac  0.392379761
 79**Scales: M2=   22.5625 Q2=   2.01274594 X2=   5.91221273
 79**Scale:   96.1622127
 80**Scales: M2=   22.5625 Q2=   2.01274594 X2=   5.91221273
 80**Scale:   96.1622127
 wtx  4.23145224E-07hfrac  0.392379761
 81**Scales: M2=   22.5625 Q2=   2.00012113 X2=   5.44624943
 81**Scale:   95.6962494
 82**Scales: M2=   22.5625 Q2=   2.00012113 X2=   5.44624943
 82**Scale:   95.6962494
 wtx  4.31653177E-07hfrac  0.392379761
 83**Scales: M2=   22.5625 Q2=   2.01003785 X2=   72.1849567
 83**Scale:   162.434957
 84**Scales: M2=   22.5625 Q2=   2.01003785 X2=   72.1849567
 84**Scale:   162.434957
 wtx  3.27573758E-07hfrac  0.392379761
 85**Scales: M2=   22.5625 Q2=   2.02402197 X2=   57.4900089
 85**Scale:   147.740009
 86**Scales: M2=   22.5625 Q2=   2.02402197 X2=   57.4900089
 86**Scale:   147.740009
 wtx  3.88025512E-07hfrac  0.392379761
 87**Scales: M2=   22.5625 Q2=   2.01215133 X2=   45.0713693
 87**Scale:   135.321369
 88**Scales: M2=   22.5625 Q2=   2.01215133 X2=   45.0713693
 88**Scale:   135.321369
 wtx  4.5253438E-07hfrac  0.392379761
 89**Scales: M2=   22.5625 Q2=   2.00528012 X2=   51.9899539
 89**Scale:   142.239954
 90**Scales: M2=   22.5625 Q2=   2.00528012 X2=   51.9899539
 90**Scale:   142.239954
 wtx  4.18261322E-07hfrac  0.392379761
 91**Scales: M2=   22.5625 Q2=   2.01925549 X2=   3.36682102
 91**Scale:   93.616821
 92**Scales: M2=   22.5625 Q2=   2.01925549 X2=   3.36682102
 92**Scale:   93.616821
 wtx  3.25107123E-07hfrac  0.392379761
 93**Scales: M2=   22.5625 Q2=   2.02673132 X2=   5.46435287
 93**Scale:   95.7143529
 94**Scales: M2=   22.5625 Q2=   2.02673132 X2=   5.46435287
 94**Scale:   95.7143529
 wtx  4.11306161E-07hfrac  0.392379761
 95**Scales: M2=   22.5625 Q2=   2.0259983 X2=   73.3047488
 95**Scale:   163.554749
 96**Scales: M2=   22.5625 Q2=   2.0259983 X2=   73.3047488
 96**Scale:   163.554749
 wtx  3.27574924E-07hfrac  0.392379761
 97**Scales: M2=   22.5625 Q2=   2.00599602 X2=   280.791959
 97**Scale:   371.041959
 98**Scales: M2=   22.5625 Q2=   2.00599602 X2=   280.791959
 98**Scale:   371.041959
 wtx  5.68923149E-08hfrac  0.392379761
 99**Scales: M2=   22.5625 Q2=   2.01166141 X2=   128.287238
 99**Scale:   218.537238
 100**Scales: M2=   22.5625 Q2=   2.01166141 X2=   128.287238
 100**Scale:   218.537238
 wtx  1.93053538E-07hfrac  0.392379761
 wtx  4.44194541E-07hfrac  0.392379761
 wtx  2.59785224E-07hfrac  0.392379761
 wtx  3.62573616E-08hfrac  0.392379761
 wtx  2.44397967E-07hfrac  0.392379761
 wtx  4.26971127E-07hfrac  0.392379761
 wtx  5.05476919E-07hfrac  0.392379761
 wtx  5.64047475E-08hfrac  0.392379761
 wtx  3.29450188E-07hfrac  0.392379761
 wtx  5.3067123E-07hfrac  0.392379761
 wtx  3.05078458E-07hfrac  0.392379761
 wtx  5.00459464E-07hfrac  0.392379761
 wtx  5.20951573E-07hfrac  0.392379761
 wtx  4.97607516E-07hfrac  0.392379761
 wtx  2.90564032E-07hfrac  0.392379761
 wtx  5.32267165E-07hfrac  0.392379761
 wtx  5.27869474E-07hfrac  0.392379761
 wtx  4.04078548E-07hfrac  0.392379761
 wtx  5.93964877E-09hfrac  0.392379761
 wtx  5.45374292E-07hfrac  0.392379761
 wtx  2.53983586E-07hfrac  0.392379761
 wtx  4.36158416E-07hfrac  0.392379761
 wtx  5.33117372E-07hfrac  0.392379761
 wtx  5.87378359E-08hfrac  0.392379761
 wtx  5.01877423E-07hfrac  0.392379761
 wtx  5.50885829E-07hfrac  0.392379761
 wtx  1.44239451E-07hfrac  0.392379761
 wtx  1.64960611E-07hfrac  0.392379761
 wtx  3.51406868E-07hfrac  0.392379761
 wtx  5.46361036E-07hfrac  0.392379761
 wtx  5.34968365E-07hfrac  0.392379761
 wtx  2.04972622E-07hfrac  0.392379761
 wtx  2.12051233E-07hfrac  0.392379761
 wtx  1.4872829E-07hfrac  0.392379761
 wtx  4.59652398E-07hfrac  0.392379761
 wtx  3.62787027E-08hfrac  0.392379761
 wtx  3.0403379E-07hfrac  0.392379761
 wtx  5.13556529E-07hfrac  0.392379761
 wtx  3.4219542E-07hfrac  0.392379761
 wtx  1.69975237E-07hfrac  0.392379761
 wtx  3.17007817E-07hfrac  0.392379761
 wtx  2.82292433E-07hfrac  0.392379761
 wtx  1.28494506E-07hfrac  0.392379761
 wtx  4.493169E-07hfrac  0.392379761
 wtx  5.598352E-07hfrac  0.392379761
 wtx  2.55300733E-07hfrac  0.392379761
 wtx  5.00779265E-07hfrac  0.392379761
 wtx  4.70694658E-07hfrac  0.392379761
 wtx  3.75673068E-07hfrac  0.392379761
 wtx  5.54296491E-07hfrac  0.392379761
 wtx  5.13495081E-07hfrac  0.392379761
   1       2.543636     0.1532E-01   2.543636     0.1532E-01  0.000    
   2       2.556562     0.1322E-01   2.551076     0.1001E-01 0.4076    



 INPUT PARAMETERS FOR VEGAS:  NDIM=  3  NCALL=  4920750.
                              IT=    0  ITMX=    4
                              MDS= -1   ND=  45
   1       2.560941     0.4067E-02   2.560941     0.4067E-02  0.000    
   2       2.556819     0.4069E-02   2.558885     0.2876E-02 0.5134    
   3       2.559981     0.4074E-02   2.559250     0.2350E-02 0.2808    
   4       2.556684     0.4065E-02   2.558608     0.2034E-02 0.2867    



 INPUT PARAMETERS FOR VEGAS:  NDIM=  6  NCALL=    78125.
                              IT=    0  ITMX=    4
                              MDS=  1   ND=  50
 **sig1: iscalef=  5
 **sig1: mur=   90.3845548
 **sig1: iscalef=  5
 **sig1: muf=   90.3845548
 ALFAS  =   0.174363939
 MUR2   =   90.3845548
 LOGMUR =   1.38778416
 MUF2   =   90.3845548
 LOGMUF =   1.38778416
  
 INTEGRATING NLO GLUON ...
  
   1       1.980769     0.2796       1.980769     0.2796      0.000    
   2       1.868368     0.2728       1.926453     0.1954     0.8263E-01
   3       2.113820     0.2485       2.006444     0.1529     0.2224    
   4       1.507045     0.1634       1.839500     0.1179      1.497    



 INPUT PARAMETERS FOR VEGAS:  NDIM=  6  NCALL=   786432.
                              IT=    0  ITMX=    8
                              MDS=  1   ND=  50
   1       1.847043     0.9970E-01   1.847043     0.9970E-01  0.000    
   2       1.708224     0.6214E-01   1.751577     0.5366E-01  1.437    
   3       1.817199     0.1060       1.765428     0.4801E-01 0.8639    
   4       1.798746     0.8633E-01   1.773343     0.4196E-01 0.6129    
   5       1.745811     0.8586E-01   1.768263     0.3769E-01 0.4846    
   6       1.649461     0.7033E-01   1.744847     0.3336E-01 0.7987    
   7       1.665185     0.6055E-01   1.727859     0.2936E-01 0.8817    
   8       1.635509     0.4844E-01   1.705394     0.2534E-01  1.117    



 INPUT PARAMETERS FOR VEGAS:  NDIM=  6  NCALL=    78125.
                              IT=    0  ITMX=    4
                              MDS=  1   ND=  50
 ALFAS  =   0.174124011
 MUR2   =   91.3663147
 LOGMUR =   1.39858763
 MUF2   =   91.3663147
 LOGMUF =   1.39858763
  
 INTEGRATING QUARK INITIATED ...
  
   1      0.1073599     0.3616E-01  0.1073599     0.3616E-01  0.000    
   2      0.1915744     0.3589E-01  0.1716767     0.2542E-01  1.980    
   3      0.1789917     0.3290E-01  0.1749120     0.2000E-01 0.9089    
   4      0.1282303     0.2800E-01  0.1637698     0.1659E-01  1.150    



 INPUT PARAMETERS FOR VEGAS:  NDIM=  6  NCALL=   786432.
                              IT=    0  ITMX=    8
                              MDS=  1   ND=  50
   1      0.2488315     0.4935E-01  0.2488315     0.4935E-01  0.000    
   2      0.2096114     0.1848E-01  0.2160857     0.1854E-01 0.6169    
   3      0.1862817     0.1102E-01  0.1967165     0.1032E-01  1.297    
   4      0.1987840     0.1276E-01  0.1974518     0.8120E-02 0.9051    
   5      0.2352451     0.2779E-01  0.2010424     0.7900E-02  1.141    
   6      0.1836760     0.1351E-01  0.1976243     0.6911E-02  1.158    
   7      0.2052540     0.1394E-01  0.1990558     0.6202E-02  1.012    
   8      0.1998528     0.1538E-01  0.1991574     0.5756E-02 0.8786    
  
 CROSS SECTION =   4.46315949 +/-   0.0260679468
  
  # of events with muons:  0 out of:  54907446
  All:           1. muons:   23.553257 2. muon   1.48121345
 In acc: 1. muons:     17.308:      0.735 % 2. muon      2.004:      1.353 %
  Norm Histos here: lum=   1.lumbreit lum1  1.
  ZEUS scenario in Lab frame Q2>4
  Total      sig (pb):   118.415955
  b tot  sig (pb):   60.0919075
  >=1jets sig (pb):   83.2632294
  muon +no cuts on jet sig (pb):   12.2775612
  muon+jet    sig (pb):   9.83688068
  muon+jet+cone sig (pb):   5.98191452
  ZEUS scenario in Breit frame Q2>2 
  tot        sig (pb):   118.415955
  b.cross    sig (pb):   52.9081917
  >=1jet sig (pb):   54.8542442
  muon nojet cut sig (pb):   7.00229073
  muon+jet   sig (pb):   4.50044537
 incl jet   sig (pb):  19.109108
 incl muon  sig (pb):  4.88277626
 incl b     sig (pb):  77.4806824
 generator:HVQ     hfrac  0.2205
  Output Histos here 
