  
 ============================
 | HVQDIS  V1.4  APRIL 2000 |
 ============================
  
 NORDER    =        2
 ISCALER   =        5
 ISCALEF   =        5
 IPDF      =        5
 PTS0      =   500000
 ITS0      =        2
 PTS1      =    80000
 ITS1      =        4
 IQUARK    =        2
 MASS      =      4.75
 EPRO      =    920.00
 EIEL      =     27.50
 Q2MIN     =      7.99
 Q2MAX     =      8.01
 XBJMIN    =      0.00
 XBJMAX    =      0.00
 YMIN      =      0.05
 YMAX      =      0.70
 ETAMAX    =      2.50
 PTMIN     =      0.00
 PTMAX     =   *******
 IFRAG     =        0
 ISL       =        1
 EPS       =      0.0035
 HFRAC     =      0.2205
 XMD       =      5.2780
 TCFRAG    =        0
 TCSL    =        1
 PREF      =   f2b_8_20.histos                         
  
 BOTTOM PRODUCTION
 RM48 INITIALIZED:        40           0         0
 **hist: start histos 
 HPATH.  ERROR IN PATHNAME,


 ===> Directory : 
  create directory HISB
 hfrac:  0.2205
 **hzb: Version kula1  
 FULL LO+NLO ME



 INPUT PARAMETERS FOR VEGAS:  NDIM=  3  NCALL=   476656.
                              IT=    0  ITMX=    2
                              MDS= -1   ND=  31
 **MScale: SCALFA=   1. ISCALE=  5
 **MScale: scale: Pt2+4 M2 
 wtx  8.77558512E-11hfrac  0.392379761
 **frag: Peterson frag function 
 **frag: Vincenzo semi-leptonic routine dir+indir 

 ******************************************************
 KTCLUS: written by Mike Seymour, July 1992.
 Last modified October 1997.
 Please send comments or suggestions to Mike.Seymour@rl.ac.uk

       Collision type = 3 = pe        
     Angular variable = 2 = DeltaR    
 Monotonic definition = 1 = no        
 Recombination scheme = 1 = E         
 Ecut=  1.00
 ******************************************************

 wtx  1.85829921E-10hfrac  0.392379761
 wtx  2.52808108E-10hfrac  0.392379761
 wtx  6.52463417E-10hfrac  0.392379761
 wtx  4.66096106E-10hfrac  0.392379761
 wtx  7.32942318E-10hfrac  0.392379761
 wtx  5.45936019E-10hfrac  0.392379761
 wtx  7.87046484E-10hfrac  0.392379761
 wtx  4.30329911E-10hfrac  0.392379761
 wtx  1.28756805E-09hfrac  0.392379761
 wtx  4.19146357E-10hfrac  0.392379761
 **bmatch: create BMAT   
 BMAT    histos booked ! 
 wtx  4.07994666E-10hfrac  0.392379761
 wtx  1.32749911E-09hfrac  0.392379761
 wtx  7.50723039E-10hfrac  0.392379761
 wtx  2.46133419E-10hfrac  0.392379761
 wtx  3.16834649E-11hfrac  0.392379761
 wtx  8.56832771E-10hfrac  0.392379761
 wtx  1.26926525E-09hfrac  0.392379761
 wtx  9.44132439E-10hfrac  0.392379761
 wtx  1.25755828E-09hfrac  0.392379761
 wtx  1.20876853E-09hfrac  0.392379761
 wtx  1.26856681E-09hfrac  0.392379761
 wtx  1.13703491E-09hfrac  0.392379761
 wtx  6.44271525E-10hfrac  0.392379761
 wtx  7.23292204E-10hfrac  0.392379761
 wtx  1.24167787E-09hfrac  0.392379761
 wtx  1.14174414E-09hfrac  0.392379761
 wtx  1.0599701E-10hfrac  0.392379761
 wtx  1.32201006E-09hfrac  0.392379761
 wtx  1.26554589E-09hfrac  0.392379761
 wtx  8.34762148E-10hfrac  0.392379761
 wtx  2.01304876E-10hfrac  0.392379761
 wtx  4.95487873E-10hfrac  0.392379761
 wtx  6.1968497E-10hfrac  0.392379761
 wtx  1.79421755E-10hfrac  0.392379761
 wtx  3.28987462E-11hfrac  0.392379761
 wtx  1.03604358E-09hfrac  0.392379761
 wtx  2.4573879E-10hfrac  0.392379761
 wtx  9.03529612E-11hfrac  0.392379761
 wtx  3.59892845E-11hfrac  0.392379761
 wtx  1.8833779E-10hfrac  0.392379761
 wtx  2.39886444E-10hfrac  0.392379761
 wtx  8.78847828E-10hfrac  0.392379761
 wtx  1.31134381E-09hfrac  0.392379761
 wtx  2.13328438E-10hfrac  0.392379761
 wtx  8.86912932E-10hfrac  0.392379761
 wtx  9.03692832E-12hfrac  0.392379761
 wtx  1.10856768E-09hfrac  0.392379761
 wtx  1.27551858E-09hfrac  0.392379761
 wtx  1.25140387E-09hfrac  0.392379761
 wtx  1.18512322E-09hfrac  0.392379761
 wtx  1.07918907E-09hfrac  0.392379761
 wtx  1.0016542E-09hfrac  0.392379761
 wtx  7.88787646E-10hfrac  0.392379761
 wtx  1.10989884E-09hfrac  0.392379761
 wtx  2.65798827E-10hfrac  0.392379761
 wtx  7.85526852E-11hfrac  0.392379761
 wtx  4.24768221E-10hfrac  0.392379761
 wtx  1.06927733E-09hfrac  0.392379761
 wtx  1.11645881E-09hfrac  0.392379761
 wtx  4.22401669E-10hfrac  0.392379761
 wtx  3.06193716E-11hfrac  0.392379761
 wtx  1.69856615E-10hfrac  0.392379761
 wtx  8.46230419E-10hfrac  0.392379761
 wtx  9.43821354E-10hfrac  0.392379761
 wtx  1.11770071E-09hfrac  0.392379761
 wtx  9.00566788E-10hfrac  0.392379761
 wtx  1.10443998E-09hfrac  0.392379761
 wtx  1.19637855E-09hfrac  0.392379761
 wtx  1.04909292E-09hfrac  0.392379761
 wtx  6.67699229E-10hfrac  0.392379761
 wtx  1.71340483E-10hfrac  0.392379761
 wtx  2.34944258E-10hfrac  0.392379761
 wtx  1.13351928E-09hfrac  0.392379761
 wtx  1.17873333E-09hfrac  0.392379761
 wtx  1.16859866E-09hfrac  0.392379761
 wtx  9.74307635E-10hfrac  0.392379761
 wtx  1.26474364E-09hfrac  0.392379761
 wtx  1.31662503E-09hfrac  0.392379761
 wtx  9.28311539E-10hfrac  0.392379761
 wtx  9.36898448E-10hfrac  0.392379761
 wtx  1.36016115E-10hfrac  0.392379761
 wtx  6.28740592E-16hfrac  0.392379761
 wtx  6.28329555E-10hfrac  0.392379761
 wtx  7.10188908E-10hfrac  0.392379761
 wtx  4.59521587E-10hfrac  0.392379761
 wtx  1.8785834E-10hfrac  0.392379761
 wtx  1.19259311E-10hfrac  0.392379761
 wtx  3.48548412E-10hfrac  0.392379761
 wtx  4.80164852E-10hfrac  0.392379761
 wtx  1.30811206E-09hfrac  0.392379761
 wtx  1.3171767E-09hfrac  0.392379761
 wtx  3.31831125E-11hfrac  0.392379761
 wtx  3.67366831E-10hfrac  0.392379761
 wtx  6.00970662E-10hfrac  0.392379761
 wtx  1.083163E-09hfrac  0.392379761
 wtx  9.48766621E-10hfrac  0.392379761
 wtx  1.00198283E-09hfrac  0.392379761
 wtx  2.65902772E-10hfrac  0.392379761
 wtx  1.10102349E-09hfrac  0.392379761
   1      0.1081292E-04 0.2838E-05  0.1081292E-04 0.2838E-05  0.000    
   2      0.1295832E-04 0.7631E-06  0.1285550E-04 0.6857E-06 0.4467    



 INPUT PARAMETERS FOR VEGAS:  NDIM=  3  NCALL=  4920750.
                              IT=    0  ITMX=    4
                              MDS= -1   ND=  45
   1      0.1475727E-04 0.7514E-07  0.1475727E-04 0.7514E-07  0.000    
   2      0.1473856E-04 0.7439E-07  0.1474783E-04 0.5286E-07 0.3131E-01
   3      0.1459712E-04 0.7418E-07  0.1469776E-04 0.4305E-07  1.375    
   4      0.1476699E-04 0.7447E-07  0.1471522E-04 0.3727E-07  1.132    



 INPUT PARAMETERS FOR VEGAS:  NDIM=  6  NCALL=    78125.
                              IT=    0  ITMX=    4
                              MDS=  1   ND=  50
 ALFAS  =   0.168707864
 MUR2   =   117.623897
 LOGMUR =   1.65120298
 MUF2   =   117.623897
 LOGMUF =   1.65120298
  
 INTEGRATING NLO GLUON ...
  
   1     -0.4327820E-04 0.3630E-04 -0.4327820E-04 0.3630E-04  0.000    
   2      0.6407006E-05 0.4522E-05 -0.1419045E-04 0.1671E-04  2.147    
   3      0.1731170E-05 0.1005E-05 -0.6804995E-05 0.9995E-05  1.923    
   4      0.6931142E-05 0.5411E-05 -0.4000264E-05 0.7818E-05  1.835    



 INPUT PARAMETERS FOR VEGAS:  NDIM=  6  NCALL=   786432.
                              IT=    0  ITMX=    8
                              MDS=  1   ND=  50
   1      0.9381123E-05 0.2061E-05  0.9381123E-05 0.2061E-05  0.000    
   2      0.7193553E-05 0.1878E-05  0.8474194E-05 0.1405E-05 0.5885    
   3     -0.4365381E-06 0.1081E-04  0.8473783E-05 0.1148E-05 0.4422    
   4      0.1017914E-04 0.3229E-05  0.8847600E-05 0.1159E-05 0.3494    
   5      0.1036325E-04 0.1272E-05  0.9747779E-05 0.7928E-06 0.4477    
   6      0.1250635E-04 0.3167E-05  0.1008572E-04 0.8151E-06 0.5435    
   7      0.6770562E-05 0.4924E-05  0.1003719E-04 0.7822E-06 0.5278    
   8      0.8770986E-05 0.1805E-05  0.9841524E-05 0.7181E-06 0.5120    



 INPUT PARAMETERS FOR VEGAS:  NDIM=  6  NCALL=    78125.
                              IT=    0  ITMX=    4
                              MDS=  1   ND=  50
 ALFAS  =   0.174111708
 MUR2   =   91.4170226
 LOGMUR =   1.39914247
 MUF2   =   91.4170226
 LOGMUF =   1.39914247
  
 INTEGRATING QUARK INITIATED ...
  
   1     -0.5557740E-06 0.8317E-06 -0.5557740E-06 0.8317E-06  0.000    
   2      0.1462718E-08 0.5300E-08 -0.4745743E-06 0.5436E-06 0.1308    
   3      0.5518369E-06 0.3970E-06  0.3332601E-06 0.2886E-06  1.109    
   4      0.1709836E-07 0.4545E-06  0.3330780E-06 0.2499E-06 0.9858    



 INPUT PARAMETERS FOR VEGAS:  NDIM=  6  NCALL=   786432.
                              IT=    0  ITMX=    8
                              MDS=  1   ND=  50
   1      0.3667624E-06 0.4581E-06  0.3667624E-06 0.4581E-06  0.000    
   2      0.1236196E-05 0.6306E-06  0.1111902E-05 0.4306E-06 0.4995    
   3      0.5075489E-06 0.2752E-06  0.8511529E-06 0.2849E-06 0.8762    
   4      0.4112225E-06 0.9340E-06  0.8405983E-06 0.2543E-06 0.7392    
   5      0.4514321E-06 0.8640E-06  0.8278789E-06 0.2343E-06 0.6532    
   6      0.1356865E-05 0.5884E-06  0.1033650E-05 0.2245E-06 0.6117    
   7      0.2927772E-05 0.2530E-05  0.1202650E-05 0.3478E-06 0.5953    
   8      0.1201623E-05 0.7951E-06  0.1202514E-05 0.3198E-06 0.5236    
  
 CROSS SECTION =   2.57592612E-05 +/-   7.86946972E-07
  
  # of events with muons:  0 out of:  49442999
  All:           1. muons:   0.000690952642 2. muon   3.94974377E-05
 In acc: 1. muons:      0.000:      0.274 % 2. muon      0.000:      0.735 %
  Norm Histos here: lum=   1.lumbreit lum1  1.
  ZEUS scenario in Lab frame Q2>4
  Total      sig (pb):   0.00429460546
  b tot  sig (pb):   0.00115020678
  >=1jets sig (pb):   0.00202080817
  muon +no cuts on jet sig (pb):   0.000423083169
  muon+jet    sig (pb):   0.000244891824
  muon+jet+cone sig (pb):   0.000122295838
  ZEUS scenario in Breit frame Q2>2 
  tot        sig (pb):   0.00429460546
  b.cross    sig (pb):   0.00147538388
  >=1jet sig (pb):   0.00142181094
  muon nojet cut sig (pb):   7.84726872E-05
  muon+jet   sig (pb):   2.38634639E-05
 incl jet   sig (pb):  7.84335425E-05
 incl muon  sig (pb):  2.58490309E-05
 incl b     sig (pb):  0.00178978196
 generator:HVQ     hfrac  0.2205
  Output Histos here 
