  
 ============================
 | HVQDIS  V1.4  APRIL 2000 |
 ============================
  
 NORDER    =        2
 ISCALER   =        7
 ISCALEF   =        7
 IPDF      =        2
 PTS0      =   500000
 ITS0      =        2
 PTS1      =    80000
 ITS1      =        4
 IQUARK    =        2
 MASS      =      5.00
 EPRO      =    920.00
 EIEL      =     27.50
 Q2MIN     =      4.00
 Q2MAX     =   *******
 XBJMIN    =      0.00
 XBJMAX    =      1.00
 YMIN      =      0.05
 YMAX      =      0.70
 ETAMAX    =      2.50
 PTMIN     =      0.00
 PTMAX     =   *******
 IFRAG     =        0
 ISL       =        1
 EPS       =      0.0035
 HFRAC     =      0.2205
 XMD       =      5.2780
 TCFRAG    =        0
 TCSL    =        1
 PREF      =   f2b_4.-100000._0.-1._r7_f7_m5.0.histos  
  
 BOTTOM PRODUCTION
 RM48 INITIALIZED:        40           0         0
 **hist: start histos 
 HPATH.  ERROR IN PATHNAME,


 ===> Directory : 
  create directory HISB
 hfrac:  0.2205
 **hzb: Version kula1  
 FULL LO+NLO ME



 INPUT PARAMETERS FOR VEGAS:  NDIM=  3  NCALL=   476656.
                              IT=    0  ITMX=    2
                              MDS= -1   ND=  31
 **MScale: SCALFA=   1. ISCALE=  7
 **MScale: scale: (Q2+Pt2+M2)/4 
 1**Scales: M2=   25. Q2=   42.8717789 X2=   0.036909104
 1**Scale:   16.977172
 **MScale: SCALFA=   1. ISCALE=  7
 **MScale: scale: (Q2+Pt2+M2)/4 
 2**Scales: M2=   25. Q2=   42.8717789 X2=   0.036909104
 2**Scale:   16.977172
 wtx  3.29431214E-06hfrac  0.392379761
 **frag: Peterson frag function 
 **frag: Vincenzo semi-leptonic routine dir+indir 

 ******************************************************
 KTCLUS: written by Mike Seymour, July 1992.
 Last modified October 1997.
 Please send comments or suggestions to Mike.Seymour@rl.ac.uk

       Collision type = 3 = pe        
     Angular variable = 2 = DeltaR    
 Monotonic definition = 1 = no        
 Recombination scheme = 1 = E         
 Ecut=  1.00
 ******************************************************

 **MScale: SCALFA=   1. ISCALE=  7
 **MScale: scale: (Q2+Pt2+M2)/4 
 3**Scales: M2=   25. Q2=   36.0597435 X2=   0.0289683254
 3**Scale:   15.272178
 **MScale: SCALFA=   1. ISCALE=  7
 **MScale: scale: (Q2+Pt2+M2)/4 
 4**Scales: M2=   25. Q2=   36.0597435 X2=   0.0289683254
 4**Scale:   15.272178
 wtx  3.85139174E-06hfrac  0.392379761
 **MScale: SCALFA=   1. ISCALE=  7
 **MScale: scale: (Q2+Pt2+M2)/4 
 5**Scales: M2=   25. Q2=   72.7615224 X2=   0.266604065
 5**Scale:   24.5070316
 6**Scales: M2=   25. Q2=   72.7615224 X2=   0.266604065
 6**Scale:   24.5070316
 wtx  3.91645426E-06hfrac  0.392379761
 7**Scales: M2=   25. Q2=   78.5185656 X2=   0.0486410403
 7**Scale:   25.8918017
 8**Scales: M2=   25. Q2=   78.5185656 X2=   0.0486410403
 8**Scale:   25.8918017
 wtx  1.46216917E-06hfrac  0.392379761
 9**Scales: M2=   25. Q2=   35.3922026 X2=   0.0449615587
 9**Scale:   15.109291
 10**Scales: M2=   25. Q2=   35.3922026 X2=   0.0449615587
 10**Scale:   15.109291
 wtx  3.43935062E-06hfrac  0.392379761
 11**Scales: M2=   25. Q2=   57.7999678 X2=   0.810390979
 11**Scale:   20.9025897
 12**Scales: M2=   25. Q2=   57.7999678 X2=   0.810390979
 12**Scale:   20.9025897
 wtx  9.81509584E-06hfrac  0.392379761
 13**Scales: M2=   25. Q2=   49.6666224 X2=   0.954079375
 13**Scale:   18.9051754
 14**Scales: M2=   25. Q2=   49.6666224 X2=   0.954079375
 14**Scale:   18.9051754
 wtx  1.37812194E-05hfrac  0.392379761
 15**Scales: M2=   25. Q2=   70.5153 X2=   0.294762086
 15**Scale:   23.9525155
 16**Scales: M2=   25. Q2=   70.5153 X2=   0.294762086
 16**Scale:   23.9525155
 wtx  3.76443927E-06hfrac  0.392379761
 17**Scales: M2=   25. Q2=   38.9578382 X2=   3.7394533
 17**Scale:   16.9243229
 18**Scales: M2=   25. Q2=   38.9578382 X2=   3.7394533
 18**Scale:   16.9243229
 wtx  3.68955589E-05hfrac  0.392379761
 19**Scales: M2=   25. Q2=   48.0802346 X2=   0.195242011
 19**Scale:   18.3188691
 20**Scales: M2=   25. Q2=   48.0802346 X2=   0.195242011
 20**Scale:   18.3188691
 wtx  5.10243763E-06hfrac  0.392379761
 21**Scales: M2=   25. Q2=   44.0765677 X2=   4.85942947
 21**Scale:   18.4839993
 22**Scales: M2=   25. Q2=   44.0765677 X2=   4.85942947
 22**Scale:   18.4839993
 wtx  3.45841472E-05hfrac  0.392379761
 23**Scales: M2=   25. Q2=   53.7000106 X2=   0.920237584
 23**Scale:   19.905062
 24**Scales: M2=   25. Q2=   53.7000106 X2=   0.920237584
 24**Scale:   19.905062
 wtx  9.44800104E-06hfrac  0.392379761
 25**Scales: M2=   25. Q2=   8.58573357 X2=   0.0197145054
 25**Scale:   8.40136202
 26**Scales: M2=   25. Q2=   8.58573357 X2=   0.0197145054
 26**Scale:   8.40136202
 wtx  1.25442957E-05hfrac  0.392379761
 27**Scales: M2=   25. Q2=   46.3000227 X2=   3.65566729
 27**Scale:   18.7389225
 28**Scales: M2=   25. Q2=   46.3000227 X2=   3.65566729
 28**Scale:   18.7389225
 wtx  2.55616651E-05hfrac  0.392379761
 29**Scales: M2=   25. Q2=   77.1215368 X2=   10.2025786
 29**Scale:   28.0810288
 30**Scales: M2=   25. Q2=   77.1215368 X2=   10.2025786
 30**Scale:   28.0810288
 wtx  1.48762447E-05hfrac  0.392379761
 31**Scales: M2=   25. Q2=   82.0111009 X2=   9.80621906
 31**Scale:   29.20433
 32**Scales: M2=   25. Q2=   82.0111009 X2=   9.80621906
 32**Scale:   29.20433
 wtx  1.34535012E-05hfrac  0.392379761
 33**Scales: M2=   25. Q2=   51.0821522 X2=   0.0171622433
 33**Scale:   19.0248286
 34**Scales: M2=   25. Q2=   51.0821522 X2=   0.0171622433
 34**Scale:   19.0248286
 wtx  1.18402966E-06hfrac  0.392379761
 35**Scales: M2=   25. Q2=   44.5366756 X2=   3.92780402
 35**Scale:   18.3661199
 36**Scales: M2=   25. Q2=   44.5366756 X2=   3.92780402
 36**Scale:   18.3661199
 wtx  2.93225694E-05hfrac  0.392379761
 37**Scales: M2=   25. Q2=   12.6162625 X2=   17.4737066
 37**Scale:   13.7724923
 38**Scales: M2=   25. Q2=   12.6162625 X2=   17.4737066
 38**Scale:   13.7724923
 wtx  0.000209543054hfrac  0.392379761
 39**Scales: M2=   25. Q2=   31.325071 X2=   24.1977906
 39**Scale:   20.1307154
 40**Scales: M2=   25. Q2=   31.325071 X2=   24.1977906
 40**Scale:   20.1307154
 wtx  6.564879E-05hfrac  0.392379761
 41**Scales: M2=   25. Q2=   24.3389191 X2=   305.618971
 41**Scale:   88.7394725
 42**Scales: M2=   25. Q2=   24.3389191 X2=   305.618971
 42**Scale:   88.7394725
 wtx  4.73368438E-08hfrac  0.392379761
 **bmatch: create BMAT   
 BMAT    histos booked ! 
 43**Scales: M2=   25. Q2=   43.8101968 X2=   2.37560058
 43**Scale:   17.7964493
 44**Scales: M2=   25. Q2=   43.8101968 X2=   2.37560058
 44**Scale:   17.7964493
 wtx  1.93483866E-05hfrac  0.392379761
 45**Scales: M2=   25. Q2=   76.4920148 X2=   2.15543437
 45**Scale:   25.9118623
 46**Scales: M2=   25. Q2=   76.4920148 X2=   2.15543437
 46**Scale:   25.9118623
 wtx  7.84330587E-06hfrac  0.392379761
 47**Scales: M2=   25. Q2=   20.0071466 X2=   3.06994619
 47**Scale:   12.0192732
 48**Scales: M2=   25. Q2=   20.0071466 X2=   3.06994619
 48**Scale:   12.0192732
 wtx  7.04729246E-05hfrac  0.392379761
 49**Scales: M2=   25. Q2=   38.4651899 X2=   0.691074114
 49**Scale:   16.039066
 50**Scales: M2=   25. Q2=   38.4651899 X2=   0.691074114
 50**Scale:   16.039066
 wtx  1.20059067E-05hfrac  0.392379761
 51**Scales: M2=   25. Q2=   67.6750885 X2=   31.1081323
 51**Scale:   30.9458052
 52**Scales: M2=   25. Q2=   67.6750885 X2=   31.1081323
 52**Scale:   30.9458052
 wtx  1.9709596E-05hfrac  0.392379761
 53**Scales: M2=   25. Q2=   40.4699224 X2=   212.761232
 53**Scale:   69.5577885
 54**Scales: M2=   25. Q2=   40.4699224 X2=   212.761232
 54**Scale:   69.5577885
 wtx  3.4687514E-06hfrac  0.392379761
 55**Scales: M2=   25. Q2=   48.6086317 X2=   2.62879085
 55**Scale:   19.0593556
 56**Scales: M2=   25. Q2=   48.6086317 X2=   2.62879085
 56**Scale:   19.0593556
 wtx  1.76238445E-05hfrac  0.392379761
 57**Scales: M2=   25. Q2=   34.3008374 X2=   19.0667656
 57**Scale:   19.5919008
 58**Scales: M2=   25. Q2=   34.3008374 X2=   19.0667656
 58**Scale:   19.5919008
 wtx  6.16171164E-05hfrac  0.392379761
 59**Scales: M2=   25. Q2=   9.71794134 X2=   6.80114973
 59**Scale:   10.3797728
 60**Scales: M2=   25. Q2=   9.71794134 X2=   6.80114973
 60**Scale:   10.3797728
 wtx  0.00022567487hfrac  0.392379761
 61**Scales: M2=   25. Q2=   33.1260731 X2=   9.3660388
 61**Scale:   16.873028
 62**Scales: M2=   25. Q2=   33.1260731 X2=   9.3660388
 62**Scale:   16.873028
 wtx  5.41250811E-05hfrac  0.392379761
 63**Scales: M2=   25. Q2=   96.6244897 X2=   100.425704
 63**Scale:   55.5125483
 64**Scales: M2=   25. Q2=   96.6244897 X2=   100.425704
 64**Scale:   55.5125483
 wtx  5.93809636E-06hfrac  0.392379761
 65**Scales: M2=   25. Q2=   83.0629368 X2=   154.380228
 65**Scale:   65.6107911
 66**Scales: M2=   25. Q2=   83.0629368 X2=   154.380228
 66**Scale:   65.6107911
 wtx  4.61065019E-06hfrac  0.392379761
 67**Scales: M2=   25. Q2=   17.5478338 X2=   8.31914137
 67**Scale:   12.7167438
 68**Scales: M2=   25. Q2=   17.5478338 X2=   8.31914137
 68**Scale:   12.7167438
 wtx  0.000118312419hfrac  0.392379761
 69**Scales: M2=   25. Q2=   79.6369095 X2=   5.95620051
 69**Scale:   27.6482775
 70**Scales: M2=   25. Q2=   79.6369095 X2=   5.95620051
 70**Scale:   27.6482775
 wtx  1.0488503E-05hfrac  0.392379761
 71**Scales: M2=   25. Q2=   12.8458733 X2=   5.46379534
 71**Scale:   10.8274172
 72**Scales: M2=   25. Q2=   12.8458733 X2=   5.46379534
 72**Scale:   10.8274172
 wtx  0.000140224598hfrac  0.392379761
 73**Scales: M2=   25. Q2=   59.4545583 X2=   22.1762054
 73**Scale:   26.6576909
 74**Scales: M2=   25. Q2=   59.4545583 X2=   22.1762054
 74**Scale:   26.6576909
 wtx  2.55685809E-05hfrac  0.392379761
 75**Scales: M2=   25. Q2=   11.2544305 X2=   69.2469328
 75**Scale:   26.3753408
 76**Scales: M2=   25. Q2=   11.2544305 X2=   69.2469328
 76**Scale:   26.3753408
 wtx  0.000166404192hfrac  0.392379761
 77**Scales: M2=   25. Q2=   63.4254552 X2=   218.014852
 77**Scale:   76.6100768
 78**Scales: M2=   25. Q2=   63.4254552 X2=   218.014852
 78**Scale:   76.6100768
 wtx  4.05924266E-06hfrac  0.392379761
 79**Scales: M2=   25. Q2=   40.1872443 X2=   8.88010397
 79**Scale:   18.5168371
 80**Scales: M2=   25. Q2=   40.1872443 X2=   8.88010397
 80**Scale:   18.5168371
 wtx  3.9409937E-05hfrac  0.392379761
 81**Scales: M2=   25. Q2=   4.30472903 X2=   6.13858621
 81**Scale:   8.86082881
 82**Scales: M2=   25. Q2=   4.30472903 X2=   6.13858621
 82**Scale:   8.86082881
 wtx  0.000485907367hfrac  0.392379761
 83**Scales: M2=   25. Q2=   33.1468659 X2=   100.516715
 83**Scale:   39.6658951
 84**Scales: M2=   25. Q2=   33.1468659 X2=   100.516715
 84**Scale:   39.6658951
 wtx  3.44414184E-05hfrac  0.392379761
 85**Scales: M2=   25. Q2=   68.2897356 X2=   98.9188233
 85**Scale:   48.0521397
 86**Scales: M2=   25. Q2=   68.2897356 X2=   98.9188233
 86**Scale:   48.0521397
 wtx  1.12535263E-05hfrac  0.392379761
 87**Scales: M2=   25. Q2=   35.4414344 X2=   64.3006288
 87**Scale:   31.1855158
 88**Scales: M2=   25. Q2=   35.4414344 X2=   64.3006288
 88**Scale:   31.1855158
 wtx  4.02355217E-05hfrac  0.392379761
 89**Scales: M2=   25. Q2=   18.2040017 X2=   65.4360914
 89**Scale:   27.1600233
 90**Scales: M2=   25. Q2=   18.2040017 X2=   65.4360914
 90**Scale:   27.1600233
 wtx  9.74700306E-05hfrac  0.392379761
 91**Scales: M2=   25. Q2=   57.0390838 X2=   5.65104816
 91**Scale:   21.922533
 92**Scales: M2=   25. Q2=   57.0390838 X2=   5.65104816
 92**Scale:   21.922533
 wtx  1.79527633E-05hfrac  0.392379761
 93**Scales: M2=   25. Q2=   74.3315669 X2=   10.1196564
 93**Scale:   27.3628058
 94**Scales: M2=   25. Q2=   74.3315669 X2=   10.1196564
 94**Scale:   27.3628058
 wtx  1.40460297E-05hfrac  0.392379761
 95**Scales: M2=   25. Q2=   68.8537511 X2=   124.899913
 95**Scale:   54.688416
 96**Scales: M2=   25. Q2=   68.8537511 X2=   124.899913
 96**Scale:   54.688416
 wtx  8.24256858E-06hfrac  0.392379761
 97**Scales: M2=   25. Q2=   21.5171327 X2=   344.515531
 97**Scale:   97.7581658
 98**Scales: M2=   25. Q2=   21.5171327 X2=   344.515531
 98**Scale:   97.7581658
 wtx  9.63436742E-06hfrac  0.392379761
 99**Scales: M2=   25. Q2=   37.9148805 X2=   181.55439
 99**Scale:   61.1173175
 100**Scales: M2=   25. Q2=   37.9148805 X2=   181.55439
 100**Scale:   61.1173175
 wtx  1.53626206E-05hfrac  0.392379761
 wtx  5.22794835E-05hfrac  0.392379761
 wtx  1.1476458E-05hfrac  0.392379761
 wtx  2.00655495E-06hfrac  0.392379761
 wtx  7.86247347E-06hfrac  0.392379761
 wtx  1.44385776E-05hfrac  0.392379761
 wtx  3.01791806E-05hfrac  0.392379761
 wtx  3.6230369E-05hfrac  0.392379761
 wtx  2.01466792E-05hfrac  0.392379761
 wtx  1.721638E-05hfrac  0.392379761
 wtx  3.40029219E-05hfrac  0.392379761
 wtx  6.95648923E-05hfrac  0.392379761
 wtx  1.65183937E-05hfrac  0.392379761
 wtx  1.90198352E-05hfrac  0.392379761
 wtx  8.20773766E-06hfrac  0.392379761
 wtx  0.000158787865hfrac  0.392379761
 wtx  1.47031333E-05hfrac  0.392379761
 wtx  1.1592856E-05hfrac  0.392379761
 wtx  7.44636452E-07hfrac  0.392379761
 wtx  2.41033249E-05hfrac  0.392379761
 wtx  0.000124791899hfrac  0.392379761
 wtx  3.31988231E-05hfrac  0.392379761
 wtx  1.41820829E-05hfrac  0.392379761
 wtx  5.91602486E-07hfrac  0.392379761
 wtx  1.87412406E-05hfrac  0.392379761
 wtx  1.44777041E-05hfrac  0.392379761
 wtx  4.20132255E-06hfrac  0.392379761
 wtx  4.63174865E-06hfrac  0.392379761
 wtx  1.72433502E-05hfrac  0.392379761
 wtx  3.00050069E-05hfrac  0.392379761
 wtx  4.03172671E-05hfrac  0.392379761
 wtx  6.9454527E-06hfrac  0.392379761
 wtx  1.58062012E-05hfrac  0.392379761
 wtx  2.4445651E-06hfrac  0.392379761
 wtx  2.3585626E-05hfrac  0.392379761
 wtx  2.56229737E-06hfrac  0.392379761
 wtx  6.22130528E-06hfrac  0.392379761
 wtx  2.35383013E-05hfrac  0.392379761
 wtx  6.37077683E-05hfrac  0.392379761
 wtx  4.1629969E-06hfrac  0.392379761
 wtx  2.56888616E-05hfrac  0.392379761
 wtx  2.83854406E-05hfrac  0.392379761
 wtx  4.33056766E-06hfrac  0.392379761
 wtx  1.16757537E-05hfrac  0.392379761
 wtx  3.74434312E-05hfrac  0.392379761
 wtx  3.13772944E-05hfrac  0.392379761
 wtx  4.41525117E-05hfrac  0.392379761
 wtx  0.000578808365hfrac  0.392379761
 wtx  3.9829727E-05hfrac  0.392379761
 wtx  3.80581587E-05hfrac  0.392379761
 wtx  1.15605726E-05hfrac  0.392379761
   1       11.39092      1.217       11.39092      1.217      0.000    
   2       13.29081     0.4364       13.12673     0.3885      1.887    



 INPUT PARAMETERS FOR VEGAS:  NDIM=  3  NCALL=  4920750.
                              IT=    0  ITMX=    4
                              MDS= -1   ND=  45
   1       13.26337     0.3712E-01   13.26337     0.3712E-01  0.000    
   2       13.36099     0.3725E-01   13.31237     0.2629E-01  3.447    
   3       13.26828     0.3693E-01   13.29761     0.2142E-01  2.199    
   4       13.27704     0.3699E-01   13.29246     0.1854E-01  1.544    



 INPUT PARAMETERS FOR VEGAS:  NDIM=  6  NCALL=    78125.
                              IT=    0  ITMX=    4
                              MDS=  1   ND=  50
 **sig1: iscalef=  7
 **sig1: mur=   40.9310608
 **sig1: iscalef=  7
 **sig1: muf=   40.9310608
 ALFAS  =   0.189617423
 MUR2   =   40.9310608
 LOGMUR =   0.493013383
 MUF2   =   40.9310608
 LOGMUF =   0.493013383
  
 INTEGRATING NLO GLUON ...
  
   1       3.259854      5.858       3.259854      5.858      0.000    
   2     -0.5979539      2.989       2.818343      3.963     0.9602E-01
   3       4.169401      1.864       4.081153      1.329     0.5943E-01
   4       5.692027      1.942       5.073593      1.044     0.2124    



 INPUT PARAMETERS FOR VEGAS:  NDIM=  6  NCALL=   786432.
                              IT=    0  ITMX=    8
                              MDS=  1   ND=  50
   1       5.646397     0.4441       5.646397     0.4441      0.000    
   2       5.392822     0.5480       5.551394     0.3434     0.1278    
   3       5.775270     0.4769       5.632436     0.2786     0.1365    
   4       6.701087     0.6401       5.859957     0.2600      1.026    
   5       6.999964     0.5008       6.173625     0.2302      1.934    
   6       7.464390      1.491       6.217642     0.2351      1.631    
   7       5.973090     0.4282       6.166468     0.2073      1.422    
   8       6.620644     0.9880       6.187389     0.2037      1.235    



 INPUT PARAMETERS FOR VEGAS:  NDIM=  6  NCALL=    78125.
                              IT=    0  ITMX=    4
                              MDS=  1   ND=  50
 ALFAS  =   0.136586903
 MUR2   =   536.202845
 LOGMUR =   3.06563671
 MUF2   =   536.202845
 LOGMUF =   3.06563671
  
 INTEGRATING QUARK INITIATED ...
  
   1       2.843010      2.213       2.843010      2.213      0.000    
   2       2.157126      1.029       2.344410      1.026     0.8867E-01
   3       3.770246      1.270       3.190132     0.7775     0.4373    
   4       1.599376     0.5087       2.554646     0.5460      1.034    



 INPUT PARAMETERS FOR VEGAS:  NDIM=  6  NCALL=   786432.
                              IT=    0  ITMX=    8
                              MDS=  1   ND=  50
   1       2.330112     0.1744       2.330112     0.1744      0.000    
   2       2.002728     0.1265       2.138921     0.1049      2.368    
   3       2.132523     0.1325       2.136514     0.8232E-01  1.199    
   4       2.211579     0.1386       2.156782     0.7076E-01 0.8638    
   5       2.125273     0.1797       2.152712     0.6575E-01 0.6599    
   6       2.307127     0.1768       2.173703     0.6181E-01 0.6627    
   7       2.217759     0.1269       2.182337     0.5553E-01 0.5666    
   8       2.543812     0.2691       2.201944     0.5516E-01 0.7802    
  
 CROSS SECTION =   21.6817884 +/-   0.211814912
  
  # of events with muons:  0 out of:  55238480
  All:           1. muons:   88.699379 2. muon   7.27338266
 In acc: 1. muons:     70.404:      0.794 % 2. muon      8.571:      1.178 %
  Norm Histos here: lum=   1.lumbreit lum1  1.
  ZEUS scenario in Lab frame Q2>4
  Total      sig (pb):   419.949615
  b tot  sig (pb):   263.634186
  >=1jets sig (pb):   370.366669
  muon +no cuts on jet sig (pb):   50.929615
  muon+jet    sig (pb):   46.9537392
  muon+jet+cone sig (pb):   31.3977356
  ZEUS scenario in Breit frame Q2>2 
  tot        sig (pb):   419.944397
  b.cross    sig (pb):   285.823975
  >=1jet sig (pb):   263.09433
  muon nojet cut sig (pb):   28.7339344
  muon+jet   sig (pb):   21.8479939
 incl jet   sig (pb):  89.9869385
 incl muon  sig (pb):  23.9035416
 incl b     sig (pb):  384.720032
 generator:HVQ     hfrac  0.2205
  Output Histos here 
