  
 ============================
 | HVQDIS  V1.4  APRIL 2000 |
 ============================
  
 NORDER    =        2
 ISCALER   =        7
 ISCALEF   =        7
 IPDF      =        2
 PTS0      =   500000
 ITS0      =        2
 PTS1      =    80000
 ITS1      =        4
 IQUARK    =        2
 MASS      =      4.50
 EPRO      =    920.00
 EIEL      =     27.50
 Q2MIN     =      4.00
 Q2MAX     =   *******
 XBJMIN    =      0.00
 XBJMAX    =      1.00
 YMIN      =      0.05
 YMAX      =      0.70
 ETAMAX    =      2.50
 PTMIN     =      0.00
 PTMAX     =   *******
 IFRAG     =        0
 ISL       =        1
 EPS       =      0.0035
 HFRAC     =      0.2205
 XMD       =      5.2780
 TCFRAG    =        0
 TCSL    =        1
 PREF      =   f2b_4.-100000._0.-1._r7_f7_m4.5.histos  
  
 BOTTOM PRODUCTION
 RM48 INITIALIZED:        40           0         0
 **hist: start histos 
 HPATH.  ERROR IN PATHNAME,


 ===> Directory : 
  create directory HISB
 hfrac:  0.2205
 **hzb: Version kula1  
 FULL LO+NLO ME



 INPUT PARAMETERS FOR VEGAS:  NDIM=  3  NCALL=   476656.
                              IT=    0  ITMX=    2
                              MDS= -1   ND=  31
 **MScale: SCALFA=   1. ISCALE=  7
 **MScale: scale: (Q2+Pt2+M2)/4 
 1**Scales: M2=   20.25 Q2=   43.0165853 X2=   0.0322533768
 1**Scale:   15.8247097
 **MScale: SCALFA=   1. ISCALE=  7
 **MScale: scale: (Q2+Pt2+M2)/4 
 2**Scales: M2=   20.25 Q2=   43.0165853 X2=   0.0322533768
 2**Scale:   15.8247097
 wtx  4.49687423E-06hfrac  0.392379761
 **frag: Peterson frag function 
 **frag: Vincenzo semi-leptonic routine dir+indir 

 ******************************************************
 KTCLUS: written by Mike Seymour, July 1992.
 Last modified October 1997.
 Please send comments or suggestions to Mike.Seymour@rl.ac.uk

       Collision type = 3 = pe        
     Angular variable = 2 = DeltaR    
 Monotonic definition = 1 = no        
 Recombination scheme = 1 = E         
 Ecut=  1.00
 ******************************************************

 **MScale: SCALFA=   1. ISCALE=  7
 **MScale: scale: (Q2+Pt2+M2)/4 
 3**Scales: M2=   20.25 Q2=   36.1746996 X2=   0.0251129308
 3**Scale:   14.1124531
 **MScale: SCALFA=   1. ISCALE=  7
 **MScale: scale: (Q2+Pt2+M2)/4 
 4**Scales: M2=   20.25 Q2=   36.1746996 X2=   0.0251129308
 4**Scale:   14.1124531
 wtx  5.27388875E-06hfrac  0.392379761
 **MScale: SCALFA=   1. ISCALE=  7
 **MScale: scale: (Q2+Pt2+M2)/4 
 5**Scales: M2=   20.25 Q2=   73.0083775 X2=   0.239137525
 5**Scale:   23.3743788
 6**Scales: M2=   20.25 Q2=   73.0083775 X2=   0.239137525
 6**Scale:   23.3743788
 wtx  5.27037446E-06hfrac  0.392379761
 7**Scales: M2=   20.25 Q2=   78.7551351 X2=   0.0437218258
 7**Scale:   24.7622142
 8**Scales: M2=   20.25 Q2=   78.7551351 X2=   0.0437218258
 8**Scale:   24.7622142
 wtx  1.9315662E-06hfrac  0.392379761
 9**Scales: M2=   20.25 Q2=   35.5123011 X2=   0.038855762
 9**Scale:   13.9502892
 10**Scales: M2=   20.25 Q2=   35.5123011 X2=   0.038855762
 10**Scale:   13.9502892
 wtx  4.55165855E-06hfrac  0.392379761
 11**Scales: M2=   20.25 Q2=   57.9979971 X2=   0.719109302
 11**Scale:   19.7417766
 12**Scales: M2=   20.25 Q2=   57.9979971 X2=   0.719109302
 12**Scale:   19.7417766
 wtx  1.33716148E-05hfrac  0.392379761
 13**Scales: M2=   20.25 Q2=   49.8200221 X2=   0.838889667
 13**Scale:   17.7272279
 14**Scales: M2=   20.25 Q2=   49.8200221 X2=   0.838889667
 14**Scale:   17.7272279
 wtx  1.86118268E-05hfrac  0.392379761
 15**Scales: M2=   20.25 Q2=   70.7368234 X2=   0.26339319
 15**Scale:   22.8125541
 16**Scales: M2=   20.25 Q2=   70.7368234 X2=   0.26339319
 16**Scale:   22.8125541
 wtx  4.95200629E-06hfrac  0.392379761
 17**Scales: M2=   20.25 Q2=   39.0742505 X2=   3.2697096
 17**Scale:   15.64849
 18**Scales: M2=   20.25 Q2=   39.0742505 X2=   3.2697096
 18**Scale:   15.64849
 wtx  5.15144966E-05hfrac  0.392379761
 19**Scales: M2=   20.25 Q2=   48.2200626 X2=   0.170979342
 19**Scale:   17.1602605
 20**Scales: M2=   20.25 Q2=   48.2200626 X2=   0.170979342
 20**Scale:   17.1602605
 wtx  6.69028805E-06hfrac  0.392379761
 21**Scales: M2=   20.25 Q2=   44.2079545 X2=   4.26166339
 21**Scale:   17.1799045
 22**Scales: M2=   20.25 Q2=   44.2079545 X2=   4.26166339
 22**Scale:   17.1799045
 wtx  4.71551903E-05hfrac  0.392379761
 23**Scales: M2=   20.25 Q2=   53.8867429 X2=   0.811472383
 23**Scale:   18.7370538
 24**Scales: M2=   20.25 Q2=   53.8867429 X2=   0.811472383
 24**Scale:   18.7370538
 wtx  1.25415081E-05hfrac  0.392379761
 25**Scales: M2=   20.25 Q2=   8.60126898 X2=   0.0163232883
 25**Scale:   7.21689807
 26**Scales: M2=   20.25 Q2=   8.60126898 X2=   0.0163232883
 26**Scale:   7.21689807
 wtx  1.67487033E-05hfrac  0.392379761
 27**Scales: M2=   20.25 Q2=   46.4595132 X2=   3.2078737
 27**Scale:   17.4793467
 28**Scales: M2=   20.25 Q2=   46.4595132 X2=   3.2078737
 28**Scale:   17.4793467
 wtx  3.44764485E-05hfrac  0.392379761
 29**Scales: M2=   20.25 Q2=   77.397242 X2=   9.21070372
 29**Scale:   26.7144864
 30**Scales: M2=   20.25 Q2=   77.397242 X2=   9.21070372
 30**Scale:   26.7144864
 wtx  1.95531247E-05hfrac  0.392379761
 31**Scales: M2=   20.25 Q2=   82.3009021 X2=   8.87669294
 31**Scale:   27.8568988
 32**Scales: M2=   20.25 Q2=   82.3009021 X2=   8.87669294
 32**Scale:   27.8568988
 wtx  1.76078229E-05hfrac  0.392379761
 33**Scales: M2=   20.25 Q2=   51.2326332 X2=   0.0150691581
 33**Scale:   17.8744256
 34**Scales: M2=   20.25 Q2=   51.2326332 X2=   0.0150691581
 34**Scale:   17.8744256
 wtx  1.51771246E-06hfrac  0.392379761
 35**Scales: M2=   20.25 Q2=   44.6660488 X2=   3.43267681
 35**Scale:   17.0871814
 36**Scales: M2=   20.25 Q2=   44.6660488 X2=   3.43267681
 36**Scale:   17.0871814
 wtx  3.89530469E-05hfrac  0.392379761
 37**Scales: M2=   20.25 Q2=   12.6477077 X2=   14.7480725
 37**Scale:   11.911445
 38**Scales: M2=   20.25 Q2=   12.6477077 X2=   14.7480725
 38**Scale:   11.911445
 wtx  0.000302272529hfrac  0.392379761
 39**Scales: M2=   20.25 Q2=   31.414377 X2=   21.0400471
 39**Scale:   18.176106
 40**Scales: M2=   20.25 Q2=   31.414377 X2=   21.0400471
 40**Scale:   18.176106
 wtx  9.16446006E-05hfrac  0.392379761
 41**Scales: M2=   20.25 Q2=   24.4040794 X2=   295.346951
 41**Scale:   85.0002576
 42**Scales: M2=   20.25 Q2=   24.4040794 X2=   295.346951
 42**Scale:   85.0002576
 wtx  1.0552661E-07hfrac  0.392379761
 **bmatch: create BMAT   
 BMAT    histos booked ! 
 43**Scales: M2=   20.25 Q2=   43.9618295 X2=   2.07418261
 43**Scale:   16.571503
 44**Scales: M2=   20.25 Q2=   43.9618295 X2=   2.07418261
 44**Scale:   16.571503
 wtx  2.55286486E-05hfrac  0.392379761
 45**Scales: M2=   20.25 Q2=   76.7277651 X2=   1.93358515
 45**Scale:   24.7278376
 46**Scales: M2=   20.25 Q2=   76.7277651 X2=   1.93358515
 46**Scale:   24.7278376
 wtx  1.00508523E-05hfrac  0.392379761
 47**Scales: M2=   20.25 Q2=   20.0583577 X2=   2.59620656
 47**Scale:   10.7261411
 48**Scales: M2=   20.25 Q2=   20.0583577 X2=   2.59620656
 48**Scale:   10.7261411
 wtx  9.44001295E-05hfrac  0.392379761
 49**Scales: M2=   20.25 Q2=   38.5788836 X2=   0.598891984
 49**Scale:   14.8569439
 50**Scales: M2=   20.25 Q2=   38.5788836 X2=   0.598891984
 50**Scale:   14.8569439
 wtx  1.56296865E-05hfrac  0.392379761
 51**Scales: M2=   20.25 Q2=   67.8960059 X2=   27.9193036
 51**Scale:   29.0163274
 52**Scales: M2=   20.25 Q2=   67.8960059 X2=   27.9193036
 52**Scale:   29.0163274
 wtx  2.55074174E-05hfrac  0.392379761
 53**Scales: M2=   20.25 Q2=   40.5926742 X2=   194.752292
 53**Scale:   63.8987416
 54**Scales: M2=   20.25 Q2=   40.5926742 X2=   194.752292
 54**Scale:   63.8987416
 wtx  5.60069884E-06hfrac  0.392379761
 55**Scales: M2=   20.25 Q2=   48.7541846 X2=   2.30401412
 55**Scale:   17.8270497
 56**Scales: M2=   20.25 Q2=   48.7541846 X2=   2.30401412
 56**Scale:   17.8270497
 wtx  2.28765639E-05hfrac  0.392379761
 57**Scales: M2=   20.25 Q2=   34.4038018 X2=   16.5097551
 57**Scale:   17.7908892
 58**Scales: M2=   20.25 Q2=   34.4038018 X2=   16.5097551
 58**Scale:   17.7908892
 wtx  8.20623973E-05hfrac  0.392379761
 59**Scales: M2=   20.25 Q2=   9.73891247 X2=   5.65707242
 59**Scale:   8.91149622
 60**Scales: M2=   20.25 Q2=   9.73891247 X2=   5.65707242
 60**Scale:   8.91149622
 wtx  0.000308497692hfrac  0.392379761
 61**Scales: M2=   20.25 Q2=   33.2287895 X2=   8.08106414
 61**Scale:   15.3899634
 62**Scales: M2=   20.25 Q2=   33.2287895 X2=   8.08106414
 62**Scale:   15.3899634
 wtx  7.17373696E-05hfrac  0.392379761
 63**Scales: M2=   20.25 Q2=   96.9176765 X2=   92.3314452
 63**Scale:   52.3747804
 64**Scales: M2=   20.25 Q2=   96.9176765 X2=   92.3314452
 64**Scale:   52.3747804
 wtx  7.54748953E-06hfrac  0.392379761
 65**Scales: M2=   20.25 Q2=   83.316597 X2=   141.72194
 65**Scale:   61.3221343
 66**Scales: M2=   20.25 Q2=   83.316597 X2=   141.72194
 66**Scale:   61.3221343
 wtx  6.09580457E-06hfrac  0.392379761
 67**Scales: M2=   20.25 Q2=   17.5959094 X2=   7.01501404
 67**Scale:   11.2152309
 68**Scales: M2=   20.25 Q2=   17.5959094 X2=   7.01501404
 68**Scale:   11.2152309
 wtx  0.000159677555hfrac  0.392379761
 69**Scales: M2=   20.25 Q2=   79.9077175 X2=   5.35841073
 69**Scale:   26.3790321
 70**Scales: M2=   20.25 Q2=   79.9077175 X2=   5.35841073
 70**Scale:   26.3790321
 wtx  1.32918694E-05hfrac  0.392379761
 71**Scales: M2=   20.25 Q2=   12.8785404 X2=   4.56754007
 71**Scale:   9.42402012
 72**Scales: M2=   20.25 Q2=   12.8785404 X2=   4.56754007
 72**Scale:   9.42402012
 wtx  0.000189469283hfrac  0.392379761
 73**Scales: M2=   20.25 Q2=   59.6509406 X2=   19.6919404
 73**Scale:   24.8982203
 74**Scales: M2=   20.25 Q2=   59.6509406 X2=   19.6919404
 74**Scale:   24.8982203
 wtx  3.27906637E-05hfrac  0.392379761
 75**Scales: M2=   20.25 Q2=   11.2791591 X2=   58.4235012
 75**Scale:   22.4881651
 76**Scales: M2=   20.25 Q2=   11.2791591 X2=   58.4235012
 76**Scale:   22.4881651
 wtx  0.000242635797hfrac  0.392379761
 77**Scales: M2=   20.25 Q2=   63.6294698 X2=   198.927922
 77**Scale:   70.7018479
 78**Scales: M2=   20.25 Q2=   63.6294698 X2=   198.927922
 78**Scale:   70.7018479
 wtx  5.68901623E-06hfrac  0.392379761
 79**Scales: M2=   20.25 Q2=   40.3083307 X2=   7.7193123
 79**Scale:   17.0694107
 80**Scales: M2=   20.25 Q2=   40.3083307 X2=   7.7193123
 80**Scale:   17.0694107
 wtx  5.14127933E-05hfrac  0.392379761
 81**Scales: M2=   20.25 Q2=   4.30587981 X2=   5.04539957
 81**Scale:   7.40031985
 82**Scales: M2=   20.25 Q2=   4.30587981 X2=   5.04539957
 82**Scale:   7.40031985
 wtx  0.000664621592hfrac  0.392379761
 83**Scales: M2=   20.25 Q2=   33.2422254 X2=   87.6739978
 83**Scale:   35.2915558
 84**Scales: M2=   20.25 Q2=   33.2422254 X2=   87.6739978
 84**Scale:   35.2915558
 wtx  4.7653848E-05hfrac  0.392379761
 85**Scales: M2=   20.25 Q2=   68.5179444 X2=   89.1437855
 85**Scale:   44.4779325
 86**Scales: M2=   20.25 Q2=   68.5179444 X2=   89.1437855
 86**Scale:   44.4779325
 wtx  1.46169368E-05hfrac  0.392379761
 87**Scales: M2=   20.25 Q2=   35.5568721 X2=   56.0289565
 87**Scale:   27.9589572
 88**Scales: M2=   20.25 Q2=   35.5568721 X2=   56.0289565
 88**Scale:   27.9589572
 wtx  5.43997448E-05hfrac  0.392379761
 89**Scales: M2=   20.25 Q2=   18.2541628 X2=   55.665002
 89**Scale:   23.5422912
 90**Scales: M2=   20.25 Q2=   18.2541628 X2=   55.665002
 90**Scale:   23.5422912
 wtx  0.000137009556hfrac  0.392379761
 91**Scales: M2=   20.25 Q2=   57.2220109 X2=   4.99412919
 91**Scale:   20.616535
 92**Scales: M2=   20.25 Q2=   57.2220109 X2=   4.99412919
 92**Scale:   20.616535
 wtx  2.30315218E-05hfrac  0.392379761
 93**Scales: M2=   20.25 Q2=   74.5855144 X2=   9.0728839
 93**Scale:   25.9770996
 94**Scales: M2=   20.25 Q2=   74.5855144 X2=   9.0728839
 94**Scale:   25.9770996
 wtx  1.76965677E-05hfrac  0.392379761
 95**Scales: M2=   20.25 Q2=   69.1007349 X2=   112.955918
 95**Scale:   50.5766631
 96**Scales: M2=   20.25 Q2=   69.1007349 X2=   112.955918
 96**Scale:   50.5766631
 wtx  1.08436598E-05hfrac  0.392379761
 97**Scales: M2=   20.25 Q2=   21.5740949 X2=   304.329928
 97**Scale:   86.5385057
 98**Scales: M2=   20.25 Q2=   21.5740949 X2=   304.329928
 98**Scale:   86.5385057
 wtx  1.56149836E-05hfrac  0.392379761
 99**Scales: M2=   20.25 Q2=   38.0256639 X2=   160.235106
 99**Scale:   54.6276924
 100**Scales: M2=   20.25 Q2=   38.0256639 X2=   160.235106
 100**Scale:   54.6276924
 wtx  2.16999997E-05hfrac  0.392379761
 wtx  7.06153805E-05hfrac  0.392379761
 wtx  1.46460625E-05hfrac  0.392379761
 wtx  3.21263019E-06hfrac  0.392379761
 wtx  9.85032784E-06hfrac  0.392379761
 wtx  1.83810371E-05hfrac  0.392379761
 wtx  3.8938284E-05hfrac  0.392379761
 wtx  6.15991303E-05hfrac  0.392379761
 wtx  2.59356457E-05hfrac  0.392379761
 wtx  2.16813769E-05hfrac  0.392379761
 wtx  4.44957514E-05hfrac  0.392379761
 wtx  9.17048746E-05hfrac  0.392379761
 wtx  2.09786685E-05hfrac  0.392379761
 wtx  2.39094079E-05hfrac  0.392379761
 wtx  1.08398062E-05hfrac  0.392379761
 wtx  0.000213723441hfrac  0.392379761
 wtx  1.82858803E-05hfrac  0.392379761
 wtx  1.50046135E-05hfrac  0.392379761
 wtx  1.42606279E-06hfrac  0.392379761
 wtx  3.0744759E-05hfrac  0.392379761
 wtx  0.000185275741hfrac  0.392379761
 wtx  4.31337976E-05hfrac  0.392379761
 wtx  1.78118917E-05hfrac  0.392379761
 wtx  8.35115088E-07hfrac  0.392379761
 wtx  2.36216238E-05hfrac  0.392379761
 wtx  1.80865791E-05hfrac  0.392379761
 wtx  5.92530932E-06hfrac  0.392379761
 wtx  6.38116353E-06hfrac  0.392379761
 wtx  2.19770882E-05hfrac  0.392379761
 wtx  3.89919696E-05hfrac  0.392379761
 wtx  5.21729016E-05hfrac  0.392379761
 wtx  9.49893365E-06hfrac  0.392379761
 wtx  2.04300977E-05hfrac  0.392379761
 wtx  3.33519938E-06hfrac  0.392379761
 wtx  3.08234448E-05hfrac  0.392379761
 wtx  4.26536553E-06hfrac  0.392379761
 wtx  8.11612972E-06hfrac  0.392379761
 wtx  2.99781423E-05hfrac  0.392379761
 wtx  8.47144256E-05hfrac  0.392379761
 wtx  5.78852359E-06hfrac  0.392379761
 wtx  3.3254415E-05hfrac  0.392379761
 wtx  3.70813359E-05hfrac  0.392379761
 wtx  5.4811353E-06hfrac  0.392379761
 wtx  1.51468948E-05hfrac  0.392379761
 wtx  4.89072918E-05hfrac  0.392379761
 wtx  4.14209935E-05hfrac  0.392379761
 wtx  6.05207206E-05hfrac  0.392379761
 wtx  0.000799926813hfrac  0.392379761
 wtx  5.25822434E-05hfrac  0.392379761
 wtx  5.05274475E-05hfrac  0.392379761
 wtx  1.44820515E-05hfrac  0.392379761
   1       14.46352      1.895       14.46352      1.895      0.000    
   2       14.22320     0.4660       14.23734     0.4559     0.1539E-01



 INPUT PARAMETERS FOR VEGAS:  NDIM=  3  NCALL=  4920750.
                              IT=    0  ITMX=    4
                              MDS= -1   ND=  45
   1       15.19986     0.4645E-01   15.19986     0.4645E-01  0.000    
   2       15.12840     0.4577E-01   15.16377     0.3260E-01  1.201    
   3       15.10349     0.4545E-01   15.14340     0.2649E-01  1.181    
   4       15.25656     0.4676E-01   15.17121     0.2305E-01  2.273    



 INPUT PARAMETERS FOR VEGAS:  NDIM=  6  NCALL=    78125.
                              IT=    0  ITMX=    4
                              MDS=  1   ND=  50
 **sig1: iscalef=  7
 **sig1: mur=   47.9474775
 **sig1: iscalef=  7
 **sig1: muf=   47.9474775
 ALFAS  =   0.185078257
 MUR2   =   47.9474775
 LOGMUR =   0.8619514
 MUF2   =   47.9474775
 LOGMUF =   0.8619514
  
 INTEGRATING NLO GLUON ...
  
   1     -0.8877245      1.093     -0.8877245      1.093      0.000    
   2      -5.692736      6.779      -3.371277      3.488     0.4739    
   3       2.361360      3.097      -1.658525      2.577     0.8225    
   4       9.057300      2.645       7.532433      1.486      2.349    



 INPUT PARAMETERS FOR VEGAS:  NDIM=  6  NCALL=   786432.
                              IT=    0  ITMX=    8
                              MDS=  1   ND=  50
   1       7.183396     0.6850       7.183396     0.6850      0.000    
   2       7.583559     0.7345       7.380376     0.5019     0.1589    
   3       7.025986     0.7378       7.275785     0.4146     0.1580    
   4       8.820808      1.510       7.430181     0.4160     0.5078    
   5       9.143004      1.277       7.653767     0.4037     0.8625    
   6       6.745960     0.5475       7.400624     0.3345      1.021    
   7       7.056947     0.7613       7.353775     0.3067     0.8984    
   8       7.567316     0.7430       7.383952     0.2836     0.7832    



 INPUT PARAMETERS FOR VEGAS:  NDIM=  6  NCALL=    78125.
                              IT=    0  ITMX=    4
                              MDS=  1   ND=  50
 ALFAS  =   0.150367958
 MUR2   =   227.71108
 LOGMUR =   2.41992284
 MUF2   =   227.71108
 LOGMUF =   2.41992284
  
 INTEGRATING QUARK INITIATED ...
  
   1       3.229020      2.017       3.229020      2.017      0.000    
   2       3.403620      2.194       3.313564      1.488     0.3437E-02
   3      0.4529801      1.410       3.255306      1.208     0.5845E-01
   4       1.703564     0.2616       1.869361     0.3637     0.6249    



 INPUT PARAMETERS FOR VEGAS:  NDIM=  6  NCALL=   786432.
                              IT=    0  ITMX=    8
                              MDS=  1   ND=  50
   1       3.038692     0.2896       3.038692     0.2896      0.000    
   2       2.768382     0.1573       2.839260     0.1418     0.7027    
   3       2.851231     0.1993       2.843182     0.1156     0.3570    
   4       2.492239     0.2439       2.792915     0.1035     0.7245    
   5       2.489431     0.1454       2.705859     0.8558E-01  1.210    
   6       3.022378     0.2363       2.749516     0.8090E-01  1.298    
   7       2.528141     0.1570       2.709798     0.7236E-01  1.339    
   8       2.746452     0.1765       2.715060     0.6695E-01  1.153    
  
 CROSS SECTION =   25.2702168 +/-   0.292340092
  
  # of events with muons:  0 out of:  52647710
  All:           1. muons:   110.50824 2. muon   6.07045841
 In acc: 1. muons:     87.632:      0.793 % 2. muon     10.601:      1.746 %
  Norm Histos here: lum=   1.lumbreit lum1  1.
  ZEUS scenario in Lab frame Q2>4
  Total      sig (pb):   544.214355
  b tot  sig (pb):   313.435944
  >=1jets sig (pb):   462.611603
  muon +no cuts on jet sig (pb):   62.8966293
  muon+jet    sig (pb):   57.7710724
  muon+jet+cone sig (pb):   37.0270462
  ZEUS scenario in Breit frame Q2>2 
  tot        sig (pb):   544.208557
  b.cross    sig (pb):   338.985992
  >=1jet sig (pb):   314.063232
  muon nojet cut sig (pb):   35.7707176
  muon+jet   sig (pb):   25.5550671
 incl jet   sig (pb):  102.451523
 incl muon  sig (pb):  27.7454967
 incl b     sig (pb):  442.818298
 generator:HVQ     hfrac  0.2205
  Output Histos here 
