  
 ============================
 | HVQDIS  V1.4  APRIL 2000 |
 ============================
  
 NORDER    =        2
 ISCALER   =        7
 ISCALEF   =       27
 IPDF      =        5
 PTS0      =   500000
 ITS0      =        2
 PTS1      =    80000
 ITS1      =        4
 IQUARK    =        2
 MASS      =      4.75
 EPRO      =    920.00
 EIEL      =     27.50
 Q2MIN     =      2.00
 Q2MAX     =      4.00
 XBJMIN    =      0.00
 XBJMAX    =      1.00
 YMIN      =      0.05
 YMAX      =      0.70
 ETAMAX    =      2.50
 PTMIN     =      0.00
 PTMAX     =   *******
 IFRAG     =        0
 ISL       =        1
 EPS       =      0.0035
 HFRAC     =      0.2205
 XMD       =      5.2780
 TCFRAG    =        0
 TCSL    =        1
 PREF      =   f2b_2-4_0.0-1._r7_f27_m4.75.histos      
  
 BOTTOM PRODUCTION
 RM48 INITIALIZED:        40           0         0
 **hist: start histos 
 HPATH.  ERROR IN PATHNAME,


 ===> Directory : 
  create directory HISB
 hfrac:  0.2205
 **hzb: Version kula1  
 FULL LO+NLO ME



 INPUT PARAMETERS FOR VEGAS:  NDIM=  3  NCALL=   476656.
                              IT=    0  ITMX=    2
                              MDS= -1   ND=  31
 **MScale: SCALFA=   1. ISCALE=  7
 **MScale: scale: (Q2+Pt2+M2)/4 
 1**Scales: M2=   22.5625 Q2=   2.01524278 X2=   0.0242675745
 1**Scale:   6.15050259
 **MScale: SCALFA=   1. ISCALE=  27
 **MScale: scale: 4*(Q2+Pt2+M2)/4 
 2**Scales: M2=   22.5625 Q2=   2.01524278 X2=   0.0242675745
 2**Scale:   24.6020104
 wtx  5.10569507E-08hfrac  0.392379761
 **frag: Peterson frag function 
 **frag: Vincenzo semi-leptonic routine dir+indir 

 ******************************************************
 KTCLUS: written by Mike Seymour, July 1992.
 Last modified October 1997.
 Please send comments or suggestions to Mike.Seymour@rl.ac.uk

       Collision type = 3 = pe        
     Angular variable = 2 = DeltaR    
 Monotonic definition = 1 = no        
 Recombination scheme = 1 = E         
 Ecut=  1.00
 ******************************************************

 **MScale: SCALFA=   1. ISCALE=  7
 **MScale: scale: (Q2+Pt2+M2)/4 
 3**Scales: M2=   22.5625 Q2=   2.01210064 X2=   0.0199466652
 3**Scale:   6.14863683
 **MScale: SCALFA=   1. ISCALE=  27
 **MScale: scale: 4*(Q2+Pt2+M2)/4 
 4**Scales: M2=   22.5625 Q2=   2.01210064 X2=   0.0199466652
 4**Scale:   24.5945473
 wtx  4.58541756E-08hfrac  0.392379761
 **MScale: SCALFA=   1. ISCALE=  7
 **MScale: scale: (Q2+Pt2+M2)/4 
 5**Scales: M2=   22.5625 Q2=   2.02598475 X2=   0.146220395
 5**Scale:   6.18367629
 6**Scales: M2=   22.5625 Q2=   2.02598475 X2=   0.146220395
 6**Scale:   24.7347052
 wtx  1.20593256E-07hfrac  0.392379761
 7**Scales: M2=   22.5625 Q2=   2.02490205 X2=   0.0256576235
 7**Scale:   6.15326492
 8**Scales: M2=   22.5625 Q2=   2.02490205 X2=   0.0256576235
 8**Scale:   24.6130597
 wtx  4.32723652E-08hfrac  0.392379761
 9**Scales: M2=   22.5625 Q2=   2.01264195 X2=   0.0309355978
 9**Scale:   6.15151939
 10**Scales: M2=   22.5625 Q2=   2.01264195 X2=   0.0309355978
 10**Scale:   24.6060776
 wtx  4.48891342E-08hfrac  0.392379761
 11**Scales: M2=   22.5625 Q2=   2.02084519 X2=   0.486184276
 11**Scale:   6.26738237
 12**Scales: M2=   22.5625 Q2=   2.02084519 X2=   0.486184276
 12**Scale:   25.0695295
 wtx  2.30314043E-07hfrac  0.392379761
 13**Scales: M2=   22.5625 Q2=   2.01614734 X2=   0.598861514
 13**Scale:   6.29437721
 14**Scales: M2=   22.5625 Q2=   2.01614734 X2=   0.598861514
 14**Scale:   25.1775089
 wtx  2.35864917E-07hfrac  0.392379761
 15**Scales: M2=   22.5625 Q2=   2.02331825 X2=   0.162284427
 15**Scale:   6.18702567
 16**Scales: M2=   22.5625 Q2=   2.02331825 X2=   0.162284427
 16**Scale:   24.7481027
 wtx  1.0412387E-07hfrac  0.392379761
 17**Scales: M2=   22.5625 Q2=   2.01225393 X2=   2.55678478
 17**Scale:   6.78288468
 18**Scales: M2=   22.5625 Q2=   2.01225393 X2=   2.55678478
 18**Scale:   27.1315387
 wtx  4.91144021E-07hfrac  0.392379761
 19**Scales: M2=   22.5625 Q2=   2.01471874 X2=   0.122927665
 19**Scale:   6.1750366
 20**Scales: M2=   22.5625 Q2=   2.01471874 X2=   0.122927665
 20**Scale:   24.7001464
 wtx  8.13991079E-08hfrac  0.392379761
 21**Scales: M2=   22.5625 Q2=   2.01383019 X2=   3.19087063
 21**Scale:   6.94180021
 22**Scales: M2=   22.5625 Q2=   2.01383019 X2=   3.19087063
 22**Scale:   27.7672008
 wtx  5.30332386E-07hfrac  0.392379761
 23**Scales: M2=   22.5625 Q2=   2.01965603 X2=   0.561113631
 23**Scale:   6.28581742
 24**Scales: M2=   22.5625 Q2=   2.01965603 X2=   0.561113631
 24**Scale:   25.1432697
 wtx  2.07061063E-07hfrac  0.392379761
 25**Scales: M2=   22.5625 Q2=   2.00163531 X2=   0.0167981398
 25**Scale:   6.14523336
 26**Scales: M2=   22.5625 Q2=   2.00163531 X2=   0.0167981398
 26**Scale:   24.5809334
 wtx  2.85382171E-08hfrac  0.392379761
 27**Scales: M2=   22.5625 Q2=   2.01678848 X2=   2.35353585
 27**Scale:   6.73320608
 28**Scales: M2=   22.5625 Q2=   2.01678848 X2=   2.35353585
 28**Scale:   26.9328243
 wtx  4.74137096E-07hfrac  0.392379761
 29**Scales: M2=   22.5625 Q2=   2.0290216 X2=   5.54900191
 29**Scale:   7.53513088
 30**Scales: M2=   22.5625 Q2=   2.0290216 X2=   5.54900191
 30**Scale:   30.1405235
 wtx  6.6655798E-07hfrac  0.392379761
 31**Scales: M2=   22.5625 Q2=   2.03050539 X2=   5.18888463
 31**Scale:   7.4454725
 32**Scales: M2=   22.5625 Q2=   2.03050539 X2=   5.18888463
 32**Scale:   29.78189
 wtx  6.46465594E-07hfrac  0.392379761
 33**Scales: M2=   22.5625 Q2=   2.01584011 X2=   0.0105857784
 33**Scale:   6.14723147
 34**Scales: M2=   22.5625 Q2=   2.01584011 X2=   0.0105857784
 34**Scale:   24.5889259
 wtx  2.15910987E-08hfrac  0.392379761
 35**Scales: M2=   22.5625 Q2=   2.01361823 X2=   2.54336977
 35**Scale:   6.779872
 36**Scales: M2=   22.5625 Q2=   2.01361823 X2=   2.54336977
 36**Scale:   27.119488
 wtx  4.31512774E-07hfrac  0.392379761
 37**Scales: M2=   22.5625 Q2=   2.00331002 X2=   14.5444218
 37**Scale:   9.77755796
 38**Scales: M2=   22.5625 Q2=   2.00331002 X2=   14.5444218
 38**Scale:   39.1102318
 wtx  7.55762983E-07hfrac  0.392379761
 39**Scales: M2=   22.5625 Q2=   2.00940063 X2=   17.5609788
 39**Scale:   10.5332199
 40**Scales: M2=   22.5625 Q2=   2.00940063 X2=   17.5609788
 40**Scale:   42.1328795
 wtx  7.06892422E-07hfrac  0.392379761
 41**Scales: M2=   22.5625 Q2=   2.00685898 X2=   286.174445
 41**Scale:   77.685951
 42**Scales: M2=   22.5625 Q2=   2.00685898 X2=   286.174445
 42**Scale:   310.743804
 wtx  4.65270156E-10hfrac  0.392379761
 **bmatch: create BMAT   
 BMAT    histos booked ! 
 43**Scales: M2=   22.5625 Q2=   2.01596134 X2=   1.54424311
 43**Scale:   6.53067611
 44**Scales: M2=   22.5625 Q2=   2.01596134 X2=   1.54424311
 44**Scale:   26.1227045
 wtx  3.3619088E-07hfrac  0.392379761
 45**Scales: M2=   22.5625 Q2=   2.02481582 X2=   1.14615482
 45**Scale:   6.43336766
 46**Scales: M2=   22.5625 Q2=   2.02481582 X2=   1.14615482
 46**Scale:   25.7334706
 wtx  2.53812175E-07hfrac  0.392379761
 47**Scales: M2=   22.5625 Q2=   2.00539064 X2=   2.37472747
 47**Scale:   6.73565453
 48**Scales: M2=   22.5625 Q2=   2.00539064 X2=   2.37472747
 48**Scale:   26.9426181
 wtx  3.8566688E-07hfrac  0.392379761
 49**Scales: M2=   22.5625 Q2=   2.01196776 X2=   0.464400278
 49**Scale:   6.25971701
 50**Scales: M2=   22.5625 Q2=   2.01196776 X2=   0.464400278
 50**Scale:   25.038868
 wtx  1.53292746E-07hfrac  0.392379761
 51**Scales: M2=   22.5625 Q2=   2.02325446 X2=   17.8698943
 51**Scale:   10.6139122
 52**Scales: M2=   22.5625 Q2=   2.02325446 X2=   17.8698943
 52**Scale:   42.4556487
 wtx  7.56660768E-07hfrac  0.392379761
 53**Scales: M2=   22.5625 Q2=   2.01292125 X2=   162.127498
 53**Scale:   46.6757298
 54**Scales: M2=   22.5625 Q2=   2.01292125 X2=   162.127498
 54**Scale:   186.702919
 wtx  8.19320221E-08hfrac  0.392379761
 55**Scales: M2=   22.5625 Q2=   2.01532136 X2=   1.65071949
 55**Scale:   6.55713521
 56**Scales: M2=   22.5625 Q2=   2.01532136 X2=   1.65071949
 56**Scale:   26.2285408
 wtx  3.03217718E-07hfrac  0.392379761
 57**Scales: M2=   22.5625 Q2=   2.01083836 X2=   13.323262
 57**Scale:   9.4741501
 58**Scales: M2=   22.5625 Q2=   2.01083836 X2=   13.323262
 58**Scale:   37.8966004
 wtx  7.50616096E-07hfrac  0.392379761
 59**Scales: M2=   22.5625 Q2=   2.00220749 X2=   5.74878759
 59**Scale:   7.57837377
 60**Scales: M2=   22.5625 Q2=   2.00220749 X2=   5.74878759
 60**Scale:   30.3134951
 wtx  6.1876159E-07hfrac  0.392379761
 61**Scales: M2=   22.5625 Q2=   2.01081225 X2=   6.56894876
 61**Scale:   7.78556525
 62**Scales: M2=   22.5625 Q2=   2.01081225 X2=   6.56894876
 62**Scale:   31.142261
 wtx  6.27718237E-07hfrac  0.392379761
 63**Scales: M2=   22.5625 Q2=   2.03086177 X2=   51.6211801
 63**Scale:   19.0536355
 64**Scales: M2=   22.5625 Q2=   2.03086177 X2=   51.6211801
 64**Scale:   76.2145418
 wtx  5.07136576E-07hfrac  0.392379761
 65**Scales: M2=   22.5625 Q2=   2.02670108 X2=   87.0806684
 65**Scale:   27.9174674
 66**Scales: M2=   22.5625 Q2=   2.02670108 X2=   87.0806684
 66**Scale:   111.66987
 wtx  3.29831664E-07hfrac  0.392379761
 67**Scales: M2=   22.5625 Q2=   2.0050606 X2=   6.57552434
 67**Scale:   7.78577123
 68**Scales: M2=   22.5625 Q2=   2.0050606 X2=   6.57552434
 68**Scale:   31.1430849
 wtx  6.23100846E-07hfrac  0.392379761
 69**Scales: M2=   22.5625 Q2=   2.02850611 X2=   3.12193279
 69**Scale:   6.92823473
 70**Scales: M2=   22.5625 Q2=   2.02850611 X2=   3.12193279
 70**Scale:   27.7129389
 wtx  4.31925685E-07hfrac  0.392379761
 71**Scales: M2=   22.5625 Q2=   2.00343864 X2=   4.49033667
 71**Scale:   7.26406883
 72**Scales: M2=   22.5625 Q2=   2.00343864 X2=   4.49033667
 72**Scale:   29.0562753
 wtx  5.3362686E-07hfrac  0.392379761
 73**Scales: M2=   22.5625 Q2=   2.02067182 X2=   13.1417922
 73**Scale:   9.43124101
 74**Scales: M2=   22.5625 Q2=   2.02067182 X2=   13.1417922
 74**Scale:   37.724964
 wtx  7.40200221E-07hfrac  0.392379761
 75**Scales: M2=   22.5625 Q2=   2.00260301 X2=   58.4080882
 75**Scale:   20.7432978
 76**Scales: M2=   22.5625 Q2=   2.00260301 X2=   58.4080882
 76**Scale:   82.9731913
 wtx  4.90674893E-07hfrac  0.392379761
 77**Scales: M2=   22.5625 Q2=   2.02147523 X2=   138.753834
 77**Scale:   40.8344523
 78**Scales: M2=   22.5625 Q2=   2.02147523 X2=   138.753834
 78**Scale:   163.337809
 wtx  1.94898206E-07hfrac  0.392379761
 79**Scales: M2=   22.5625 Q2=   2.01274594 X2=   5.91221273
 79**Scale:   7.62186467
 80**Scales: M2=   22.5625 Q2=   2.01274594 X2=   5.91221273
 80**Scale:   30.4874587
 wtx  5.62310618E-07hfrac  0.392379761
 81**Scales: M2=   22.5625 Q2=   2.00012113 X2=   5.44624943
 81**Scale:   7.50221764
 82**Scales: M2=   22.5625 Q2=   2.00012113 X2=   5.44624943
 82**Scale:   30.0088706
 wtx  5.77508899E-07hfrac  0.392379761
 83**Scales: M2=   22.5625 Q2=   2.01003785 X2=   72.1849567
 83**Scale:   24.1893736
 84**Scales: M2=   22.5625 Q2=   2.01003785 X2=   72.1849567
 84**Scale:   96.7574946
 wtx  4.20432855E-07hfrac  0.392379761
 85**Scales: M2=   22.5625 Q2=   2.02402197 X2=   57.4900089
 85**Scale:   20.5191327
 86**Scales: M2=   22.5625 Q2=   2.02402197 X2=   57.4900089
 86**Scale:   82.0765308
 wtx  5.02734622E-07hfrac  0.392379761
 87**Scales: M2=   22.5625 Q2=   2.01215133 X2=   45.0713693
 87**Scale:   17.4115052
 88**Scales: M2=   22.5625 Q2=   2.01215133 X2=   45.0713693
 88**Scale:   69.6460207
 wtx  5.91035644E-07hfrac  0.392379761
 89**Scales: M2=   22.5625 Q2=   2.00528012 X2=   51.9899539
 89**Scale:   19.1394335
 90**Scales: M2=   22.5625 Q2=   2.00528012 X2=   51.9899539
 90**Scale:   76.557734
 wtx  5.42454302E-07hfrac  0.392379761
 91**Scales: M2=   22.5625 Q2=   2.01925549 X2=   3.36682102
 91**Scale:   6.98714413
 92**Scales: M2=   22.5625 Q2=   2.01925549 X2=   3.36682102
 92**Scale:   27.9485765
 wtx  4.31047056E-07hfrac  0.392379761
 93**Scales: M2=   22.5625 Q2=   2.02673132 X2=   5.46435287
 93**Scale:   7.51339605
 94**Scales: M2=   22.5625 Q2=   2.02673132 X2=   5.46435287
 94**Scale:   30.0535842
 wtx  5.47372679E-07hfrac  0.392379761
 95**Scales: M2=   22.5625 Q2=   2.0259983 X2=   73.3047488
 95**Scale:   24.4733118
 96**Scales: M2=   22.5625 Q2=   2.0259983 X2=   73.3047488
 96**Scale:   97.8932471
 wtx  4.2111165E-07hfrac  0.392379761
 97**Scales: M2=   22.5625 Q2=   2.00599602 X2=   280.791959
 97**Scale:   76.3401138
 98**Scales: M2=   22.5625 Q2=   2.00599602 X2=   280.791959
 98**Scale:   305.360455
 wtx  6.88313548E-08hfrac  0.392379761
 99**Scales: M2=   22.5625 Q2=   2.01166141 X2=   128.287238
 99**Scale:   38.2153498
 100**Scales: M2=   22.5625 Q2=   2.01166141 X2=   128.287238
 100**Scale:   152.861399
 wtx  2.40982644E-07hfrac  0.392379761
 wtx  5.75435422E-07hfrac  0.392379761
 wtx  3.46239148E-07hfrac  0.392379761
 wtx  4.35842971E-08hfrac  0.392379761
 wtx  3.23057463E-07hfrac  0.392379761
 wtx  5.50074446E-07hfrac  0.392379761
 wtx  6.57553073E-07hfrac  0.392379761
 wtx  6.82263632E-08hfrac  0.392379761
 wtx  4.36238196E-07hfrac  0.392379761
 wtx  6.93762217E-07hfrac  0.392379761
 wtx  4.04936145E-07hfrac  0.392379761
 wtx  6.61162346E-07hfrac  0.392379761
 wtx  6.80664414E-07hfrac  0.392379761
 wtx  6.56894827E-07hfrac  0.392379761
 wtx  3.69448941E-07hfrac  0.392379761
 wtx  6.99201394E-07hfrac  0.392379761
 wtx  6.92882168E-07hfrac  0.392379761
 wtx  5.22022845E-07hfrac  0.392379761
 wtx  7.01674452E-09hfrac  0.392379761
 wtx  7.16113902E-07hfrac  0.392379761
 wtx  3.20745073E-07hfrac  0.392379761
 wtx  5.81858103E-07hfrac  0.392379761
 wtx  6.98091469E-07hfrac  0.392379761
 wtx  7.11420896E-08hfrac  0.392379761
 wtx  6.6300862E-07hfrac  0.392379761
 wtx  7.27080135E-07hfrac  0.392379761
 wtx  1.79480281E-07hfrac  0.392379761
 wtx  2.05634308E-07hfrac  0.392379761
 wtx  4.66295262E-07hfrac  0.392379761
 wtx  7.19752563E-07hfrac  0.392379761
 wtx  7.08537414E-07hfrac  0.392379761
 wtx  2.57824183E-07hfrac  0.392379761
 wtx  2.80294444E-07hfrac  0.392379761
 wtx  1.85684044E-07hfrac  0.392379761
 wtx  6.00584485E-07hfrac  0.392379761
 wtx  4.42062422E-08hfrac  0.392379761
 wtx  3.90768292E-07hfrac  0.392379761
 wtx  6.84871793E-07hfrac  0.392379761
 wtx  4.54630339E-07hfrac  0.392379761
 wtx  2.14826002E-07hfrac  0.392379761
 wtx  4.1996438E-07hfrac  0.392379761
 wtx  3.74281285E-07hfrac  0.392379761
 wtx  1.69112781E-07hfrac  0.392379761
 wtx  5.96301675E-07hfrac  0.392379761
 wtx  7.54751284E-07hfrac  0.392379761
 wtx  3.41003897E-07hfrac  0.392379761
 wtx  6.74942555E-07hfrac  0.392379761
 wtx  6.35925232E-07hfrac  0.392379761
 wtx  5.04868069E-07hfrac  0.392379761
 wtx  7.57017631E-07hfrac  0.392379761
 wtx  6.95308415E-07hfrac  0.392379761
   1       3.109822     0.1899E-01   3.109822     0.1899E-01  0.000    
   2       3.145706     0.1638E-01   3.130590     0.1239E-01  2.044    



 INPUT PARAMETERS FOR VEGAS:  NDIM=  3  NCALL=  4920750.
                              IT=    0  ITMX=    4
                              MDS= -1   ND=  45
   1       3.129251     0.5032E-02   3.129251     0.5032E-02  0.000    
   2       3.131111     0.5038E-02   3.130181     0.3560E-02 0.6819E-01
   3       3.134325     0.5038E-02   3.131564     0.2907E-02 0.2600    
   4       3.126288     0.5031E-02   3.130246     0.2517E-02 0.4478    



 INPUT PARAMETERS FOR VEGAS:  NDIM=  6  NCALL=    78125.
                              IT=    0  ITMX=    4
                              MDS=  1   ND=  50
 **sig1: iscalef=  7
 **sig1: mur=   6.19272927
 **sig1: iscalef=  27
 **sig1: muf=   24.7709171
 ALFAS  =   0.269959747
 MUR2   =   6.19272927
 LOGMUR =  -1.29291333
 MUF2   =   24.7709171
 LOGMUF =   0.0933810298
  
 INTEGRATING NLO GLUON ...
  
   1       1.162275     0.4322       1.162275     0.4322      0.000    
   2       1.642512     0.2802       1.558999     0.2206     0.6807    
   3       1.573013     0.2381       1.566174     0.1597     0.3178    
   4       1.592271     0.2189       1.576170     0.1280     0.2067    



 INPUT PARAMETERS FOR VEGAS:  NDIM=  6  NCALL=   786432.
                              IT=    0  ITMX=    8
                              MDS=  1   ND=  50
   1       1.808114     0.1061       1.808114     0.1061      0.000    
   2       1.744443     0.1079       1.777958     0.7561E-01 0.1768    
   3       1.743981     0.7891E-01   1.762009     0.5474E-01 0.1375    
   4       1.707733     0.8748E-01   1.747460     0.4645E-01 0.1824    
   5       1.902838     0.2029       1.756515     0.4588E-01 0.2894    
   6       1.868608     0.1380       1.768661     0.4368E-01 0.3550    
   7       2.050431     0.1381       1.801138     0.4196E-01  1.050    
   8       1.587527     0.1242       1.784326     0.3964E-01  1.230    



 INPUT PARAMETERS FOR VEGAS:  NDIM=  6  NCALL=    78125.
                              IT=    0  ITMX=    4
                              MDS=  1   ND=  50
 ALFAS  =   0.269617453
 MUR2   =   6.22935591
 LOGMUR =  -1.28701629
 MUF2   =   24.9174237
 LOGMUF =   0.0992780679
  
 INTEGRATING QUARK INITIATED ...
  
   1      0.5021887     0.1352      0.5021887     0.1352      0.000    
   2      0.3824789     0.6360E-01  0.4155391     0.6314E-01 0.7185    
   3      0.5239927     0.1027      0.4526639     0.5434E-01 0.7674    
   4      0.5026141     0.8166E-01  0.4692828     0.4508E-01 0.5868    



 INPUT PARAMETERS FOR VEGAS:  NDIM=  6  NCALL=   786432.
                              IT=    0  ITMX=    8
                              MDS=  1   ND=  50
   1      0.4472507     0.2138E-01  0.4472507     0.2138E-01  0.000    
   2      0.4819466     0.2571E-01  0.4627055     0.1655E-01  1.085    
   3      0.4454077     0.2255E-01  0.4569818     0.1335E-01 0.7436    
   4      0.4579728     0.2375E-01  0.4572195     0.1164E-01 0.4964    
   5      0.5064180     0.4778E-01  0.4605434     0.1149E-01 0.6456    
   6      0.4258522     0.2168E-01  0.4540089     0.1020E-01 0.8858    
   7      0.4640814     0.2423E-01  0.4555385     0.9398E-02 0.7616    
   8      0.4569704     0.3488E-01  0.4556335     0.9069E-02 0.6548    
  
 CROSS SECTION =   5.37020507 +/-   0.0407391741
  
  # of events with muons:  0 out of:  54504219
  All:           1. muons:   23.8491688 2. muon   1.42829418
 In acc: 1. muons:     17.409:      0.730 % 2. muon      1.960:      1.372 %
  Norm Histos here: lum=   1.lumbreit lum1  1.
  ZEUS scenario in Lab frame Q2>4
  Total      sig (pb):   120.865448
  b tot  sig (pb):   62.6392593
  >=1jets sig (pb):   92.9526749
  muon +no cuts on jet sig (pb):   12.7423105
  muon+jet    sig (pb):   10.9079504
  muon+jet+cone sig (pb):   6.54898453
  ZEUS scenario in Breit frame Q2>2 
  tot        sig (pb):   120.865448
  b.cross    sig (pb):   65.5915909
  >=1jet sig (pb):   70.7914047
  muon nojet cut sig (pb):   7.05337334
  muon+jet   sig (pb):   5.39269066
 incl jet   sig (pb):  20.619709
 incl muon  sig (pb):  5.86700249
 incl b     sig (pb):  85.4048233
 generator:HVQ     hfrac  0.2205
  Output Histos here 
