  
 ============================
 | HVQDIS  V1.4  APRIL 2000 |
 ============================
  
 NORDER    =        2
 ISCALER   =        5
 ISCALEF   =        5
 IPDF      =        5
 PTS0      =   500000
 ITS0      =        2
 PTS1      =    80000
 ITS1      =        4
 IQUARK    =        2
 MASS      =      4.75
 EPRO      =    920.00
 EIEL      =     27.50
 Q2MIN     =      4.00
 Q2MAX     =     25.00
 XBJMIN    =      0.00
 XBJMAX    =      0.00
 YMIN      =      0.05
 YMAX      =      0.80
 ETAMAX    =      2.50
 PTMIN     =      0.00
 PTMAX     =   *******
 IFRAG     =        0
 ISL       =        1
 EPS       =      0.0035
 HFRAC     =      0.2205
 XMD       =      5.2780
 TCFRAG    =        0
 TCSL    =        1
 PREF      =   f2b_0.0000316-0.0000316-5_f5_m4.75.histo
  
 BOTTOM PRODUCTION
 RM48 INITIALIZED:        40           0         0
 **hist: start histos 
 HPATH.  ERROR IN PATHNAME,


 ===> Directory : 
  create directory HISB
 hfrac:  0.2205
 **hzb: Version kula1  
 FULL LO+NLO ME



 INPUT PARAMETERS FOR VEGAS:  NDIM=  3  NCALL=   476656.
                              IT=    0  ITMX=    2
                              MDS= -1   ND=  31
 **MScale: SCALFA=   1. ISCALE=  5
 **MScale: scale: Pt2+4 M2 
 **MScale: SCALFA=   1. ISCALE=  5
 **MScale: scale: Pt2+4 M2 
 wtx  3.67122851E-07hfrac  0.392379761
 **frag: Peterson frag function 
 **frag: Vincenzo semi-leptonic routine dir+indir 

 ******************************************************
 KTCLUS: written by Mike Seymour, July 1992.
 Last modified October 1997.
 Please send comments or suggestions to Mike.Seymour@rl.ac.uk

       Collision type = 3 = pe        
     Angular variable = 2 = DeltaR    
 Monotonic definition = 1 = no        
 Recombination scheme = 1 = E         
 Ecut=  1.00
 ******************************************************

 **MScale: SCALFA=   1. ISCALE=  5
 **MScale: scale: Pt2+4 M2 
 **MScale: SCALFA=   1. ISCALE=  5
 **MScale: scale: Pt2+4 M2 
 wtx  7.27313022E-07hfrac  0.392379761
 **MScale: SCALFA=   1. ISCALE=  5
 **MScale: scale: Pt2+4 M2 
 wtx  4.8847312E-07hfrac  0.392379761
 wtx  1.9330846E-06hfrac  0.392379761
 wtx  1.05497861E-06hfrac  0.392379761
 wtx  2.13758881E-06hfrac  0.392379761
 **bmatch: create BMAT   
 BMAT    histos booked ! 
 wtx  1.83700377E-06hfrac  0.392379761
 wtx  2.21893379E-06hfrac  0.392379761
 wtx  1.48279707E-06hfrac  0.392379761
 wtx  1.05696211E-06hfrac  0.392379761
 wtx  2.26710972E-06hfrac  0.392379761
 wtx  1.08409517E-06hfrac  0.392379761
 wtx  8.36988534E-07hfrac  0.392379761
 wtx  1.12547173E-06hfrac  0.392379761
 wtx  1.00004982E-07hfrac  0.392379761
 wtx  2.02293268E-06hfrac  0.392379761
 wtx  1.47284811E-06hfrac  0.392379761
 wtx  6.42936982E-07hfrac  0.392379761
 wtx  1.89758339E-06hfrac  0.392379761
 wtx  1.9128754E-06hfrac  0.392379761
 wtx  1.78663015E-06hfrac  0.392379761
 wtx  1.76658648E-06hfrac  0.392379761
 wtx  1.57927434E-06hfrac  0.392379761
 wtx  7.31850662E-07hfrac  0.392379761
 wtx  1.39053839E-06hfrac  0.392379761
 wtx  1.95729285E-06hfrac  0.392379761
 wtx  1.92141283E-06hfrac  0.392379761
 wtx  1.5246984E-06hfrac  0.392379761
 wtx  2.09736527E-06hfrac  0.392379761
 wtx  1.93675851E-06hfrac  0.392379761
 wtx  4.08320489E-07hfrac  0.392379761
 wtx  1.23743871E-06hfrac  0.392379761
 wtx  1.24864289E-06hfrac  0.392379761
 wtx  2.12968507E-06hfrac  0.392379761
 wtx  1.88799663E-06hfrac  0.392379761
 wtx  1.47359538E-06hfrac  0.392379761
 wtx  2.15557725E-06hfrac  0.392379761
 wtx  5.17501633E-07hfrac  0.392379761
 wtx  1.14398233E-07hfrac  0.392379761
 wtx  9.89853817E-08hfrac  0.392379761
 wtx  6.62773729E-08hfrac  0.392379761
 wtx  1.94995408E-07hfrac  0.392379761
 wtx  1.99726017E-07hfrac  0.392379761
 wtx  9.45562135E-08hfrac  0.392379761
 wtx  5.93046707E-07hfrac  0.392379761
 wtx  1.96676254E-07hfrac  0.392379761
 wtx  1.7140726E-06hfrac  0.392379761
 wtx  1.94818131E-06hfrac  0.392379761
 wtx  1.91449908E-06hfrac  0.392379761
 wtx  1.10190092E-06hfrac  0.392379761
 wtx  9.31693421E-07hfrac  0.392379761
 wtx  1.98768112E-06hfrac  0.392379761
 wtx  4.56989397E-07hfrac  0.392379761
 wtx  8.00993917E-07hfrac  0.392379761
 wtx  1.57981674E-06hfrac  0.392379761
 wtx  1.01306193E-06hfrac  0.392379761
 wtx  1.407387E-06hfrac  0.392379761
 wtx  6.21959202E-07hfrac  0.392379761
 wtx  2.16190756E-06hfrac  0.392379761
 wtx  2.08195161E-06hfrac  0.392379761
 wtx  1.05538641E-06hfrac  0.392379761
 wtx  1.00549676E-06hfrac  0.392379761
 wtx  4.11043487E-07hfrac  0.392379761
 wtx  1.5292037E-06hfrac  0.392379761
 wtx  1.43667489E-06hfrac  0.392379761
 wtx  3.82371155E-07hfrac  0.392379761
 wtx  1.33256128E-06hfrac  0.392379761
 wtx  2.25051531E-06hfrac  0.392379761
 wtx  1.39780923E-06hfrac  0.392379761
 wtx  4.26046768E-07hfrac  0.392379761
 wtx  9.12138262E-07hfrac  0.392379761
 wtx  1.26625037E-06hfrac  0.392379761
 wtx  1.80381892E-06hfrac  0.392379761
 wtx  5.211661E-07hfrac  0.392379761
 wtx  5.23494236E-07hfrac  0.392379761
 wtx  1.81950361E-06hfrac  0.392379761
 wtx  1.41212922E-06hfrac  0.392379761
 wtx  1.25409338E-06hfrac  0.392379761
 wtx  5.01327634E-07hfrac  0.392379761
 wtx  1.01476076E-06hfrac  0.392379761
 wtx  1.6743337E-06hfrac  0.392379761
 wtx  8.92596631E-07hfrac  0.392379761
 wtx  1.09817472E-06hfrac  0.392379761
 wtx  1.61284322E-06hfrac  0.392379761
 wtx  1.7532501E-06hfrac  0.392379761
 wtx  9.8686246E-07hfrac  0.392379761
 wtx  2.01670832E-06hfrac  0.392379761
 wtx  1.86928241E-06hfrac  0.392379761
 wtx  1.2339525E-06hfrac  0.392379761
 wtx  1.83362954E-06hfrac  0.392379761
 wtx  1.99732972E-06hfrac  0.392379761
 wtx  2.00010936E-06hfrac  0.392379761
 wtx  3.69897606E-08hfrac  0.392379761
 wtx  1.84264638E-06hfrac  0.392379761
 wtx  9.8908265E-07hfrac  0.392379761
 wtx  1.25655322E-06hfrac  0.392379761
 wtx  1.76825517E-06hfrac  0.392379761
 wtx  1.82024814E-06hfrac  0.392379761
 wtx  1.08674919E-06hfrac  0.392379761
 wtx  2.04273465E-06hfrac  0.392379761
   1       3.281893     0.3325E-01   3.281893     0.3325E-01  0.000    
   2       3.211777     0.1906E-01   3.229682     0.1663E-01  3.382    



 INPUT PARAMETERS FOR VEGAS:  NDIM=  3  NCALL=  4920750.
                              IT=    0  ITMX=    4
                              MDS= -1   ND=  45
   1       3.241227     0.5758E-02   3.241227     0.5758E-02  0.000    
   2       3.230965     0.5746E-02   3.236102     0.4067E-02  1.592    
   3       3.247557     0.5753E-02   3.239937     0.3321E-02  2.119    
   4       3.239534     0.5754E-02   3.239836     0.2876E-02  1.414    



 INPUT PARAMETERS FOR VEGAS:  NDIM=  6  NCALL=    78125.
                              IT=    0  ITMX=    4
                              MDS=  1   ND=  50
 **sig1: iscalef=  5
 **sig1: mur=   90.9944058
 **sig1: iscalef=  5
 **sig1: muf=   90.9944058
 ALFAS  =   0.174214512
 MUR2   =   90.9944058
 LOGMUR =   1.39450879
 MUF2   =   90.9944058
 LOGMUF =   1.39450879
  
 INTEGRATING NLO GLUON ...
  
   1       2.089142     0.5241       2.089142     0.5241      0.000    
   2       1.995673     0.3238       2.023238     0.2783     0.2345E-01
   3       2.131415     0.2441       2.086614     0.1817     0.5438E-01
   4       2.581809     0.2885       2.275324     0.1525     0.8608    



 INPUT PARAMETERS FOR VEGAS:  NDIM=  6  NCALL=   786432.
                              IT=    0  ITMX=    8
                              MDS=  1   ND=  50
   1       2.159518     0.1109       2.159518     0.1109      0.000    
   2       2.208899     0.9561E-01   2.188381     0.7229E-01 0.1133    
   3       2.004832     0.8774E-01   2.121612     0.5612E-01  1.298    
   4       2.399189     0.1556       2.161057     0.5373E-01  1.894    
   5       2.294134     0.1229       2.184012     0.4931E-01  1.656    
   6       2.228333     0.1117       2.191306     0.4511E-01  1.349    
   7       2.148358     0.9352E-01   2.183618     0.4069E-01  1.161    
   8       2.058653     0.1276       2.173484     0.3868E-01  1.123    



 INPUT PARAMETERS FOR VEGAS:  NDIM=  6  NCALL=    78125.
                              IT=    0  ITMX=    4
                              MDS=  1   ND=  50
 ALFAS  =   0.174293782
 MUR2   =   90.6702355
 LOGMUR =   1.3909399
 MUF2   =   90.6702355
 LOGMUF =   1.3909399
  
 INTEGRATING QUARK INITIATED ...
  
   1      0.2130836     0.1629      0.2130836     0.1629      0.000    
   2      0.1977238     0.8756E-01  0.2015836     0.7876E-01 0.7156E-02
   3      0.2782778     0.6781E-01  0.2561948     0.4777E-01 0.2670    
   4      0.3954679     0.1415      0.2907676     0.5029E-01 0.5978    



 INPUT PARAMETERS FOR VEGAS:  NDIM=  6  NCALL=   786432.
                              IT=    0  ITMX=    8
                              MDS=  1   ND=  50
   1      0.2282230     0.3485E-01  0.2282230     0.3485E-01  0.000    
   2      0.2082428     0.3216E-01  0.2183448     0.2372E-01 0.1773    
   3      0.2737212     0.3707E-01  0.2400154     0.2019E-01 0.9705    
   4      0.2350258     0.3918E-01  0.2389913     0.1794E-01 0.6556    
   5      0.2930453     0.3431E-01  0.2548784     0.1584E-01  1.049    
   6      0.3364323     0.8510E-01  0.2597085     0.1638E-01  1.015    
   7      0.2687739     0.3624E-01  0.2612723     0.1492E-01 0.8523    
   8      0.2995154     0.5067E-01  0.2650488     0.1440E-01 0.7970    
  
 CROSS SECTION =   5.67836919 +/-   0.0413750524
  
  # of events with muons:  0 out of:  40745304
  All:           1. muons:   22.1794319 2. muon   1.40070963
 In acc: 1. muons:     20.913:      0.943 % 2. muon      2.466:      1.760 %
  Norm Histos here: lum=   1.lumbreit lum1  1.
  ZEUS scenario in Lab frame Q2>4
  Total      sig (pb):   108.853745
  b tot  sig (pb):   60.5686264
  >=1jets sig (pb):   81.9676666
  muon +no cuts on jet sig (pb):   11.6319447
  muon+jet    sig (pb):   9.74919987
  muon+jet+cone sig (pb):   6.3588028
  ZEUS scenario in Breit frame Q2>2 
  tot        sig (pb):   108.853745
  b.cross    sig (pb):   56.33918
  >=1jet sig (pb):   56.9225349
  muon nojet cut sig (pb):   8.46529865
  muon+jet   sig (pb):   5.69543266
 incl jet   sig (pb):  24.7166939
 incl muon  sig (pb):  6.22474909
 incl b     sig (pb):  84.1078262
 generator:HVQ     hfrac  0.2205
  Output Histos here 
