  
 ============================
 | HVQDIS  V1.4  APRIL 2000 |
 ============================
  
 NORDER    =        2
 ISCALER   =        7
 ISCALEF   =        7
 IPDF      =        2
 PTS0      =   500000
 ITS0      =        2
 PTS1      =    80000
 ITS1      =        4
 IQUARK    =        2
 MASS      =      4.75
 EPRO      =    920.00
 EIEL      =     27.50
 Q2MIN     =      4.00
 Q2MAX     =   *******
 XBJMIN    =      0.00
 XBJMAX    =      1.00
 YMIN      =      0.05
 YMAX      =      0.70
 ETAMAX    =      2.50
 PTMIN     =      0.00
 PTMAX     =   *******
 IFRAG     =        0
 ISL       =        1
 EPS       =      0.0035
 HFRAC     =      0.2205
 XMD       =      5.2780
 TCFRAG    =        0
 TCSL    =        1
 PREF      =   f2b_4.-100000._0.-1._r7_f7_m4.75.histos 
  
 BOTTOM PRODUCTION
 RM48 INITIALIZED:        40           0         0
 **hist: start histos 
 HPATH.  ERROR IN PATHNAME,


 ===> Directory : 
  create directory HISB
 hfrac:  0.2205
 **hzb: Version kula1  
 FULL LO+NLO ME



 INPUT PARAMETERS FOR VEGAS:  NDIM=  3  NCALL=   476656.
                              IT=    0  ITMX=    2
                              MDS= -1   ND=  31
 **MScale: SCALFA=   1. ISCALE=  7
 **MScale: scale: (Q2+Pt2+M2)/4 
 1**Scales: M2=   22.5625 Q2=   42.9460875 X2=   0.0345279855
 1**Scale:   16.3857789
 **MScale: SCALFA=   1. ISCALE=  7
 **MScale: scale: (Q2+Pt2+M2)/4 
 2**Scales: M2=   22.5625 Q2=   42.9460875 X2=   0.0345279855
 2**Scale:   16.3857789
 wtx  3.84315217E-06hfrac  0.392379761
 **frag: Peterson frag function 
 **frag: Vincenzo semi-leptonic routine dir+indir 

 ******************************************************
 KTCLUS: written by Mike Seymour, July 1992.
 Last modified October 1997.
 Please send comments or suggestions to Mike.Seymour@rl.ac.uk

       Collision type = 3 = pe        
     Angular variable = 2 = DeltaR    
 Monotonic definition = 1 = no        
 Recombination scheme = 1 = E         
 Ecut=  1.00
 ******************************************************

 **MScale: SCALFA=   1. ISCALE=  7
 **MScale: scale: (Q2+Pt2+M2)/4 
 3**Scales: M2=   22.5625 Q2=   36.1187341 X2=   0.0269964239
 3**Scale:   14.6770576
 **MScale: SCALFA=   1. ISCALE=  7
 **MScale: scale: (Q2+Pt2+M2)/4 
 4**Scales: M2=   22.5625 Q2=   36.1187341 X2=   0.0269964239
 4**Scale:   14.6770576
 wtx  4.48960554E-06hfrac  0.392379761
 **MScale: SCALFA=   1. ISCALE=  7
 **MScale: scale: (Q2+Pt2+M2)/4 
 5**Scales: M2=   22.5625 Q2=   72.8881981 X2=   0.252553195
 5**Scale:   23.9258128
 6**Scales: M2=   22.5625 Q2=   72.8881981 X2=   0.252553195
 6**Scale:   23.9258128
 wtx  4.52431505E-06hfrac  0.392379761
 7**Scales: M2=   22.5625 Q2=   78.6399631 X2=   0.0461223131
 7**Scale:   25.3121464
 8**Scales: M2=   22.5625 Q2=   78.6399631 X2=   0.0461223131
 8**Scale:   25.3121464
 wtx  1.67710596E-06hfrac  0.392379761
 9**Scales: M2=   22.5625 Q2=   35.4538321 X2=   0.0418349385
 9**Scale:   14.5145418
 10**Scales: M2=   22.5625 Q2=   35.4538321 X2=   0.0418349385
 10**Scale:   14.5145418
 wtx  3.9489787E-06hfrac  0.392379761
 11**Scales: M2=   22.5625 Q2=   57.9015881 X2=   0.763722206
 11**Scale:   20.3069526
 12**Scales: M2=   22.5625 Q2=   57.9015881 X2=   0.763722206
 12**Scale:   20.3069526
 wtx  1.14536651E-05hfrac  0.392379761
 13**Scales: M2=   22.5625 Q2=   49.7453407 X2=   0.895143686
 13**Scale:   18.3007461
 14**Scales: M2=   22.5625 Q2=   49.7453407 X2=   0.895143686
 14**Scale:   18.3007461
 wtx  1.59653391E-05hfrac  0.392379761
 15**Scales: M2=   22.5625 Q2=   70.6289765 X2=   0.27869843
 15**Scale:   23.3675437
 16**Scales: M2=   22.5625 Q2=   70.6289765 X2=   0.27869843
 16**Scale:   23.3675437
 wtx  4.31626631E-06hfrac  0.392379761
 17**Scales: M2=   22.5625 Q2=   39.0175761 X2=   3.49982255
 17**Scale:   16.2699747
 18**Scales: M2=   22.5625 Q2=   39.0175761 X2=   3.49982255
 18**Scale:   16.2699747
 wtx  4.34610629E-05hfrac  0.392379761
 19**Scales: M2=   22.5625 Q2=   48.1519884 X2=   0.182813403
 19**Scale:   17.7243255
 20**Scales: M2=   22.5625 Q2=   48.1519884 X2=   0.182813403
 20**Scale:   17.7243255
 wtx  5.82851499E-06hfrac  0.392379761
 21**Scales: M2=   22.5625 Q2=   44.1439899 X2=   4.55407524
 21**Scale:   17.8151413
 22**Scales: M2=   22.5625 Q2=   44.1439899 X2=   4.55407524
 22**Scale:   17.8151413
 wtx  4.03771301E-05hfrac  0.392379761
 23**Scales: M2=   22.5625 Q2=   53.7958337 X2=   0.864557786
 23**Scale:   19.3057229
 24**Scales: M2=   22.5625 Q2=   53.7958337 X2=   0.864557786
 24**Scale:   19.3057229
 wtx  1.08717477E-05hfrac  0.392379761
 25**Scales: M2=   22.5625 Q2=   8.59370569 X2=   0.0179772153
 25**Scale:   7.79354573
 26**Scales: M2=   22.5625 Q2=   8.59370569 X2=   0.0179772153
 26**Scale:   7.79354573
 wtx  1.44595897E-05hfrac  0.392379761
 27**Scales: M2=   22.5625 Q2=   46.3818665 X2=   3.42670611
 27**Scale:   18.0927682
 28**Scales: M2=   22.5625 Q2=   46.3818665 X2=   3.42670611
 28**Scale:   18.0927682
 wtx  2.95924165E-05hfrac  0.392379761
 29**Scales: M2=   22.5625 Q2=   77.2630171 X2=   9.69601978
 29**Scale:   27.3803842
 30**Scales: M2=   22.5625 Q2=   77.2630171 X2=   9.69601978
 30**Scale:   27.3803842
 wtx  1.70440362E-05hfrac  0.392379761
 31**Scales: M2=   22.5625 Q2=   82.1598147 X2=   9.33136581
 31**Scale:   28.5134201
 32**Scales: M2=   22.5625 Q2=   82.1598147 X2=   9.33136581
 32**Scale:   28.5134201
 wtx  1.53582405E-05hfrac  0.392379761
 33**Scales: M2=   22.5625 Q2=   51.1593727 X2=   0.0160898741
 33**Scale:   18.4344907
 34**Scales: M2=   22.5625 Q2=   51.1593727 X2=   0.0160898741
 34**Scale:   18.4344907
 wtx  1.34168715E-06hfrac  0.392379761
 35**Scales: M2=   22.5625 Q2=   44.6030645 X2=   3.67437964
 35**Scale:   17.709986
 36**Scales: M2=   22.5625 Q2=   44.6030645 X2=   3.67437964
 36**Scale:   17.709986
 wtx  3.37212368E-05hfrac  0.392379761
 37**Scales: M2=   22.5625 Q2=   12.6323989 X2=   16.0853649
 37**Scale:   12.8200659
 38**Scales: M2=   22.5625 Q2=   12.6323989 X2=   16.0853649
 38**Scale:   12.8200659
 wtx  0.000250706362hfrac  0.392379761
 39**Scales: M2=   22.5625 Q2=   31.370899 X2=   22.5900063
 39**Scale:   19.1308513
 40**Scales: M2=   22.5625 Q2=   31.370899 X2=   22.5900063
 40**Scale:   19.1308513
 wtx  7.75639783E-05hfrac  0.392379761
 41**Scales: M2=   22.5625 Q2=   24.3723567 X2=   300.715625
 41**Scale:   86.9126203
 42**Scales: M2=   22.5625 Q2=   24.3723567 X2=   300.715625
 42**Scale:   86.9126203
 wtx  7.03727636E-08hfrac  0.392379761
 **bmatch: create BMAT   
 BMAT    histos booked ! 
 43**Scales: M2=   22.5625 Q2=   43.8880083 X2=   2.2212974
 43**Scale:   17.1679514
 44**Scales: M2=   22.5625 Q2=   43.8880083 X2=   2.2212974
 44**Scale:   17.1679514
 wtx  2.22175549E-05hfrac  0.392379761
 45**Scales: M2=   22.5625 Q2=   76.612992 X2=   2.04180696
 45**Scale:   25.3043247
 46**Scales: M2=   22.5625 Q2=   76.612992 X2=   2.04180696
 46**Scale:   25.3043247
 wtx  8.86839189E-06hfrac  0.392379761
 47**Scales: M2=   22.5625 Q2=   20.033426 X2=   2.82735491
 47**Scale:   11.3558202
 48**Scales: M2=   22.5625 Q2=   20.033426 X2=   2.82735491
 48**Scale:   11.3558202
 wtx  8.16882166E-05hfrac  0.392379761
 49**Scales: M2=   22.5625 Q2=   38.5235327 X2=   0.643852043
 49**Scale:   15.4324712
 50**Scales: M2=   22.5625 Q2=   38.5235327 X2=   0.643852043
 50**Scale:   15.4324712
 wtx  1.36923372E-05hfrac  0.392379761
 51**Scales: M2=   22.5625 Q2=   67.788454 X2=   29.4804996
 51**Scale:   29.9578634
 52**Scales: M2=   22.5625 Q2=   67.788454 X2=   29.4804996
 52**Scale:   29.9578634
 wtx  2.24431096E-05hfrac  0.392379761
 53**Scales: M2=   22.5625 Q2=   40.5329135 X2=   203.78087
 53**Scale:   66.7190709
 54**Scales: M2=   22.5625 Q2=   40.5329135 X2=   203.78087
 54**Scale:   66.7190709
 wtx  4.40910708E-06hfrac  0.392379761
 55**Scales: M2=   22.5625 Q2=   48.6833234 X2=   2.46244534
 55**Scale:   18.4270672
 56**Scales: M2=   22.5625 Q2=   48.6833234 X2=   2.46244534
 56**Scale:   18.4270672
 wtx  2.00451868E-05hfrac  0.392379761
 57**Scales: M2=   22.5625 Q2=   34.3536744 X2=   17.7596178
 57**Scale:   18.668948
 58**Scales: M2=   22.5625 Q2=   34.3536744 X2=   17.7596178
 58**Scale:   18.668948
 wtx  7.1077302E-05hfrac  0.392379761
 59**Scales: M2=   22.5625 Q2=   9.72870284 X2=   6.21573122
 59**Scale:   9.62673352
 60**Scales: M2=   22.5625 Q2=   9.72870284 X2=   6.21573122
 60**Scale:   9.62673352
 wtx  0.000263672438hfrac  0.392379761
 61**Scales: M2=   22.5625 Q2=   33.1787828 X2=   8.7084605
 61**Scale:   16.1124358
 62**Scales: M2=   22.5625 Q2=   33.1787828 X2=   8.7084605
 62**Scale:   16.1124358
 wtx  6.23174419E-05hfrac  0.392379761
 63**Scales: M2=   22.5625 Q2=   96.7749409 X2=   96.3055254
 63**Scale:   53.9107416
 64**Scales: M2=   22.5625 Q2=   96.7749409 X2=   96.3055254
 64**Scale:   53.9107416
 wtx  6.70141117E-06hfrac  0.392379761
 65**Scales: M2=   22.5625 Q2=   83.1931045 X2=   147.958309
 65**Scale:   63.4284785
 66**Scales: M2=   22.5625 Q2=   83.1931045 X2=   147.958309
 66**Scale:   63.4284785
 wtx  5.3083304E-06hfrac  0.392379761
 67**Scales: M2=   22.5625 Q2=   17.5725042 X2=   7.65168398
 67**Scale:   11.946672
 68**Scales: M2=   22.5625 Q2=   17.5725042 X2=   7.65168398
 68**Scale:   11.946672
 wtx  0.000137471769hfrac  0.392379761
 69**Scales: M2=   22.5625 Q2=   79.7758768 X2=   5.65011025
 69**Scale:   26.9971218
 70**Scales: M2=   22.5625 Q2=   79.7758768 X2=   5.65011025
 70**Scale:   26.9971218
 wtx  1.17823993E-05hfrac  0.392379761
 71**Scales: M2=   22.5625 Q2=   12.8626367 X2=   5.00498376
 71**Scale:   10.1075301
 72**Scales: M2=   22.5625 Q2=   12.8626367 X2=   5.00498376
 72**Scale:   10.1075301
 wtx  0.000162336481hfrac  0.392379761
 73**Scales: M2=   22.5625 Q2=   59.5553334 X2=   20.9056467
 73**Scale:   25.75587
 74**Scales: M2=   22.5625 Q2=   59.5553334 X2=   20.9056467
 74**Scale:   25.75587
 wtx  2.88700976E-05hfrac  0.392379761
 75**Scales: M2=   22.5625 Q2=   11.2671202 X2=   63.7398143
 75**Scale:   24.3923586
 76**Scales: M2=   22.5625 Q2=   11.2671202 X2=   63.7398143
 76**Scale:   24.3923586
 wtx  0.000200446346hfrac  0.392379761
 77**Scales: M2=   22.5625 Q2=   63.5301469 X2=   208.371473
 77**Scale:   73.6160301
 78**Scales: M2=   22.5625 Q2=   63.5301469 X2=   208.371473
 78**Scale:   73.6160301
 wtx  4.80709696E-06hfrac  0.392379761
 79**Scales: M2=   22.5625 Q2=   40.2493807 X2=   8.28578722
 79**Scale:   17.774417
 80**Scales: M2=   22.5625 Q2=   40.2493807 X2=   8.28578722
 80**Scale:   17.774417
 wtx  4.48792161E-05hfrac  0.392379761
 81**Scales: M2=   22.5625 Q2=   4.30531956 X2=   5.57898842
 81**Scale:   8.111702
 82**Scales: M2=   22.5625 Q2=   4.30531956 X2=   5.57898842
 82**Scale:   8.111702
 wtx  0.000569011783hfrac  0.392379761
 83**Scales: M2=   22.5625 Q2=   33.1958004 X2=   93.9803687
 83**Scale:   37.4346673
 84**Scales: M2=   22.5625 Q2=   33.1958004 X2=   93.9803687
 84**Scale:   37.4346673
 wtx  4.04870261E-05hfrac  0.392379761
 85**Scales: M2=   22.5625 Q2=   68.4068427 X2=   93.9386048
 85**Scale:   46.2269869
 86**Scales: M2=   22.5625 Q2=   68.4068427 X2=   93.9386048
 86**Scale:   46.2269869
 wtx  1.28199099E-05hfrac  0.392379761
 87**Scales: M2=   22.5625 Q2=   35.5006722 X2=   60.082391
 87**Scale:   29.5363908
 88**Scales: M2=   22.5625 Q2=   35.5006722 X2=   60.082391
 88**Scale:   29.5363908
 wtx  4.67157261E-05hfrac  0.392379761
 89**Scales: M2=   22.5625 Q2=   18.2297422 X2=   60.4544253
 89**Scale:   25.3116669
 90**Scales: M2=   22.5625 Q2=   18.2297422 X2=   60.4544253
 90**Scale:   25.3116669
 wtx  0.000115552364hfrac  0.392379761
 91**Scales: M2=   22.5625 Q2=   57.1329543 X2=   5.31462916
 91**Scale:   21.2525209
 92**Scales: M2=   22.5625 Q2=   57.1329543 X2=   5.31462916
 92**Scale:   21.2525209
 wtx  2.02726751E-05hfrac  0.392379761
 93**Scales: M2=   22.5625 Q2=   74.4618821 X2=   9.58373253
 93**Scale:   26.6520287
 94**Scales: M2=   22.5625 Q2=   74.4618821 X2=   9.58373253
 94**Scale:   26.6520287
 wtx  1.57652466E-05hfrac  0.392379761
 95**Scales: M2=   22.5625 Q2=   68.9804928 X2=   118.824067
 95**Scale:   52.591765
 96**Scales: M2=   22.5625 Q2=   68.9804928 X2=   118.824067
 96**Scale:   52.591765
 wtx  9.45323336E-06hfrac  0.392379761
 97**Scales: M2=   22.5625 Q2=   21.5463633 X2=   324.362349
 97**Scale:   92.117803
 98**Scales: M2=   22.5625 Q2=   21.5463633 X2=   324.362349
 98**Scale:   92.117803
 wtx  1.22595493E-05hfrac  0.392379761
 99**Scales: M2=   22.5625 Q2=   37.9717299 X2=   170.736598
 99**Scale:   57.8177069
 100**Scales: M2=   22.5625 Q2=   37.9717299 X2=   170.736598
 100**Scale:   57.8177069
 wtx  1.82721215E-05hfrac  0.392379761
 wtx  6.07460897E-05hfrac  0.392379761
 wtx  1.29540695E-05hfrac  0.392379761
 wtx  2.5404313E-06hfrac  0.392379761
 wtx  8.80564494E-06hfrac  0.392379761
 wtx  1.62617216E-05hfrac  0.392379761
 wtx  3.43485262E-05hfrac  0.392379761
 wtx  4.71540407E-05hfrac  0.392379761
 wtx  2.2876533E-05hfrac  0.392379761
 wtx  1.93235192E-05hfrac  0.392379761
 wtx  3.87500004E-05hfrac  0.392379761
 wtx  7.97873799E-05hfrac  0.392379761
 wtx  1.85914632E-05hfrac  0.392379761
 wtx  2.13581643E-05hfrac  0.392379761
 wtx  9.45027568E-06hfrac  0.392379761
 wtx  0.000183926371hfrac  0.392379761
 wtx  1.63975456E-05hfrac  0.392379761
 wtx  1.31741408E-05hfrac  0.392379761
 wtx  1.02925537E-06hfrac  0.392379761
 wtx  2.72652378E-05hfrac  0.392379761
 wtx  0.000151809494hfrac  0.392379761
 wtx  3.7828464E-05hfrac  0.392379761
 wtx  1.59158608E-05hfrac  0.392379761
 wtx  7.03790533E-07hfrac  0.392379761
 wtx  2.10668532E-05hfrac  0.392379761
 wtx  1.61523749E-05hfrac  0.392379761
 wtx  4.99423641E-06hfrac  0.392379761
 wtx  5.43736769E-06hfrac  0.392379761
 wtx  1.94497061E-05hfrac  0.392379761
 wtx  3.42004969E-05hfrac  0.392379761
 wtx  4.59010407E-05hfrac  0.392379761
 wtx  8.13557199E-06hfrac  0.392379761
 wtx  1.78988976E-05hfrac  0.392379761
 wtx  2.85927399E-06hfrac  0.392379761
 wtx  2.70134751E-05hfrac  0.392379761
 wtx  3.30611397E-06hfrac  0.392379761
 wtx  7.11270786E-06hfrac  0.392379761
 wtx  2.64954906E-05hfrac  0.392379761
 wtx  7.34263886E-05hfrac  0.392379761
 wtx  4.91071114E-06hfrac  0.392379761
 wtx  2.92546483E-05hfrac  0.392379761
 wtx  3.22865453E-05hfrac  0.392379761
 wtx  4.86431372E-06hfrac  0.392379761
 wtx  1.33032627E-05hfrac  0.392379761
 wtx  4.27261002E-05hfrac  0.392379761
 wtx  3.58952384E-05hfrac  0.392379761
 wtx  5.17189765E-05hfrac  0.392379761
 wtx  0.000681091682hfrac  0.392379761
 wtx  4.56381204E-05hfrac  0.392379761
 wtx  4.39299183E-05hfrac  0.392379761
 wtx  1.29527807E-05hfrac  0.392379761
   1       14.91578      2.047       14.91578      2.047      0.000    
   2       14.80937     0.4799       14.81499     0.4687     0.2577E-02



 INPUT PARAMETERS FOR VEGAS:  NDIM=  3  NCALL=  4920750.
                              IT=    0  ITMX=    4
                              MDS= -1   ND=  45
   1       14.20035     0.4119E-01   14.20035     0.4119E-01  0.000    
   2       14.25489     0.4076E-01   14.22800     0.2897E-01 0.8857    
   3       14.19783     0.4054E-01   14.21783     0.2357E-01 0.6266    
   4       14.23926     0.4097E-01   14.22317     0.2043E-01 0.4860    



 INPUT PARAMETERS FOR VEGAS:  NDIM=  6  NCALL=    78125.
                              IT=    0  ITMX=    4
                              MDS=  1   ND=  50
 **sig1: iscalef=  7
 **sig1: mur=   336.35349
 **sig1: iscalef=  7
 **sig1: muf=   336.35349
 ALFAS  =   0.143740654
 MUR2   =   336.35349
 LOGMUR =   2.70187342
 MUF2   =   336.35349
 LOGMUF =   2.70187342
  
 INTEGRATING NLO GLUON ...
  
   1      -2.568692      4.427      -2.568692      4.427      0.000    
   2       12.78085      4.866       12.06649      3.427     0.8900    
   3       3.758438      1.551       8.345199      2.164      2.439    
   4       7.779646      1.263       7.924855      1.095      1.648    



 INPUT PARAMETERS FOR VEGAS:  NDIM=  6  NCALL=   786432.
                              IT=    0  ITMX=    8
                              MDS=  1   ND=  50
   1       8.902280      1.165       8.902280      1.165      0.000    
   2       6.909965     0.4301       7.277720     0.4479      2.978    
   3       10.01710      3.577       7.343940     0.4833      1.627    
   4       7.042203     0.4289       7.206998     0.3414      1.252    
   5       7.327285      1.018       7.216648     0.3200     0.9854    
   6       7.252536     0.7345       7.221356     0.2931     0.8165    
   7       6.433092     0.5576       7.101647     0.2631     0.9092    
   8       6.539556     0.5477       7.023009     0.2395     0.9038    



 INPUT PARAMETERS FOR VEGAS:  NDIM=  6  NCALL=    78125.
                              IT=    0  ITMX=    4
                              MDS=  1   ND=  50
 ALFAS  =   0.148680905
 MUR2   =   250.601495
 LOGMUR =   2.40757477
 MUF2   =   250.601495
 LOGMUF =   2.40757477
  
 INTEGRATING QUARK INITIATED ...
  
   1       3.406918      2.410       3.406918      2.410      0.000    
   2       1.029962     0.2179       1.225157     0.5102      1.636    
   3       2.838346      1.127       1.558725     0.4746      1.698    
   4       4.316296      2.336       1.834931     0.5372      1.586    



 INPUT PARAMETERS FOR VEGAS:  NDIM=  6  NCALL=   786432.
                              IT=    0  ITMX=    8
                              MDS=  1   ND=  50
   1       2.594610     0.2469       2.594610     0.2469      0.000    
   2       2.403563     0.2249       2.497506     0.1668     0.3277    
   3       2.226999     0.2102       2.407403     0.1315     0.6462    
   4       2.241721     0.2153       2.367069     0.1124     0.5795    
   5       2.188132     0.2075       2.331321     0.9902E-01 0.5785    
   6       3.239161     0.8993       2.352007     0.1051     0.7330    
   7       2.261372     0.2080       2.336421     0.9439E-01 0.6496    
   8       2.602305     0.5164       2.345892     0.9330E-01 0.5894    
  
 CROSS SECTION =   23.5920747 +/-   0.257798047
  
  # of events with muons:  0 out of:  53829617
  All:           1. muons:   123.214409 2. muon   6.87321472
 In acc: 1. muons:     79.094:      0.642 % 2. muon      9.628:      1.401 %
  Norm Histos here: lum=   1.lumbreit lum1  1.
  ZEUS scenario in Lab frame Q2>4
  Total      sig (pb):   477.501038
  b tot  sig (pb):   285.057678
  >=1jets sig (pb):   411.230438
  muon +no cuts on jet sig (pb):   56.9331169
  muon+jet    sig (pb):   52.0070076
  muon+jet+cone sig (pb):   33.7707214
  ZEUS scenario in Breit frame Q2>2 
  tot        sig (pb):   477.49527
  b.cross    sig (pb):   310.769318
  >=1jet sig (pb):   287.931854
  muon nojet cut sig (pb):   32.359951
  muon+jet   sig (pb):   24.2458172
 incl jet   sig (pb):  97.1184082
 incl muon  sig (pb):  26.3439999
 incl b     sig (pb):  418.011108
 generator:HVQ     hfrac  0.2205
  Output Histos here 
