  
 ============================
 | HVQDIS  V1.4  APRIL 2000 |
 ============================
  
 NORDER    =        2
 ISCALER   =        7
 ISCALEF   =       27
 IPDF      =        2
 PTS0      =   500000
 ITS0      =        2
 PTS1      =    80000
 ITS1      =        4
 IQUARK    =        2
 MASS      =      4.75
 EPRO      =    920.00
 EIEL      =     27.50
 Q2MIN     =      4.00
 Q2MAX     =   *******
 XBJMIN    =      0.00
 XBJMAX    =      1.00
 YMIN      =      0.05
 YMAX      =      0.70
 ETAMAX    =      2.50
 PTMIN     =      0.00
 PTMAX     =   *******
 IFRAG     =        0
 ISL       =        1
 EPS       =      0.0035
 HFRAC     =      0.2205
 XMD       =      5.2780
 TCFRAG    =        0
 TCSL    =        1
 PREF      =   f2b_4.-100000._0.-1._r7_f27_m4.75.histos
  
 BOTTOM PRODUCTION
 RM48 INITIALIZED:        40           0         0
 **hist: start histos 
 HPATH.  ERROR IN PATHNAME,


 ===> Directory : 
  create directory HISB
 hfrac:  0.2205
 **hzb: Version kula1  
 FULL LO+NLO ME



 INPUT PARAMETERS FOR VEGAS:  NDIM=  3  NCALL=   476656.
                              IT=    0  ITMX=    2
                              MDS= -1   ND=  31
 **MScale: SCALFA=   1. ISCALE=  7
 **MScale: scale: (Q2+Pt2+M2)/4 
 1**Scales: M2=   22.5625 Q2=   42.9460875 X2=   0.0345279855
 1**Scale:   16.3857789
 **MScale: SCALFA=   1. ISCALE=  27
 **MScale: scale: 4*(Q2+Pt2+M2)/4 
 2**Scales: M2=   22.5625 Q2=   42.9460875 X2=   0.0345279855
 2**Scale:   65.5431155
 wtx  4.08925825E-06hfrac  0.392379761
 **frag: Peterson frag function 
 **frag: Vincenzo semi-leptonic routine dir+indir 

 ******************************************************
 KTCLUS: written by Mike Seymour, July 1992.
 Last modified October 1997.
 Please send comments or suggestions to Mike.Seymour@rl.ac.uk

       Collision type = 3 = pe        
     Angular variable = 2 = DeltaR    
 Monotonic definition = 1 = no        
 Recombination scheme = 1 = E         
 Ecut=  1.00
 ******************************************************

 **MScale: SCALFA=   1. ISCALE=  7
 **MScale: scale: (Q2+Pt2+M2)/4 
 3**Scales: M2=   22.5625 Q2=   36.1187341 X2=   0.0269964239
 3**Scale:   14.6770576
 **MScale: SCALFA=   1. ISCALE=  27
 **MScale: scale: 4*(Q2+Pt2+M2)/4 
 4**Scales: M2=   22.5625 Q2=   36.1187341 X2=   0.0269964239
 4**Scale:   58.7082305
 wtx  4.83711892E-06hfrac  0.392379761
 **MScale: SCALFA=   1. ISCALE=  7
 **MScale: scale: (Q2+Pt2+M2)/4 
 5**Scales: M2=   22.5625 Q2=   72.8881981 X2=   0.252553195
 5**Scale:   23.9258128
 6**Scales: M2=   22.5625 Q2=   72.8881981 X2=   0.252553195
 6**Scale:   95.7032513
 wtx  4.69006272E-06hfrac  0.392379761
 7**Scales: M2=   22.5625 Q2=   78.6399631 X2=   0.0461223131
 7**Scale:   25.3121464
 8**Scales: M2=   22.5625 Q2=   78.6399631 X2=   0.0461223131
 8**Scale:   101.248585
 wtx  1.78683092E-06hfrac  0.392379761
 9**Scales: M2=   22.5625 Q2=   35.4538321 X2=   0.0418349385
 9**Scale:   14.5145418
 10**Scales: M2=   22.5625 Q2=   35.4538321 X2=   0.0418349385
 10**Scale:   58.058167
 wtx  4.4645858E-06hfrac  0.392379761
 11**Scales: M2=   22.5625 Q2=   57.9015881 X2=   0.763722206
 11**Scale:   20.3069526
 12**Scales: M2=   22.5625 Q2=   57.9015881 X2=   0.763722206
 12**Scale:   81.2278103
 wtx  1.18353182E-05hfrac  0.392379761
 13**Scales: M2=   22.5625 Q2=   49.7453407 X2=   0.895143686
 13**Scale:   18.3007461
 14**Scales: M2=   22.5625 Q2=   49.7453407 X2=   0.895143686
 14**Scale:   73.2029843
 wtx  1.70435032E-05hfrac  0.392379761
 15**Scales: M2=   22.5625 Q2=   70.6289765 X2=   0.27869843
 15**Scale:   23.3675437
 16**Scales: M2=   22.5625 Q2=   70.6289765 X2=   0.27869843
 16**Scale:   93.4701749
 wtx  4.66191659E-06hfrac  0.392379761
 17**Scales: M2=   22.5625 Q2=   39.0175761 X2=   3.49982255
 17**Scale:   16.2699747
 18**Scales: M2=   22.5625 Q2=   39.0175761 X2=   3.49982255
 18**Scale:   65.0798987
 wtx  4.33798814E-05hfrac  0.392379761
 19**Scales: M2=   22.5625 Q2=   48.1519884 X2=   0.182813403
 19**Scale:   17.7243255
 20**Scales: M2=   22.5625 Q2=   48.1519884 X2=   0.182813403
 20**Scale:   70.8973018
 wtx  6.559962E-06hfrac  0.392379761
 21**Scales: M2=   22.5625 Q2=   44.1439899 X2=   4.55407524
 21**Scale:   17.8151413
 22**Scales: M2=   22.5625 Q2=   44.1439899 X2=   4.55407524
 22**Scale:   71.2605651
 wtx  4.13285888E-05hfrac  0.392379761
 23**Scales: M2=   22.5625 Q2=   53.7958337 X2=   0.864557786
 23**Scale:   19.3057229
 24**Scales: M2=   22.5625 Q2=   53.7958337 X2=   0.864557786
 24**Scale:   77.2228915
 wtx  1.18015905E-05hfrac  0.392379761
 25**Scales: M2=   22.5625 Q2=   8.59370569 X2=   0.0179772153
 25**Scale:   7.79354573
 26**Scales: M2=   22.5625 Q2=   8.59370569 X2=   0.0179772153
 26**Scale:   31.1741829
 wtx  1.80710304E-05hfrac  0.392379761
 27**Scales: M2=   22.5625 Q2=   46.3818665 X2=   3.42670611
 27**Scale:   18.0927682
 28**Scales: M2=   22.5625 Q2=   46.3818665 X2=   3.42670611
 28**Scale:   72.3710726
 wtx  3.10402174E-05hfrac  0.392379761
 29**Scales: M2=   22.5625 Q2=   77.2630171 X2=   9.69601978
 29**Scale:   27.3803842
 30**Scales: M2=   22.5625 Q2=   77.2630171 X2=   9.69601978
 30**Scale:   109.521537
 wtx  1.67710114E-05hfrac  0.392379761
 31**Scales: M2=   22.5625 Q2=   82.1598147 X2=   9.33136581
 31**Scale:   28.5134201
 32**Scales: M2=   22.5625 Q2=   82.1598147 X2=   9.33136581
 32**Scale:   114.05368
 wtx  1.51572476E-05hfrac  0.392379761
 33**Scales: M2=   22.5625 Q2=   51.1593727 X2=   0.0160898741
 33**Scale:   18.4344907
 34**Scales: M2=   22.5625 Q2=   51.1593727 X2=   0.0160898741
 34**Scale:   73.7379626
 wtx  1.5181688E-06hfrac  0.392379761
 35**Scales: M2=   22.5625 Q2=   44.6030645 X2=   3.67437964
 35**Scale:   17.709986
 36**Scales: M2=   22.5625 Q2=   44.6030645 X2=   3.67437964
 36**Scale:   70.8399441
 wtx  3.66905806E-05hfrac  0.392379761
 37**Scales: M2=   22.5625 Q2=   12.6323989 X2=   16.0853649
 37**Scale:   12.8200659
 38**Scales: M2=   22.5625 Q2=   12.6323989 X2=   16.0853649
 38**Scale:   51.2802638
 wtx  0.00025223376hfrac  0.392379761
 39**Scales: M2=   22.5625 Q2=   31.370899 X2=   22.5900063
 39**Scale:   19.1308513
 40**Scales: M2=   22.5625 Q2=   31.370899 X2=   22.5900063
 40**Scale:   76.5234054
 wtx  7.49920582E-05hfrac  0.392379761
 41**Scales: M2=   22.5625 Q2=   24.3723567 X2=   300.715625
 41**Scale:   86.9126203
 42**Scales: M2=   22.5625 Q2=   24.3723567 X2=   300.715625
 42**Scale:   347.650481
 wtx  3.93566211E-08hfrac  0.392379761
 **bmatch: create BMAT   
 BMAT    histos booked ! 
 43**Scales: M2=   22.5625 Q2=   43.8880083 X2=   2.2212974
 43**Scale:   17.1679514
 44**Scales: M2=   22.5625 Q2=   43.8880083 X2=   2.2212974
 44**Scale:   68.6718057
 wtx  2.44070161E-05hfrac  0.392379761
 45**Scales: M2=   22.5625 Q2=   76.612992 X2=   2.04180696
 45**Scale:   25.3043247
 46**Scales: M2=   22.5625 Q2=   76.612992 X2=   2.04180696
 46**Scale:   101.217299
 wtx  9.59613317E-06hfrac  0.392379761
 47**Scales: M2=   22.5625 Q2=   20.033426 X2=   2.82735491
 47**Scale:   11.3558202
 48**Scales: M2=   22.5625 Q2=   20.033426 X2=   2.82735491
 48**Scale:   45.4232809
 wtx  9.52385744E-05hfrac  0.392379761
 49**Scales: M2=   22.5625 Q2=   38.5235327 X2=   0.643852043
 49**Scale:   15.4324712
 50**Scales: M2=   22.5625 Q2=   38.5235327 X2=   0.643852043
 50**Scale:   61.7298847
 wtx  1.56715996E-05hfrac  0.392379761
 51**Scales: M2=   22.5625 Q2=   67.788454 X2=   29.4804996
 51**Scale:   29.9578634
 52**Scales: M2=   22.5625 Q2=   67.788454 X2=   29.4804996
 52**Scale:   119.831454
 wtx  2.18995447E-05hfrac  0.392379761
 53**Scales: M2=   22.5625 Q2=   40.5329135 X2=   203.78087
 53**Scale:   66.7190709
 54**Scales: M2=   22.5625 Q2=   40.5329135 X2=   203.78087
 54**Scale:   266.876284
 wtx  3.41282453E-06hfrac  0.392379761
 55**Scales: M2=   22.5625 Q2=   48.6833234 X2=   2.46244534
 55**Scale:   18.4270672
 56**Scales: M2=   22.5625 Q2=   48.6833234 X2=   2.46244534
 56**Scale:   73.7082687
 wtx  2.23600164E-05hfrac  0.392379761
 57**Scales: M2=   22.5625 Q2=   34.3536744 X2=   17.7596178
 57**Scale:   18.668948
 58**Scales: M2=   22.5625 Q2=   34.3536744 X2=   17.7596178
 58**Scale:   74.6757921
 wtx  7.47169324E-05hfrac  0.392379761
 59**Scales: M2=   22.5625 Q2=   9.72870284 X2=   6.21573122
 59**Scale:   9.62673352
 60**Scales: M2=   22.5625 Q2=   9.72870284 X2=   6.21573122
 60**Scale:   38.5069341
 wtx  0.000304679124hfrac  0.392379761
 61**Scales: M2=   22.5625 Q2=   33.1787828 X2=   8.7084605
 61**Scale:   16.1124358
 62**Scales: M2=   22.5625 Q2=   33.1787828 X2=   8.7084605
 62**Scale:   64.4497433
 wtx  6.82672617E-05hfrac  0.392379761
 63**Scales: M2=   22.5625 Q2=   96.7749409 X2=   96.3055254
 63**Scale:   53.9107416
 64**Scales: M2=   22.5625 Q2=   96.7749409 X2=   96.3055254
 64**Scale:   215.642966
 wtx  6.07001084E-06hfrac  0.392379761
 65**Scales: M2=   22.5625 Q2=   83.1931045 X2=   147.958309
 65**Scale:   63.4284785
 66**Scales: M2=   22.5625 Q2=   83.1931045 X2=   147.958309
 66**Scale:   253.713914
 wtx  4.63393826E-06hfrac  0.392379761
 67**Scales: M2=   22.5625 Q2=   17.5725042 X2=   7.65168398
 67**Scale:   11.946672
 68**Scales: M2=   22.5625 Q2=   17.5725042 X2=   7.65168398
 68**Scale:   47.7866882
 wtx  0.00015632814hfrac  0.392379761
 69**Scales: M2=   22.5625 Q2=   79.7758768 X2=   5.65011025
 69**Scale:   26.9971218
 70**Scales: M2=   22.5625 Q2=   79.7758768 X2=   5.65011025
 70**Scale:   107.988487
 wtx  1.25413872E-05hfrac  0.392379761
 71**Scales: M2=   22.5625 Q2=   12.8626367 X2=   5.00498376
 71**Scale:   10.1075301
 72**Scales: M2=   22.5625 Q2=   12.8626367 X2=   5.00498376
 72**Scale:   40.4301205
 wtx  0.00018970517hfrac  0.392379761
 73**Scales: M2=   22.5625 Q2=   59.5553334 X2=   20.9056467
 73**Scale:   25.75587
 74**Scales: M2=   22.5625 Q2=   59.5553334 X2=   20.9056467
 74**Scale:   103.02348
 wtx  2.98893865E-05hfrac  0.392379761
 75**Scales: M2=   22.5625 Q2=   11.2671202 X2=   63.7398143
 75**Scale:   24.3923586
 76**Scales: M2=   22.5625 Q2=   11.2671202 X2=   63.7398143
 76**Scale:   97.5694345
 wtx  0.000195478802hfrac  0.392379761
 77**Scales: M2=   22.5625 Q2=   63.5301469 X2=   208.371473
 77**Scale:   73.6160301
 78**Scales: M2=   22.5625 Q2=   63.5301469 X2=   208.371473
 78**Scale:   294.46412
 wtx  4.0814457E-06hfrac  0.392379761
 79**Scales: M2=   22.5625 Q2=   40.2493807 X2=   8.28578722
 79**Scale:   17.774417
 80**Scales: M2=   22.5625 Q2=   40.2493807 X2=   8.28578722
 80**Scale:   71.0976679
 wtx  4.95903914E-05hfrac  0.392379761
 81**Scales: M2=   22.5625 Q2=   4.30531956 X2=   5.57898842
 81**Scale:   8.111702
 82**Scales: M2=   22.5625 Q2=   4.30531956 X2=   5.57898842
 82**Scale:   32.446808
 wtx  0.000682802696hfrac  0.392379761
 83**Scales: M2=   22.5625 Q2=   33.1958004 X2=   93.9803687
 83**Scale:   37.4346673
 84**Scales: M2=   22.5625 Q2=   33.1958004 X2=   93.9803687
 84**Scale:   149.738669
 wtx  3.85195781E-05hfrac  0.392379761
 85**Scales: M2=   22.5625 Q2=   68.4068427 X2=   93.9386048
 85**Scale:   46.2269869
 86**Scales: M2=   22.5625 Q2=   68.4068427 X2=   93.9386048
 86**Scale:   184.907948
 wtx  1.20277109E-05hfrac  0.392379761
 87**Scales: M2=   22.5625 Q2=   35.5006722 X2=   60.082391
 87**Scale:   29.5363908
 88**Scales: M2=   22.5625 Q2=   35.5006722 X2=   60.082391
 88**Scale:   118.145563
 wtx  4.59604344E-05hfrac  0.392379761
 89**Scales: M2=   22.5625 Q2=   18.2297422 X2=   60.4544253
 89**Scale:   25.3116669
 90**Scales: M2=   22.5625 Q2=   18.2297422 X2=   60.4544253
 90**Scale:   101.246668
 wtx  0.000115383875hfrac  0.392379761
 91**Scales: M2=   22.5625 Q2=   57.1329543 X2=   5.31462916
 91**Scale:   21.2525209
 92**Scales: M2=   22.5625 Q2=   57.1329543 X2=   5.31462916
 92**Scale:   85.0100834
 wtx  2.22078816E-05hfrac  0.392379761
 93**Scales: M2=   22.5625 Q2=   74.4618821 X2=   9.58373253
 93**Scale:   26.6520287
 94**Scales: M2=   22.5625 Q2=   74.4618821 X2=   9.58373253
 94**Scale:   106.608115
 wtx  1.67591643E-05hfrac  0.392379761
 95**Scales: M2=   22.5625 Q2=   68.9804928 X2=   118.824067
 95**Scale:   52.591765
 96**Scales: M2=   22.5625 Q2=   68.9804928 X2=   118.824067
 96**Scale:   210.36706
 wtx  8.65957099E-06hfrac  0.392379761
 97**Scales: M2=   22.5625 Q2=   21.5463633 X2=   324.362349
 97**Scale:   92.117803
 98**Scales: M2=   22.5625 Q2=   21.5463633 X2=   324.362349
 98**Scale:   368.471212
 wtx  1.03074681E-05hfrac  0.392379761
 99**Scales: M2=   22.5625 Q2=   37.9717299 X2=   170.736598
 99**Scale:   57.8177069
 100**Scales: M2=   22.5625 Q2=   37.9717299 X2=   170.736598
 100**Scale:   231.270828
 wtx  1.66381542E-05hfrac  0.392379761
 wtx  6.1137398E-05hfrac  0.392379761
 wtx  1.40952052E-05hfrac  0.392379761
 wtx  2.04089224E-06hfrac  0.392379761
 wtx  9.49226614E-06hfrac  0.392379761
 wtx  1.59188021E-05hfrac  0.392379761
 wtx  3.51724811E-05hfrac  0.392379761
 wtx  4.02771147E-05hfrac  0.392379761
 wtx  2.5229012E-05hfrac  0.392379761
 wtx  1.96305773E-05hfrac  0.392379761
 wtx  4.39650685E-05hfrac  0.392379761
 wtx  8.88162249E-05hfrac  0.392379761
 wtx  1.855337E-05hfrac  0.392379761
 wtx  2.26121247E-05hfrac  0.392379761
 wtx  8.70606254E-06hfrac  0.392379761
 wtx  0.000206321463hfrac  0.392379761
 wtx  1.69007071E-05hfrac  0.392379761
 wtx  1.25369415E-05hfrac  0.392379761
 wtx  7.58946669E-07hfrac  0.392379761
 wtx  2.79643627E-05hfrac  0.392379761
 wtx  0.000145417769hfrac  0.392379761
 wtx  4.14730785E-05hfrac  0.392379761
 wtx  1.59309366E-05hfrac  0.392379761
 wtx  5.6189424E-07hfrac  0.392379761
 wtx  2.22354847E-05hfrac  0.392379761
 wtx  1.63542845E-05hfrac  0.392379761
 wtx  4.28646126E-06hfrac  0.392379761
 wtx  4.73315595E-06hfrac  0.392379761
 wtx  2.11508795E-05hfrac  0.392379761
 wtx  3.46684683E-05hfrac  0.392379761
 wtx  4.90992861E-05hfrac  0.392379761
 wtx  7.21681135E-06hfrac  0.392379761
 wtx  2.0071855E-05hfrac  0.392379761
 wtx  2.4133285E-06hfrac  0.392379761
 wtx  2.63850743E-05hfrac  0.392379761
 wtx  2.58702585E-06hfrac  0.392379761
 wtx  6.40498047E-06hfrac  0.392379761
 wtx  2.78347052E-05hfrac  0.392379761
 wtx  8.47455231E-05hfrac  0.392379761
 wtx  4.1667754E-06hfrac  0.392379761
 wtx  3.25500951E-05hfrac  0.392379761
 wtx  3.63596446E-05hfrac  0.392379761
 wtx  5.28135661E-06hfrac  0.392379761
 wtx  1.23664067E-05hfrac  0.392379761
 wtx  4.43264653E-05hfrac  0.392379761
 wtx  4.07486768E-05hfrac  0.392379761
 wtx  4.98319314E-05hfrac  0.392379761
 wtx  0.000798932801hfrac  0.392379761
 wtx  5.04517448E-05hfrac  0.392379761
 wtx  4.3809232E-05hfrac  0.392379761
 wtx  1.29737E-05hfrac  0.392379761
   1       16.72923      2.400       16.72923      2.400      0.000    
   2       15.66216     0.5399       15.72038     0.5431     0.1991    



 INPUT PARAMETERS FOR VEGAS:  NDIM=  3  NCALL=  4920750.
                              IT=    0  ITMX=    4
                              MDS= -1   ND=  45
   1       15.81494     0.4688E-01   15.81494     0.4688E-01  0.000    
   2       15.85845     0.4750E-01   15.83647     0.3337E-01 0.4249    
   3       15.80346     0.4650E-01   15.82528     0.2711E-01 0.3788    
   4       15.76640     0.4695E-01   15.81064     0.2348E-01 0.6448    



 INPUT PARAMETERS FOR VEGAS:  NDIM=  6  NCALL=    78125.
                              IT=    0  ITMX=    4
                              MDS=  1   ND=  50
 **sig1: iscalef=  7
 **sig1: mur=   75.7633548
 **sig1: iscalef=  27
 **sig1: muf=   303.053419
 ALFAS  =   0.173192746
 MUR2   =   75.7633548
 LOGMUR =   1.21132549
 MUF2   =   303.053419
 LOGMUF =   2.59761986
  
 INTEGRATING NLO GLUON ...
  
   1       8.715803      11.29       8.715803      11.29      0.000    
   2       8.878319      5.929       8.844171      5.221     0.1608E-03
   3       13.22144      4.361       12.18863      3.022     0.1892    
   4       10.15722      4.208       11.52587      2.461     0.1780    



 INPUT PARAMETERS FOR VEGAS:  NDIM=  6  NCALL=   786432.
                              IT=    0  ITMX=    8
                              MDS=  1   ND=  50
   1       7.725252     0.8950       7.725252     0.8950      0.000    
   2       7.611229     0.7363       7.658072     0.5694     0.9706E-02
   3       8.142809     0.9502       7.797769     0.4905     0.1048    
   4       8.267825     0.7965       7.937469     0.4171     0.1564    
   5       7.855534     0.8306       7.921254     0.3727     0.1197    
   6       7.061544     0.6260       7.732379     0.3236     0.3412    
   7       7.702921      1.396       7.730908     0.3149     0.2853    
   8       7.585447     0.6883       7.706747     0.2867     0.2511    



 INPUT PARAMETERS FOR VEGAS:  NDIM=  6  NCALL=    78125.
                              IT=    0  ITMX=    4
                              MDS=  1   ND=  50
 ALFAS  =   0.217921326
 MUR2   =   17.9629613
 LOGMUR =  -0.227977305
 MUF2   =   71.8518451
 LOGMUF =   1.15831706
  
 INTEGRATING QUARK INITIATED ...
  
   1      0.7428482     0.5852      0.7428482     0.5852      0.000    
   2      0.7131610     0.6167      0.7293846     0.4240     0.1215E-02
   3      0.9347832     0.5318      0.8344768     0.3268     0.4986E-01
   4       1.267846     0.3104       1.152677     0.1974     0.3377    



 INPUT PARAMETERS FOR VEGAS:  NDIM=  6  NCALL=   786432.
                              IT=    0  ITMX=    8
                              MDS=  1   ND=  50
   1       1.296576     0.1230       1.296576     0.1230      0.000    
   2       1.455600     0.3314       1.320115     0.1207     0.2188    
   3       1.565337     0.2116       1.392609     0.1061     0.6558    
   4       1.178342     0.1180       1.317613     0.8190E-01 0.9960    
   5       1.568745     0.1270       1.405208     0.6798E-01  1.481    
   6       1.408698     0.1393       1.405870     0.6110E-01  1.189    
   7       1.487714     0.1603       1.417141     0.5714E-01  1.017    
   8       1.509412     0.1181       1.436240     0.5125E-01 0.9356    
  
 CROSS SECTION =   24.9536252 +/-   0.292170234
  
  # of events with muons:  0 out of:  56792718
  All:           1. muons:   114.685417 2. muon   7.45381117
 In acc: 1. muons:     86.186:      0.751 % 2. muon     10.568:      1.418 %
  Norm Histos here: lum=   1.lumbreit lum1  1.
  ZEUS scenario in Lab frame Q2>4
  Total      sig (pb):   524.025269
  b tot  sig (pb):   306.335632
  >=1jets sig (pb):   444.179413
  muon +no cuts on jet sig (pb):   61.6968956
  muon+jet    sig (pb):   55.3281364
  muon+jet+cone sig (pb):   35.0733337
  ZEUS scenario in Breit frame Q2>2 
  tot        sig (pb):   524.020203
  b.cross    sig (pb):   332.400421
  >=1jet sig (pb):   308.067322
  muon nojet cut sig (pb):   35.2564392
  muon+jet   sig (pb):   24.9886875
 incl jet   sig (pb):  101.935623
 incl muon  sig (pb):  27.1028957
 incl b     sig (pb):  448.030212
 generator:HVQ     hfrac  0.2205
  Output Histos here 
