  
 ============================
 | HVQDIS  V1.4  APRIL 2000 |
 ============================
  
 NORDER    =        2
 ISCALER   =        5
 ISCALEF   =        5
 IPDF      =        5
 PTS0      =   500000
 ITS0      =        2
 PTS1      =    80000
 ITS1      =        4
 IQUARK    =        2
 MASS      =      4.75
 EPRO      =    920.00
 EIEL      =     27.50
 Q2MIN     =    100.00
 Q2MAX     =   3162.00
 XBJMIN    =      0.00
 XBJMAX    =      0.00
 YMIN      =      0.05
 YMAX      =      0.80
 ETAMAX    =      2.50
 PTMIN     =      0.00
 PTMAX     =   *******
 IFRAG     =        0
 ISL       =        1
 EPS       =      0.0035
 HFRAC     =      0.2205
 XMD       =      5.2780
 TCFRAG    =        0
 TCSL    =        1
 PREF      =   f2b_0.001-0.001-5_f5_m4.75.histos       
  
 BOTTOM PRODUCTION
 RM48 INITIALIZED:        40           0         0
 **hist: start histos 
 HPATH.  ERROR IN PATHNAME,


 ===> Directory : 
  create directory HISB
 hfrac:  0.2205
 **hzb: Version kula1  
 FULL LO+NLO ME



 INPUT PARAMETERS FOR VEGAS:  NDIM=  3  NCALL=   476656.
                              IT=    0  ITMX=    2
                              MDS= -1   ND=  31
 **MScale: SCALFA=   1. ISCALE=  5
 **MScale: scale: Pt2+4 M2 
 **MScale: SCALFA=   1. ISCALE=  5
 **MScale: scale: Pt2+4 M2 
 wtx  2.89694344E-06hfrac  0.392379761
 **frag: Peterson frag function 
 **frag: Vincenzo semi-leptonic routine dir+indir 

 ******************************************************
 KTCLUS: written by Mike Seymour, July 1992.
 Last modified October 1997.
 Please send comments or suggestions to Mike.Seymour@rl.ac.uk

       Collision type = 3 = pe        
     Angular variable = 2 = DeltaR    
 Monotonic definition = 1 = no        
 Recombination scheme = 1 = E         
 Ecut=  1.00
 ******************************************************

 **bmatch: create BMAT   
 BMAT    histos booked ! 
 **MScale: SCALFA=   1. ISCALE=  5
 **MScale: scale: Pt2+4 M2 
 **MScale: SCALFA=   1. ISCALE=  5
 **MScale: scale: Pt2+4 M2 
 wtx  2.89135892E-06hfrac  0.392379761
 **MScale: SCALFA=   1. ISCALE=  5
 **MScale: scale: Pt2+4 M2 
 wtx  1.14675743E-06hfrac  0.392379761
 wtx  2.51186407E-06hfrac  0.392379761
 wtx  1.16992589E-06hfrac  0.392379761
 wtx  2.69763336E-06hfrac  0.392379761
 wtx  7.45608304E-07hfrac  0.392379761
 wtx  3.00199599E-06hfrac  0.392379761
 wtx  1.29453539E-07hfrac  0.392379761
 wtx  2.13773342E-06hfrac  0.392379761
 wtx  2.63949141E-06hfrac  0.392379761
 wtx  1.80035033E-06hfrac  0.392379761
 wtx  3.42975909E-07hfrac  0.392379761
 wtx  2.31003378E-06hfrac  0.392379761
 wtx  1.39400152E-06hfrac  0.392379761
 wtx  1.97656482E-06hfrac  0.392379761
 wtx  2.15549426E-06hfrac  0.392379761
 wtx  2.3337243E-06hfrac  0.392379761
 wtx  1.87769118E-07hfrac  0.392379761
 wtx  7.66842618E-07hfrac  0.392379761
 wtx  2.22657854E-06hfrac  0.392379761
 wtx  2.66935217E-06hfrac  0.392379761
 wtx  1.72738453E-06hfrac  0.392379761
 wtx  1.86863815E-06hfrac  0.392379761
 wtx  9.58787723E-07hfrac  0.392379761
 wtx  2.04233288E-07hfrac  0.392379761
 wtx  1.94203926E-06hfrac  0.392379761
 wtx  5.12815973E-07hfrac  0.392379761
 wtx  1.61123737E-07hfrac  0.392379761
 wtx  2.13579483E-06hfrac  0.392379761
 wtx  3.66372781E-08hfrac  0.392379761
 wtx  3.27961686E-07hfrac  0.392379761
 wtx  2.5592351E-06hfrac  0.392379761
 wtx  2.87527382E-06hfrac  0.392379761
 wtx  2.52587301E-06hfrac  0.392379761
 wtx  1.1010809E-06hfrac  0.392379761
 wtx  1.22885172E-06hfrac  0.392379761
 wtx  2.43037721E-06hfrac  0.392379761
 wtx  1.30832632E-06hfrac  0.392379761
 wtx  2.27794931E-06hfrac  0.392379761
 wtx  2.06094728E-06hfrac  0.392379761
 wtx  2.17190245E-06hfrac  0.392379761
 wtx  2.50763856E-06hfrac  0.392379761
 wtx  2.07397306E-06hfrac  0.392379761
 wtx  1.65123492E-06hfrac  0.392379761
 wtx  1.70956014E-06hfrac  0.392379761
 wtx  2.08780057E-06hfrac  0.392379761
 wtx  2.07693188E-06hfrac  0.392379761
 wtx  1.7120957E-06hfrac  0.392379761
 wtx  2.41417433E-06hfrac  0.392379761
 wtx  1.88059164E-06hfrac  0.392379761
 wtx  1.28010595E-06hfrac  0.392379761
 wtx  8.0073681E-10hfrac  0.392379761
 wtx  1.08334941E-08hfrac  0.392379761
 wtx  6.80537937E-08hfrac  0.392379761
 wtx  2.09539692E-07hfrac  0.392379761
 wtx  4.40290847E-07hfrac  0.392379761
 wtx  7.11912605E-07hfrac  0.392379761
 wtx  2.31937292E-06hfrac  0.392379761
 wtx  1.5339042E-06hfrac  0.392379761
 wtx  2.4504518E-06hfrac  0.392379761
 wtx  2.51430947E-06hfrac  0.392379761
 wtx  2.32569164E-06hfrac  0.392379761
 wtx  1.58598039E-06hfrac  0.392379761
 wtx  2.35240032E-06hfrac  0.392379761
 wtx  2.47360481E-06hfrac  0.392379761
 wtx  2.03336663E-06hfrac  0.392379761
 wtx  2.2896545E-06hfrac  0.392379761
 wtx  3.94838708E-07hfrac  0.392379761
 wtx  1.49499567E-06hfrac  0.392379761
 wtx  2.03319541E-06hfrac  0.392379761
 wtx  1.81798794E-06hfrac  0.392379761
 wtx  2.28572367E-06hfrac  0.392379761
 wtx  1.81648784E-06hfrac  0.392379761
 wtx  1.30114699E-06hfrac  0.392379761
 wtx  1.94377844E-06hfrac  0.392379761
 wtx  1.10524854E-06hfrac  0.392379761
 wtx  1.94189261E-06hfrac  0.392379761
 wtx  2.00077602E-06hfrac  0.392379761
 wtx  1.89753746E-06hfrac  0.392379761
 wtx  1.56962324E-06hfrac  0.392379761
 wtx  1.80525808E-06hfrac  0.392379761
 wtx  1.05964739E-06hfrac  0.392379761
 wtx  2.09543396E-06hfrac  0.392379761
 wtx  2.13459907E-06hfrac  0.392379761
 wtx  2.64786377E-06hfrac  0.392379761
 wtx  2.32262596E-06hfrac  0.392379761
 wtx  2.21265259E-06hfrac  0.392379761
 wtx  7.89961376E-08hfrac  0.392379761
 wtx  5.87256466E-07hfrac  0.392379761
 wtx  3.19979506E-07hfrac  0.392379761
 wtx  7.92489288E-07hfrac  0.392379761
 wtx  1.05711842E-06hfrac  0.392379761
 wtx  2.01459807E-06hfrac  0.392379761
 wtx  1.1613713E-06hfrac  0.392379761
 wtx  1.33336266E-06hfrac  0.392379761
 wtx  1.41855776E-06hfrac  0.392379761
 wtx  2.12023429E-06hfrac  0.392379761
 wtx  2.16464082E-06hfrac  0.392379761
 wtx  1.91072968E-06hfrac  0.392379761
   1      0.4450303     0.1752E-01  0.4450303     0.1752E-01  0.000    
   2      0.4550261     0.2976E-02  0.4547575     0.2904E-02 0.3099    



 INPUT PARAMETERS FOR VEGAS:  NDIM=  3  NCALL=  4920750.
                              IT=    0  ITMX=    4
                              MDS= -1   ND=  45
   1      0.4537300     0.8360E-03  0.4537300     0.8360E-03  0.000    
   2      0.4544401     0.8216E-03  0.4540918     0.5860E-03 0.3670    
   3      0.4536635     0.6840E-03  0.4539107     0.4451E-03 0.2967    
   4      0.4548265     0.9129E-03  0.4540871     0.4001E-03 0.4692    



 INPUT PARAMETERS FOR VEGAS:  NDIM=  6  NCALL=    78125.
                              IT=    0  ITMX=    4
                              MDS=  1   ND=  50
 **sig1: iscalef=  5
 **sig1: mur=   92.4414536
 **sig1: iscalef=  5
 **sig1: muf=   92.4414536
 ALFAS  =   0.173864997
 MUR2   =   92.4414536
 LOGMUR =   1.41028627
 MUF2   =   92.4414536
 LOGMUF =   1.41028627
  
 INTEGRATING NLO GLUON ...
  
   1      0.2005125     0.1199      0.2005125     0.1199      0.000    
   2      0.2006971     0.3759E-01  0.2006806     0.3585E-01 0.2156E-05
   3      0.1796011     0.2336E-01  0.1869002     0.2039E-01 0.1210    
   4      0.2400968     0.4426E-01  0.1999640     0.1885E-01 0.5628    



 INPUT PARAMETERS FOR VEGAS:  NDIM=  6  NCALL=   786432.
                              IT=    0  ITMX=    8
                              MDS=  1   ND=  50
   1      0.2177900     0.1208E-01  0.2177900     0.1208E-01  0.000    
   2      0.2006524     0.1121E-01  0.2092789     0.8242E-02  1.081    
   3      0.2085024     0.1836E-01  0.2091496     0.7514E-02 0.5427    
   4      0.1985852     0.1165E-01  0.2062681     0.6329E-02 0.5551    
   5      0.2360138     0.3386E-01  0.2075658     0.6376E-02 0.6194    
   6      0.2657180     0.5901E-01  0.2086060     0.6607E-02 0.7254    
   7      0.2055781     0.1108E-01  0.2079006     0.5726E-02 0.6257    
   8      0.2341387     0.1592E-01  0.2112491     0.5391E-02 0.9043    



 INPUT PARAMETERS FOR VEGAS:  NDIM=  6  NCALL=    78125.
                              IT=    0  ITMX=    4
                              MDS=  1   ND=  50
 ALFAS  =   0.151969262
 MUR2   =   289.951244
 LOGMUR =   2.55342355
 MUF2   =   289.951244
 LOGMUF =   2.55342355
  
 INTEGRATING QUARK INITIATED ...
  
   1     -0.2525077E-01 0.2141E-01 -0.2525077E-01 0.2141E-01  0.000    
   2      0.4013676E-01 0.3565E-01  0.5928731E-02 0.2057E-01  2.522    
   3      0.3307621E-01 0.1499E-01  0.2349203E-01 0.1216E-01  1.841    
   4      0.3522961E-01 0.2338E-01  0.2621098E-01 0.1081E-01  1.263    



 INPUT PARAMETERS FOR VEGAS:  NDIM=  6  NCALL=   786432.
                              IT=    0  ITMX=    8
                              MDS=  1   ND=  50
   1      0.1953983E-01 0.3511E-02  0.1953983E-01 0.3511E-02  0.000    
   2      0.1960767E-01 0.2897E-02  0.1958031E-01 0.2234E-02 0.2220E-03
   3      0.2040212E-01 0.5511E-02  0.1970480E-01 0.2087E-02 0.1007E-01
   4      0.2639130E-01 0.9035E-02  0.2028102E-01 0.2178E-02 0.2530    
   5      0.4059357E-01 0.7271E-02  0.2514424E-01 0.2328E-02  3.593    
   6      0.2496507E-01 0.6917E-02  0.2512794E-01 0.2198E-02  2.932    
   7      0.3028280E-01 0.6755E-02  0.2576238E-01 0.2105E-02  2.442    
   8      0.2525843E-01 0.2840E-01  0.2575995E-01 0.2085E-02  2.125    
  
 CROSS SECTION =   0.691096189 +/-   0.00579425239
  
  # of events with muons:  0 out of:  36827790
  All:           1. muons:   2.17153406 2. muon   0.155225202
 In acc: 1. muons:      2.278:      1.049 % 2. muon      0.263:      1.693 %
  Norm Histos here: lum=   1.lumbreit lum1  1.
  ZEUS scenario in Lab frame Q2>4
  Total      sig (pb):   8.55193329
  b tot  sig (pb):   6.31518602
  >=1jets sig (pb):   8.24337673
  muon +no cuts on jet sig (pb):   1.16903329
  muon+jet    sig (pb):   1.14327407
  muon+jet+cone sig (pb):   0.839309037
  ZEUS scenario in Breit frame Q2>2 
  tot        sig (pb):   8.55193329
  b.cross    sig (pb):   6.79409122
  >=1jet sig (pb):   5.9228363
  muon nojet cut sig (pb):   0.918019533
  muon+jet   sig (pb):   0.700917423
 incl jet   sig (pb):  3.1611836
 incl muon  sig (pb):  0.764422178
 incl b     sig (pb):  9.90830994
 generator:HVQ     hfrac  0.2205
  Output Histos here 
