  
 ============================
 | HVQDIS  V1.4  APRIL 2000 |
 ============================
  
 NORDER    =        2
 ISCALER   =        7
 ISCALEF   =        7
 IPDF      =        5
 PTS0      =    50000
 ITS0      =        2
 PTS1      =     8000
 ITS1      =        4
 IQUARK    =        2
 MASS      =      4.75
 EPRO      =    920.00
 EIEL      =     27.50
 Q2MIN     =      2.00
 Q2MAX     =   3000.00
 XBJMIN    =      0.00
 XBJMAX    =      1.00
 YMIN      =      0.05
 YMAX      =      0.70
 ETAMAX    =      2.50
 PTMIN     =      0.00
 PTMAX     =   *******
 IFRAG     =        0
 ISL       =        1
 EPS       =      0.0035
 HFRAC     =      0.2205
 XMD       =      5.2780
 TCFRAG    =        0
 TCSL    =        1
 PREF      =   f2b_2.-3000._0.-1._r7_f7_m4.75.histos   
  
 BOTTOM PRODUCTION
 RM48 INITIALIZED:        40           0         0
 **hist: start histos 
 HPATH.  ERROR IN PATHNAME,


 ===> Directory : 
  create directory HISB
 hfrac:  0.2205
 **hzb: Version kula1  
 FULL LO+NLO ME
 NDIM,CALLS,IT,ITMX,MDS,ND



 INPUT PARAMETERS FOR VEGAS:  NDIM=  3  NCALL=    48778.
                              IT=    0  ITMX=    2
                              MDS= -1   ND=  29
 **MScale: SCALFA=   1. ISCALE=  7
 **MScale: scale: (Q2+Pt2+M2)/4 
 1**Scales: M2=   22.5625 Q2=   50.8494262 X2=   0.166713087
 1**Scale:   18.3946598
 **MScale: SCALFA=   1. ISCALE=  7
 **MScale: scale: (Q2+Pt2+M2)/4 
 2**Scales: M2=   22.5625 Q2=   50.8494262 X2=   0.166713087
 2**Scale:   18.3946598
 wtx  3.67400789E-05hfrac  0.392379761
 **frag: Peterson frag function 
 **frag: Vincenzo semi-leptonic routine dir+indir 

 ******************************************************
 KTCLUS: written by Mike Seymour, July 1992.
 Last modified October 1997.
 Please send comments or suggestions to Mike.Seymour@rl.ac.uk

       Collision type = 3 = pe        
     Angular variable = 2 = DeltaR    
 Monotonic definition = 1 = no        
 Recombination scheme = 1 = E         
 Ecut=  1.00
 ******************************************************

 **MScale: SCALFA=   1. ISCALE=  7
 **MScale: scale: (Q2+Pt2+M2)/4 
 3**Scales: M2=   22.5625 Q2=   40.7796283 X2=   0.127977585
 3**Scale:   15.8675265
 **MScale: SCALFA=   1. ISCALE=  7
 **MScale: scale: (Q2+Pt2+M2)/4 
 4**Scales: M2=   22.5625 Q2=   40.7796283 X2=   0.127977585
 4**Scale:   15.8675265
 wtx  4.3458389E-05hfrac  0.392379761
 **MScale: SCALFA=   1. ISCALE=  7
 **MScale: scale: (Q2+Pt2+M2)/4 
 5**Scales: M2=   22.5625 Q2=   85.274867 X2=   1.22906862
 5**Scale:   27.2666089
 6**Scales: M2=   22.5625 Q2=   85.274867 X2=   1.22906862
 6**Scale:   27.2666089
 wtx  3.94637209E-05hfrac  0.392379761
 7**Scales: M2=   22.5625 Q2=   81.805052 X2=   0.215306879
 7**Scale:   26.1457147
 8**Scales: M2=   22.5625 Q2=   81.805052 X2=   0.215306879
 8**Scale:   26.1457147
 wtx  1.51148724E-05hfrac  0.392379761
 9**Scales: M2=   22.5625 Q2=   42.5144074 X2=   0.198671841
 9**Scale:   16.3188948
 10**Scales: M2=   22.5625 Q2=   42.5144074 X2=   0.198671841
 10**Scale:   16.3188948
 wtx  3.76930329E-05hfrac  0.392379761
 11**Scales: M2=   22.5625 Q2=   68.8038175 X2=   3.65035471
 11**Scale:   23.7541681
 12**Scales: M2=   22.5625 Q2=   68.8038175 X2=   3.65035471
 12**Scale:   23.7541681
 wtx  9.27192814E-05hfrac  0.392379761
 13**Scales: M2=   22.5625 Q2=   53.748315 X2=   4.0586835
 13**Scale:   20.0923746
 14**Scales: M2=   22.5625 Q2=   53.748315 X2=   4.0586835
 14**Scale:   20.0923746
 wtx  0.00012776113hfrac  0.392379761
 15**Scales: M2=   22.5625 Q2=   76.7293579 X2=   1.2830016
 15**Scale:   25.1437149
 16**Scales: M2=   22.5625 Q2=   76.7293579 X2=   1.2830016
 16**Scale:   25.1437149
 wtx  3.65776541E-05hfrac  0.392379761
 17**Scales: M2=   22.5625 Q2=   41.2708847 X2=   15.5997435
 17**Scale:   19.858282
 18**Scales: M2=   22.5625 Q2=   41.2708847 X2=   15.5997435
 18**Scale:   19.858282
 wtx  0.000273034588hfrac  0.392379761
 19**Scales: M2=   22.5625 Q2=   49.1700078 X2=   0.800193928
 19**Scale:   18.1331754
 20**Scales: M2=   22.5625 Q2=   49.1700078 X2=   0.800193928
 20**Scale:   18.1331754
 wtx  4.97488836E-05hfrac  0.392379761
 21**Scales: M2=   22.5625 Q2=   46.3224183 X2=   19.4074931
 21**Scale:   22.0731029
 22**Scales: M2=   22.5625 Q2=   46.3224183 X2=   19.4074931
 22**Scale:   22.0731029
 wtx  0.000226599528hfrac  0.392379761
 23**Scales: M2=   22.5625 Q2=   64.9928414 X2=   3.81356999
 23**Scale:   22.8422279
 24**Scales: M2=   22.5625 Q2=   64.9928414 X2=   3.81356999
 24**Scale:   22.8422279
 wtx  8.44718961E-05hfrac  0.392379761
 25**Scales: M2=   22.5625 Q2=   7.24076105 X2=   0.0723648091
 25**Scale:   7.46890647
 26**Scales: M2=   22.5625 Q2=   7.24076105 X2=   0.0723648091
 26**Scale:   7.46890647
 wtx  0.000158626732hfrac  0.392379761
 27**Scales: M2=   22.5625 Q2=   55.8030153 X2=   14.5288532
 27**Scale:   23.2235921
 28**Scales: M2=   22.5625 Q2=   55.8030153 X2=   14.5288532
 28**Scale:   23.2235921
 wtx  0.000177476686hfrac  0.392379761
 29**Scales: M2=   22.5625 Q2=   95.0072196 X2=   39.9024597
 29**Scale:   39.3680448
 30**Scales: M2=   22.5625 Q2=   95.0072196 X2=   39.9024597
 30**Scale:   39.3680448
 wtx  6.43622916E-05hfrac  0.392379761
 **bmatch: create BMAT   
 BMAT    histos booked ! 
 31**Scales: M2=   22.5625 Q2=   99.7624043 X2=   38.2352174
 31**Scale:   40.1400304
 32**Scales: M2=   22.5625 Q2=   99.7624043 X2=   38.2352174
 32**Scale:   40.1400304
 wtx  5.94032281E-05hfrac  0.392379761
 33**Scales: M2=   22.5625 Q2=   52.7637368 X2=   0.059292977
 33**Scale:   18.8463825
 34**Scales: M2=   22.5625 Q2=   52.7637368 X2=   0.059292977
 34**Scale:   18.8463825
 wtx  1.06433445E-05hfrac  0.392379761
 35**Scales: M2=   22.5625 Q2=   45.6431389 X2=   13.51431
 35**Scale:   20.4299872
 36**Scales: M2=   22.5625 Q2=   45.6431389 X2=   13.51431
 36**Scale:   20.4299872
 wtx  0.000199710717hfrac  0.392379761
 37**Scales: M2=   22.5625 Q2=   12.6078131 X2=   56.2666746
 37**Scale:   22.8592469
 38**Scales: M2=   22.5625 Q2=   12.6078131 X2=   56.2666746
 38**Scale:   22.8592469
 wtx  0.00102925277hfrac  0.392379761
 39**Scales: M2=   22.5625 Q2=   32.1267551 X2=   81.1936538
 39**Scale:   33.9707272
 40**Scales: M2=   22.5625 Q2=   32.1267551 X2=   81.1936538
 40**Scale:   33.9707272
 wtx  0.000240218578hfrac  0.392379761
 41**Scales: M2=   22.5625 Q2=   23.9813633 X2=   1087.16201
 41**Scale:   283.426469
 42**Scales: M2=   22.5625 Q2=   23.9813633 X2=   1087.16201
 42**Scale:   283.426469
 wtx  1.18707177E-07hfrac  0.392379761
 43**Scales: M2=   22.5625 Q2=   53.1522387 X2=   7.65693575
 43**Scale:   20.8429186
 44**Scales: M2=   22.5625 Q2=   53.1522387 X2=   7.65693575
 44**Scale:   20.8429186
 wtx  0.000146507751hfrac  0.392379761
 45**Scales: M2=   22.5625 Q2=   81.5287185 X2=   6.36273826
 45**Scale:   27.6134892
 46**Scales: M2=   22.5625 Q2=   81.5287185 X2=   6.36273826
 46**Scale:   27.6134892
 wtx  5.51705343E-05hfrac  0.392379761
 47**Scales: M2=   22.5625 Q2=   19.2757026 X2=   8.22978785
 47**Scale:   12.5169976
 48**Scales: M2=   22.5625 Q2=   19.2757026 X2=   8.22978785
 48**Scale:   12.5169976
 wtx  0.000532527338hfrac  0.392379761
 49**Scales: M2=   22.5625 Q2=   40.3537912 X2=   1.75442543
 49**Scale:   16.1676791
 50**Scales: M2=   22.5625 Q2=   40.3537912 X2=   1.75442543
 50**Scale:   16.1676791
 wtx  9.25188069E-05hfrac  0.392379761
 51**Scales: M2=   22.5625 Q2=   76.5249199 X2=   83.4190369
 51**Scale:   45.6266142
 52**Scales: M2=   22.5625 Q2=   76.5249199 X2=   83.4190369
 52**Scale:   45.6266142
 wtx  6.84363986E-05hfrac  0.392379761
 53**Scales: M2=   22.5625 Q2=   43.4094773 X2=   537.078325
 53**Scale:   150.762576
 54**Scales: M2=   22.5625 Q2=   43.4094773 X2=   537.078325
 54**Scale:   150.762576
 wtx  8.72254714E-06hfrac  0.392379761
 55**Scales: M2=   22.5625 Q2=   51.1012616 X2=   5.92272862
 55**Scale:   19.8966225
 56**Scales: M2=   22.5625 Q2=   51.1012616 X2=   5.92272862
 56**Scale:   19.8966225
 wtx  0.000116707393hfrac  0.392379761
 57**Scales: M2=   22.5625 Q2=   36.7343117 X2=   40.0339387
 57**Scale:   24.8326876
 58**Scales: M2=   22.5625 Q2=   36.7343117 X2=   40.0339387
 58**Scale:   24.8326876
 wtx  0.00028375347hfrac  0.392379761
 59**Scales: M2=   22.5625 Q2=   9.07446309 X2=   14.12627
 59**Scale:   11.4408083
 60**Scales: M2=   22.5625 Q2=   9.07446309 X2=   14.12627
 60**Scale:   11.4408083
 wtx  0.00178542663hfrac  0.392379761
 61**Scales: M2=   22.5625 Q2=   36.6506599 X2=   17.9432215
 61**Scale:   19.2890953
 62**Scales: M2=   22.5625 Q2=   36.6506599 X2=   17.9432215
 62**Scale:   19.2890953
 wtx  0.000304301182hfrac  0.392379761
 63**Scales: M2=   22.5625 Q2=   100.904522 X2=   194.624663
 63**Scale:   79.5229213
 64**Scales: M2=   22.5625 Q2=   100.904522 X2=   194.624663
 64**Scale:   79.5229213
 wtx  2.01395269E-05hfrac  0.392379761
 65**Scales: M2=   22.5625 Q2=   87.5705223 X2=   258.187582
 65**Scale:   92.0801512
 66**Scales: M2=   22.5625 Q2=   87.5705223 X2=   258.187582
 66**Scale:   92.0801512
 wtx  1.67436192E-05hfrac  0.392379761
 67**Scales: M2=   22.5625 Q2=   18.2179971 X2=   12.6843182
 67**Scale:   13.3662038
 68**Scales: M2=   22.5625 Q2=   18.2179971 X2=   12.6843182
 68**Scale:   13.3662038
 wtx  0.000736846298hfrac  0.392379761
 69**Scales: M2=   22.5625 Q2=   93.3552176 X2=   8.59462016
 69**Scale:   31.1280844
 70**Scales: M2=   22.5625 Q2=   93.3552176 X2=   8.59462016
 70**Scale:   31.1280844
 wtx  5.28980345E-05hfrac  0.392379761
 71**Scales: M2=   22.5625 Q2=   13.0200248 X2=   7.1959781
 71**Scale:   10.6946257
 72**Scales: M2=   22.5625 Q2=   13.0200248 X2=   7.1959781
 72**Scale:   10.6946257
 wtx  0.00096400344hfrac  0.392379761
 73**Scales: M2=   22.5625 Q2=   68.2481803 X2=   30.0929302
 73**Scale:   30.2259026
 74**Scales: M2=   22.5625 Q2=   68.2481803 X2=   30.0929302
 74**Scale:   30.2259026
 wtx  0.000119331264hfrac  0.392379761
 75**Scales: M2=   22.5625 Q2=   10.342012 X2=   87.7522891
 75**Scale:   30.1642003
 76**Scales: M2=   22.5625 Q2=   10.342012 X2=   87.7522891
 76**Scale:   30.1642003
 wtx  0.000927190529hfrac  0.392379761
 77**Scales: M2=   22.5625 Q2=   70.8229238 X2=   246.187555
 77**Scale:   84.8932447
 78**Scales: M2=   22.5625 Q2=   70.8229238 X2=   246.187555
 78**Scale:   84.8932447
 wtx  2.0164136E-05hfrac  0.392379761
 79**Scales: M2=   22.5625 Q2=   42.8476538 X2=   8.88966594
 79**Scale:   18.5749549
 80**Scales: M2=   22.5625 Q2=   42.8476538 X2=   8.88966594
 80**Scale:   18.5749549
 wtx  0.000196355148hfrac  0.392379761
 81**Scales: M2=   22.5625 Q2=   2.38820748 X2=   4.5011181
 81**Scale:   7.36295639
 82**Scales: M2=   22.5625 Q2=   2.38820748 X2=   4.5011181
 82**Scale:   7.36295639
 wtx  0.00537008513hfrac  0.392379761
 83**Scales: M2=   22.5625 Q2=   34.1688816 X2=   76.7846988
 83**Scale:   33.3790201
 84**Scales: M2=   22.5625 Q2=   34.1688816 X2=   76.7846988
 84**Scale:   33.3790201
 wtx  0.000226371456hfrac  0.392379761
 85**Scales: M2=   22.5625 Q2=   78.9846215 X2=   67.2957483
 85**Scale:   42.2107174
 86**Scales: M2=   22.5625 Q2=   78.9846215 X2=   67.2957483
 86**Scale:   42.2107174
 wtx  6.70163645E-05hfrac  0.392379761
 87**Scales: M2=   22.5625 Q2=   40.9420938 X2=   39.2988009
 87**Scale:   25.7008487
 88**Scales: M2=   22.5625 Q2=   40.9420938 X2=   39.2988009
 88**Scale:   25.7008487
 wtx  0.00025721686hfrac  0.392379761
 89**Scales: M2=   22.5625 Q2=   18.9215149 X2=   30.3078809
 89**Scale:   17.947974
 90**Scales: M2=   22.5625 Q2=   18.9215149 X2=   30.3078809
 90**Scale:   17.947974
 wtx  0.000781811192hfrac  0.392379761
 91**Scales: M2=   22.5625 Q2=   63.7091829 X2=   3.15985732
 91**Scale:   22.3578851
 92**Scales: M2=   22.5625 Q2=   63.7091829 X2=   3.15985732
 92**Scale:   22.3578851
 wtx  7.00174278E-05hfrac  0.392379761
 93**Scales: M2=   22.5625 Q2=   87.6674232 X2=   3.6795826
 93**Scale:   28.4773765
 94**Scales: M2=   22.5625 Q2=   87.6674232 X2=   3.6795826
 94**Scale:   28.4773765
 wtx  4.84739685E-05hfrac  0.392379761
 95**Scales: M2=   22.5625 Q2=   85.3182859 X2=   55.3322524
 95**Scale:   40.8032596
 96**Scales: M2=   22.5625 Q2=   85.3182859 X2=   55.3322524
 96**Scale:   40.8032596
 wtx  5.8652633E-05hfrac  0.392379761
 97**Scales: M2=   22.5625 Q2=   21.2157895 X2=   85.9235153
 97**Scale:   32.4254512
 98**Scales: M2=   22.5625 Q2=   21.2157895 X2=   85.9235153
 98**Scale:   32.4254512
 wtx  0.000232719191hfrac  0.392379761
 99**Scales: M2=   22.5625 Q2=   39.37202 X2=   35.472551
 99**Scale:   24.3517677
 100**Scales: M2=   22.5625 Q2=   39.37202 X2=   35.472551
 100**Scale:   24.3517677
 wtx  0.000227015611hfrac  0.392379761
 wtx  0.000364250474hfrac  0.392379761
 wtx  2.29682373E-05hfrac  0.392379761
 wtx  8.60232176E-05hfrac  0.392379761
 wtx  1.11241961E-05hfrac  0.392379761
 wtx  5.48401404E-05hfrac  0.392379761
 wtx  0.00010175546hfrac  0.392379761
 wtx  0.0012844411hfrac  0.392379761
 wtx  8.3488294E-06hfrac  0.392379761
 wtx  4.10159373E-06hfrac  0.392379761
 wtx  8.82085658E-07hfrac  0.392379761
 wtx  8.92191838E-06hfrac  0.392379761
 wtx  1.18994503E-05hfrac  0.392379761
 wtx  1.0528448E-05hfrac  0.392379761
 wtx  1.26717423E-05hfrac  0.392379761
 wtx  3.47566711E-05hfrac  0.392379761
 wtx  1.32464629E-05hfrac  0.392379761
 wtx  1.32775922E-05hfrac  0.392379761
 wtx  2.70744863E-07hfrac  0.392379761
 wtx  2.1041611E-05hfrac  0.392379761
 wtx  3.04286878E-05hfrac  0.392379761
 wtx  2.09182872E-05hfrac  0.392379761
 wtx  1.49582384E-05hfrac  0.392379761
 wtx  5.91905632E-07hfrac  0.392379761
 wtx  1.72196542E-05hfrac  0.392379761
 wtx  1.42489516E-05hfrac  0.392379761
 wtx  2.28573822E-06hfrac  0.392379761
 wtx  2.70266787E-06hfrac  0.392379761
 wtx  1.55233956E-05hfrac  0.392379761
 wtx  1.91303952E-05hfrac  0.392379761
 wtx  2.57605225E-05hfrac  0.392379761
 wtx  3.43249962E-06hfrac  0.392379761
 wtx  1.32608529E-05hfrac  0.392379761
 wtx  1.16076797E-06hfrac  0.392379761
 wtx  1.22012916E-05hfrac  0.392379761
 wtx  3.20283334E-07hfrac  0.392379761
 wtx  3.42044041E-06hfrac  0.392379761
 wtx  1.91368727E-05hfrac  0.392379761
 wtx  3.0812862E-05hfrac  0.392379761
 wtx  1.41172359E-06hfrac  0.392379761
 wtx  2.13057101E-05hfrac  0.392379761
 wtx  2.20877409E-05hfrac  0.392379761
 wtx  6.56033717E-06hfrac  0.392379761
 wtx  5.89703996E-06hfrac  0.392379761
 wtx  2.17610213E-05hfrac  0.392379761
 wtx  2.3567507E-05hfrac  0.392379761
 wtx  1.33539133E-05hfrac  0.392379761
 wtx  5.37585765E-05hfrac  0.392379761
 wtx  2.81694738E-05hfrac  0.392379761
 wtx  1.81828109E-05hfrac  0.392379761
 wtx  1.18051203E-05hfrac  0.392379761
