  
 ============================
 | HVQDIS  V1.4  APRIL 2000 |
 ============================
  
 NORDER    =        2
 ISCALER   =       27
 ISCALEF   =        7
 IPDF      =        2
 PTS0      =   500000
 ITS0      =        2
 PTS1      =    80000
 ITS1      =        4
 IQUARK    =        2
 MASS      =      4.75
 EPRO      =    920.00
 EIEL      =     27.50
 Q2MIN     =      4.00
 Q2MAX     =   *******
 XBJMIN    =      0.00
 XBJMAX    =      1.00
 YMIN      =      0.05
 YMAX      =      0.70
 ETAMAX    =      2.50
 PTMIN     =      0.00
 PTMAX     =   *******
 IFRAG     =        0
 ISL       =        1
 EPS       =      0.0035
 HFRAC     =      0.2205
 XMD       =      5.2780
 TCFRAG    =        0
 TCSL    =        1
 PREF      =   f2b_4.-100000._0.-1._r27_f7_m4.75.histos
  
 BOTTOM PRODUCTION
 RM48 INITIALIZED:        40           0         0
 **hist: start histos 
 HPATH.  ERROR IN PATHNAME,


 ===> Directory : 
  create directory HISB
 hfrac:  0.2205
 **hzb: Version kula1  
 FULL LO+NLO ME



 INPUT PARAMETERS FOR VEGAS:  NDIM=  3  NCALL=   476656.
                              IT=    0  ITMX=    2
                              MDS= -1   ND=  31
 **MScale: SCALFA=   1. ISCALE=  27
 **MScale: scale: 4*(Q2+Pt2+M2)/4 
 1**Scales: M2=   22.5625 Q2=   42.9460875 X2=   0.0345279855
 1**Scale:   65.5431155
 **MScale: SCALFA=   1. ISCALE=  7
 **MScale: scale: (Q2+Pt2+M2)/4 
 2**Scales: M2=   22.5625 Q2=   42.9460875 X2=   0.0345279855
 2**Scale:   16.3857789
 wtx  3.11750227E-06hfrac  0.392379761
 **frag: Peterson frag function 
 **frag: Vincenzo semi-leptonic routine dir+indir 

 ******************************************************
 KTCLUS: written by Mike Seymour, July 1992.
 Last modified October 1997.
 Please send comments or suggestions to Mike.Seymour@rl.ac.uk

       Collision type = 3 = pe        
     Angular variable = 2 = DeltaR    
 Monotonic definition = 1 = no        
 Recombination scheme = 1 = E         
 Ecut=  1.00
 ******************************************************

 **MScale: SCALFA=   1. ISCALE=  27
 **MScale: scale: 4*(Q2+Pt2+M2)/4 
 3**Scales: M2=   22.5625 Q2=   36.1187341 X2=   0.0269964239
 3**Scale:   58.7082305
 **MScale: SCALFA=   1. ISCALE=  7
 **MScale: scale: (Q2+Pt2+M2)/4 
 4**Scales: M2=   22.5625 Q2=   36.1187341 X2=   0.0269964239
 4**Scale:   14.6770576
 wtx  3.62432183E-06hfrac  0.392379761
 **MScale: SCALFA=   1. ISCALE=  27
 **MScale: scale: 4*(Q2+Pt2+M2)/4 
 5**Scales: M2=   22.5625 Q2=   72.8881981 X2=   0.252553195
 5**Scale:   95.7032513
 6**Scales: M2=   22.5625 Q2=   72.8881981 X2=   0.252553195
 6**Scale:   23.9258128
 wtx  3.72595377E-06hfrac  0.392379761
 7**Scales: M2=   22.5625 Q2=   78.6399631 X2=   0.0461223131
 7**Scale:   101.248585
 8**Scales: M2=   22.5625 Q2=   78.6399631 X2=   0.0461223131
 8**Scale:   25.3121464
 wtx  1.38402424E-06hfrac  0.392379761
 9**Scales: M2=   22.5625 Q2=   35.4538321 X2=   0.0418349385
 9**Scale:   58.058167
 10**Scales: M2=   22.5625 Q2=   35.4538321 X2=   0.0418349385
 10**Scale:   14.5145418
 wtx  3.18629304E-06hfrac  0.392379761
 11**Scales: M2=   22.5625 Q2=   57.9015881 X2=   0.763722206
 11**Scale:   81.2278103
 12**Scales: M2=   22.5625 Q2=   57.9015881 X2=   0.763722206
 12**Scale:   20.3069526
 wtx  9.37350251E-06hfrac  0.392379761
 13**Scales: M2=   22.5625 Q2=   49.7453407 X2=   0.895143686
 13**Scale:   73.2029843
 14**Scales: M2=   22.5625 Q2=   49.7453407 X2=   0.895143686
 14**Scale:   18.3007461
 wtx  1.30111257E-05hfrac  0.392379761
 15**Scales: M2=   22.5625 Q2=   70.6289765 X2=   0.27869843
 15**Scale:   93.4701749
 16**Scales: M2=   22.5625 Q2=   70.6289765 X2=   0.27869843
 16**Scale:   23.3675437
 wtx  3.5514895E-06hfrac  0.392379761
 17**Scales: M2=   22.5625 Q2=   39.0175761 X2=   3.49982255
 17**Scale:   65.0798987
 18**Scales: M2=   22.5625 Q2=   39.0175761 X2=   3.49982255
 18**Scale:   16.2699747
 wtx  3.52441493E-05hfrac  0.392379761
 19**Scales: M2=   22.5625 Q2=   48.1519884 X2=   0.182813403
 19**Scale:   70.8973018
 20**Scales: M2=   22.5625 Q2=   48.1519884 X2=   0.182813403
 20**Scale:   17.7243255
 wtx  4.74372473E-06hfrac  0.392379761
 21**Scales: M2=   22.5625 Q2=   44.1439899 X2=   4.55407524
 21**Scale:   71.2605651
 22**Scales: M2=   22.5625 Q2=   44.1439899 X2=   4.55407524
 22**Scale:   17.8151413
 wtx  3.28692149E-05hfrac  0.392379761
 23**Scales: M2=   22.5625 Q2=   53.7958337 X2=   0.864557786
 23**Scale:   77.2228915
 24**Scales: M2=   22.5625 Q2=   53.7958337 X2=   0.864557786
 24**Scale:   19.3057229
 wtx  8.87934584E-06hfrac  0.392379761
 25**Scales: M2=   22.5625 Q2=   8.59370569 X2=   0.0179772153
 25**Scale:   31.1741829
 26**Scales: M2=   22.5625 Q2=   8.59370569 X2=   0.0179772153
 26**Scale:   7.79354573
 wtx  1.12172611E-05hfrac  0.392379761
 27**Scales: M2=   22.5625 Q2=   46.3818665 X2=   3.42670611
 27**Scale:   72.3710726
 28**Scales: M2=   22.5625 Q2=   46.3818665 X2=   3.42670611
 28**Scale:   18.0927682
 wtx  2.41053021E-05hfrac  0.392379761
 29**Scales: M2=   22.5625 Q2=   77.2630171 X2=   9.69601978
 29**Scale:   109.521537
 30**Scales: M2=   22.5625 Q2=   77.2630171 X2=   9.69601978
 30**Scale:   27.3803842
 wtx  1.41051551E-05hfrac  0.392379761
 31**Scales: M2=   22.5625 Q2=   82.1598147 X2=   9.33136581
 31**Scale:   114.05368
 32**Scales: M2=   22.5625 Q2=   82.1598147 X2=   9.33136581
 32**Scale:   28.5134201
 wtx  1.27281191E-05hfrac  0.392379761
 33**Scales: M2=   22.5625 Q2=   51.1593727 X2=   0.0160898741
 33**Scale:   73.7379626
 34**Scales: M2=   22.5625 Q2=   51.1593727 X2=   0.0160898741
 34**Scale:   18.4344907
 wtx  1.09374946E-06hfrac  0.392379761
 35**Scales: M2=   22.5625 Q2=   44.6030645 X2=   3.67437964
 35**Scale:   70.8399441
 36**Scales: M2=   22.5625 Q2=   44.6030645 X2=   3.67437964
 36**Scale:   17.709986
 wtx  2.744419E-05hfrac  0.392379761
 37**Scales: M2=   22.5625 Q2=   12.6323989 X2=   16.0853649
 37**Scale:   51.2802638
 38**Scales: M2=   22.5625 Q2=   12.6323989 X2=   16.0853649
 38**Scale:   12.8200659
 wtx  0.000201127477hfrac  0.392379761
 39**Scales: M2=   22.5625 Q2=   31.370899 X2=   22.5900063
 39**Scale:   76.5234054
 40**Scales: M2=   22.5625 Q2=   31.370899 X2=   22.5900063
 40**Scale:   19.1308513
 wtx  6.33260279E-05hfrac  0.392379761
 41**Scales: M2=   22.5625 Q2=   24.3723567 X2=   300.715625
 41**Scale:   347.650481
 42**Scales: M2=   22.5625 Q2=   24.3723567 X2=   300.715625
 42**Scale:   86.9126203
 wtx  6.02336812E-08hfrac  0.392379761
 **bmatch: create BMAT   
 BMAT    histos booked ! 
 43**Scales: M2=   22.5625 Q2=   43.8880083 X2=   2.2212974
 43**Scale:   68.6718057
 44**Scales: M2=   22.5625 Q2=   43.8880083 X2=   2.2212974
 44**Scale:   17.1679514
 wtx  1.80583229E-05hfrac  0.392379761
 45**Scales: M2=   22.5625 Q2=   76.612992 X2=   2.04180696
 45**Scale:   101.217299
 46**Scales: M2=   22.5625 Q2=   76.612992 X2=   2.04180696
 46**Scale:   25.3043247
 wtx  7.31851878E-06hfrac  0.392379761
 47**Scales: M2=   22.5625 Q2=   20.033426 X2=   2.82735491
 47**Scale:   45.4232809
 48**Scales: M2=   22.5625 Q2=   20.033426 X2=   2.82735491
 48**Scale:   11.3558202
 wtx  6.49788126E-05hfrac  0.392379761
 49**Scales: M2=   22.5625 Q2=   38.5235327 X2=   0.643852043
 49**Scale:   61.7298847
 50**Scales: M2=   22.5625 Q2=   38.5235327 X2=   0.643852043
 50**Scale:   15.4324712
 wtx  1.10780938E-05hfrac  0.392379761
 51**Scales: M2=   22.5625 Q2=   67.788454 X2=   29.4804996
 51**Scale:   119.831454
 52**Scales: M2=   22.5625 Q2=   67.788454 X2=   29.4804996
 52**Scale:   29.9578634
 wtx  1.86314246E-05hfrac  0.392379761
 53**Scales: M2=   22.5625 Q2=   40.5329135 X2=   203.78087
 53**Scale:   266.876284
 54**Scales: M2=   22.5625 Q2=   40.5329135 X2=   203.78087
 54**Scale:   66.7190709
 wtx  3.74891238E-06hfrac  0.392379761
 55**Scales: M2=   22.5625 Q2=   48.6833234 X2=   2.46244534
 55**Scale:   73.7082687
 56**Scales: M2=   22.5625 Q2=   48.6833234 X2=   2.46244534
 56**Scale:   18.4270672
 wtx  1.63406585E-05hfrac  0.392379761
 57**Scales: M2=   22.5625 Q2=   34.3536744 X2=   17.7596178
 57**Scale:   74.6757921
 58**Scales: M2=   22.5625 Q2=   34.3536744 X2=   17.7596178
 58**Scale:   18.668948
 wtx  5.7972502E-05hfrac  0.392379761
 59**Scales: M2=   22.5625 Q2=   9.72870284 X2=   6.21573122
 59**Scale:   38.5069341
 60**Scales: M2=   22.5625 Q2=   9.72870284 X2=   6.21573122
 60**Scale:   9.62673352
 wtx  0.00020753713hfrac  0.392379761
 61**Scales: M2=   22.5625 Q2=   33.1787828 X2=   8.7084605
 61**Scale:   64.4497433
 62**Scales: M2=   22.5625 Q2=   33.1787828 X2=   8.7084605
 62**Scale:   16.1124358
 wtx  5.05142525E-05hfrac  0.392379761
 63**Scales: M2=   22.5625 Q2=   96.7749409 X2=   96.3055254
 63**Scale:   215.642966
 64**Scales: M2=   22.5625 Q2=   96.7749409 X2=   96.3055254
 64**Scale:   53.9107416
 wtx  5.6652475E-06hfrac  0.392379761
 65**Scales: M2=   22.5625 Q2=   83.1931045 X2=   147.958309
 65**Scale:   253.713914
 66**Scales: M2=   22.5625 Q2=   83.1931045 X2=   147.958309
 66**Scale:   63.4284785
 wtx  4.50748439E-06hfrac  0.392379761
 67**Scales: M2=   22.5625 Q2=   17.5725042 X2=   7.65168398
 67**Scale:   47.7866882
 68**Scales: M2=   22.5625 Q2=   17.5725042 X2=   7.65168398
 68**Scale:   11.946672
 wtx  0.000109711276hfrac  0.392379761
 69**Scales: M2=   22.5625 Q2=   79.7758768 X2=   5.65011025
 69**Scale:   107.988487
 70**Scales: M2=   22.5625 Q2=   79.7758768 X2=   5.65011025
 70**Scale:   26.9971218
 wtx  9.74590967E-06hfrac  0.392379761
 71**Scales: M2=   22.5625 Q2=   12.8626367 X2=   5.00498376
 71**Scale:   40.4301205
 72**Scales: M2=   22.5625 Q2=   12.8626367 X2=   5.00498376
 72**Scale:   10.1075301
 wtx  0.00012817845hfrac  0.392379761
 73**Scales: M2=   22.5625 Q2=   59.5553334 X2=   20.9056467
 73**Scale:   103.02348
 74**Scales: M2=   22.5625 Q2=   59.5553334 X2=   20.9056467
 74**Scale:   25.75587
 wtx  2.3839928E-05hfrac  0.392379761
 75**Scales: M2=   22.5625 Q2=   11.2671202 X2=   63.7398143
 75**Scale:   97.5694345
 76**Scales: M2=   22.5625 Q2=   11.2671202 X2=   63.7398143
 76**Scale:   24.3923586
 wtx  0.000165193502hfrac  0.392379761
 77**Scales: M2=   22.5625 Q2=   63.5301469 X2=   208.371473
 77**Scale:   294.46412
 78**Scales: M2=   22.5625 Q2=   63.5301469 X2=   208.371473
 78**Scale:   73.6160301
 wtx  4.09766562E-06hfrac  0.392379761
 79**Scales: M2=   22.5625 Q2=   40.2493807 X2=   8.28578722
 79**Scale:   71.0976679
 80**Scales: M2=   22.5625 Q2=   40.2493807 X2=   8.28578722
 80**Scale:   17.774417
 wtx  3.65306878E-05hfrac  0.392379761
 81**Scales: M2=   22.5625 Q2=   4.30531956 X2=   5.57898842
 81**Scale:   32.446808
 82**Scales: M2=   22.5625 Q2=   4.30531956 X2=   5.57898842
 82**Scale:   8.111702
 wtx  0.000442682329hfrac  0.392379761
 83**Scales: M2=   22.5625 Q2=   33.1958004 X2=   93.9803687
 83**Scale:   149.738669
 84**Scales: M2=   22.5625 Q2=   33.1958004 X2=   93.9803687
 84**Scale:   37.4346673
 wtx  3.38578575E-05hfrac  0.392379761
 85**Scales: M2=   22.5625 Q2=   68.4068427 X2=   93.9386048
 85**Scale:   184.907948
 86**Scales: M2=   22.5625 Q2=   68.4068427 X2=   93.9386048
 86**Scale:   46.2269869
 wtx  1.07900196E-05hfrac  0.392379761
 87**Scales: M2=   22.5625 Q2=   35.5006722 X2=   60.082391
 87**Scale:   118.145563
 88**Scales: M2=   22.5625 Q2=   35.5006722 X2=   60.082391
 88**Scale:   29.5363908
 wtx  3.87628061E-05hfrac  0.392379761
 89**Scales: M2=   22.5625 Q2=   18.2297422 X2=   60.4544253
 89**Scale:   101.246668
 90**Scales: M2=   22.5625 Q2=   18.2297422 X2=   60.4544253
 90**Scale:   25.3116669
 wtx  9.53590061E-05hfrac  0.392379761
 91**Scales: M2=   22.5625 Q2=   57.1329543 X2=   5.31462916
 91**Scale:   85.0100834
 92**Scales: M2=   22.5625 Q2=   57.1329543 X2=   5.31462916
 92**Scale:   21.2525209
 wtx  1.66204372E-05hfrac  0.392379761
 93**Scales: M2=   22.5625 Q2=   74.4618821 X2=   9.58373253
 93**Scale:   106.608115
 94**Scales: M2=   22.5625 Q2=   74.4618821 X2=   9.58373253
 94**Scale:   26.6520287
 wtx  1.3034386E-05hfrac  0.392379761
 95**Scales: M2=   22.5625 Q2=   68.9804928 X2=   118.824067
 95**Scale:   210.36706
 96**Scales: M2=   22.5625 Q2=   68.9804928 X2=   118.824067
 96**Scale:   52.591765
 wtx  7.98603014E-06hfrac  0.392379761
 97**Scales: M2=   22.5625 Q2=   21.5463633 X2=   324.362349
 97**Scale:   368.471212
 98**Scales: M2=   22.5625 Q2=   21.5463633 X2=   324.362349
 98**Scale:   92.117803
 wtx  1.05078134E-05hfrac  0.392379761
 99**Scales: M2=   22.5625 Q2=   37.9717299 X2=   170.736598
 99**Scale:   231.270828
 100**Scales: M2=   22.5625 Q2=   37.9717299 X2=   170.736598
 100**Scale:   57.8177069
 wtx  1.54768204E-05hfrac  0.392379761
 wtx  5.03182928E-05hfrac  0.392379761
 wtx  1.0635611E-05hfrac  0.392379761
 wtx  2.19103822E-06hfrac  0.392379761
 wtx  7.28531404E-06hfrac  0.392379761
 wtx  1.36566696E-05hfrac  0.392379761
 wtx  2.85132337E-05hfrac  0.392379761
 wtx  4.02916849E-05hfrac  0.392379761
 wtx  1.87151181E-05hfrac  0.392379761
 wtx  1.61183416E-05hfrac  0.392379761
 wtx  3.13066266E-05hfrac  0.392379761
 wtx  6.46751359E-05hfrac  0.392379761
 wtx  1.55267553E-05hfrac  0.392379761
 wtx  1.76803678E-05hfrac  0.392379761
 wtx  7.99823101E-06hfrac  0.392379761
 wtx  0.000148265317hfrac  0.392379761
 wtx  1.36750186E-05hfrac  0.392379761
 wtx  1.10813653E-05hfrac  0.392379761
 wtx  8.93314791E-07hfrac  0.392379761
 wtx  2.26289194E-05hfrac  0.392379761
 wtx  0.00012665239hfrac  0.392379761
 wtx  3.08232811E-05hfrac  0.392379761
 wtx  1.33058802E-05hfrac  0.392379761
 wtx  6.08587868E-07hfrac  0.392379761
 wtx  1.74488287E-05hfrac  0.392379761
 wtx  1.34766278E-05hfrac  0.392379761
 wtx  4.26166025E-06hfrac  0.392379761
 wtx  4.63817196E-06hfrac  0.392379761
 wtx  1.59789543E-05hfrac  0.392379761
 wtx  2.83254976E-05hfrac  0.392379761
 wtx  3.76544376E-05hfrac  0.392379761
 wtx  6.91271634E-06hfrac  0.392379761
 wtx  1.45805243E-05hfrac  0.392379761
 wtx  2.44640091E-06hfrac  0.392379761
 wtx  2.25343429E-05hfrac  0.392379761
 wtx  2.83899453E-06hfrac  0.392379761
 wtx  6.02613363E-06hfrac  0.392379761
 wtx  2.18783061E-05hfrac  0.392379761
 wtx  5.88281255E-05hfrac  0.392379761
 wtx  4.18108993E-06hfrac  0.392379761
 wtx  2.38476896E-05hfrac  0.392379761
 wtx  2.61880832E-05hfrac  0.392379761
 wtx  4.02486148E-06hfrac  0.392379761
 wtx  1.11574636E-05hfrac  0.392379761
 wtx  3.50942209E-05hfrac  0.392379761
 wtx  2.89308755E-05hfrac  0.392379761
 wtx  4.26703009E-05hfrac  0.392379761
 wtx  0.000531130587hfrac  0.392379761
 wtx  3.69857007E-05hfrac  0.392379761
 wtx  3.61567472E-05hfrac  0.392379761
 wtx  1.08113181E-05hfrac  0.392379761
   1       12.40897      1.679       12.40897      1.679      0.000    
   2       11.65284     0.3557       11.68947     0.3584     0.2052    



 INPUT PARAMETERS FOR VEGAS:  NDIM=  3  NCALL=  4920750.
                              IT=    0  ITMX=    4
                              MDS= -1   ND=  45
   1       11.91203     0.3396E-01   11.91203     0.3396E-01  0.000    
   2       11.82577     0.3407E-01   11.86935     0.2405E-01  3.215    
   3       11.82732     0.3450E-01   11.85567     0.1973E-01  2.109    
   4       11.90515     0.3469E-01   11.86784     0.1715E-01  1.918    



 INPUT PARAMETERS FOR VEGAS:  NDIM=  6  NCALL=    78125.
                              IT=    0  ITMX=    4
                              MDS=  1   ND=  50
 **sig1: iscalef=  27
 **sig1: mur=   2505.47875
 **sig1: iscalef=  7
 **sig1: muf=   626.369688
 ALFAS  =   0.117473052
 MUR2   =   2505.47875
 LOGMUR =   4.70994588
 MUF2   =   626.369688
 LOGMUF =   3.32365152
  
 INTEGRATING NLO GLUON ...
  
   1     -0.8634564     0.5978     -0.8634564     0.5978      0.000    
   2     -0.7910063      3.753     -0.8619461     0.5673     0.3329E-03
   3       9.163888      3.198       7.098372      1.659      2.988    
   4       7.512007      1.719       7.366687      1.097      1.610    



 INPUT PARAMETERS FOR VEGAS:  NDIM=  6  NCALL=   786432.
                              IT=    0  ITMX=    8
                              MDS=  1   ND=  50
   1       6.800264     0.4492       6.800264     0.4492      0.000    
   2       7.253812     0.5515       6.995402     0.3506     0.4103    
   3       6.056364     0.3369       6.576999     0.2496      1.973    
   4       6.907713     0.5810       6.630936     0.2299      1.391    
   5       6.838208     0.5318       6.664142     0.2111      1.072    
   6       8.388531      1.471       6.716849     0.2169      1.162    
   7       6.782816     0.4819       6.727199     0.1980     0.9825    
   8       6.281678     0.4227       6.660884     0.1803     0.9745    



 INPUT PARAMETERS FOR VEGAS:  NDIM=  6  NCALL=    78125.
                              IT=    0  ITMX=    4
                              MDS=  1   ND=  50
 ALFAS  =   0.128064781
 MUR2   =   1004.447
 LOGMUR =   3.79590318
 MUF2   =   251.111749
 LOGMUF =   2.40960882
  
 INTEGRATING QUARK INITIATED ...
  
   1      0.7654909     0.4707      0.7654909     0.4707      0.000    
   2      0.6163076     0.2172      0.6532031     0.2125     0.9176E-01
   3       1.247173     0.3496      0.9759165     0.1894      1.246    
   4       1.194207     0.1579       1.130796     0.1106     0.9749    



 INPUT PARAMETERS FOR VEGAS:  NDIM=  6  NCALL=   786432.
                              IT=    0  ITMX=    8
                              MDS=  1   ND=  50
   1       1.623446     0.1289       1.623446     0.1289      0.000    
   2       1.754595     0.1138       1.702123     0.8487E-01 0.5731    
   3       1.537205     0.9487E-01   1.636433     0.6391E-01  1.102    
   4       1.740865     0.1371       1.656948     0.5818E-01 0.8818    
   5       1.546068     0.1176       1.637655     0.5214E-01 0.8428    
   6       1.587110     0.7914E-01   1.623087     0.4374E-01 0.7366    
   7       1.756721     0.1315       1.638249     0.4164E-01 0.7731    
   8       1.782610     0.1475       1.650515     0.4024E-01 0.7923    
  
 CROSS SECTION =   20.1792373 +/-   0.185540645
  
  # of events with muons:  0 out of:  55012848
  All:           1. muons:   93.5310822 2. muon   5.89619493
 In acc: 1. muons:     72.620:      0.776 % 2. muon      8.497:      1.441 %
  Norm Histos here: lum=   1.lumbreit lum1  1.
  ZEUS scenario in Lab frame Q2>4
  Total      sig (pb):   428.159241
  b tot  sig (pb):   258.975555
  >=1jets sig (pb):   365.516815
  muon +no cuts on jet sig (pb):   51.0828056
  muon+jet    sig (pb):   46.9276276
  muon+jet+cone sig (pb):   30.5355854
  ZEUS scenario in Breit frame Q2>2 
  tot        sig (pb):   428.154144
  b.cross    sig (pb):   272.778229
  >=1jet sig (pb):   233.594437
  muon nojet cut sig (pb):   29.6669006
  muon+jet   sig (pb):   20.4473171
 incl jet   sig (pb):  87.4181976
 incl muon  sig (pb):  22.2950573
 incl b     sig (pb):  360.369324
 generator:HVQ     hfrac  0.2205
  Output Histos here 
