  
 ============================
 | HVQDIS  V1.4  APRIL 2000 |
 ============================
  
 NORDER    =        2
 ISCALER   =        5
 ISCALEF   =        5
 IPDF      =        5
 PTS0      =   500000
 ITS0      =        2
 PTS1      =    80000
 ITS1      =        4
 IQUARK    =        2
 MASS      =      4.75
 EPRO      =    920.00
 EIEL      =     27.50
 Q2MIN     =      4.00
 Q2MAX     =   *******
 XBJMIN    =      0.00
 XBJMAX    =      1.00
 YMIN      =      0.05
 YMAX      =      0.70
 ETAMAX    =      2.50
 PTMIN     =      5.00
 PTMAX     =   *******
 IFRAG     =        0
 ISL       =        1
 EPS       =      0.0035
 HFRAC     =      0.2205
 XMD       =      5.2780
 TCFRAG    =        0
 TCSL    =        1
 PREF      =   f2b_4.-10000._0.0-1._r5_f5_m4.75.histos 
  
 BOTTOM PRODUCTION
 RM48 INITIALIZED:        40           0         0
 **hist: start histos 
 HPATH.  ERROR IN PATHNAME,


 ===> Directory : 
  create directory HISB
 hfrac:  0.2205
 **hzb: Version kula1  
 FULL LO+NLO ME



 INPUT PARAMETERS FOR VEGAS:  NDIM=  3  NCALL=   476656.
                              IT=    0  ITMX=    2
                              MDS= -1   ND=  31
 **MScale: SCALFA=   1. ISCALE=  5
 **MScale: scale: Pt2+4 M2 
 **MScale: SCALFA=   1. ISCALE=  5
 **MScale: scale: Pt2+4 M2 
 wtx  3.23242125E-06hfrac  0.392379761
 **frag: Peterson frag function 
 **frag: Vincenzo semi-leptonic routine dir+indir 

 ******************************************************
 KTCLUS: written by Mike Seymour, July 1992.
 Last modified October 1997.
 Please send comments or suggestions to Mike.Seymour@rl.ac.uk

       Collision type = 3 = pe        
     Angular variable = 2 = DeltaR    
 Monotonic definition = 1 = no        
 Recombination scheme = 1 = E         
 Ecut=  1.00
 ******************************************************

 **MScale: SCALFA=   1. ISCALE=  5
 **MScale: scale: Pt2+4 M2 
 **MScale: SCALFA=   1. ISCALE=  5
 **MScale: scale: Pt2+4 M2 
 wtx  3.76091725E-06hfrac  0.392379761
 **MScale: SCALFA=   1. ISCALE=  5
 **MScale: scale: Pt2+4 M2 
 wtx  3.92901256E-06hfrac  0.392379761
 wtx  1.49329639E-06hfrac  0.392379761
 wtx  3.46303864E-06hfrac  0.392379761
 wtx  9.68740005E-06hfrac  0.392379761
 wtx  1.36641365E-05hfrac  0.392379761
 wtx  3.84221175E-06hfrac  0.392379761
 wtx  3.42252461E-05hfrac  0.392379761
 wtx  5.20174262E-06hfrac  0.392379761
 wtx  3.30326875E-05hfrac  0.392379761
 wtx  9.499312E-06hfrac  0.392379761
 wtx  1.31117104E-05hfrac  0.392379761
 wtx  2.4837942E-05hfrac  0.392379761
 wtx  1.44144014E-05hfrac  0.392379761
 wtx  1.31086654E-05hfrac  0.392379761
 wtx  1.20762945E-06hfrac  0.392379761
 wtx  2.91412071E-05hfrac  0.392379761
 wtx  0.000186941601hfrac  0.392379761
 wtx  5.94571611E-05hfrac  0.392379761
 wtx  3.00305238E-08hfrac  0.392379761
 **bmatch: create BMAT   
 BMAT    histos booked ! 
 wtx  1.9314255E-05hfrac  0.392379761
 wtx  7.95936921E-06hfrac  0.392379761
 wtx  7.15198839E-05hfrac  0.392379761
 wtx  1.22279798E-05hfrac  0.392379761
 wtx  1.86799753E-05hfrac  0.392379761
 wtx  2.96916596E-06hfrac  0.392379761
 wtx  1.77983711E-05hfrac  0.392379761
 wtx  5.9188751E-05hfrac  0.392379761
 wtx  0.000222369548hfrac  0.392379761
 wtx  5.33234124E-05hfrac  0.392379761
 wtx  5.49803326E-06hfrac  0.392379761
 wtx  4.18134641E-06hfrac  0.392379761
 wtx  0.000117492571hfrac  0.392379761
 wtx  1.05076688E-05hfrac  0.392379761
 wtx  0.000139954776hfrac  0.392379761
 wtx  2.47658609E-05hfrac  0.392379761
 wtx  0.000155092173hfrac  0.392379761
 wtx  3.64568632E-06hfrac  0.392379761
 wtx  3.91992107E-05hfrac  0.392379761
 wtx  0.000490573701hfrac  0.392379761
 wtx  3.22411834E-05hfrac  0.392379761
 wtx  1.04954061E-05hfrac  0.392379761
 wtx  3.78312689E-05hfrac  0.392379761
 wtx  9.24207343E-05hfrac  0.392379761
 wtx  1.7972834E-05hfrac  0.392379761
 wtx  1.39798203E-05hfrac  0.392379761
 wtx  7.62554828E-06hfrac  0.392379761
 wtx  9.03465661E-06hfrac  0.392379761
 wtx  1.43795924E-05hfrac  0.392379761
 wtx  4.98513182E-05hfrac  0.392379761
 wtx  1.14899358E-05hfrac  0.392379761
 wtx  1.81899998E-06hfrac  0.392379761
 wtx  7.93166782E-06hfrac  0.392379761
 wtx  1.37315428E-05hfrac  0.392379761
 wtx  2.91805591E-05hfrac  0.392379761
 wtx  3.48385038E-05hfrac  0.392379761
 wtx  2.02686933E-05hfrac  0.392379761
 wtx  1.67024864E-05hfrac  0.392379761
 wtx  3.41249106E-05hfrac  0.392379761
 wtx  6.91412351E-05hfrac  0.392379761
 wtx  1.58365528E-05hfrac  0.392379761
 wtx  1.88369959E-05hfrac  0.392379761
 wtx  7.65229288E-06hfrac  0.392379761
 wtx  0.000157645132hfrac  0.392379761
 wtx  1.44385886E-05hfrac  0.392379761
 wtx  1.08923768E-05hfrac  0.392379761
 wtx  6.65891605E-07hfrac  0.392379761
 wtx  2.3348839E-05hfrac  0.392379761
 wtx  0.000118809236hfrac  0.392379761
 wtx  3.2901884E-05hfrac  0.392379761
 wtx  1.37102297E-05hfrac  0.392379761
 wtx  5.13684427E-07hfrac  0.392379761
 wtx  1.85679801E-05hfrac  0.392379761
 wtx  1.40350421E-05hfrac  0.392379761
 wtx  3.8150356E-06hfrac  0.392379761
 wtx  4.22108224E-06hfrac  0.392379761
 wtx  1.72349555E-05hfrac  0.392379761
 wtx  2.87005932E-05hfrac  0.392379761
 wtx  3.95635507E-05hfrac  0.392379761
 wtx  6.37929452E-06hfrac  0.392379761
 wtx  1.5937796E-05hfrac  0.392379761
 wtx  2.18705713E-06hfrac  0.392379761
 wtx  2.22821109E-05hfrac  0.392379761
 wtx  2.2743061E-06hfrac  0.392379761
 wtx  5.72217687E-06hfrac  0.392379761
 wtx  2.30595087E-05hfrac  0.392379761
 wtx  6.44623142E-05hfrac  0.392379761
 wtx  3.72848467E-06hfrac  0.392379761
 wtx  2.58778891E-05hfrac  0.392379761
 wtx  2.85227943E-05hfrac  0.392379761
 wtx  4.41013162E-06hfrac  0.392379761
 wtx  1.08310487E-05hfrac  0.392379761
 wtx  3.60279264E-05hfrac  0.392379761
 wtx  3.14650788E-05hfrac  0.392379761
 wtx  4.06396175E-05hfrac  0.392379761
 wtx  0.000572590623hfrac  0.392379761
 wtx  3.94780145E-05hfrac  0.392379761
 wtx  3.58938014E-05hfrac  0.392379761
 wtx  1.13847964E-05hfrac  0.392379761
   1       13.57448      1.105       13.57448      1.105      0.000    
   2       13.40090     0.2457       13.40928     0.2412     0.2378E-01



 INPUT PARAMETERS FOR VEGAS:  NDIM=  3  NCALL=  4920750.
                              IT=    0  ITMX=    4
                              MDS= -1   ND=  45
   1       13.07983     0.2550E-01   13.07983     0.2550E-01  0.000    
   2       12.99876     0.2534E-01   13.03928     0.1797E-01  5.086    
   3       13.04070     0.2538E-01   13.03976     0.1467E-01  2.544    
   4       13.01503     0.2528E-01   13.03355     0.1269E-01  1.936    



 INPUT PARAMETERS FOR VEGAS:  NDIM=  6  NCALL=    78125.
                              IT=    0  ITMX=    4
                              MDS=  1   ND=  50
 **sig1: iscalef=  5
 **sig1: mur=   91.1403904
 **sig1: iscalef=  5
 **sig1: muf=   91.1403904
 ALFAS  =   0.174178932
 MUR2   =   91.1403904
 LOGMUR =   1.39611183
 MUF2   =   91.1403904
 LOGMUF =   1.39611183
  
 INTEGRATING NLO GLUON ...
  
   1       12.79642      5.863       12.79642      5.863      0.000    
   2       10.51475      6.636       12.00888      4.342     0.6241E-01
   3       9.494327      2.004       10.10974      2.022     0.1782    
   4       6.582418      3.276       9.687891      1.738     0.2862    



 INPUT PARAMETERS FOR VEGAS:  NDIM=  6  NCALL=   786432.
                              IT=    0  ITMX=    8
                              MDS=  1   ND=  50
   1       7.833506     0.4646       7.833506     0.4646      0.000    
   2       7.455924     0.4123       7.631509     0.3093     0.3708    
   3       7.612621     0.5418       7.626898     0.2685     0.1864    
   4       8.916397     0.6244       7.886550     0.2506      1.533    
   5       7.568264     0.5197       7.831441     0.2256      1.244    
   6       8.084567     0.4556       7.883205     0.2020      1.039    
   7       7.276746     0.4014       7.776540     0.1813      1.156    
   8       7.969626     0.4298       7.806550     0.1670      1.011    



 INPUT PARAMETERS FOR VEGAS:  NDIM=  6  NCALL=    78125.
                              IT=    0  ITMX=    4
                              MDS=  1   ND=  50
 ALFAS  =   0.173985894
 MUR2   =   91.9376302
 LOGMUR =   1.40482118
 MUF2   =   91.9376302
 LOGMUF =   1.40482118
  
 INTEGRATING QUARK INITIATED ...
  
   1      0.2620691     0.6730      0.2620691     0.6730      0.000    
   2      0.3835365     0.2866      0.3740536     0.2357     0.1912E-01
   3       1.032560     0.3740      0.8988375     0.2114     0.7878    
   4       1.796779     0.7854       1.216399     0.2760      1.005    



 INPUT PARAMETERS FOR VEGAS:  NDIM=  6  NCALL=   786432.
                              IT=    0  ITMX=    8
                              MDS=  1   ND=  50
   1      0.9742614     0.1092      0.9742614     0.1092      0.000    
   2      0.9611184     0.1533      0.9699138     0.8875E-01 0.4855E-02
   3      0.6495647     0.1204      0.9069355     0.7190E-01  1.571    
   4      0.8454426     0.1109      0.8895970     0.6042E-01  1.135    
   5      0.9293364     0.1180      0.8987913     0.5375E-01 0.8508    
   6      0.9960633     0.1308      0.9160862     0.4987E-01 0.7615    
   7      0.6757764     0.1136      0.8925485     0.4586E-01  1.081    
   8      0.7221536     0.1039      0.8724662     0.4222E-01  1.207    
  
 CROSS SECTION =   21.7125639 +/-   0.172719771
  
  # of events with muons:  0 out of:  54094932
  All:           1. muons:   102.928719 2. muon   6.42814016
 In acc: 1. muons:     80.219:      0.779 % 2. muon      9.363:      1.457 %
  Norm Histos here: lum=   1.lumbreit lum1  1.
  ZEUS scenario in Lab frame Q2>4
  Total      sig (pb):   475.841858
  b tot  sig (pb):   282.168945
  >=1jets sig (pb):   398.911896
  muon +no cuts on jet sig (pb):   56.1715279
  muon+jet    sig (pb):   51.080883
  muon+jet+cone sig (pb):   33.6866837
  ZEUS scenario in Breit frame Q2>2 
  tot        sig (pb):   475.841858
  b.cross    sig (pb):   290.555573
  >=1jet sig (pb):   250.588043
  muon nojet cut sig (pb):   32.4682999
  muon+jet   sig (pb):   21.7175007
 incl jet   sig (pb):  93.1976776
 incl muon  sig (pb):  23.6374416
 incl b     sig (pb):  390.915466
 generator:HVQ     hfrac  0.2205
  Output Histos here 
