  
 ============================
 | HVQDIS  V1.4  APRIL 2000 |
 ============================
  
 NORDER    =        2
 ISCALER   =        5
 ISCALEF   =        5
 IPDF      =        5
 PTS0      =   500000
 ITS0      =        2
 PTS1      =    80000
 ITS1      =        4
 IQUARK    =        2
 MASS      =      4.75
 EPRO      =    920.00
 EIEL      =     27.50
 Q2MIN     =    109.99
 Q2MAX     =    110.01
 XBJMIN    =      0.00
 XBJMAX    =      0.01
 YMIN      =      0.05
 YMAX      =      0.70
 ETAMAX    =      2.50
 PTMIN     =      0.00
 PTMAX     =   *******
 IFRAG     =        0
 ISL       =        1
 EPS       =      0.0035
 HFRAC     =      0.2205
 XMD       =      5.2780
 TCFRAG    =        0
 TCSL    =        1
 PREF      =   f2b_110_50.histos                       
  
 BOTTOM PRODUCTION
 RM48 INITIALIZED:        40           0         0
 **hist: start histos 
 HPATH.  ERROR IN PATHNAME,


 ===> Directory : 
  create directory HISB
 hfrac:  0.2205
 **hzb: Version kula1  
 FULL LO+NLO ME



 INPUT PARAMETERS FOR VEGAS:  NDIM=  3  NCALL=   476656.
                              IT=    0  ITMX=    2
                              MDS= -1   ND=  31
 **MScale: SCALFA=   1. ISCALE=  5
 **MScale: scale: Pt2+4 M2 
 wtx  4.38367355E-12hfrac  0.392379761
 **frag: Peterson frag function 
 **frag: Vincenzo semi-leptonic routine dir+indir 

 ******************************************************
 KTCLUS: written by Mike Seymour, July 1992.
 Last modified October 1997.
 Please send comments or suggestions to Mike.Seymour@rl.ac.uk

       Collision type = 3 = pe        
     Angular variable = 2 = DeltaR    
 Monotonic definition = 1 = no        
 Recombination scheme = 1 = E         
 Ecut=  1.00
 ******************************************************

 wtx  3.12315972E-12hfrac  0.392379761
 **bmatch: create BMAT   
 BMAT    histos booked ! 
 wtx  8.41022044E-12hfrac  0.392379761
 wtx  1.70297561E-11hfrac  0.392379761
 wtx  1.47101151E-11hfrac  0.392379761
 wtx  9.92684927E-12hfrac  0.392379761
 wtx  7.50482575E-13hfrac  0.392379761
 wtx  1.61874958E-11hfrac  0.392379761
 wtx  1.38277471E-11hfrac  0.392379761
 wtx  3.18316857E-12hfrac  0.392379761
 wtx  1.89183673E-12hfrac  0.392379761
 wtx  1.32856399E-11hfrac  0.392379761
 wtx  2.03399155E-11hfrac  0.392379761
 wtx  2.05819355E-11hfrac  0.392379761
 wtx  2.06922483E-11hfrac  0.392379761
 wtx  1.60357052E-13hfrac  0.392379761
 wtx  1.23272156E-11hfrac  0.392379761
 wtx  7.35598908E-12hfrac  0.392379761
 wtx  3.11087392E-13hfrac  0.392379761
 wtx  1.77941828E-11hfrac  0.392379761
 wtx  1.82204963E-11hfrac  0.392379761
 wtx  6.03055106E-12hfrac  0.392379761
 wtx  9.75212272E-12hfrac  0.392379761
 wtx  4.58870312E-12hfrac  0.392379761
 wtx  1.30057961E-11hfrac  0.392379761
 wtx  1.38613791E-11hfrac  0.392379761
 wtx  1.75309506E-11hfrac  0.392379761
 wtx  1.46905318E-11hfrac  0.392379761
 wtx  5.18797299E-13hfrac  0.392379761
 wtx  1.87970126E-11hfrac  0.392379761
 wtx  7.30307308E-12hfrac  0.392379761
 wtx  1.56744964E-11hfrac  0.392379761
 wtx  1.75567668E-11hfrac  0.392379761
 wtx  1.73847447E-11hfrac  0.392379761
 wtx  1.67300722E-11hfrac  0.392379761
 wtx  1.95711867E-11hfrac  0.392379761
 wtx  5.57148685E-12hfrac  0.392379761
 wtx  4.62210695E-12hfrac  0.392379761
 wtx  1.79378977E-11hfrac  0.392379761
 wtx  1.42574997E-11hfrac  0.392379761
 wtx  1.65087284E-11hfrac  0.392379761
 wtx  1.20523981E-11hfrac  0.392379761
 wtx  5.16593062E-12hfrac  0.392379761
 wtx  1.61597159E-11hfrac  0.392379761
 wtx  1.69971988E-11hfrac  0.392379761
 wtx  1.20739165E-11hfrac  0.392379761
 wtx  1.90050128E-11hfrac  0.392379761
 wtx  1.53415145E-11hfrac  0.392379761
 wtx  7.86597176E-12hfrac  0.392379761
 wtx  4.36595768E-12hfrac  0.392379761
 wtx  1.79909768E-11hfrac  0.392379761
 wtx  1.72732974E-11hfrac  0.392379761
 wtx  1.79389593E-11hfrac  0.392379761
 wtx  1.8707853E-11hfrac  0.392379761
 wtx  1.48875114E-11hfrac  0.392379761
 wtx  1.5215185E-11hfrac  0.392379761
 wtx  1.74688944E-11hfrac  0.392379761
 wtx  3.24084141E-12hfrac  0.392379761
 wtx  1.31634807E-11hfrac  0.392379761
 wtx  1.98402961E-11hfrac  0.392379761
 wtx  3.17477186E-12hfrac  0.392379761
 wtx  2.09982259E-13hfrac  0.392379761
 wtx  1.07535476E-12hfrac  0.392379761
 wtx  6.91350015E-12hfrac  0.392379761
 wtx  1.57453443E-11hfrac  0.392379761
 wtx  1.69744236E-11hfrac  0.392379761
 wtx  1.09707191E-11hfrac  0.392379761
 wtx  1.84820232E-11hfrac  0.392379761
 wtx  7.9794088E-12hfrac  0.392379761
 wtx  2.01745322E-11hfrac  0.392379761
 wtx  7.98054157E-12hfrac  0.392379761
 wtx  5.50620183E-12hfrac  0.392379761
 wtx  1.90804612E-11hfrac  0.392379761
 wtx  1.78893046E-11hfrac  0.392379761
 wtx  1.67186022E-11hfrac  0.392379761
 wtx  1.63705299E-11hfrac  0.392379761
 wtx  1.68616301E-11hfrac  0.392379761
 wtx  6.69369464E-12hfrac  0.392379761
 wtx  1.70034074E-11hfrac  0.392379761
 wtx  1.49989327E-11hfrac  0.392379761
 wtx  2.80743934E-13hfrac  0.392379761
 wtx  1.15892617E-11hfrac  0.392379761
 wtx  1.85135501E-12hfrac  0.392379761
 wtx  1.21567973E-11hfrac  0.392379761
 wtx  1.06102705E-11hfrac  0.392379761
 wtx  4.8579335E-12hfrac  0.392379761
 wtx  1.77277932E-11hfrac  0.392379761
 wtx  1.48046696E-11hfrac  0.392379761
 wtx  1.057245E-11hfrac  0.392379761
 wtx  1.01591825E-11hfrac  0.392379761
 wtx  6.70715957E-12hfrac  0.392379761
 wtx  1.41574959E-14hfrac  0.392379761
 wtx  1.79897486E-11hfrac  0.392379761
 wtx  1.51194855E-11hfrac  0.392379761
 wtx  1.8216411E-11hfrac  0.392379761
 wtx  3.85316128E-12hfrac  0.392379761
 wtx  1.57644037E-11hfrac  0.392379761
 wtx  1.09971181E-11hfrac  0.392379761
 wtx  1.58288313E-11hfrac  0.392379761
 wtx  1.70111286E-11hfrac  0.392379761
   1      0.6504685E-06 0.8483E-07  0.6504685E-06 0.8483E-07  0.000    
   2      0.6772337E-06 0.2561E-07  0.6751576E-06 0.2412E-07 0.8813E-01



 INPUT PARAMETERS FOR VEGAS:  NDIM=  3  NCALL=  4920750.
                              IT=    0  ITMX=    4
                              MDS= -1   ND=  45
   1      0.6793659E-06 0.2279E-08  0.6793659E-06 0.2279E-08  0.000    
   2      0.6823119E-06 0.2284E-08  0.6808418E-06 0.1613E-08 0.8337    
   3      0.6824281E-06 0.2278E-08  0.6813731E-06 0.1317E-08 0.5779    
   4      0.6812846E-06 0.2282E-08  0.6813510E-06 0.1140E-08 0.3857    



 INPUT PARAMETERS FOR VEGAS:  NDIM=  6  NCALL=    78125.
                              IT=    0  ITMX=    4
                              MDS=  1   ND=  50
 ALFAS  =   0.173626306
 MUR2   =   93.4465114
 LOGMUR =   1.42109997
 MUF2   =   93.4465114
 LOGMUF =   1.42109997
  
 INTEGRATING NLO GLUON ...
  
   1      0.2259103E-06 0.2687E-06  0.2259103E-06 0.2687E-06  0.000    
   2     -0.7111791E-08 0.2500E-07  0.2019663E-06 0.1801E-06 0.1544    
   3      0.1616903E-06 0.6555E-07  0.1663065E-06 0.6121E-07 0.9854E-01
   4      0.6505960E-06 0.1747E-06  0.4901322E-06 0.7768E-07  2.884    



 INPUT PARAMETERS FOR VEGAS:  NDIM=  6  NCALL=   786432.
                              IT=    0  ITMX=    8
                              MDS=  1   ND=  50
   1      0.3131726E-06 0.2014E-07  0.3131726E-06 0.2014E-07  0.000    
   2      0.3553854E-06 0.2801E-07  0.3300427E-06 0.1669E-07  1.536    
   3      0.3685102E-06 0.3795E-07  0.3373372E-06 0.1554E-07  1.188    
   4      0.4201898E-06 0.4782E-07  0.3484749E-06 0.1528E-07  1.849    
   5      0.3385294E-06 0.3127E-07  0.3467892E-06 0.1372E-07  1.447    
   6      0.3727909E-06 0.3884E-07  0.3498454E-06 0.1296E-07  1.228    
   7      0.3397789E-06 0.2251E-07  0.3475774E-06 0.1131E-07  1.065    
   8      0.3001742E-06 0.2005E-07  0.3389819E-06 0.1004E-07  1.422    



 INPUT PARAMETERS FOR VEGAS:  NDIM=  6  NCALL=    78125.
                              IT=    0  ITMX=    4
                              MDS=  1   ND=  50
 ALFAS  =   0.174117923
 MUR2   =   91.3914022
 LOGMUR =   1.39886217
 MUF2   =   91.3914022
 LOGMUF =   1.39886217
  
 INTEGRATING QUARK INITIATED ...
  
   1     -0.2841711E-07 0.2120E-07 -0.2841711E-07 0.2120E-07  0.000    
   2     -0.1640943E-08 0.5901E-09 -0.6691232E-08 0.6520E-08  2.581    
   3      0.1223485E-08 0.4017E-08 -0.6614925E-08 0.5303E-08  1.943    
   4      0.7778074E-07 0.1073E-06 -0.2242415E-08 0.1300E-07 0.8943    



 INPUT PARAMETERS FOR VEGAS:  NDIM=  6  NCALL=   786432.
                              IT=    0  ITMX=    8
                              MDS=  1   ND=  50
   1      0.2576382E-07 0.8634E-08  0.2576382E-07 0.8634E-08  0.000    
   2      0.3001418E-07 0.9812E-08  0.2794182E-07 0.6545E-08 0.1054    
   3      0.2893852E-07 0.7542E-08  0.2838671E-07 0.4927E-08 0.5653E-01
   4      0.3233339E-07 0.5687E-08  0.3034022E-07 0.3633E-08 0.1334    
   5      0.3586843E-07 0.7406E-08  0.3180096E-07 0.3266E-08 0.2303    
   6      0.2430563E-07 0.1701E-07  0.3163239E-07 0.3126E-08 0.2218    
   7      0.3034026E-07 0.7560E-08  0.3143775E-07 0.2889E-08 0.1882    
   8      0.2127670E-07 0.7137E-08  0.3065793E-07 0.2689E-08 0.3164    
  
 CROSS SECTION =   1.05099084E-06 +/-   1.04526197E-08
  
  # of events with muons:  0 out of:  34483942
  All:           1. muons:   4.69618681E-06 2. muon   3.05716526E-07
 In acc: 1. muons:      0.000:      0.828 % 2. muon      0.000:      1.471 %
  Norm Histos here: lum=   1.lumbreit lum1  1.
  ZEUS scenario in Lab frame Q2>4
  Total      sig (pb):   1.85100125E-05
  b tot  sig (pb):   1.39126105E-05
  >=1jets sig (pb):   1.83546526E-05
  muon +no cuts on jet sig (pb):   2.65628205E-06
  muon+jet    sig (pb):   2.64213259E-06
  muon+jet+cone sig (pb):   1.88363504E-06
  ZEUS scenario in Breit frame Q2>2 
  tot        sig (pb):   1.85100125E-05
  b.cross    sig (pb):   1.46609491E-05
  >=1jet sig (pb):   1.13968663E-05
  muon nojet cut sig (pb):   1.5728283E-06
  muon+jet   sig (pb):   1.06101913E-06
 incl jet   sig (pb):  4.58957675E-06
 incl muon  sig (pb):  1.14218085E-06
 incl b     sig (pb):  1.96718174E-05
 generator:HVQ     hfrac  0.2205
  Output Histos here 
