  
 ============================
 | HVQDIS  V1.4  APRIL 2000 |
 ============================
  
 NORDER    =        2
 ISCALER   =        7
 ISCALEF   =       17
 IPDF      =        2
 PTS0      =   500000
 ITS0      =        2
 PTS1      =    80000
 ITS1      =        4
 IQUARK    =        2
 MASS      =      4.75
 EPRO      =    920.00
 EIEL      =     27.50
 Q2MIN     =      4.00
 Q2MAX     =   *******
 XBJMIN    =      0.00
 XBJMAX    =      1.00
 YMIN      =      0.05
 YMAX      =      0.70
 ETAMAX    =      2.50
 PTMIN     =      0.00
 PTMAX     =   *******
 IFRAG     =        0
 ISL       =        1
 EPS       =      0.0035
 HFRAC     =      0.2205
 XMD       =      5.2780
 TCFRAG    =        0
 TCSL    =        1
 PREF      =   f2b_4.-100000._0.-1._r7_f17_m4.75.histos
  
 BOTTOM PRODUCTION
 RM48 INITIALIZED:        40           0         0
 **hist: start histos 
 HPATH.  ERROR IN PATHNAME,


 ===> Directory : 
  create directory HISB
 hfrac:  0.2205
 **hzb: Version kula1  
 FULL LO+NLO ME



 INPUT PARAMETERS FOR VEGAS:  NDIM=  3  NCALL=   476656.
                              IT=    0  ITMX=    2
                              MDS= -1   ND=  31
 **MScale: SCALFA=   1. ISCALE=  7
 **MScale: scale: (Q2+Pt2+M2)/4 
 1**Scales: M2=   22.5625 Q2=   42.9460875 X2=   0.0345279855
 1**Scale:   16.3857789
 **MScale: SCALFA=   1. ISCALE=  17
 **MScale: scale: .25*(Q2+Pt2+M2)/4
 2**Scales: M2=   22.5625 Q2=   42.9460875 X2=   0.0345279855
 2**Scale:   4.09644472
 wtx  3.24345206E-06hfrac  0.392379761
 **frag: Peterson frag function 
 **frag: Vincenzo semi-leptonic routine dir+indir 

 ******************************************************
 KTCLUS: written by Mike Seymour, July 1992.
 Last modified October 1997.
 Please send comments or suggestions to Mike.Seymour@rl.ac.uk

       Collision type = 3 = pe        
     Angular variable = 2 = DeltaR    
 Monotonic definition = 1 = no        
 Recombination scheme = 1 = E         
 Ecut=  1.00
 ******************************************************

 **MScale: SCALFA=   1. ISCALE=  7
 **MScale: scale: (Q2+Pt2+M2)/4 
 3**Scales: M2=   22.5625 Q2=   36.1187341 X2=   0.0269964239
 3**Scale:   14.6770576
 **MScale: SCALFA=   1. ISCALE=  17
 **MScale: scale: .25*(Q2+Pt2+M2)/4
 4**Scales: M2=   22.5625 Q2=   36.1187341 X2=   0.0269964239
 4**Scale:   3.66926441
 wtx  3.68913379E-06hfrac  0.392379761
 **MScale: SCALFA=   1. ISCALE=  7
 **MScale: scale: (Q2+Pt2+M2)/4 
 5**Scales: M2=   22.5625 Q2=   72.8881981 X2=   0.252553195
 5**Scale:   23.9258128
 6**Scales: M2=   22.5625 Q2=   72.8881981 X2=   0.252553195
 6**Scale:   5.9814532
 wtx  4.05979654E-06hfrac  0.392379761
 7**Scales: M2=   22.5625 Q2=   78.6399631 X2=   0.0461223131
 7**Scale:   25.3121464
 8**Scales: M2=   22.5625 Q2=   78.6399631 X2=   0.0461223131
 8**Scale:   6.32803659
 wtx  1.44825026E-06hfrac  0.392379761
 9**Scales: M2=   22.5625 Q2=   35.4538321 X2=   0.0418349385
 9**Scale:   14.5145418
 10**Scales: M2=   22.5625 Q2=   35.4538321 X2=   0.0418349385
 10**Scale:   3.62863544
 wtx  2.99671206E-06hfrac  0.392379761
 11**Scales: M2=   22.5625 Q2=   57.9015881 X2=   0.763722206
 11**Scale:   20.3069526
 12**Scales: M2=   22.5625 Q2=   57.9015881 X2=   0.763722206
 12**Scale:   5.07673814
 wtx  1.02468675E-05hfrac  0.392379761
 13**Scales: M2=   22.5625 Q2=   49.7453407 X2=   0.895143686
 13**Scale:   18.3007461
 14**Scales: M2=   22.5625 Q2=   49.7453407 X2=   0.895143686
 14**Scale:   4.57518652
 wtx  1.35004821E-05hfrac  0.392379761
 15**Scales: M2=   22.5625 Q2=   70.6289765 X2=   0.27869843
 15**Scale:   23.3675437
 16**Scales: M2=   22.5625 Q2=   70.6289765 X2=   0.27869843
 16**Scale:   5.84188593
 wtx  3.63670711E-06hfrac  0.392379761
 17**Scales: M2=   22.5625 Q2=   39.0175761 X2=   3.49982255
 17**Scale:   16.2699747
 18**Scales: M2=   22.5625 Q2=   39.0175761 X2=   3.49982255
 18**Scale:   4.06749367
 wtx  4.05732135E-05hfrac  0.392379761
 19**Scales: M2=   22.5625 Q2=   48.1519884 X2=   0.182813403
 19**Scale:   17.7243255
 20**Scales: M2=   22.5625 Q2=   48.1519884 X2=   0.182813403
 20**Scale:   4.43108136
 wtx  4.5248903E-06hfrac  0.392379761
 21**Scales: M2=   22.5625 Q2=   44.1439899 X2=   4.55407524
 21**Scale:   17.8151413
 22**Scales: M2=   22.5625 Q2=   44.1439899 X2=   4.55407524
 22**Scale:   4.45378532
 wtx  3.64045991E-05hfrac  0.392379761
 23**Scales: M2=   22.5625 Q2=   53.7958337 X2=   0.864557786
 23**Scale:   19.3057229
 24**Scales: M2=   22.5625 Q2=   53.7958337 X2=   0.864557786
 24**Scale:   4.82643072
 wtx  8.98748294E-06hfrac  0.392379761
 25**Scales: M2=   22.5625 Q2=   8.59370569 X2=   0.0179772153
 25**Scale:   7.79354573
 26**Scales: M2=   22.5625 Q2=   8.59370569 X2=   0.0179772153
 26**Scale:   1.94838643
 wtx  8.31285433E-06hfrac  0.392379761
 27**Scales: M2=   22.5625 Q2=   46.3818665 X2=   3.42670611
 27**Scale:   18.0927682
 28**Scales: M2=   22.5625 Q2=   46.3818665 X2=   3.42670611
 28**Scale:   4.52319204
 wtx  2.57031443E-05hfrac  0.392379761
 29**Scales: M2=   22.5625 Q2=   77.2630171 X2=   9.69601978
 29**Scale:   27.3803842
 30**Scales: M2=   22.5625 Q2=   77.2630171 X2=   9.69601978
 30**Scale:   6.84509606
 wtx  1.6603015E-05hfrac  0.392379761
 31**Scales: M2=   22.5625 Q2=   82.1598147 X2=   9.33136581
 31**Scale:   28.5134201
 32**Scales: M2=   22.5625 Q2=   82.1598147 X2=   9.33136581
 32**Scale:   7.12835503
 wtx  1.49147218E-05hfrac  0.392379761
 33**Scales: M2=   22.5625 Q2=   51.1593727 X2=   0.0160898741
 33**Scale:   18.4344907
 34**Scales: M2=   22.5625 Q2=   51.1593727 X2=   0.0160898741
 34**Scale:   4.60862266
 wtx  1.03600996E-06hfrac  0.392379761
 35**Scales: M2=   22.5625 Q2=   44.6030645 X2=   3.67437964
 35**Scale:   17.709986
 36**Scales: M2=   22.5625 Q2=   44.6030645 X2=   3.67437964
 36**Scale:   4.42749651
 wtx  2.76146948E-05hfrac  0.392379761
 37**Scales: M2=   22.5625 Q2=   12.6323989 X2=   16.0853649
 37**Scale:   12.8200659
 38**Scales: M2=   22.5625 Q2=   12.6323989 X2=   16.0853649
 38**Scale:   3.20501649
 wtx  0.00022826159hfrac  0.392379761
 39**Scales: M2=   22.5625 Q2=   31.370899 X2=   22.5900063
 39**Scale:   19.1308513
 40**Scales: M2=   22.5625 Q2=   31.370899 X2=   22.5900063
 40**Scale:   4.78271284
 wtx  7.6594748E-05hfrac  0.392379761
 41**Scales: M2=   22.5625 Q2=   24.3723567 X2=   300.715625
 41**Scale:   86.9126203
 42**Scales: M2=   22.5625 Q2=   24.3723567 X2=   300.715625
 42**Scale:   21.7281551
 wtx  1.43807569E-07hfrac  0.392379761
 **bmatch: create BMAT   
 BMAT    histos booked ! 
 43**Scales: M2=   22.5625 Q2=   43.8880083 X2=   2.2212974
 43**Scale:   17.1679514
 44**Scales: M2=   22.5625 Q2=   43.8880083 X2=   2.2212974
 44**Scale:   4.29198786
 wtx  1.78802038E-05hfrac  0.392379761
 45**Scales: M2=   22.5625 Q2=   76.612992 X2=   2.04180696
 45**Scale:   25.3043247
 46**Scales: M2=   22.5625 Q2=   76.612992 X2=   2.04180696
 46**Scale:   6.32608118
 wtx  7.48241746E-06hfrac  0.392379761
 47**Scales: M2=   22.5625 Q2=   20.033426 X2=   2.82735491
 47**Scale:   11.3558202
 48**Scales: M2=   22.5625 Q2=   20.033426 X2=   2.82735491
 48**Scale:   2.83895505
 wtx  5.73857615E-05hfrac  0.392379761
 49**Scales: M2=   22.5625 Q2=   38.5235327 X2=   0.643852043
 49**Scale:   15.4324712
 50**Scales: M2=   22.5625 Q2=   38.5235327 X2=   0.643852043
 50**Scale:   3.8581178
 wtx  1.02379927E-05hfrac  0.392379761
 51**Scales: M2=   22.5625 Q2=   67.788454 X2=   29.4804996
 51**Scale:   29.9578634
 52**Scales: M2=   22.5625 Q2=   67.788454 X2=   29.4804996
 52**Scale:   7.48946585
 wtx  2.21866649E-05hfrac  0.392379761
 53**Scales: M2=   22.5625 Q2=   40.5329135 X2=   203.78087
 53**Scale:   66.7190709
 54**Scales: M2=   22.5625 Q2=   40.5329135 X2=   203.78087
 54**Scale:   16.6797677
 wtx  5.98967154E-06hfrac  0.392379761
 55**Scales: M2=   22.5625 Q2=   48.6833234 X2=   2.46244534
 55**Scale:   18.4270672
 56**Scales: M2=   22.5625 Q2=   48.6833234 X2=   2.46244534
 56**Scale:   4.60676679
 wtx  1.58294188E-05hfrac  0.392379761
 57**Scales: M2=   22.5625 Q2=   34.3536744 X2=   17.7596178
 57**Scale:   18.668948
 58**Scales: M2=   22.5625 Q2=   34.3536744 X2=   17.7596178
 58**Scale:   4.66723701
 wtx  6.16422694E-05hfrac  0.392379761
 59**Scales: M2=   22.5625 Q2=   9.72870284 X2=   6.21573122
 59**Scale:   9.62673352
 60**Scales: M2=   22.5625 Q2=   9.72870284 X2=   6.21573122
 60**Scale:   2.40668338
 wtx  0.000184032993hfrac  0.392379761
 61**Scales: M2=   22.5625 Q2=   33.1787828 X2=   8.7084605
 61**Scale:   16.1124358
 62**Scales: M2=   22.5625 Q2=   33.1787828 X2=   8.7084605
 62**Scale:   4.02810896
 wtx  5.01600152E-05hfrac  0.392379761
 63**Scales: M2=   22.5625 Q2=   96.7749409 X2=   96.3055254
 63**Scale:   53.9107416
 64**Scales: M2=   22.5625 Q2=   96.7749409 X2=   96.3055254
 64**Scale:   13.4776854
 wtx  7.40561927E-06hfrac  0.392379761
 65**Scales: M2=   22.5625 Q2=   83.1931045 X2=   147.958309
 65**Scale:   63.4284785
 66**Scales: M2=   22.5625 Q2=   83.1931045 X2=   147.958309
 66**Scale:   15.8571196
 wtx  6.16908983E-06hfrac  0.392379761
 67**Scales: M2=   22.5625 Q2=   17.5725042 X2=   7.65168398
 67**Scale:   11.946672
 68**Scales: M2=   22.5625 Q2=   17.5725042 X2=   7.65168398
 68**Scale:   2.98666801
 wtx  0.000101393816hfrac  0.392379761
 69**Scales: M2=   22.5625 Q2=   79.7758768 X2=   5.65011025
 69**Scale:   26.9971218
 70**Scales: M2=   22.5625 Q2=   79.7758768 X2=   5.65011025
 70**Scale:   6.74928044
 wtx  1.02191889E-05hfrac  0.392379761
 71**Scales: M2=   22.5625 Q2=   12.8626367 X2=   5.00498376
 71**Scale:   10.1075301
 72**Scales: M2=   22.5625 Q2=   12.8626367 X2=   5.00498376
 72**Scale:   2.52688253
 wtx  0.000111831854hfrac  0.392379761
 73**Scales: M2=   22.5625 Q2=   59.5553334 X2=   20.9056467
 73**Scale:   25.75587
 74**Scales: M2=   22.5625 Q2=   59.5553334 X2=   20.9056467
 74**Scale:   6.4389675
 wtx  2.60388388E-05hfrac  0.392379761
 75**Scales: M2=   22.5625 Q2=   11.2671202 X2=   63.7398143
 75**Scale:   24.3923586
 76**Scales: M2=   22.5625 Q2=   11.2671202 X2=   63.7398143
 76**Scale:   6.09808965
 wtx  0.000197097732hfrac  0.392379761
 77**Scales: M2=   22.5625 Q2=   63.5301469 X2=   208.371473
 77**Scale:   73.6160301
 78**Scales: M2=   22.5625 Q2=   63.5301469 X2=   208.371473
 78**Scale:   18.4040075
 wtx  5.79605967E-06hfrac  0.392379761
 79**Scales: M2=   22.5625 Q2=   40.2493807 X2=   8.28578722
 79**Scale:   17.774417
 80**Scales: M2=   22.5625 Q2=   40.2493807 X2=   8.28578722
 80**Scale:   4.44360425
 wtx  3.58766447E-05hfrac  0.392379761
 81**Scales: M2=   22.5625 Q2=   4.30531956 X2=   5.57898842
 81**Scale:   8.111702
 82**Scales: M2=   22.5625 Q2=   4.30531956 X2=   5.57898842
 82**Scale:   2.0279255
 wtx  0.000357780285hfrac  0.392379761
 83**Scales: M2=   22.5625 Q2=   33.1958004 X2=   93.9803687
 83**Scale:   37.4346673
 84**Scales: M2=   22.5625 Q2=   33.1958004 X2=   93.9803687
 84**Scale:   9.35866682
 wtx  4.16091025E-05hfrac  0.392379761
 85**Scales: M2=   22.5625 Q2=   68.4068427 X2=   93.9386048
 85**Scale:   46.2269869
 86**Scales: M2=   22.5625 Q2=   68.4068427 X2=   93.9386048
 86**Scale:   11.5567467
 wtx  1.34736874E-05hfrac  0.392379761
 87**Scales: M2=   22.5625 Q2=   35.5006722 X2=   60.082391
 87**Scale:   29.5363908
 88**Scales: M2=   22.5625 Q2=   35.5006722 X2=   60.082391
 88**Scale:   7.3840977
 wtx  4.56199596E-05hfrac  0.392379761
 89**Scales: M2=   22.5625 Q2=   18.2297422 X2=   60.4544253
 89**Scale:   25.3116669
 90**Scales: M2=   22.5625 Q2=   18.2297422 X2=   60.4544253
 90**Scale:   6.32791672
 wtx  0.000109877394hfrac  0.392379761
 91**Scales: M2=   22.5625 Q2=   57.1329543 X2=   5.31462916
 91**Scale:   21.2525209
 92**Scales: M2=   22.5625 Q2=   57.1329543 X2=   5.31462916
 92**Scale:   5.31313022
 wtx  1.66248701E-05hfrac  0.392379761
 93**Scales: M2=   22.5625 Q2=   74.4618821 X2=   9.58373253
 93**Scale:   26.6520287
 94**Scales: M2=   22.5625 Q2=   74.4618821 X2=   9.58373253
 94**Scale:   6.66300716
 wtx  1.36921417E-05hfrac  0.392379761
 95**Scales: M2=   22.5625 Q2=   68.9804928 X2=   118.824067
 95**Scale:   52.591765
 96**Scales: M2=   22.5625 Q2=   68.9804928 X2=   118.824067
 96**Scale:   13.1479413
 wtx  1.02853201E-05hfrac  0.392379761
 97**Scales: M2=   22.5625 Q2=   21.5463633 X2=   324.362349
 97**Scale:   92.117803
 98**Scales: M2=   22.5625 Q2=   21.5463633 X2=   324.362349
 98**Scale:   23.0294507
 wtx  1.49785155E-05hfrac  0.392379761
 99**Scales: M2=   22.5625 Q2=   37.9717299 X2=   170.736598
 99**Scale:   57.8177069
 100**Scales: M2=   22.5625 Q2=   37.9717299 X2=   170.736598
 100**Scale:   14.4544267
 wtx  2.00619597E-05hfrac  0.392379761
 wtx  5.73091347E-05hfrac  0.392379761
 wtx  1.07576871E-05hfrac  0.392379761
 wtx  3.29229897E-06hfrac  0.392379761
 wtx  7.49738774E-06hfrac  0.392379761
 wtx  1.60819491E-05hfrac  0.392379761
 wtx  3.1665666E-05hfrac  0.392379761
 wtx  5.64257716E-05hfrac  0.392379761
 wtx  1.85032241E-05hfrac  0.392379761
 wtx  1.80704847E-05hfrac  0.392379761
 wtx  2.9308103E-05hfrac  0.392379761
 wtx  6.25900502E-05hfrac  0.392379761
 wtx  1.78449318E-05hfrac  0.392379761
 wtx  1.86911693E-05hfrac  0.392379761
 wtx  1.02109625E-05hfrac  0.392379761
 wtx  0.000141127908hfrac  0.392379761
 wtx  1.50171672E-05hfrac  0.392379761
 wtx  1.35701794E-05hfrac  0.392379761
 wtx  1.47843309E-06hfrac  0.392379761
 wtx  2.50716548E-05hfrac  0.392379761
 wtx  0.000154402005hfrac  0.392379761
 wtx  3.06713991E-05hfrac  0.392379761
 wtx  1.52186058E-05hfrac  0.392379761
 wtx  9.19025638E-07hfrac  0.392379761
 wtx  1.8532146E-05hfrac  0.392379761
 wtx  1.5179131E-05hfrac  0.392379761
 wtx  5.93791992E-06hfrac  0.392379761
 wtx  6.34615299E-06hfrac  0.392379761
 wtx  1.61818625E-05hfrac  0.392379761
 wtx  3.19243045E-05hfrac  0.392379761
 wtx  3.90771638E-05hfrac  0.392379761
 wtx  9.25749737E-06hfrac  0.392379761
 wtx  1.39985932E-05hfrac  0.392379761
 wtx  3.47541527E-06hfrac  0.392379761
 wtx  2.67238083E-05hfrac  0.392379761
 wtx  4.43185081E-06hfrac  0.392379761
 wtx  7.92771607E-06hfrac  0.392379761
 wtx  2.3382554E-05hfrac  0.392379761
 wtx  5.31008955E-05hfrac  0.392379761
 wtx  5.92517199E-06hfrac  0.392379761
 wtx  2.31941249E-05hfrac  0.392379761
 wtx  2.48810484E-05hfrac  0.392379761
 wtx  4.09815993E-06hfrac  0.392379761
 wtx  1.41388173E-05hfrac  0.392379761
 wtx  3.81695791E-05hfrac  0.392379761
 wtx  2.69974462E-05hfrac  0.392379761
 wtx  5.1814055E-05hfrac  0.392379761
 wtx  0.000450721942hfrac  0.392379761
 wtx  3.6190846E-05hfrac  0.392379761
 wtx  4.17402553E-05hfrac  0.392379761
 wtx  1.2364826E-05hfrac  0.392379761
   1       12.12240      1.547       12.12240      1.547      0.000    
   2       10.59274     0.2938       10.66175     0.3085      1.059    



 INPUT PARAMETERS FOR VEGAS:  NDIM=  3  NCALL=  4920750.
                              IT=    0  ITMX=    4
                              MDS= -1   ND=  45
   1       11.70446     0.3251E-01   11.70446     0.3251E-01  0.000    
   2       11.64706     0.3217E-01   11.67560     0.2287E-01  1.575    
   3       11.69737     0.3254E-01   11.68282     0.1871E-01 0.9365    
   4       11.71390     0.3226E-01   11.69067     0.1619E-01 0.8556    



 INPUT PARAMETERS FOR VEGAS:  NDIM=  6  NCALL=    78125.
                              IT=    0  ITMX=    4
                              MDS=  1   ND=  50
 **sig1: iscalef=  7
 **sig1: mur=   395.254556
 **sig1: iscalef=  17
 **sig1: muf=   98.8136391
 ALFAS  =   0.141176955
 MUR2   =   395.254556
 LOGMUR =   2.86324077
 MUF2   =   98.8136391
 LOGMUF =   1.47694641
  
 INTEGRATING NLO GLUON ...
  
   1       4.622791      11.50       4.622791      11.50      0.000    
   2      -1.671613      7.920       3.262827      7.655     0.1145    
   3       11.74334      5.929       11.31986      3.617     0.1432    
   4       2.758633      1.176       6.427087      2.098      1.481    



 INPUT PARAMETERS FOR VEGAS:  NDIM=  6  NCALL=   786432.
                              IT=    0  ITMX=    8
                              MDS=  1   ND=  50
   1       6.637375     0.7491       6.637375     0.7491      0.000    
   2       5.483669     0.6186       6.060275     0.4858      1.410    
   3       6.386269     0.9693       6.130861     0.4371     0.7295    
   4       5.785409     0.5275       6.001332     0.3401     0.5828    
   5       6.507110     0.6888       6.111436     0.3050     0.5421    
   6       5.953525     0.5582       6.077135     0.2683     0.4506    
   7       6.247757     0.5704       6.108936     0.2426     0.3861    
   8       6.160040     0.5202       6.118077     0.2198     0.3320    



 INPUT PARAMETERS FOR VEGAS:  NDIM=  6  NCALL=    78125.
                              IT=    0  ITMX=    4
                              MDS=  1   ND=  50
 ALFAS  =   0.144708908
 MUR2   =   316.966707
 LOGMUR =   2.64250751
 MUF2   =   79.2416768
 LOGMUF =   1.25621315
  
 INTEGRATING QUARK INITIATED ...
  
   1       1.504041     0.8783       1.504041     0.8783      0.000    
   2       2.315333      1.576       1.847890     0.8654     0.2146    
   3       2.701201     0.8220       2.427871     0.5595     0.3355    
   4       3.438193     0.8469       2.942304     0.4544     0.5781    



 INPUT PARAMETERS FOR VEGAS:  NDIM=  6  NCALL=   786432.
                              IT=    0  ITMX=    8
                              MDS=  1   ND=  50
   1       3.898741     0.5657       3.898741     0.5657      0.000    
   2       3.673240     0.4257       3.761075     0.3430     0.1028    
   3       3.657714     0.4006       3.719101     0.2613     0.7144E-01
   4       5.149289      1.327       3.816842     0.2789     0.5970    
   5       3.885993     0.4249       3.835868     0.2346     0.4630    
   6       3.781076     0.4133       3.824041     0.2052     0.3820    
   7       3.613110     0.2434       3.747621     0.1615     0.3934    
   8       2.766659     0.3875       3.671733     0.1500     0.7964    
  
 CROSS SECTION =   21.4804812 +/-   0.266660907
  
  # of events with muons:  0 out of:  52061302
  All:           1. muons:   84.5913467 2. muon   7.54192019
 In acc: 1. muons:     68.566:      0.811 % 2. muon      8.183:      1.085 %
  Norm Histos here: lum=   1.lumbreit lum1  1.
  ZEUS scenario in Lab frame Q2>4
  Total      sig (pb):   410.758423
  b tot  sig (pb):   252.20311
  >=1jets sig (pb):   361.476318
  muon +no cuts on jet sig (pb):   48.9952202
  muon+jet    sig (pb):   45.8810844
  muon+jet+cone sig (pb):   31.0465851
  ZEUS scenario in Breit frame Q2>2 
  tot        sig (pb):   410.751892
  b.cross    sig (pb):   281.277283
  >=1jet sig (pb):   258.216675
  muon nojet cut sig (pb):   28.0933952
  muon+jet   sig (pb):   21.6390705
 incl jet   sig (pb):  87.2522659
 incl muon  sig (pb):  23.4078255
 incl b     sig (pb):  376.924927
 generator:HVQ     hfrac  0.2205
  Output Histos here 
