  
 ============================
 | HVQDIS  V1.4  APRIL 2000 |
 ============================
  
 NORDER    =        2
 ISCALER   =        2
 ISCALEF   =        2
 IPDF      =        2
 PTS0      =   500000
 ITS0      =        2
 PTS1      =    80000
 ITS1      =        4
 IQUARK    =        2
 MASS      =      4.50
 EPRO      =    920.00
 EIEL      =     27.50
 Q2MIN     =      4.00
 Q2MAX     =   *******
 XBJMIN    =      0.00
 XBJMAX    =      1.00
 YMIN      =      0.05
 YMAX      =      0.70
 ETAMAX    =      2.50
 PTMIN     =      0.00
 PTMAX     =   *******
 IFRAG     =        0
 ISL       =        1
 EPS       =      0.0035
 HFRAC     =      0.2205
 XMD       =      5.2780
 TCFRAG    =        0
 TCSL    =        1
 PREF      =   f2b_4.-100000._0.-1._r2_f2_m4.5.histos  
  
 BOTTOM PRODUCTION
 RM48 INITIALIZED:        40           0         0
 **hist: start histos 
 HPATH.  ERROR IN PATHNAME,


 ===> Directory : 
  create directory HISB
 hfrac:  0.2205
 **hzb: Version kula1  
 FULL LO+NLO ME



 INPUT PARAMETERS FOR VEGAS:  NDIM=  3  NCALL=   476656.
                              IT=    0  ITMX=    2
                              MDS= -1   ND=  31
 **MScale: SCALFA=   1. ISCALE=  2
 **MScale: scale: Q2 
 1**Scales: M2=   20.25 Q2=   43.0165853 X2=   0.0322533768
 1**Scale:   43.0165853
 **MScale: SCALFA=   1. ISCALE=  2
 **MScale: scale: Q2 
 2**Scales: M2=   20.25 Q2=   43.0165853 X2=   0.0322533768
 2**Scale:   43.0165853
 wtx  4.06889649E-06hfrac  0.392379761
 **frag: Peterson frag function 
 **frag: Vincenzo semi-leptonic routine dir+indir 

 ******************************************************
 KTCLUS: written by Mike Seymour, July 1992.
 Last modified October 1997.
 Please send comments or suggestions to Mike.Seymour@rl.ac.uk

       Collision type = 3 = pe        
     Angular variable = 2 = DeltaR    
 Monotonic definition = 1 = no        
 Recombination scheme = 1 = E         
 Ecut=  1.00
 ******************************************************

 **MScale: SCALFA=   1. ISCALE=  2
 **MScale: scale: Q2 
 3**Scales: M2=   20.25 Q2=   36.1746996 X2=   0.0251129308
 3**Scale:   36.1746996
 **MScale: SCALFA=   1. ISCALE=  2
 **MScale: scale: Q2 
 4**Scales: M2=   20.25 Q2=   36.1746996 X2=   0.0251129308
 4**Scale:   36.1746996
 wtx  4.83035137E-06hfrac  0.392379761
 **MScale: SCALFA=   1. ISCALE=  2
 **MScale: scale: Q2 
 5**Scales: M2=   20.25 Q2=   73.0083775 X2=   0.239137525
 5**Scale:   73.0083775
 6**Scales: M2=   20.25 Q2=   73.0083775 X2=   0.239137525
 6**Scale:   73.0083775
 wtx  4.64707955E-06hfrac  0.392379761
 7**Scales: M2=   20.25 Q2=   78.7551351 X2=   0.0437218258
 7**Scale:   78.7551351
 8**Scales: M2=   20.25 Q2=   78.7551351 X2=   0.0437218258
 8**Scale:   78.7551351
 wtx  1.74181037E-06hfrac  0.392379761
 9**Scales: M2=   20.25 Q2=   35.5123011 X2=   0.038855762
 9**Scale:   35.5123011
 10**Scales: M2=   20.25 Q2=   35.5123011 X2=   0.038855762
 10**Scale:   35.5123011
 wtx  4.31482658E-06hfrac  0.392379761
 11**Scales: M2=   20.25 Q2=   57.9979971 X2=   0.719109302
 11**Scale:   57.9979971
 12**Scales: M2=   20.25 Q2=   57.9979971 X2=   0.719109302
 12**Scale:   57.9979971
 wtx  1.17865084E-05hfrac  0.392379761
 13**Scales: M2=   20.25 Q2=   49.8200221 X2=   0.838889667
 13**Scale:   49.8200221
 14**Scales: M2=   20.25 Q2=   49.8200221 X2=   0.838889667
 14**Scale:   49.8200221
 wtx  1.6870692E-05hfrac  0.392379761
 15**Scales: M2=   20.25 Q2=   70.7368234 X2=   0.26339319
 15**Scale:   70.7368234
 16**Scales: M2=   20.25 Q2=   70.7368234 X2=   0.26339319
 16**Scale:   70.7368234
 wtx  4.51770848E-06hfrac  0.392379761
 17**Scales: M2=   20.25 Q2=   39.0742505 X2=   3.2697096
 17**Scale:   39.0742505
 18**Scales: M2=   20.25 Q2=   39.0742505 X2=   3.2697096
 18**Scale:   39.0742505
 wtx  4.49743275E-05hfrac  0.392379761
 19**Scales: M2=   20.25 Q2=   48.2200626 X2=   0.170979342
 19**Scale:   48.2200626
 20**Scales: M2=   20.25 Q2=   48.2200626 X2=   0.170979342
 20**Scale:   48.2200626
 wtx  6.31236935E-06hfrac  0.392379761
 21**Scales: M2=   20.25 Q2=   44.2079545 X2=   4.26166339
 21**Scale:   44.2079545
 22**Scales: M2=   20.25 Q2=   44.2079545 X2=   4.26166339
 22**Scale:   44.2079545
 wtx  4.18095588E-05hfrac  0.392379761
 23**Scales: M2=   20.25 Q2=   53.8867429 X2=   0.811472383
 23**Scale:   53.8867429
 24**Scales: M2=   20.25 Q2=   53.8867429 X2=   0.811472383
 24**Scale:   53.8867429
 wtx  1.1507359E-05hfrac  0.392379761
 25**Scales: M2=   20.25 Q2=   8.60126898 X2=   0.0163232883
 25**Scale:   8.60126898
 26**Scales: M2=   20.25 Q2=   8.60126898 X2=   0.0163232883
 26**Scale:   8.60126898
 wtx  1.67807466E-05hfrac  0.392379761
 27**Scales: M2=   20.25 Q2=   46.4595132 X2=   3.2078737
 27**Scale:   46.4595132
 28**Scales: M2=   20.25 Q2=   46.4595132 X2=   3.2078737
 28**Scale:   46.4595132
 wtx  3.10156902E-05hfrac  0.392379761
 29**Scales: M2=   20.25 Q2=   77.397242 X2=   9.21070372
 29**Scale:   77.397242
 30**Scales: M2=   20.25 Q2=   77.397242 X2=   9.21070372
 30**Scale:   77.397242
 wtx  1.67372109E-05hfrac  0.392379761
 31**Scales: M2=   20.25 Q2=   82.3009021 X2=   8.87669294
 31**Scale:   82.3009021
 32**Scales: M2=   20.25 Q2=   82.3009021 X2=   8.87669294
 32**Scale:   82.3009021
 wtx  1.50837077E-05hfrac  0.392379761
 33**Scales: M2=   20.25 Q2=   51.2326332 X2=   0.0150691581
 33**Scale:   51.2326332
 34**Scales: M2=   20.25 Q2=   51.2326332 X2=   0.0150691581
 34**Scale:   51.2326332
 wtx  1.43692796E-06hfrac  0.392379761
 35**Scales: M2=   20.25 Q2=   44.6660488 X2=   3.43267681
 35**Scale:   44.6660488
 36**Scales: M2=   20.25 Q2=   44.6660488 X2=   3.43267681
 36**Scale:   44.6660488
 wtx  3.60331287E-05hfrac  0.392379761
 37**Scales: M2=   20.25 Q2=   12.6477077 X2=   14.7480725
 37**Scale:   12.6477077
 38**Scales: M2=   20.25 Q2=   12.6477077 X2=   14.7480725
 38**Scale:   12.6477077
 wtx  0.000299016101hfrac  0.392379761
 39**Scales: M2=   20.25 Q2=   31.414377 X2=   21.0400471
 39**Scale:   31.414377
 40**Scales: M2=   20.25 Q2=   31.414377 X2=   21.0400471
 40**Scale:   31.414377
 wtx  8.34422754E-05hfrac  0.392379761
 41**Scales: M2=   20.25 Q2=   24.4040794 X2=   295.346951
 41**Scale:   24.4040794
 42**Scales: M2=   20.25 Q2=   24.4040794 X2=   295.346951
 42**Scale:   24.4040794
 wtx  2.33526123E-07hfrac  0.392379761
 **bmatch: create BMAT   
 BMAT    histos booked ! 
 43**Scales: M2=   20.25 Q2=   43.9618295 X2=   2.07418261
 43**Scale:   43.9618295
 44**Scales: M2=   20.25 Q2=   43.9618295 X2=   2.07418261
 44**Scale:   43.9618295
 wtx  2.37269942E-05hfrac  0.392379761
 45**Scales: M2=   20.25 Q2=   76.7277651 X2=   1.93358515
 45**Scale:   76.7277651
 46**Scales: M2=   20.25 Q2=   76.7277651 X2=   1.93358515
 46**Scale:   76.7277651
 wtx  9.20187449E-06hfrac  0.392379761
 47**Scales: M2=   20.25 Q2=   20.0583577 X2=   2.59620656
 47**Scale:   20.0583577
 48**Scales: M2=   20.25 Q2=   20.0583577 X2=   2.59620656
 48**Scale:   20.0583577
 wtx  9.19567028E-05hfrac  0.392379761
 49**Scales: M2=   20.25 Q2=   38.5788836 X2=   0.598891984
 49**Scale:   38.5788836
 50**Scales: M2=   20.25 Q2=   38.5788836 X2=   0.598891984
 50**Scale:   38.5788836
 wtx  1.49530924E-05hfrac  0.392379761
 51**Scales: M2=   20.25 Q2=   67.8960059 X2=   27.9193036
 51**Scale:   67.8960059
 52**Scales: M2=   20.25 Q2=   67.8960059 X2=   27.9193036
 52**Scale:   67.8960059
 wtx  2.24250325E-05hfrac  0.392379761
 53**Scales: M2=   20.25 Q2=   40.5926742 X2=   194.752292
 53**Scale:   40.5926742
 54**Scales: M2=   20.25 Q2=   40.5926742 X2=   194.752292
 54**Scale:   40.5926742
 wtx  6.51263235E-06hfrac  0.392379761
 55**Scales: M2=   20.25 Q2=   48.7541846 X2=   2.30401412
 55**Scale:   48.7541846
 56**Scales: M2=   20.25 Q2=   48.7541846 X2=   2.30401412
 56**Scale:   48.7541846
 wtx  2.14947067E-05hfrac  0.392379761
 57**Scales: M2=   20.25 Q2=   34.4038018 X2=   16.5097551
 57**Scale:   34.4038018
 58**Scales: M2=   20.25 Q2=   34.4038018 X2=   16.5097551
 58**Scale:   34.4038018
 wtx  7.65465447E-05hfrac  0.392379761
 59**Scales: M2=   20.25 Q2=   9.73891247 X2=   5.65707242
 59**Scale:   9.73891247
 60**Scales: M2=   20.25 Q2=   9.73891247 X2=   5.65707242
 60**Scale:   9.73891247
 wtx  0.00030709058hfrac  0.392379761
 61**Scales: M2=   20.25 Q2=   33.2287895 X2=   8.08106414
 61**Scale:   33.2287895
 62**Scales: M2=   20.25 Q2=   33.2287895 X2=   8.08106414
 62**Scale:   33.2287895
 wtx  6.75818737E-05hfrac  0.392379761
 63**Scales: M2=   20.25 Q2=   96.9176765 X2=   92.3314452
 63**Scale:   96.9176765
 64**Scales: M2=   20.25 Q2=   96.9176765 X2=   92.3314452
 64**Scale:   96.9176765
 wtx  6.68354005E-06hfrac  0.392379761
 65**Scales: M2=   20.25 Q2=   83.316597 X2=   141.72194
 65**Scale:   83.316597
 66**Scales: M2=   20.25 Q2=   83.316597 X2=   141.72194
 66**Scale:   83.316597
 wtx  5.68667019E-06hfrac  0.392379761
 67**Scales: M2=   20.25 Q2=   17.5959094 X2=   7.01501404
 67**Scale:   17.5959094
 68**Scales: M2=   20.25 Q2=   17.5959094 X2=   7.01501404
 68**Scale:   17.5959094
 wtx  0.000155594302hfrac  0.392379761
 69**Scales: M2=   20.25 Q2=   79.9077175 X2=   5.35841073
 69**Scale:   79.9077175
 70**Scales: M2=   20.25 Q2=   79.9077175 X2=   5.35841073
 70**Scale:   79.9077175
 wtx  1.20516743E-05hfrac  0.392379761
 71**Scales: M2=   20.25 Q2=   12.8785404 X2=   4.56754007
 71**Scale:   12.8785404
 72**Scales: M2=   20.25 Q2=   12.8785404 X2=   4.56754007
 72**Scale:   12.8785404
 wtx  0.000186745849hfrac  0.392379761
 73**Scales: M2=   20.25 Q2=   59.6509406 X2=   19.6919404
 73**Scale:   59.6509406
 74**Scales: M2=   20.25 Q2=   59.6509406 X2=   19.6919404
 74**Scale:   59.6509406
 wtx  2.97953084E-05hfrac  0.392379761
 75**Scales: M2=   20.25 Q2=   11.2791591 X2=   58.4235012
 75**Scale:   11.2791591
 76**Scales: M2=   20.25 Q2=   11.2791591 X2=   58.4235012
 76**Scale:   11.2791591
 wtx  0.00027237722hfrac  0.392379761
 77**Scales: M2=   20.25 Q2=   63.6294698 X2=   198.927922
 77**Scale:   63.6294698
 78**Scales: M2=   20.25 Q2=   63.6294698 X2=   198.927922
 78**Scale:   63.6294698
 wtx  5.84173995E-06hfrac  0.392379761
 79**Scales: M2=   20.25 Q2=   40.3083307 X2=   7.7193123
 79**Scale:   40.3083307
 80**Scales: M2=   20.25 Q2=   40.3083307 X2=   7.7193123
 80**Scale:   40.3083307
 wtx  4.84768461E-05hfrac  0.392379761
 81**Scales: M2=   20.25 Q2=   4.30587981 X2=   5.04539957
 81**Scale:   4.30587981
 82**Scales: M2=   20.25 Q2=   4.30587981 X2=   5.04539957
 82**Scale:   4.30587981
 wtx  0.000662048114hfrac  0.392379761
 83**Scales: M2=   20.25 Q2=   33.2422254 X2=   87.6739978
 83**Scale:   33.2422254
 84**Scales: M2=   20.25 Q2=   33.2422254 X2=   87.6739978
 84**Scale:   33.2422254
 wtx  4.81415373E-05hfrac  0.392379761
 85**Scales: M2=   20.25 Q2=   68.5179444 X2=   89.1437855
 85**Scale:   68.5179444
 86**Scales: M2=   20.25 Q2=   68.5179444 X2=   89.1437855
 86**Scale:   68.5179444
 wtx  1.35501559E-05hfrac  0.392379761
 87**Scales: M2=   20.25 Q2=   35.5568721 X2=   56.0289565
 87**Scale:   35.5568721
 88**Scales: M2=   20.25 Q2=   35.5568721 X2=   56.0289565
 88**Scale:   35.5568721
 wtx  5.25170544E-05hfrac  0.392379761
 89**Scales: M2=   20.25 Q2=   18.2541628 X2=   55.665002
 89**Scale:   18.2541628
 90**Scales: M2=   20.25 Q2=   18.2541628 X2=   55.665002
 90**Scale:   18.2541628
 wtx  0.000142056408hfrac  0.392379761
 91**Scales: M2=   20.25 Q2=   57.2220109 X2=   4.99412919
 91**Scale:   57.2220109
 92**Scales: M2=   20.25 Q2=   57.2220109 X2=   4.99412919
 92**Scale:   57.2220109
 wtx  2.13994354E-05hfrac  0.392379761
 93**Scales: M2=   20.25 Q2=   74.5855144 X2=   9.0728839
 93**Scale:   74.5855144
 94**Scales: M2=   20.25 Q2=   74.5855144 X2=   9.0728839
 94**Scale:   74.5855144
 wtx  1.60988911E-05hfrac  0.392379761
 95**Scales: M2=   20.25 Q2=   69.1007349 X2=   112.955918
 95**Scale:   69.1007349
 96**Scales: M2=   20.25 Q2=   69.1007349 X2=   112.955918
 96**Scale:   69.1007349
 wtx  1.02119793E-05hfrac  0.392379761
 97**Scales: M2=   20.25 Q2=   21.5740949 X2=   304.329928
 97**Scale:   21.5740949
 98**Scales: M2=   20.25 Q2=   21.5740949 X2=   304.329928
 98**Scale:   21.5740949
 wtx  2.29707493E-05hfrac  0.392379761
 99**Scales: M2=   20.25 Q2=   38.0256639 X2=   160.235106
 99**Scale:   38.0256639
 100**Scales: M2=   20.25 Q2=   38.0256639 X2=   160.235106
 100**Scale:   38.0256639
 wtx  2.33497631E-05hfrac  0.392379761
 wtx  6.91696187E-05hfrac  0.392379761
 wtx  1.34939519E-05hfrac  0.392379761
 wtx  4.49283152E-06hfrac  0.392379761
 wtx  9.00456962E-06hfrac  0.392379761
 wtx  1.70321964E-05hfrac  0.392379761
 wtx  3.63941726E-05hfrac  0.392379761
 wtx  0.000120356941hfrac  0.392379761
 wtx  2.4234927E-05hfrac  0.392379761
 wtx  1.97542104E-05hfrac  0.392379761
 wtx  4.25554608E-05hfrac  0.392379761
 wtx  8.80275838E-05hfrac  0.392379761
 wtx  1.9137422E-05hfrac  0.392379761
 wtx  2.18826372E-05hfrac  0.392379761
 wtx  1.04325927E-05hfrac  0.392379761
 wtx  0.000211422157hfrac  0.392379761
 wtx  1.65606125E-05hfrac  0.392379761
 wtx  1.39382464E-05hfrac  0.392379761
 wtx  3.15033276E-06hfrac  0.392379761
 wtx  2.82653764E-05hfrac  0.392379761
 wtx  0.000229330049hfrac  0.392379761
 wtx  4.04290695E-05hfrac  0.392379761
 wtx  1.60924883E-05hfrac  0.392379761
 wtx  9.41789096E-07hfrac  0.392379761
 wtx  2.15786858E-05hfrac  0.392379761
 wtx  1.62681299E-05hfrac  0.392379761
 wtx  6.27475674E-06hfrac  0.392379761
 wtx  6.58325598E-06hfrac  0.392379761
 wtx  2.03138043E-05hfrac  0.392379761
 wtx  3.60817467E-05hfrac  0.392379761
 wtx  4.8731501E-05hfrac  0.392379761
 wtx  9.58947385E-06hfrac  0.392379761
 wtx  1.92757579E-05hfrac  0.392379761
 wtx  3.36200537E-06hfrac  0.392379761
 wtx  2.87164676E-05hfrac  0.392379761
 wtx  6.02546379E-06hfrac  0.392379761
 wtx  7.56316922E-06hfrac  0.392379761
 wtx  2.73278256E-05hfrac  0.392379761
 wtx  8.21662616E-05hfrac  0.392379761
 wtx  5.79866355E-06hfrac  0.392379761
 wtx  3.12805787E-05hfrac  0.392379761
 wtx  3.52125135E-05hfrac  0.392379761
 wtx  5.0310764E-06hfrac  0.392379761
 wtx  1.3544879E-05hfrac  0.392379761
 wtx  4.47927232E-05hfrac  0.392379761
 wtx  3.95700881E-05hfrac  0.392379761
 wtx  5.66470844E-05hfrac  0.392379761
 wtx  0.000807032629hfrac  0.392379761
 wtx  4.94677297E-05hfrac  0.392379761
 wtx  4.56628477E-05hfrac  0.392379761
 wtx  1.26572777E-05hfrac  0.392379761
   1       14.70823      1.982       14.70823      1.982      0.000    
   2       14.37062     0.4683       14.38928     0.4605     0.2806E-01



 INPUT PARAMETERS FOR VEGAS:  NDIM=  3  NCALL=  4920750.
                              IT=    0  ITMX=    4
                              MDS= -1   ND=  45
   1       15.23947     0.4571E-01   15.23947     0.4571E-01  0.000    
   2       15.19042     0.4636E-01   15.21537     0.3255E-01 0.5676    
   3       15.28064     0.4554E-01   15.23756     0.2648E-01 0.9649    
   4       15.35458     0.4733E-01   15.26579     0.2311E-01  2.205    



 INPUT PARAMETERS FOR VEGAS:  NDIM=  6  NCALL=    78125.
                              IT=    0  ITMX=    4
                              MDS=  1   ND=  50
 **sig1: iscalef=  2
 **sig1: mur=   3382.54906
 **sig1: iscalef=  2
 **sig1: muf=   3382.54906
 ALFAS  =   0.114382508
 MUR2   =   3382.54906
 LOGMUR =   5.11823007
 MUF2   =   3382.54906
 LOGMUF =   5.11823007
  
 INTEGRATING NLO GLUON ...
  
   1       4.635987      4.944       4.635987      4.944      0.000    
   2       7.796008      5.483       6.838255      3.766     0.1487    
   3       9.351508      3.423       8.648194      2.336     0.1707    
   4       21.48089      6.783       14.95905      2.781      1.814    



 INPUT PARAMETERS FOR VEGAS:  NDIM=  6  NCALL=   786432.
                              IT=    0  ITMX=    8
                              MDS=  1   ND=  50
   1       9.961760     0.7985       9.961760     0.7985      0.000    
   2       11.68199      1.947       10.28477     0.7842     0.7339    
   3       10.87010     0.9853       10.51212     0.6135     0.4747    
   4       10.30010     0.6865       10.42348     0.4621     0.3417    
   5       10.93415      1.037       10.51082     0.4224     0.3061    
   6       10.87023      1.061       10.56082     0.3926     0.2641    
   7       11.41364     0.7112       10.77786     0.3418     0.4132    
   8       10.06437     0.9208       10.70254     0.3204     0.4275    



 INPUT PARAMETERS FOR VEGAS:  NDIM=  6  NCALL=    78125.
                              IT=    0  ITMX=    4
                              MDS=  1   ND=  50
 ALFAS  =   0.129947061
 MUR2   =   867.909697
 LOGMUR =   3.75793288
 MUF2   =   867.909697
 LOGMUF =   3.75793288
  
 INTEGRATING QUARK INITIATED ...
  
   1       1.856113      1.331       1.856113      1.331      0.000    
   2       3.450284      2.134       2.770580      1.297     0.3692    
   3       3.606253      1.555       3.222871     0.9752     0.2411    
   4       3.908509     0.6791       3.750290     0.5033     0.2491    



 INPUT PARAMETERS FOR VEGAS:  NDIM=  6  NCALL=   786432.
                              IT=    0  ITMX=    8
                              MDS=  1   ND=  50
   1       4.450848     0.2137       4.450848     0.2137      0.000    
   2       5.183877     0.4413       4.627787     0.2021      2.410    
   3       5.833104      1.531       4.657640     0.2142      1.428    
   4       4.459056     0.3505       4.614677     0.1834      1.084    
   5       4.612884     0.3496       4.614338     0.1626     0.8392    
   6       4.852553     0.4015       4.646913     0.1506     0.7342    
   7       4.000949     0.2433       4.516382     0.1313      1.294    
   8       4.868861     0.4128       4.549560     0.1251      1.202    
  
 CROSS SECTION =   30.5178872 +/-   0.344735088
  
  # of events with muons:  0 out of:  52390968
  All:           1. muons:   136.841293 2. muon   10.8996029
 In acc: 1. muons:    109.083:      0.797 % 2. muon     13.391:      1.229 %
  Norm Histos here: lum=   1.lumbreit lum1  1.
  ZEUS scenario in Lab frame Q2>4
  Total      sig (pb):   667.106689
  b tot  sig (pb):   377.045654
  >=1jets sig (pb):   544.541565
  muon +no cuts on jet sig (pb):   76.6727905
  muon+jet    sig (pb):   67.3907394
  muon+jet+cone sig (pb):   44.2483101
  ZEUS scenario in Breit frame Q2>2 
  tot        sig (pb):   667.10199
  b.cross    sig (pb):   402.545502
  >=1jet sig (pb):   370.480591
  muon nojet cut sig (pb):   44.6774979
  muon+jet   sig (pb):   30.8110905
 incl jet   sig (pb):  127.779358
 incl muon  sig (pb):  33.3435287
 incl b     sig (pb):  540.103149
 generator:HVQ     hfrac  0.2205
  Output Histos here 
