  
 ============================
 | HVQDIS  V1.4  APRIL 2000 |
 ============================
  
 NORDER    =        2
 ISCALER   =        5
 ISCALEF   =        5
 IPDF      =        5
 PTS0      =   500000
 ITS0      =        2
 PTS1      =    80000
 ITS1      =        4
 IQUARK    =        2
 MASS      =      4.75
 EPRO      =    920.00
 EIEL      =     27.50
 Q2MIN     =     13.90
 Q2MAX     =     14.10
 XBJMIN    =      0.00
 XBJMAX    =      1.00
 YMIN      =      0.69
 YMAX      =      0.70
 ETAMAX    =      2.50
 PTMIN     =      0.00
 PTMAX     =   *******
 IFRAG     =        0
 ISL       =        1
 EPS       =      0.0035
 HFRAC     =      0.2205
 XMD       =      5.2780
 TCFRAG    =        0
 TCSL    =        1
 PREF      =   f2b_13.9-14.1_0.000-1._r5_f5_m4.75.histo
  
 BOTTOM PRODUCTION
 RM48 INITIALIZED:        40           0         0
 **hist: start histos 
 HPATH.  ERROR IN PATHNAME,


 ===> Directory : 
  create directory HISB
 hfrac:  0.2205
 **hzb: Version kula1  
 FULL LO+NLO ME



 INPUT PARAMETERS FOR VEGAS:  NDIM=  3  NCALL=   476656.
                              IT=    0  ITMX=    2
                              MDS= -1   ND=  31
 **MScale: SCALFA=   1. ISCALE=  5
 **MScale: scale: Pt2+4 M2 
 **MScale: SCALFA=   1. ISCALE=  5
 **MScale: scale: Pt2+4 M2 
 wtx  1.02832326E-12hfrac  0.392379761
 **frag: Peterson frag function 
 **frag: Vincenzo semi-leptonic routine dir+indir 

 ******************************************************
 KTCLUS: written by Mike Seymour, July 1992.
 Last modified October 1997.
 Please send comments or suggestions to Mike.Seymour@rl.ac.uk

       Collision type = 3 = pe        
     Angular variable = 2 = DeltaR    
 Monotonic definition = 1 = no        
 Recombination scheme = 1 = E         
 Ecut=  1.00
 ******************************************************

 **MScale: SCALFA=   1. ISCALE=  5
 **MScale: scale: Pt2+4 M2 
 **MScale: SCALFA=   1. ISCALE=  5
 **MScale: scale: Pt2+4 M2 
 wtx  9.41267355E-13hfrac  0.392379761
 **MScale: SCALFA=   1. ISCALE=  5
 **MScale: scale: Pt2+4 M2 
 wtx  2.46105089E-12hfrac  0.392379761
 wtx  9.04080684E-13hfrac  0.392379761
 wtx  8.05455637E-13hfrac  0.392379761
 wtx  4.75917005E-12hfrac  0.392379761
 wtx  4.92930479E-12hfrac  0.392379761
 wtx  2.05713506E-12hfrac  0.392379761
 wtx  1.18518147E-11hfrac  0.392379761
 wtx  1.61473244E-12hfrac  0.392379761
 wtx  1.20871134E-11hfrac  0.392379761
 wtx  3.85420732E-12hfrac  0.392379761
 wtx  5.2616223E-13hfrac  0.392379761
 wtx  9.41939929E-12hfrac  0.392379761
 wtx  1.41557911E-11hfrac  0.392379761
 wtx  1.36570382E-11hfrac  0.392379761
 wtx  4.14715734E-13hfrac  0.392379761
 wtx  8.94536962E-12hfrac  0.392379761
 wtx  1.83093055E-11hfrac  0.392379761
 wtx  1.87921241E-11hfrac  0.392379761
 wtx  1.12106548E-12hfrac  0.392379761
 **bmatch: create BMAT   
 BMAT    histos booked ! 
 wtx  6.11488854E-12hfrac  0.392379761
 wtx  4.98685555E-12hfrac  0.392379761
 wtx  7.65435632E-12hfrac  0.392379761
 wtx  2.9087106E-12hfrac  0.392379761
 wtx  1.72937498E-11hfrac  0.392379761
 wtx  7.56564256E-12hfrac  0.392379761
 wtx  5.88446002E-12hfrac  0.392379761
 wtx  1.56937918E-11hfrac  0.392379761
 wtx  1.16133761E-11hfrac  0.392379761
 wtx  1.20477786E-11hfrac  0.392379761
 wtx  1.47905143E-11hfrac  0.392379761
 wtx  1.18285442E-11hfrac  0.392379761
 wtx  1.17350105E-11hfrac  0.392379761
 wtx  7.96086808E-12hfrac  0.392379761
 wtx  9.67221702E-12hfrac  0.392379761
 wtx  1.46146272E-11hfrac  0.392379761
 wtx  1.36501938E-11hfrac  0.392379761
 wtx  8.75901521E-12hfrac  0.392379761
 wtx  1.07956075E-11hfrac  0.392379761
 wtx  1.02678031E-11hfrac  0.392379761
 wtx  1.20699726E-11hfrac  0.392379761
 wtx  1.29847149E-11hfrac  0.392379761
 wtx  1.3876662E-11hfrac  0.392379761
 wtx  1.32602514E-11hfrac  0.392379761
 wtx  7.98841375E-12hfrac  0.392379761
 wtx  1.00094455E-11hfrac  0.392379761
 wtx  1.16075838E-11hfrac  0.392379761
 wtx  4.75591268E-12hfrac  0.392379761
 wtx  8.54505876E-12hfrac  0.392379761
 wtx  1.33865167E-11hfrac  0.392379761
 wtx  6.07984106E-12hfrac  0.392379761
 wtx  3.80433705E-12hfrac  0.392379761
 wtx  6.02948507E-12hfrac  0.392379761
 wtx  1.307578E-11hfrac  0.392379761
 wtx  1.41961529E-11hfrac  0.392379761
 wtx  4.54121679E-12hfrac  0.392379761
 wtx  7.9990424E-12hfrac  0.392379761
 wtx  1.43374253E-11hfrac  0.392379761
 wtx  7.25647493E-12hfrac  0.392379761
 wtx  1.24665131E-11hfrac  0.392379761
 wtx  1.40525837E-11hfrac  0.392379761
 wtx  1.25433587E-11hfrac  0.392379761
 wtx  1.02495078E-11hfrac  0.392379761
 wtx  1.38775293E-11hfrac  0.392379761
 wtx  1.39817654E-11hfrac  0.392379761
 wtx  1.23345882E-11hfrac  0.392379761
 wtx  1.87290764E-12hfrac  0.392379761
 wtx  1.44339818E-11hfrac  0.392379761
 wtx  9.58046229E-12hfrac  0.392379761
 wtx  1.02422437E-11hfrac  0.392379761
 wtx  1.446941E-11hfrac  0.392379761
 wtx  4.79317541E-12hfrac  0.392379761
 wtx  1.27628524E-11hfrac  0.392379761
 wtx  1.45466096E-11hfrac  0.392379761
 wtx  7.53710289E-12hfrac  0.392379761
 wtx  8.17017894E-12hfrac  0.392379761
 wtx  8.56517548E-12hfrac  0.392379761
 wtx  1.48372321E-11hfrac  0.392379761
 wtx  1.38893142E-11hfrac  0.392379761
 wtx  9.31126183E-12hfrac  0.392379761
 wtx  5.23485985E-12hfrac  0.392379761
 wtx  8.33592657E-12hfrac  0.392379761
 wtx  1.44710606E-11hfrac  0.392379761
 wtx  4.69563234E-12hfrac  0.392379761
 wtx  1.20297453E-11hfrac  0.392379761
 wtx  1.36814319E-11hfrac  0.392379761
 wtx  8.48566703E-12hfrac  0.392379761
 wtx  9.56884485E-12hfrac  0.392379761
 wtx  8.12114959E-12hfrac  0.392379761
 wtx  7.17933265E-12hfrac  0.392379761
 wtx  3.26749218E-12hfrac  0.392379761
 wtx  1.55747151E-11hfrac  0.392379761
 wtx  1.53946786E-11hfrac  0.392379761
 wtx  6.24649334E-12hfrac  0.392379761
 wtx  1.66212842E-11hfrac  0.392379761
 wtx  1.25339374E-11hfrac  0.392379761
 wtx  9.64868116E-12hfrac  0.392379761
 wtx  1.73219997E-11hfrac  0.392379761
 wtx  1.50793735E-11hfrac  0.392379761
   1      0.4354585E-03 0.1940E-05  0.4354585E-03 0.1940E-05  0.000    
   2      0.4338057E-03 0.1803E-05  0.4345751E-03 0.1321E-05 0.3895    



 INPUT PARAMETERS FOR VEGAS:  NDIM=  3  NCALL=  4920750.
                              IT=    0  ITMX=    4
                              MDS= -1   ND=  45
