  
 ============================
 | HVQDIS  V1.4  APRIL 2000 |
 ============================
  
 NORDER    =        2
 ISCALER   =        5
 ISCALEF   =        5
 IPDF      =        2
 PTS0      =   500000
 ITS0      =        2
 PTS1      =    80000
 ITS1      =        4
 IQUARK    =        2
 MASS      =      4.50
 EPRO      =    920.00
 EIEL      =     27.50
 Q2MIN     =      4.00
 Q2MAX     =   *******
 XBJMIN    =      0.00
 XBJMAX    =      1.00
 YMIN      =      0.05
 YMAX      =      0.70
 ETAMAX    =      2.50
 PTMIN     =      0.00
 PTMAX     =   *******
 IFRAG     =        0
 ISL       =        1
 EPS       =      0.0035
 HFRAC     =      0.2205
 XMD       =      5.2780
 TCFRAG    =        0
 TCSL    =        1
 PREF      =   f2b_4.-100000._0.-1._r5_f5_m4.5.histos  
  
 BOTTOM PRODUCTION
 RM48 INITIALIZED:        40           0         0
 **hist: start histos 
 HPATH.  ERROR IN PATHNAME,


 ===> Directory : 
  create directory HISB
 hfrac:  0.2205
 **hzb: Version kula1  
 FULL LO+NLO ME



 INPUT PARAMETERS FOR VEGAS:  NDIM=  3  NCALL=   476656.
                              IT=    0  ITMX=    2
                              MDS= -1   ND=  31
 **MScale: SCALFA=   1. ISCALE=  5
 **MScale: scale: Pt2+4 M2 
 1**Scales: M2=   20.25 Q2=   43.0165853 X2=   0.0322533768
 1**Scale:   81.0322534
 **MScale: SCALFA=   1. ISCALE=  5
 **MScale: scale: Pt2+4 M2 
 2**Scales: M2=   20.25 Q2=   43.0165853 X2=   0.0322533768
 2**Scale:   81.0322534
 wtx  3.81635891E-06hfrac  0.392379761
 **frag: Peterson frag function 
 **frag: Vincenzo semi-leptonic routine dir+indir 

 ******************************************************
 KTCLUS: written by Mike Seymour, July 1992.
 Last modified October 1997.
 Please send comments or suggestions to Mike.Seymour@rl.ac.uk

       Collision type = 3 = pe        
     Angular variable = 2 = DeltaR    
 Monotonic definition = 1 = no        
 Recombination scheme = 1 = E         
 Ecut=  1.00
 ******************************************************

 **MScale: SCALFA=   1. ISCALE=  5
 **MScale: scale: Pt2+4 M2 
 3**Scales: M2=   20.25 Q2=   36.1746996 X2=   0.0251129308
 3**Scale:   81.0251129
 **MScale: SCALFA=   1. ISCALE=  5
 **MScale: scale: Pt2+4 M2 
 4**Scales: M2=   20.25 Q2=   36.1746996 X2=   0.0251129308
 4**Scale:   81.0251129
 wtx  4.47046477E-06hfrac  0.392379761
 **MScale: SCALFA=   1. ISCALE=  5
 **MScale: scale: Pt2+4 M2 
 5**Scales: M2=   20.25 Q2=   73.0083775 X2=   0.239137525
 5**Scale:   81.2391375
 6**Scales: M2=   20.25 Q2=   73.0083775 X2=   0.239137525
 6**Scale:   81.2391375
 wtx  4.59399962E-06hfrac  0.392379761
 7**Scales: M2=   20.25 Q2=   78.7551351 X2=   0.0437218258
 7**Scale:   81.0437218
 8**Scales: M2=   20.25 Q2=   78.7551351 X2=   0.0437218258
 8**Scale:   81.0437218
 wtx  1.73737567E-06hfrac  0.392379761
 9**Scales: M2=   20.25 Q2=   35.5123011 X2=   0.038855762
 9**Scale:   81.0388558
 10**Scales: M2=   20.25 Q2=   35.5123011 X2=   0.038855762
 10**Scale:   81.0388558
 wtx  4.0815562E-06hfrac  0.392379761
 11**Scales: M2=   20.25 Q2=   57.9979971 X2=   0.719109302
 11**Scale:   81.7191093
 12**Scales: M2=   20.25 Q2=   57.9979971 X2=   0.719109302
 12**Scale:   81.7191093
 wtx  1.13360511E-05hfrac  0.392379761
 13**Scales: M2=   20.25 Q2=   49.8200221 X2=   0.838889667
 13**Scale:   81.8388897
 14**Scales: M2=   20.25 Q2=   49.8200221 X2=   0.838889667
 14**Scale:   81.8388897
 wtx  1.60864984E-05hfrac  0.392379761
 15**Scales: M2=   20.25 Q2=   70.7368234 X2=   0.26339319
 15**Scale:   81.2633932
 16**Scales: M2=   20.25 Q2=   70.7368234 X2=   0.26339319
 16**Scale:   81.2633932
 wtx  4.46642616E-06hfrac  0.392379761
 17**Scales: M2=   20.25 Q2=   39.0742505 X2=   3.2697096
 17**Scale:   84.2697096
 18**Scales: M2=   20.25 Q2=   39.0742505 X2=   3.2697096
 18**Scale:   84.2697096
 wtx  4.03886552E-05hfrac  0.392379761
 19**Scales: M2=   20.25 Q2=   48.2200626 X2=   0.170979342
 19**Scale:   81.1709793
 20**Scales: M2=   20.25 Q2=   48.2200626 X2=   0.170979342
 20**Scale:   81.1709793
 wtx  6.10465986E-06hfrac  0.392379761
 21**Scales: M2=   20.25 Q2=   44.2079545 X2=   4.26166339
 21**Scale:   85.2616634
 22**Scales: M2=   20.25 Q2=   44.2079545 X2=   4.26166339
 22**Scale:   85.2616634
 wtx  3.85658532E-05hfrac  0.392379761
 23**Scales: M2=   20.25 Q2=   53.8867429 X2=   0.811472383
 23**Scale:   81.8114724
 24**Scales: M2=   20.25 Q2=   53.8867429 X2=   0.811472383
 24**Scale:   81.8114724
 wtx  1.11101463E-05hfrac  0.392379761
 25**Scales: M2=   20.25 Q2=   8.60126898 X2=   0.0163232883
 25**Scale:   81.0163233
 26**Scales: M2=   20.25 Q2=   8.60126898 X2=   0.0163232883
 26**Scale:   81.0163233
 wtx  1.5835165E-05hfrac  0.392379761
 27**Scales: M2=   20.25 Q2=   46.4595132 X2=   3.2078737
 27**Scale:   84.2078737
 28**Scales: M2=   20.25 Q2=   46.4595132 X2=   3.2078737
 28**Scale:   84.2078737
 wtx  2.91022625E-05hfrac  0.392379761
 29**Scales: M2=   20.25 Q2=   77.397242 X2=   9.21070372
 29**Scale:   90.2107037
 30**Scales: M2=   20.25 Q2=   77.397242 X2=   9.21070372
 30**Scale:   90.2107037
 wtx  1.63863497E-05hfrac  0.392379761
 31**Scales: M2=   20.25 Q2=   82.3009021 X2=   8.87669294
 31**Scale:   89.8766929
 32**Scales: M2=   20.25 Q2=   82.3009021 X2=   8.87669294
 32**Scale:   89.8766929
 wtx  1.49048628E-05hfrac  0.392379761
 33**Scales: M2=   20.25 Q2=   51.2326332 X2=   0.0150691581
 33**Scale:   81.0150692
 34**Scales: M2=   20.25 Q2=   51.2326332 X2=   0.0150691581
 34**Scale:   81.0150692
 wtx  1.3978987E-06hfrac  0.392379761
 35**Scales: M2=   20.25 Q2=   44.6660488 X2=   3.43267681
 35**Scale:   84.4326768
 36**Scales: M2=   20.25 Q2=   44.6660488 X2=   3.43267681
 36**Scale:   84.4326768
 wtx  3.41320047E-05hfrac  0.392379761
 37**Scales: M2=   20.25 Q2=   12.6477077 X2=   14.7480725
 37**Scale:   95.7480725
 38**Scales: M2=   20.25 Q2=   12.6477077 X2=   14.7480725
 38**Scale:   95.7480725
 wtx  0.000224016287hfrac  0.392379761
 39**Scales: M2=   20.25 Q2=   31.414377 X2=   21.0400471
 39**Scale:   102.040047
 40**Scales: M2=   20.25 Q2=   31.414377 X2=   21.0400471
 40**Scale:   102.040047
 wtx  6.93074617E-05hfrac  0.392379761
 41**Scales: M2=   20.25 Q2=   24.4040794 X2=   295.346951
 41**Scale:   376.346951
 42**Scales: M2=   20.25 Q2=   24.4040794 X2=   295.346951
 42**Scale:   376.346951
 wtx  4.88712075E-08hfrac  0.392379761
 **bmatch: create BMAT   
 BMAT    histos booked ! 
 43**Scales: M2=   20.25 Q2=   43.9618295 X2=   2.07418261
 43**Scale:   83.0741826
 44**Scales: M2=   20.25 Q2=   43.9618295 X2=   2.07418261
 44**Scale:   83.0741826
 wtx  2.25439489E-05hfrac  0.392379761
 45**Scales: M2=   20.25 Q2=   76.7277651 X2=   1.93358515
 45**Scale:   82.9335852
 46**Scales: M2=   20.25 Q2=   76.7277651 X2=   1.93358515
 46**Scale:   82.9335852
 wtx  9.1454549E-06hfrac  0.392379761
 47**Scales: M2=   20.25 Q2=   20.0583577 X2=   2.59620656
 47**Scale:   83.5962066
 48**Scales: M2=   20.25 Q2=   20.0583577 X2=   2.59620656
 48**Scale:   83.5962066
 wtx  8.48900308E-05hfrac  0.392379761
 49**Scales: M2=   20.25 Q2=   38.5788836 X2=   0.598891984
 49**Scale:   81.598892
 50**Scales: M2=   20.25 Q2=   38.5788836 X2=   0.598891984
 50**Scale:   81.598892
 wtx  1.43143898E-05hfrac  0.392379761
 51**Scales: M2=   20.25 Q2=   67.8960059 X2=   27.9193036
 51**Scale:   108.919304
 52**Scales: M2=   20.25 Q2=   67.8960059 X2=   27.9193036
 52**Scale:   108.919304
 wtx  2.0967107E-05hfrac  0.392379761
 53**Scales: M2=   20.25 Q2=   40.5926742 X2=   194.752292
 53**Scale:   275.752292
 54**Scales: M2=   20.25 Q2=   40.5926742 X2=   194.752292
 54**Scale:   275.752292
 wtx  3.64527227E-06hfrac  0.392379761
 55**Scales: M2=   20.25 Q2=   48.7541846 X2=   2.30401412
 55**Scale:   83.3040141
 56**Scales: M2=   20.25 Q2=   48.7541846 X2=   2.30401412
 56**Scale:   83.3040141
 wtx  2.07182602E-05hfrac  0.392379761
 57**Scales: M2=   20.25 Q2=   34.4038018 X2=   16.5097551
 57**Scale:   97.5097551
 58**Scales: M2=   20.25 Q2=   34.4038018 X2=   16.5097551
 58**Scale:   97.5097551
 wtx  6.86572457E-05hfrac  0.392379761
 59**Scales: M2=   20.25 Q2=   9.73891247 X2=   5.65707242
 59**Scale:   86.6570724
 60**Scales: M2=   20.25 Q2=   9.73891247 X2=   5.65707242
 60**Scale:   86.6570724
 wtx  0.000266546238hfrac  0.392379761
 61**Scales: M2=   20.25 Q2=   33.2287895 X2=   8.08106414
 61**Scale:   89.0810641
 62**Scales: M2=   20.25 Q2=   33.2287895 X2=   8.08106414
 62**Scale:   89.0810641
 wtx  6.23066953E-05hfrac  0.392379761
 63**Scales: M2=   20.25 Q2=   96.9176765 X2=   92.3314452
 63**Scale:   173.331445
 64**Scales: M2=   20.25 Q2=   96.9176765 X2=   92.3314452
 64**Scale:   173.331445
 wtx  6.00516842E-06hfrac  0.392379761
 65**Scales: M2=   20.25 Q2=   83.316597 X2=   141.72194
 65**Scale:   222.72194
 66**Scales: M2=   20.25 Q2=   83.316597 X2=   141.72194
 66**Scale:   222.72194
 wtx  4.63003153E-06hfrac  0.392379761
 67**Scales: M2=   20.25 Q2=   17.5959094 X2=   7.01501404
 67**Scale:   88.015014
 68**Scales: M2=   20.25 Q2=   17.5959094 X2=   7.01501404
 68**Scale:   88.015014
 wtx  0.000139417025hfrac  0.392379761
 69**Scales: M2=   20.25 Q2=   79.9077175 X2=   5.35841073
 69**Scale:   86.3584107
 70**Scales: M2=   20.25 Q2=   79.9077175 X2=   5.35841073
 70**Scale:   86.3584107
 wtx  1.19697797E-05hfrac  0.392379761
 71**Scales: M2=   20.25 Q2=   12.8785404 X2=   4.56754007
 71**Scale:   85.5675401
 72**Scales: M2=   20.25 Q2=   12.8785404 X2=   4.56754007
 72**Scale:   85.5675401
 wtx  0.000167959995hfrac  0.392379761
 73**Scales: M2=   20.25 Q2=   59.6509406 X2=   19.6919404
 73**Scale:   100.69194
 74**Scales: M2=   20.25 Q2=   59.6509406 X2=   19.6919404
 74**Scale:   100.69194
 wtx  2.81779085E-05hfrac  0.392379761
 75**Scales: M2=   20.25 Q2=   11.2791591 X2=   58.4235012
 75**Scale:   139.423501
 76**Scales: M2=   20.25 Q2=   11.2791591 X2=   58.4235012
 76**Scale:   139.423501
 wtx  0.00018521407hfrac  0.392379761
 77**Scales: M2=   20.25 Q2=   63.6294698 X2=   198.927922
 77**Scale:   279.927922
 78**Scales: M2=   20.25 Q2=   63.6294698 X2=   198.927922
 78**Scale:   279.927922
 wtx  4.15299428E-06hfrac  0.392379761
 79**Scales: M2=   20.25 Q2=   40.3083307 X2=   7.7193123
 79**Scale:   88.7193123
 80**Scales: M2=   20.25 Q2=   40.3083307 X2=   7.7193123
 80**Scale:   88.7193123
 wtx  4.56894959E-05hfrac  0.392379761
 81**Scales: M2=   20.25 Q2=   4.30587981 X2=   5.04539957
 81**Scale:   86.0453996
 82**Scales: M2=   20.25 Q2=   4.30587981 X2=   5.04539957
 82**Scale:   86.0453996
 wtx  0.000591692457hfrac  0.392379761
 83**Scales: M2=   20.25 Q2=   33.2422254 X2=   87.6739978
 83**Scale:   168.673998
 84**Scales: M2=   20.25 Q2=   33.2422254 X2=   87.6739978
 84**Scale:   168.673998
 wtx  3.71942224E-05hfrac  0.392379761
 85**Scales: M2=   20.25 Q2=   68.5179444 X2=   89.1437855
 85**Scale:   170.143786
 86**Scales: M2=   20.25 Q2=   68.5179444 X2=   89.1437855
 86**Scale:   170.143786
 wtx  1.16871242E-05hfrac  0.392379761
 87**Scales: M2=   20.25 Q2=   35.5568721 X2=   56.0289565
 87**Scale:   137.028957
 88**Scales: M2=   20.25 Q2=   35.5568721 X2=   56.0289565
 88**Scale:   137.028957
 wtx  4.35525071E-05hfrac  0.392379761
 89**Scales: M2=   20.25 Q2=   18.2541628 X2=   55.665002
 89**Scale:   136.665002
 90**Scales: M2=   20.25 Q2=   18.2541628 X2=   55.665002
 90**Scale:   136.665002
 wtx  0.000108684748hfrac  0.392379761
 91**Scales: M2=   20.25 Q2=   57.2220109 X2=   4.99412919
 91**Scale:   85.9941292
 92**Scales: M2=   20.25 Q2=   57.2220109 X2=   4.99412919
 92**Scale:   85.9941292
 wtx  2.075056E-05hfrac  0.392379761
 93**Scales: M2=   20.25 Q2=   74.5855144 X2=   9.0728839
 93**Scale:   90.0728839
 94**Scales: M2=   20.25 Q2=   74.5855144 X2=   9.0728839
 94**Scale:   90.0728839
 wtx  1.58305884E-05hfrac  0.392379761
 95**Scales: M2=   20.25 Q2=   69.1007349 X2=   112.955918
 95**Scale:   193.955918
 96**Scales: M2=   20.25 Q2=   69.1007349 X2=   112.955918
 96**Scale:   193.955918
 wtx  8.49870958E-06hfrac  0.392379761
 97**Scales: M2=   20.25 Q2=   21.5740949 X2=   304.329928
 97**Scale:   385.329928
 98**Scales: M2=   20.25 Q2=   21.5740949 X2=   304.329928
 98**Scale:   385.329928
 wtx  1.10942065E-05hfrac  0.392379761
 99**Scales: M2=   20.25 Q2=   38.0256639 X2=   160.235106
 99**Scale:   241.235106
 100**Scales: M2=   20.25 Q2=   38.0256639 X2=   160.235106
 100**Scale:   241.235106
 wtx  1.65690926E-05hfrac  0.392379761
 wtx  5.75855338E-05hfrac  0.392379761
 wtx  1.31795823E-05hfrac  0.392379761
 wtx  2.21891469E-06hfrac  0.392379761
 wtx  8.98717917E-06hfrac  0.392379761
 wtx  1.53121855E-05hfrac  0.392379761
 wtx  3.30145194E-05hfrac  0.392379761
 wtx  4.39141841E-05hfrac  0.392379761
 wtx  2.33778064E-05hfrac  0.392379761
 wtx  1.86785637E-05hfrac  0.392379761
 wtx  4.01187644E-05hfrac  0.392379761
 wtx  8.09664052E-05hfrac  0.392379761
 wtx  1.77316197E-05hfrac  0.392379761
 wtx  2.1236734E-05hfrac  0.392379761
 wtx  8.53155416E-06hfrac  0.392379761
 wtx  0.000186877049hfrac  0.392379761
 wtx  1.61126427E-05hfrac  0.392379761
 wtx  1.21541043E-05hfrac  0.392379761
 wtx  9.07672472E-07hfrac  0.392379761
 wtx  2.62925187E-05hfrac  0.392379761
 wtx  0.000142296005hfrac  0.392379761
 wtx  3.80862002E-05hfrac  0.392379761
 wtx  1.52350594E-05hfrac  0.392379761
 wtx  5.87535965E-07hfrac  0.392379761
 wtx  2.09554019E-05hfrac  0.392379761
 wtx  1.56560145E-05hfrac  0.392379761
 wtx  4.3594282E-06hfrac  0.392379761
 wtx  4.77559752E-06hfrac  0.392379761
 wtx  1.97511199E-05hfrac  0.392379761
 wtx  3.25880719E-05hfrac  0.392379761
 wtx  4.5366618E-05hfrac  0.392379761
 wtx  7.1955651E-06hfrac  0.392379761
 wtx  1.85859608E-05hfrac  0.392379761
 wtx  2.45367301E-06hfrac  0.392379761
 wtx  2.50770008E-05hfrac  0.392379761
 wtx  2.84130215E-06hfrac  0.392379761
 wtx  6.32274805E-06hfrac  0.392379761
 wtx  2.62336034E-05hfrac  0.392379761
 wtx  7.62279669E-05hfrac  0.392379761
 wtx  4.23006804E-06hfrac  0.392379761
 wtx  2.99686908E-05hfrac  0.392379761
 wtx  3.34994911E-05hfrac  0.392379761
 wtx  5.04610625E-06hfrac  0.392379761
 wtx  1.20347277E-05hfrac  0.392379761
 wtx  4.13192938E-05hfrac  0.392379761
 wtx  3.71714013E-05hfrac  0.392379761
 wtx  4.68238541E-05hfrac  0.392379761
 wtx  0.000690856599hfrac  0.392379761
 wtx  4.62870739E-05hfrac  0.392379761
 wtx  4.0968509E-05hfrac  0.392379761
 wtx  1.26531304E-05hfrac  0.392379761
   1       13.45765      1.752       13.45765      1.752      0.000    
   2       13.02428     0.4428       13.05193     0.4356     0.5913E-01



 INPUT PARAMETERS FOR VEGAS:  NDIM=  3  NCALL=  4920750.
                              IT=    0  ITMX=    4
                              MDS= -1   ND=  45
   1       14.15247     0.4360E-01   14.15247     0.4360E-01  0.000    
   2       14.17464     0.4349E-01   14.16360     0.3079E-01 0.1296    
   3       14.19485     0.4375E-01   14.17398     0.2518E-01 0.2355    
   4       14.22786     0.4360E-01   14.18753     0.2181E-01 0.5399    



 INPUT PARAMETERS FOR VEGAS:  NDIM=  6  NCALL=    78125.
                              IT=    0  ITMX=    4
                              MDS=  1   ND=  50
 **sig1: iscalef=  5
 **sig1: mur=   92.93768
 **sig1: iscalef=  5
 **sig1: muf=   92.93768
 ALFAS  =   0.168403056
 MUR2   =   92.93768
 LOGMUR =   1.52377437
 MUF2   =   92.93768
 LOGMUF =   1.52377437
  
 INTEGRATING NLO GLUON ...
  
   1       13.07087      7.358       13.07087      7.358      0.000    
   2       14.61371      6.837       13.98340      4.988     0.2311E-01
   3       10.31399      5.456       12.82273      3.805     0.1141    
   4       9.134935      1.917       10.36015      2.055     0.3249    



 INPUT PARAMETERS FOR VEGAS:  NDIM=  6  NCALL=   786432.
                              IT=    0  ITMX=    8
                              MDS=  1   ND=  50
   1       8.305848     0.5546       8.305848     0.5546      0.000    
   2       8.736014     0.5686       8.526434     0.3973     0.2929    
   3       6.414480      1.225       8.407754     0.3570      1.099    
   4       7.444671     0.6997       8.226330     0.3172      1.223    
   5       7.601703     0.4715       8.037751     0.2639      1.221    
   6       8.322218     0.6364       8.084900     0.2441     0.9895    
   7       8.670550     0.9335       8.130090     0.2382     0.8709    
   8       8.224313     0.5072       8.148029     0.2152     0.7446    



 INPUT PARAMETERS FOR VEGAS:  NDIM=  6  NCALL=    78125.
                              IT=    0  ITMX=    4
                              MDS=  1   ND=  50
 ALFAS  =   0.139664904
 MUR2   =   436.004423
 LOGMUR =   3.06949759
 MUF2   =   436.004423
 LOGMUF =   3.06949759
  
 INTEGRATING QUARK INITIATED ...
  
   1     -0.6187773     0.9379     -0.6187773     0.9379      0.000    
   2       2.274079      2.084       1.499929      1.307     0.9605    
   3      0.8356123     0.4354       1.039075     0.6265     0.7594    
   4       1.144334     0.3730       1.106365     0.3584     0.5648    



 INPUT PARAMETERS FOR VEGAS:  NDIM=  6  NCALL=   786432.
                              IT=    0  ITMX=    8
                              MDS=  1   ND=  50
   1      0.8861907     0.1341      0.8861907     0.1341      0.000    
   2      0.7531388     0.1083      0.8162573     0.8571E-01 0.6008    
   3      0.9794472     0.1286      0.8793499     0.7166E-01 0.8786    
   4      0.8261157     0.1005      0.8628174     0.5864E-01 0.6618    
   5       2.035885     0.9278      0.8882045     0.8011E-01  1.395    
   6      0.7585848     0.9141E-01  0.8575674     0.6643E-01  1.377    
   7      0.9391072     0.9233E-01  0.8789342     0.5577E-01  1.270    
   8      0.8499046     0.1518      0.8767984     0.5228E-01  1.151    
  
 CROSS SECTION =   23.2123607 +/-   0.22254274
  
  # of events with muons:  0 out of:  56456978
  All:           1. muons:   115.777512 2. muon   9.49914551
 In acc: 1. muons:     91.519:      0.790 % 2. muon     10.856:      1.143 %
  Norm Histos here: lum=   1.lumbreit lum1  1.
  ZEUS scenario in Lab frame Q2>4
  Total      sig (pb):   559.207153
  b tot  sig (pb):   313.154205
  >=1jets sig (pb):   446.149628
  muon +no cuts on jet sig (pb):   64.522583
  muon+jet    sig (pb):   56.4225807
  muon+jet+cone sig (pb):   36.2065849
  ZEUS scenario in Breit frame Q2>2 
  tot        sig (pb):   559.197205
  b.cross    sig (pb):   315.950684
  >=1jet sig (pb):   272.335968
  muon nojet cut sig (pb):   37.3331299
  muon+jet   sig (pb):   23.1559753
 incl jet   sig (pb):  98.7250824
 incl muon  sig (pb):  25.1483765
 incl b     sig (pb):  420.557098
 generator:HVQ     hfrac  0.2205
  Output Histos here 
