  
 ============================
 | HVQDIS  V1.4  APRIL 2000 |
 ============================
  
 NORDER    =        2
 ISCALER   =        5
 ISCALEF   =        5
 IPDF      =        5
 PTS0      =     1000
 ITS0      =        2
 PTS1      =     1000
 ITS1      =        4
 IQUARK    =        2
 MASS      =      4.75
 EPRO      =    920.00
 EIEL      =     27.50
 Q2MIN     =      4.00
 Q2MAX     =   3160.00
 XBJMIN    =      0.00
 XBJMAX    =      1.00
 YMIN      =      0.05
 YMAX      =      0.70
 ETAMAX    =      2.50
 PTMIN     =      0.00
 PTMAX     =   *******
 IFRAG     =        0
 ISL       =        1
 EPS       =      0.0035
 HFRAC     =      0.2205
 XMD       =      5.2780
 TCFRAG    =        0
 TCSL    =        1
 PREF      =   f2b_4.-3160._0.-1._r5_f5_m4.75.histos   
  
 BOTTOM PRODUCTION
 RM48 INITIALIZED:        40           0         0
 **hist: start histos 
 HPATH.  ERROR IN PATHNAME,


 ===> Directory : 
  create directory HISB
 hfrac:  0.2205
 **hzb: Version kula1  
 FULL LO+NLO ME



 INPUT PARAMETERS FOR VEGAS:  NDIM=  3  NCALL=      686.
                              IT=    0  ITMX=    2
                              MDS=  1   ND=  50
 **MScale: SCALFA=   1. ISCALE=  5
 **MScale: scale: Pt2+4 M2 
 **MScale: SCALFA=   1. ISCALE=  5
 **MScale: scale: Pt2+4 M2 
 wtx  0.000765577366hfrac  0.392379761
 **frag: Peterson frag function 
 **frag: Vincenzo semi-leptonic routine dir+indir 

 ******************************************************
 KTCLUS: written by Mike Seymour, July 1992.
 Last modified October 1997.
 Please send comments or suggestions to Mike.Seymour@rl.ac.uk

       Collision type = 3 = pe        
     Angular variable = 2 = DeltaR    
 Monotonic definition = 1 = no        
 Recombination scheme = 1 = E         
 Ecut=  1.00
 ******************************************************

 **MScale: SCALFA=   1. ISCALE=  5
 **MScale: scale: Pt2+4 M2 
 **MScale: SCALFA=   1. ISCALE=  5
 **MScale: scale: Pt2+4 M2 
 wtx  0.00108026445hfrac  0.392379761
 **MScale: SCALFA=   1. ISCALE=  5
 **MScale: scale: Pt2+4 M2 
 wtx  0.000231037659hfrac  0.392379761
 **bmatch: create BMAT   
 BMAT    histos booked ! 
 wtx  0.000225246229hfrac  0.392379761
 wtx  0.000771503721hfrac  0.392379761
 wtx  0.000320598279hfrac  0.392379761
 wtx  0.00059642765hfrac  0.392379761
 wtx  0.000254438899hfrac  0.392379761
 wtx  0.000599184248hfrac  0.392379761
 wtx  0.000458574214hfrac  0.392379761
 wtx  0.000803057104hfrac  0.392379761
 wtx  0.000373797782hfrac  0.392379761
 wtx  0.00128348637hfrac  0.392379761
 wtx  0.000394501432hfrac  0.392379761
 wtx  1.08143804E-05hfrac  0.392379761
 wtx  1.20478298E-05hfrac  0.392379761
 wtx  4.69165934E-06hfrac  0.392379761
 wtx  5.66297713E-05hfrac  0.392379761
 wtx  2.39871642E-05hfrac  0.392379761
 wtx  1.58853418E-05hfrac  0.392379761
 wtx  8.15130463E-11hfrac  0.392379761
 wtx  3.56244273E-05hfrac  0.392379761
 wtx  2.6759064E-05hfrac  0.392379761
 wtx  8.54271639E-05hfrac  0.392379761
 wtx  2.87946241E-05hfrac  0.392379761
 wtx  1.54960417E-05hfrac  0.392379761
 wtx  9.53692847E-07hfrac  0.392379761
 wtx  1.3183552E-06hfrac  0.392379761
 wtx  1.46972607E-05hfrac  0.392379761
 wtx  1.21191842E-05hfrac  0.392379761
 wtx  1.27206085E-05hfrac  0.392379761
 wtx  6.47312049E-07hfrac  0.392379761
 wtx  1.563604E-07hfrac  0.392379761
 wtx  1.26193481E-05hfrac  0.392379761
 wtx  5.06813694E-06hfrac  0.392379761
 wtx  1.28380234E-05hfrac  0.392379761
 wtx  4.20786409E-06hfrac  0.392379761
 wtx  1.49988875E-06hfrac  0.392379761
 wtx  6.77354919E-08hfrac  0.392379761
 wtx  1.43920452E-05hfrac  0.392379761
 wtx  1.03499724E-05hfrac  0.392379761
 wtx  7.15718306E-06hfrac  0.392379761
 wtx  4.84793304E-07hfrac  0.392379761
 wtx  5.91791377E-07hfrac  0.392379761
 wtx  5.70661598E-07hfrac  0.392379761
 wtx  3.88112221E-06hfrac  0.392379761
 wtx  1.5744647E-06hfrac  0.392379761
 wtx  1.16003536E-08hfrac  0.392379761
 wtx  4.04139477E-09hfrac  0.392379761
 wtx  6.78457042E-08hfrac  0.392379761
 wtx  6.89815977E-07hfrac  0.392379761
 wtx  9.73046326E-07hfrac  0.392379761
 wtx  1.49587642E-09hfrac  0.392379761
 wtx  2.57146098E-06hfrac  0.392379761
 wtx  2.80123481E-06hfrac  0.392379761
 wtx  3.12115981E-06hfrac  0.392379761
 wtx  6.12957152E-09hfrac  0.392379761
 wtx  9.2476256E-07hfrac  0.392379761
 wtx  5.61072E-07hfrac  0.392379761
 wtx  1.28415297E-06hfrac  0.392379761
 wtx  1.36895858E-06hfrac  0.392379761
 wtx  1.05941304E-07hfrac  0.392379761
 wtx  7.80709058E-07hfrac  0.392379761
 wtx  2.96906411E-09hfrac  0.392379761
 wtx  1.41911096E-06hfrac  0.392379761
 wtx  6.38723463E-07hfrac  0.392379761
 wtx  1.57202535E-08hfrac  0.392379761
 wtx  3.29899996E-12hfrac  0.392379761
 wtx  9.17072157E-07hfrac  0.392379761
 wtx  7.86996424E-08hfrac  0.392379761
 wtx  9.97533718E-08hfrac  0.392379761
 wtx  2.19196295E-07hfrac  0.392379761
 wtx  8.50935988E-11hfrac  0.392379761
 wtx  6.55570432E-07hfrac  0.392379761
 wtx  9.35185014E-08hfrac  0.392379761
 wtx  1.98043023E-11hfrac  0.392379761
 wtx  6.59132249E-10hfrac  0.392379761
 wtx  3.36812377E-07hfrac  0.392379761
 wtx  2.86385617E-08hfrac  0.392379761
 wtx  3.07089891E-07hfrac  0.392379761
 wtx  2.61966759E-09hfrac  0.392379761
 wtx  7.30247677E-07hfrac  0.392379761
 wtx  8.00198485E-09hfrac  0.392379761
 wtx  1.03602027E-07hfrac  0.392379761
 wtx  1.57547343E-11hfrac  0.392379761
 wtx  7.05268333E-09hfrac  0.392379761
 wtx  1.65793892E-07hfrac  0.392379761
 wtx  4.40949378E-07hfrac  0.392379761
 wtx  1.84628146E-10hfrac  0.392379761
 wtx  3.39571187E-07hfrac  0.392379761
 wtx  3.1883269E-07hfrac  0.392379761
 wtx  2.69637496E-07hfrac  0.392379761
 wtx  1.54199264E-09hfrac  0.392379761
 wtx  3.51642448E-08hfrac  0.392379761
 wtx  2.05357082E-07hfrac  0.392379761
 wtx  6.04917838E-10hfrac  0.392379761
 wtx  4.61852721E-07hfrac  0.392379761
 wtx  3.39933592E-07hfrac  0.392379761
 wtx  0.000634047785hfrac  0.392379761
 wtx  0.000114994662hfrac  0.392379761
   1       3.356079      1.085       3.356079      1.085      0.000    
   2       9.444020      3.295       6.168133      1.680      3.263    



 INPUT PARAMETERS FOR VEGAS:  NDIM=  3  NCALL=     9826.
                              IT=    0  ITMX=    4
                              MDS=  1   ND=  50
   1       13.23417      1.127       13.23417      1.127      0.000    
   2       10.39793     0.7323       11.55050     0.6458      4.653    
   3       14.15829      1.349       12.18919     0.5988      3.797    
   4       14.38332      1.583       12.52962     0.5695      3.013    



 INPUT PARAMETERS FOR VEGAS:  NDIM=  6  NCALL=      960.
                              IT=    0  ITMX=    4
                              MDS=  1   ND=  50
 **sig1: iscalef=  5
 **sig1: mur=   124.376945
 **sig1: iscalef=  5
 **sig1: muf=   124.376945
 ALFAS  =   0.167558982
 MUR2   =   124.376945
 LOGMUR =   1.70702759
 MUF2   =   124.376945
 LOGMUF =   1.70702759
  
 INTEGRATING NLO GLUON ...
  
   1       1.292707      1.279       1.292707      1.279      0.000    
   2     -0.6100624     0.5519      0.2565042     0.6748      1.972    
   3       4.097814      3.542       1.691773      1.324      1.145    
   4      -19.60923      20.58      -2.615993      4.739      1.134    



 INPUT PARAMETERS FOR VEGAS:  NDIM=  6  NCALL=     8192.
                              IT=    0  ITMX=    8
                              MDS=  1   ND=  50
   1       1.018011      8.614       1.018011      8.614      0.000    
   2       40.65291      30.02       40.35339      21.15     0.2634E-01
   3       28.23923      28.77       36.20307      17.05     0.7020E-01
   4       1.390164      1.267       25.76705      12.36     0.6176    
   5       3.450859      3.311       21.01476      9.830     0.7921    
   6      -15.67823      18.40       16.44135      8.805      1.070    
   7       2.606434      2.129       13.61165      7.279      1.136    
   8      -1.502663      1.309       11.30828      6.271      1.219    



 INPUT PARAMETERS FOR VEGAS:  NDIM=  6  NCALL=      960.
                              IT=    0  ITMX=    4
                              MDS=  1   ND=  50
 ALFAS  =   0.165060229
 MUR2   =   140.83492
 LOGMUR =   1.83129919
 MUF2   =   140.83492
 LOGMUF =   1.83129919
  
 INTEGRATING QUARK INITIATED ...
  
   1     -0.2149612E-01 0.8084E-01 -0.2149612E-01 0.8084E-01  0.000    
   2      0.1872446     0.1958      0.1722656     0.1343     0.1610    
   3      0.2244703     0.2330      0.1975915     0.1223     0.7269E-01
   4       2.953109      1.630       1.938072     0.6510      1.390    



 INPUT PARAMETERS FOR VEGAS:  NDIM=  6  NCALL=     8192.
                              IT=    0  ITMX=    8
                              MDS=  1   ND=  50
   1      -1.402937      1.566      -1.402937      1.566      0.000    
   2      0.5635436     0.3559      0.8654361E-01 0.5876      2.058    
   3      0.3982018E-01 0.2112      0.8604733E-01 0.4773      1.543    
   4      0.4156636     0.1245      0.3395842     0.2060      1.426    
   5       1.072059     0.7627      0.4274428     0.2093      1.235    
   6     -0.3918920     0.3368      0.3652021     0.1876      1.405    
   7      0.1198709     0.1717      0.3586770     0.1717      1.369    
   8       3.544390      3.305      0.5469346     0.3239      1.078    
  
 CROSS SECTION =   24.3848332 +/-   6.30558284
  
  # of events with muons:  0 out of:  377440
  All:           1. muons:   81.970665 2. muon   11.4778099
 In acc: 1. muons:     67.293:      0.821 % 2. muon      1.341:      0.117 %
  Norm Histos here: lum=   1.lumbreit lum1  1.
  ZEUS scenario in Lab frame Q2>4
  Total      sig (pb):   390.289734
  b tot  sig (pb):   220.163284
  >=1jets sig (pb):   375.608307
  muon +no cuts on jet sig (pb):   47.9154892
  muon+jet    sig (pb):   41.3493347
  muon+jet+cone sig (pb):   28.870615
  ZEUS scenario in Breit frame Q2>2 
  tot        sig (pb):   390.289734
  b.cross    sig (pb):   238.351669
  >=1jet sig (pb):   253.935471
  muon nojet cut sig (pb):   27.3331337
  muon+jet   sig (pb):   21.0605488
 incl jet   sig (pb):  91.7887802
 incl muon  sig (pb):  21.0804062
 incl b     sig (pb):  352.309875
 generator:HVQ     hfrac  0.2205
  Output Histos here 
