  
 ============================
 | HVQDIS  V1.4  APRIL 2000 |
 ============================
  
 NORDER    =        2
 ISCALER   =        5
 ISCALEF   =        5
 IPDF      =        2
 PTS0      =   500000
 ITS0      =        2
 PTS1      =    80000
 ITS1      =        4
 IQUARK    =        2
 MASS      =      4.75
 EPRO      =    920.00
 EIEL      =     27.50
 Q2MIN     =      4.00
 Q2MAX     =   *******
 XBJMIN    =      0.00
 XBJMAX    =      1.00
 YMIN      =      0.05
 YMAX      =      0.70
 ETAMAX    =      2.50
 PTMIN     =      0.00
 PTMAX     =   *******
 IFRAG     =        0
 ISL       =        1
 EPS       =      0.0035
 HFRAC     =      0.2205
 XMD       =      5.2780
 TCFRAG    =        0
 TCSL    =        1
 PREF      =   f2b_4.-100000._0.-1._r5_f5_m4.75.histos 
  
 BOTTOM PRODUCTION
 RM48 INITIALIZED:        40           0         0
 **hist: start histos 
 HPATH.  ERROR IN PATHNAME,


 ===> Directory : 
  create directory HISB
 hfrac:  0.2205
 **hzb: Version kula1  
 FULL LO+NLO ME



 INPUT PARAMETERS FOR VEGAS:  NDIM=  3  NCALL=   476656.
                              IT=    0  ITMX=    2
                              MDS= -1   ND=  31
 **MScale: SCALFA=   1. ISCALE=  5
 **MScale: scale: Pt2+4 M2 
 1**Scales: M2=   22.5625 Q2=   42.9460875 X2=   0.0345279855
 1**Scale:   90.284528
 **MScale: SCALFA=   1. ISCALE=  5
 **MScale: scale: Pt2+4 M2 
 2**Scales: M2=   22.5625 Q2=   42.9460875 X2=   0.0345279855
 2**Scale:   90.284528
 wtx  3.20923255E-06hfrac  0.392379761
 **frag: Peterson frag function 
 **frag: Vincenzo semi-leptonic routine dir+indir 

 ******************************************************
 KTCLUS: written by Mike Seymour, July 1992.
 Last modified October 1997.
 Please send comments or suggestions to Mike.Seymour@rl.ac.uk

       Collision type = 3 = pe        
     Angular variable = 2 = DeltaR    
 Monotonic definition = 1 = no        
 Recombination scheme = 1 = E         
 Ecut=  1.00
 ******************************************************

 **MScale: SCALFA=   1. ISCALE=  5
 **MScale: scale: Pt2+4 M2 
 3**Scales: M2=   22.5625 Q2=   36.1187341 X2=   0.0269964239
 3**Scale:   90.2769964
 **MScale: SCALFA=   1. ISCALE=  5
 **MScale: scale: Pt2+4 M2 
 4**Scales: M2=   22.5625 Q2=   36.1187341 X2=   0.0269964239
 4**Scale:   90.2769964
 wtx  3.74095544E-06hfrac  0.392379761
 **MScale: SCALFA=   1. ISCALE=  5
 **MScale: scale: Pt2+4 M2 
 5**Scales: M2=   22.5625 Q2=   72.8881981 X2=   0.252553195
 5**Scale:   90.5025532
 6**Scales: M2=   22.5625 Q2=   72.8881981 X2=   0.252553195
 6**Scale:   90.5025532
 wtx  3.88619128E-06hfrac  0.392379761
 7**Scales: M2=   22.5625 Q2=   78.6399631 X2=   0.0461223131
 7**Scale:   90.2961223
 8**Scales: M2=   22.5625 Q2=   78.6399631 X2=   0.0461223131
 8**Scale:   90.2961223
 wtx  1.49006064E-06hfrac  0.392379761
 9**Scales: M2=   22.5625 Q2=   35.4538321 X2=   0.0418349385
 9**Scale:   90.2918349
 10**Scales: M2=   22.5625 Q2=   35.4538321 X2=   0.0418349385
 10**Scale:   90.2918349
 wtx  3.48893764E-06hfrac  0.392379761
 11**Scales: M2=   22.5625 Q2=   57.9015881 X2=   0.763722206
 11**Scale:   91.0137222
 12**Scales: M2=   22.5625 Q2=   57.9015881 X2=   0.763722206
 12**Scale:   91.0137222
 wtx  9.55957512E-06hfrac  0.392379761
 13**Scales: M2=   22.5625 Q2=   49.7453407 X2=   0.895143686
 13**Scale:   91.1451437
 14**Scales: M2=   22.5625 Q2=   49.7453407 X2=   0.895143686
 14**Scale:   91.1451437
 wtx  1.3593587E-05hfrac  0.392379761
 15**Scales: M2=   22.5625 Q2=   70.6289765 X2=   0.27869843
 15**Scale:   90.5286984
 16**Scales: M2=   22.5625 Q2=   70.6289765 X2=   0.27869843
 16**Scale:   90.5286984
 wtx  3.84631221E-06hfrac  0.392379761
 17**Scales: M2=   22.5625 Q2=   39.0175761 X2=   3.49982255
 17**Scale:   93.7498225
 18**Scales: M2=   22.5625 Q2=   39.0175761 X2=   3.49982255
 18**Scale:   93.7498225
 wtx  3.341509E-05hfrac  0.392379761
 19**Scales: M2=   22.5625 Q2=   48.1519884 X2=   0.182813403
 19**Scale:   90.4328134
 20**Scales: M2=   22.5625 Q2=   48.1519884 X2=   0.182813403
 20**Scale:   90.4328134
 wtx  5.25150244E-06hfrac  0.392379761
 21**Scales: M2=   22.5625 Q2=   44.1439899 X2=   4.55407524
 21**Scale:   94.8040752
 22**Scales: M2=   22.5625 Q2=   44.1439899 X2=   4.55407524
 22**Scale:   94.8040752
 wtx  3.24750508E-05hfrac  0.392379761
 23**Scales: M2=   22.5625 Q2=   53.7958337 X2=   0.864557786
 23**Scale:   91.1145578
 24**Scales: M2=   22.5625 Q2=   53.7958337 X2=   0.864557786
 24**Scale:   91.1145578
 wtx  9.50123103E-06hfrac  0.392379761
 25**Scales: M2=   22.5625 Q2=   8.59370569 X2=   0.0179772153
 25**Scale:   90.2679772
 26**Scales: M2=   22.5625 Q2=   8.59370569 X2=   0.0179772153
 26**Scale:   90.2679772
 wtx  1.33657086E-05hfrac  0.392379761
 27**Scales: M2=   22.5625 Q2=   46.3818665 X2=   3.42670611
 27**Scale:   93.6767061
 28**Scales: M2=   22.5625 Q2=   46.3818665 X2=   3.42670611
 28**Scale:   93.6767061
 wtx  2.45834617E-05hfrac  0.392379761
 29**Scales: M2=   22.5625 Q2=   77.2630171 X2=   9.69601978
 29**Scale:   99.9460198
 30**Scales: M2=   22.5625 Q2=   77.2630171 X2=   9.69601978
 30**Scale:   99.9460198
 wtx  1.40569382E-05hfrac  0.392379761
 31**Scales: M2=   22.5625 Q2=   82.1598147 X2=   9.33136581
 31**Scale:   99.5813658
 32**Scales: M2=   22.5625 Q2=   82.1598147 X2=   9.33136581
 32**Scale:   99.5813658
 wtx  1.27963922E-05hfrac  0.392379761
 33**Scales: M2=   22.5625 Q2=   51.1593727 X2=   0.0160898741
 33**Scale:   90.2660899
 34**Scales: M2=   22.5625 Q2=   51.1593727 X2=   0.0160898741
 34**Scale:   90.2660899
 wtx  1.221822E-06hfrac  0.392379761
 35**Scales: M2=   22.5625 Q2=   44.6030645 X2=   3.67437964
 35**Scale:   93.9243796
 36**Scales: M2=   22.5625 Q2=   44.6030645 X2=   3.67437964
 36**Scale:   93.9243796
 wtx  2.91299621E-05hfrac  0.392379761
 37**Scales: M2=   22.5625 Q2=   12.6323989 X2=   16.0853649
 37**Scale:   106.335365
 38**Scales: M2=   22.5625 Q2=   12.6323989 X2=   16.0853649
 38**Scale:   106.335365
 wtx  0.000182472882hfrac  0.392379761
 39**Scales: M2=   22.5625 Q2=   31.370899 X2=   22.5900063
 39**Scale:   112.840006
 40**Scales: M2=   22.5625 Q2=   31.370899 X2=   22.5900063
 40**Scale:   112.840006
 wtx  5.76444836E-05hfrac  0.392379761
 41**Scales: M2=   22.5625 Q2=   24.3723567 X2=   300.715625
 41**Scale:   390.965625
 42**Scales: M2=   22.5625 Q2=   24.3723567 X2=   300.715625
 42**Scale:   390.965625
 wtx  3.1748602E-08hfrac  0.392379761
 **bmatch: create BMAT   
 BMAT    histos booked ! 
 43**Scales: M2=   22.5625 Q2=   43.8880083 X2=   2.2212974
 43**Scale:   92.4712974
 44**Scales: M2=   22.5625 Q2=   43.8880083 X2=   2.2212974
 44**Scale:   92.4712974
 wtx  1.93532287E-05hfrac  0.392379761
 45**Scales: M2=   22.5625 Q2=   76.612992 X2=   2.04180696
 45**Scale:   92.291807
 46**Scales: M2=   22.5625 Q2=   76.612992 X2=   2.04180696
 46**Scale:   92.291807
 wtx  7.97893154E-06hfrac  0.392379761
 47**Scales: M2=   22.5625 Q2=   20.033426 X2=   2.82735491
 47**Scale:   93.0773549
 48**Scales: M2=   22.5625 Q2=   20.033426 X2=   2.82735491
 48**Scale:   93.0773549
 wtx  7.22781042E-05hfrac  0.392379761
 49**Scales: M2=   22.5625 Q2=   38.5235327 X2=   0.643852043
 49**Scale:   90.893852
 50**Scales: M2=   22.5625 Q2=   38.5235327 X2=   0.643852043
 50**Scale:   90.893852
 wtx  1.23743421E-05hfrac  0.392379761
 51**Scales: M2=   22.5625 Q2=   67.788454 X2=   29.4804996
 51**Scale:   119.7305
 52**Scales: M2=   22.5625 Q2=   67.788454 X2=   29.4804996
 52**Scale:   119.7305
 wtx  1.8182347E-05hfrac  0.392379761
 53**Scales: M2=   22.5625 Q2=   40.5329135 X2=   203.78087
 53**Scale:   294.03087
 54**Scales: M2=   22.5625 Q2=   40.5329135 X2=   203.78087
 54**Scale:   294.03087
 wtx  2.82542783E-06hfrac  0.392379761
 55**Scales: M2=   22.5625 Q2=   48.6833234 X2=   2.46244534
 55**Scale:   92.7124453
 56**Scales: M2=   22.5625 Q2=   48.6833234 X2=   2.46244534
 56**Scale:   92.7124453
 wtx  1.79291164E-05hfrac  0.392379761
 57**Scales: M2=   22.5625 Q2=   34.3536744 X2=   17.7596178
 57**Scale:   108.009618
 58**Scales: M2=   22.5625 Q2=   34.3536744 X2=   17.7596178
 58**Scale:   108.009618
 wtx  5.85958587E-05hfrac  0.392379761
 59**Scales: M2=   22.5625 Q2=   9.72870284 X2=   6.21573122
 59**Scale:   96.4657312
 60**Scales: M2=   22.5625 Q2=   9.72870284 X2=   6.21573122
 60**Scale:   96.4657312
 wtx  0.000223455616hfrac  0.392379761
 61**Scales: M2=   22.5625 Q2=   33.1787828 X2=   8.7084605
 61**Scale:   98.9584605
 62**Scales: M2=   22.5625 Q2=   33.1787828 X2=   8.7084605
 62**Scale:   98.9584605
 wtx  5.33204256E-05hfrac  0.392379761
 63**Scales: M2=   22.5625 Q2=   96.7749409 X2=   96.3055254
 63**Scale:   186.555525
 64**Scales: M2=   22.5625 Q2=   96.7749409 X2=   96.3055254
 64**Scale:   186.555525
 wtx  5.26643271E-06hfrac  0.392379761
 65**Scales: M2=   22.5625 Q2=   83.1931045 X2=   147.958309
 65**Scale:   238.208309
 66**Scales: M2=   22.5625 Q2=   83.1931045 X2=   147.958309
 66**Scale:   238.208309
 wtx  3.98465863E-06hfrac  0.392379761
 67**Scales: M2=   22.5625 Q2=   17.5725042 X2=   7.65168398
 67**Scale:   97.901684
 68**Scales: M2=   22.5625 Q2=   17.5725042 X2=   7.65168398
 68**Scale:   97.901684
 wtx  0.000118061122hfrac  0.392379761
 69**Scales: M2=   22.5625 Q2=   79.7758768 X2=   5.65011025
 69**Scale:   95.9001102
 70**Scales: M2=   22.5625 Q2=   79.7758768 X2=   5.65011025
 70**Scale:   95.9001102
 wtx  1.04853143E-05hfrac  0.392379761
 71**Scales: M2=   22.5625 Q2=   12.8626367 X2=   5.00498376
 71**Scale:   95.2549838
 72**Scales: M2=   22.5625 Q2=   12.8626367 X2=   5.00498376
 72**Scale:   95.2549838
 wtx  0.000141161247hfrac  0.392379761
 73**Scales: M2=   22.5625 Q2=   59.5553334 X2=   20.9056467
 73**Scale:   111.155647
 74**Scales: M2=   22.5625 Q2=   59.5553334 X2=   20.9056467
 74**Scale:   111.155647
 wtx  2.44799648E-05hfrac  0.392379761
 75**Scales: M2=   22.5625 Q2=   11.2671202 X2=   63.7398143
 75**Scale:   153.989814
 76**Scales: M2=   22.5625 Q2=   11.2671202 X2=   63.7398143
 76**Scale:   153.989814
 wtx  0.000150820008hfrac  0.392379761
 77**Scales: M2=   22.5625 Q2=   63.5301469 X2=   208.371473
 77**Scale:   298.621473
 78**Scales: M2=   22.5625 Q2=   63.5301469 X2=   208.371473
 78**Scale:   298.621473
 wtx  3.46864044E-06hfrac  0.392379761
 79**Scales: M2=   22.5625 Q2=   40.2493807 X2=   8.28578722
 79**Scale:   98.5357872
 80**Scales: M2=   22.5625 Q2=   40.2493807 X2=   8.28578722
 80**Scale:   98.5357872
 wtx  3.93433256E-05hfrac  0.392379761
 81**Scales: M2=   22.5625 Q2=   4.30531956 X2=   5.57898842
 81**Scale:   95.8289884
 82**Scales: M2=   22.5625 Q2=   4.30531956 X2=   5.57898842
 82**Scale:   95.8289884
 wtx  0.00049568055hfrac  0.392379761
 83**Scales: M2=   22.5625 Q2=   33.1958004 X2=   93.9803687
 83**Scale:   184.230369
 84**Scales: M2=   22.5625 Q2=   33.1958004 X2=   93.9803687
 84**Scale:   184.230369
 wtx  3.12097654E-05hfrac  0.392379761
 85**Scales: M2=   22.5625 Q2=   68.4068427 X2=   93.9386048
 85**Scale:   184.188605
 86**Scales: M2=   22.5625 Q2=   68.4068427 X2=   93.9386048
 86**Scale:   184.188605
 wtx  1.01295127E-05hfrac  0.392379761
 87**Scales: M2=   22.5625 Q2=   35.5006722 X2=   60.082391
 87**Scale:   150.332391
 88**Scales: M2=   22.5625 Q2=   35.5006722 X2=   60.082391
 88**Scale:   150.332391
 wtx  3.68988076E-05hfrac  0.392379761
 89**Scales: M2=   22.5625 Q2=   18.2297422 X2=   60.4544253
 89**Scale:   150.704425
 90**Scales: M2=   22.5625 Q2=   18.2297422 X2=   60.4544253
 90**Scale:   150.704425
 wtx  9.04213666E-05hfrac  0.392379761
 91**Scales: M2=   22.5625 Q2=   57.1329543 X2=   5.31462916
 91**Scale:   95.5646292
 92**Scales: M2=   22.5625 Q2=   57.1329543 X2=   5.31462916
 92**Scale:   95.5646292
 wtx  1.80401512E-05hfrac  0.392379761
 93**Scales: M2=   22.5625 Q2=   74.4618821 X2=   9.58373253
 93**Scale:   99.8337325
 94**Scales: M2=   22.5625 Q2=   74.4618821 X2=   9.58373253
 94**Scale:   99.8337325
 wtx  1.39393105E-05hfrac  0.392379761
 95**Scales: M2=   22.5625 Q2=   68.9804928 X2=   118.824067
 95**Scale:   209.074067
 96**Scales: M2=   22.5625 Q2=   68.9804928 X2=   118.824067
 96**Scale:   209.074067
 wtx  7.32327408E-06hfrac  0.392379761
 97**Scales: M2=   22.5625 Q2=   21.5463633 X2=   324.362349
 97**Scale:   414.612349
 98**Scales: M2=   22.5625 Q2=   21.5463633 X2=   324.362349
 98**Scale:   414.612349
 wtx  8.61059198E-06hfrac  0.392379761
 99**Scales: M2=   22.5625 Q2=   37.9717299 X2=   170.736598
 99**Scale:   260.986598
 100**Scales: M2=   22.5625 Q2=   37.9717299 X2=   170.736598
 100**Scale:   260.986598
 wtx  1.38024543E-05hfrac  0.392379761
 wtx  4.89039667E-05hfrac  0.392379761
 wtx  1.15170296E-05hfrac  0.392379761
 wtx  1.73527724E-06hfrac  0.392379761
 wtx  7.94763037E-06hfrac  0.392379761
 wtx  1.33959848E-05hfrac  0.392379761
 wtx  2.87837338E-05hfrac  0.392379761
 wtx  3.32162272E-05hfrac  0.392379761
 wtx  2.03701202E-05hfrac  0.392379761
 wtx  1.64564608E-05hfrac  0.392379761
 wtx  3.44200635E-05hfrac  0.392379761
 wtx  6.9419737E-05hfrac  0.392379761
 wtx  1.55238104E-05hfrac  0.392379761
 wtx  1.87577389E-05hfrac  0.392379761
 wtx  7.35910089E-06hfrac  0.392379761
 wtx  0.000158228562hfrac  0.392379761
 wtx  1.42878398E-05hfrac  0.392379761
 wtx  1.05484287E-05hfrac  0.392379761
 wtx  6.4605041E-07hfrac  0.392379761
 wtx  2.3044262E-05hfrac  0.392379761
 wtx  0.000115175229hfrac  0.392379761
 wtx  3.29606119E-05hfrac  0.392379761
 wtx  1.34550901E-05hfrac  0.392379761
 wtx  4.90437969E-07hfrac  0.392379761
 wtx  1.84751188E-05hfrac  0.392379761
 wtx  1.38157711E-05hfrac  0.392379761
 wtx  3.63420395E-06hfrac  0.392379761
 wtx  4.02597698E-06hfrac  0.392379761
 wtx  1.72725304E-05hfrac  0.392379761
 wtx  2.82197179E-05hfrac  0.392379761
 wtx  3.94123454E-05hfrac  0.392379761
 wtx  6.09633844E-06hfrac  0.392379761
 wtx  1.60756172E-05hfrac  0.392379761
 wtx  2.08127585E-06hfrac  0.392379761
 wtx  2.17066063E-05hfrac  0.392379761
 wtx  2.17350089E-06hfrac  0.392379761
 wtx  5.47804484E-06hfrac  0.392379761
 wtx  2.28942426E-05hfrac  0.392379761
 wtx  6.51031805E-05hfrac  0.392379761
 wtx  3.54600206E-06hfrac  0.392379761
 wtx  2.60440484E-05hfrac  0.392379761
 wtx  2.87570601E-05hfrac  0.392379761
 wtx  4.43002546E-06hfrac  0.392379761
 wtx  1.04282553E-05hfrac  0.392379761
 wtx  3.55921547E-05hfrac  0.392379761
 wtx  3.17151935E-05hfrac  0.392379761
 wtx  3.94135677E-05hfrac  0.392379761
 wtx  0.000575913931hfrac  0.392379761
 wtx  3.95796706E-05hfrac  0.392379761
 wtx  3.50960836E-05hfrac  0.392379761
 wtx  1.11713352E-05hfrac  0.392379761
   1       13.87652      1.931       13.87652      1.931      0.000    
   2       12.77450     0.4186       12.83239     0.4254     0.3340    



 INPUT PARAMETERS FOR VEGAS:  NDIM=  3  NCALL=  4920750.
                              IT=    0  ITMX=    4
                              MDS= -1   ND=  45
   1       13.19146     0.3904E-01   13.19146     0.3904E-01  0.000    
   2       13.20439     0.3956E-01   13.19785     0.2779E-01 0.5413E-01
   3       13.21759     0.3907E-01   13.20449     0.2264E-01 0.1119    
   4       13.20288     0.3939E-01   13.20409     0.1963E-01 0.7502E-01



 INPUT PARAMETERS FOR VEGAS:  NDIM=  6  NCALL=    78125.
                              IT=    0  ITMX=    4
                              MDS=  1   ND=  50
 **sig1: iscalef=  5
 **sig1: mur=   90.6957936
 **sig1: iscalef=  5
 **sig1: muf=   90.6957936
 ALFAS  =   0.168960344
 MUR2   =   90.6957936
 LOGMUR =   1.39122174
 MUF2   =   90.6957936
 LOGMUF =   1.39122174
  
 INTEGRATING NLO GLUON ...
  
   1       5.673005      6.216       5.673005      6.216      0.000    
   2       2.504312      1.844       3.490287      2.680     0.2996    
   3       6.557200      1.424       6.213461      1.066     0.5178    
   4       6.534927     0.8163       6.447649     0.5940     0.3213    



 INPUT PARAMETERS FOR VEGAS:  NDIM=  6  NCALL=   786432.
                              IT=    0  ITMX=    8
                              MDS=  1   ND=  50
   1       7.203601     0.5364       7.203601     0.5364      0.000    
   2       7.263873     0.4149       7.241547     0.3278     0.7882E-02
   3       6.960098     0.3872       7.129271     0.2510     0.1548    
   4       6.993767     0.5340       7.105588     0.2268     0.1214    
   5       7.509546     0.4624       7.191141     0.2037     0.2531    
   6       6.261015     0.5527       7.104240     0.1900     0.6168    
   7       8.014947     0.6525       7.194360     0.1841     0.8567    
   8       7.432901     0.4147       7.235877     0.1681     0.7694    



 INPUT PARAMETERS FOR VEGAS:  NDIM=  6  NCALL=    78125.
                              IT=    0  ITMX=    4
                              MDS=  1   ND=  50
 ALFAS  =   0.16622506
 MUR2   =   102.417856
 LOGMUR =   1.51277183
 MUF2   =   102.417856
 LOGMUF =   1.51277183
  
 INTEGRATING QUARK INITIATED ...
  
   1      0.3983645     0.5926      0.3983645     0.5926      0.000    
   2     -0.3159665     0.3970     -0.1856240E-01 0.3451      1.041    
   3      0.2003975     0.2662      0.5654571E-01 0.2455     0.7656    
   4      0.6654208     0.2389      0.5584903     0.1404      1.182    



 INPUT PARAMETERS FOR VEGAS:  NDIM=  6  NCALL=   786432.
                              IT=    0  ITMX=    8
                              MDS=  1   ND=  50
   1      0.7055066     0.9854E-01  0.7055066     0.9854E-01  0.000    
   2      0.7004230     0.7445E-01  0.7022876     0.5946E-01 0.1698E-02
   3      0.8575649     0.2053      0.7195150     0.6046E-01 0.3261    
   4      0.6326965     0.1011      0.7022125     0.5201E-01 0.3835    
   5      0.8469427     0.2124      0.7130524     0.5175E-01 0.4042    
   6      0.6788797     0.9558E-01  0.7064896     0.4577E-01 0.3512    
   7      0.7081001     0.1199      0.7066783     0.4273E-01 0.2965    
   8      0.7632767     0.1034      0.7154331     0.3947E-01 0.2903    
  
 CROSS SECTION =   21.1554029 +/-   0.173752735
  
  # of events with muons:  0 out of:  54743902
  All:           1. muons:   106.410919 2. muon   6.55439901
 In acc: 1. muons:     81.892:      0.770 % 2. muon     10.218:      1.559 %
  Norm Histos here: lum=   1.lumbreit lum1  1.
  ZEUS scenario in Lab frame Q2>4
  Total      sig (pb):   486.723114
  b tot  sig (pb):   285.863678
  >=1jets sig (pb):   406.183228
  muon +no cuts on jet sig (pb):   57.6153526
  muon+jet    sig (pb):   52.0818863
  muon+jet+cone sig (pb):   33.2836342
  ZEUS scenario in Breit frame Q2>2 
  tot        sig (pb):   486.715027
  b.cross    sig (pb):   289.083252
  >=1jet sig (pb):   246.725067
  muon nojet cut sig (pb):   33.5153427
  muon+jet   sig (pb):   21.1457233
 incl jet   sig (pb):  92.1763
 incl muon  sig (pb):  22.9988766
 incl b     sig (pb):  387.865997
 generator:HVQ     hfrac  0.2205
  Output Histos here 
