  
 ============================
 | HVQDIS  V1.4  APRIL 2000 |
 ============================
  
 NORDER    =        2
 ISCALER   =        7
 ISCALEF   =       17
 IPDF      =        5
 PTS0      =   500000
 ITS0      =        2
 PTS1      =    80000
 ITS1      =        4
 IQUARK    =        2
 MASS      =      4.75
 EPRO      =    920.00
 EIEL      =     27.50
 Q2MIN     =      2.00
 Q2MAX     =      4.00
 XBJMIN    =      0.00
 XBJMAX    =      1.00
 YMIN      =      0.05
 YMAX      =      0.70
 ETAMAX    =      2.50
 PTMIN     =      0.00
 PTMAX     =   *******
 IFRAG     =        0
 ISL       =        1
 EPS       =      0.0035
 HFRAC     =      0.2205
 XMD       =      5.2780
 TCFRAG    =        0
 TCSL    =        1
 PREF      =   f2b_2-4_0.0-1._r7_f17_m4.75.histos      
  
 BOTTOM PRODUCTION
 RM48 INITIALIZED:        40           0         0
 **hist: start histos 
 HPATH.  ERROR IN PATHNAME,


 ===> Directory : 
  create directory HISB
 hfrac:  0.2205
 **hzb: Version kula1  
 FULL LO+NLO ME



 INPUT PARAMETERS FOR VEGAS:  NDIM=  3  NCALL=   476656.
                              IT=    0  ITMX=    2
                              MDS= -1   ND=  31
 **MScale: SCALFA=   1. ISCALE=  7
 **MScale: scale: (Q2+Pt2+M2)/4 
 1**Scales: M2=   22.5625 Q2=   2.01524278 X2=   0.0242675745
 1**Scale:   6.15050259
 **MScale: SCALFA=   1. ISCALE=  17
 **MScale: scale: .25*(Q2+Pt2+M2)/4
 2**Scales: M2=   22.5625 Q2=   2.01524278 X2=   0.0242675745
 2**Scale:   1.53762565
 wtx  2.69413736E-08hfrac  0.392379761
 **frag: Peterson frag function 
 **frag: Vincenzo semi-leptonic routine dir+indir 

 ******************************************************
 KTCLUS: written by Mike Seymour, July 1992.
 Last modified October 1997.
 Please send comments or suggestions to Mike.Seymour@rl.ac.uk

       Collision type = 3 = pe        
     Angular variable = 2 = DeltaR    
 Monotonic definition = 1 = no        
 Recombination scheme = 1 = E         
 Ecut=  1.00
 ******************************************************

 **MScale: SCALFA=   1. ISCALE=  7
 **MScale: scale: (Q2+Pt2+M2)/4 
 3**Scales: M2=   22.5625 Q2=   2.01210064 X2=   0.0199466652
 3**Scale:   6.14863683
 **MScale: SCALFA=   1. ISCALE=  17
 **MScale: scale: .25*(Q2+Pt2+M2)/4
 4**Scales: M2=   22.5625 Q2=   2.01210064 X2=   0.0199466652
 4**Scale:   1.53715921
 wtx  2.40605758E-08hfrac  0.392379761
 **MScale: SCALFA=   1. ISCALE=  7
 **MScale: scale: (Q2+Pt2+M2)/4 
 5**Scales: M2=   22.5625 Q2=   2.02598475 X2=   0.146220395
 5**Scale:   6.18367629
 6**Scales: M2=   22.5625 Q2=   2.02598475 X2=   0.146220395
 6**Scale:   1.54591907
 wtx  6.17464835E-08hfrac  0.392379761
 7**Scales: M2=   22.5625 Q2=   2.02490205 X2=   0.0256576235
 7**Scale:   6.15326492
 8**Scales: M2=   22.5625 Q2=   2.02490205 X2=   0.0256576235
 8**Scale:   1.53831623
 wtx  1.92369214E-08hfrac  0.392379761
 9**Scales: M2=   22.5625 Q2=   2.01264195 X2=   0.0309355978
 9**Scale:   6.15151939
 10**Scales: M2=   22.5625 Q2=   2.01264195 X2=   0.0309355978
 10**Scale:   1.53787985
 wtx  1.95037675E-08hfrac  0.392379761
 11**Scales: M2=   22.5625 Q2=   2.02084519 X2=   0.486184276
 11**Scale:   6.26738237
 12**Scales: M2=   22.5625 Q2=   2.02084519 X2=   0.486184276
 12**Scale:   1.56684559
 wtx  1.28215092E-07hfrac  0.392379761
 13**Scales: M2=   22.5625 Q2=   2.01614734 X2=   0.598861514
 13**Scale:   6.29437721
 14**Scales: M2=   22.5625 Q2=   2.01614734 X2=   0.598861514
 14**Scale:   1.5735943
 wtx  1.19777567E-07hfrac  0.392379761
 15**Scales: M2=   22.5625 Q2=   2.02331825 X2=   0.162284427
 15**Scale:   6.18702567
 16**Scales: M2=   22.5625 Q2=   2.02331825 X2=   0.162284427
 16**Scale:   1.54675642
 wtx  4.52158559E-08hfrac  0.392379761
 17**Scales: M2=   22.5625 Q2=   2.01225393 X2=   2.55678478
 17**Scale:   6.78288468
 18**Scales: M2=   22.5625 Q2=   2.01225393 X2=   2.55678478
 18**Scale:   1.69572117
 wtx  3.50964086E-07hfrac  0.392379761
 19**Scales: M2=   22.5625 Q2=   2.01471874 X2=   0.122927665
 19**Scale:   6.1750366
 20**Scales: M2=   22.5625 Q2=   2.01471874 X2=   0.122927665
 20**Scale:   1.54375915
 wtx  3.31340502E-08hfrac  0.392379761
 21**Scales: M2=   22.5625 Q2=   2.01383019 X2=   3.19087063
 21**Scale:   6.94180021
 22**Scales: M2=   22.5625 Q2=   2.01383019 X2=   3.19087063
 22**Scale:   1.73545005
 wtx  3.40309413E-07hfrac  0.392379761
 23**Scales: M2=   22.5625 Q2=   2.01965603 X2=   0.561113631
 23**Scale:   6.28581742
 24**Scales: M2=   22.5625 Q2=   2.01965603 X2=   0.561113631
 24**Scale:   1.57145435
 wtx  9.61430402E-08hfrac  0.392379761
 25**Scales: M2=   22.5625 Q2=   2.00163531 X2=   0.0167981398
 25**Scale:   6.14523336
 26**Scales: M2=   22.5625 Q2=   2.00163531 X2=   0.0167981398
 26**Scale:   1.53630834
 wtx  1.13932437E-08hfrac  0.392379761
 27**Scales: M2=   22.5625 Q2=   2.01678848 X2=   2.35353585
 27**Scale:   6.73320608
 28**Scales: M2=   22.5625 Q2=   2.01678848 X2=   2.35353585
 28**Scale:   1.68330152
 wtx  2.70967035E-07hfrac  0.392379761
 29**Scales: M2=   22.5625 Q2=   2.0290216 X2=   5.54900191
 29**Scale:   7.53513088
 30**Scales: M2=   22.5625 Q2=   2.0290216 X2=   5.54900191
 30**Scale:   1.88378272
 wtx  4.4797838E-07hfrac  0.392379761
 31**Scales: M2=   22.5625 Q2=   2.03050539 X2=   5.18888463
 31**Scale:   7.4454725
 32**Scales: M2=   22.5625 Q2=   2.03050539 X2=   5.18888463
 32**Scale:   1.86136813
 wtx  4.21999857E-07hfrac  0.392379761
 33**Scales: M2=   22.5625 Q2=   2.01584011 X2=   0.0105857784
 33**Scale:   6.14723147
 34**Scales: M2=   22.5625 Q2=   2.01584011 X2=   0.0105857784
 34**Scale:   1.53680787
 wtx  8.4284979E-09hfrac  0.392379761
 35**Scales: M2=   22.5625 Q2=   2.01361823 X2=   2.54336977
 35**Scale:   6.779872
 36**Scales: M2=   22.5625 Q2=   2.01361823 X2=   2.54336977
 36**Scale:   1.694968
 wtx  2.16806612E-07hfrac  0.392379761
 37**Scales: M2=   22.5625 Q2=   2.00331002 X2=   14.5444218
 37**Scale:   9.77755796
 38**Scales: M2=   22.5625 Q2=   2.00331002 X2=   14.5444218
 38**Scale:   2.44438949
 wtx  6.48457444E-07hfrac  0.392379761
 39**Scales: M2=   22.5625 Q2=   2.00940063 X2=   17.5609788
 39**Scale:   10.5332199
 40**Scales: M2=   22.5625 Q2=   2.00940063 X2=   17.5609788
 40**Scale:   2.63330497
 wtx  6.31433295E-07hfrac  0.392379761
 41**Scales: M2=   22.5625 Q2=   2.00685898 X2=   286.174445
 41**Scale:   77.685951
 42**Scales: M2=   22.5625 Q2=   2.00685898 X2=   286.174445
 42**Scale:   19.4214878
 wtx  1.6426891E-09hfrac  0.392379761
 **bmatch: create BMAT   
 BMAT    histos booked ! 
 43**Scales: M2=   22.5625 Q2=   2.01596134 X2=   1.54424311
 43**Scale:   6.53067611
 44**Scales: M2=   22.5625 Q2=   2.01596134 X2=   1.54424311
 44**Scale:   1.63266903
 wtx  1.6023526E-07hfrac  0.392379761
 45**Scales: M2=   22.5625 Q2=   2.02481582 X2=   1.14615482
 45**Scale:   6.43336766
 46**Scales: M2=   22.5625 Q2=   2.02481582 X2=   1.14615482
 46**Scale:   1.60834191
 wtx  1.09550882E-07hfrac  0.392379761
 47**Scales: M2=   22.5625 Q2=   2.00539064 X2=   2.37472747
 47**Scale:   6.73565453
 48**Scales: M2=   22.5625 Q2=   2.00539064 X2=   2.37472747
 48**Scale:   1.68391363
 wtx  1.78850954E-07hfrac  0.392379761
 49**Scales: M2=   22.5625 Q2=   2.01196776 X2=   0.464400278
 49**Scale:   6.25971701
 50**Scales: M2=   22.5625 Q2=   2.01196776 X2=   0.464400278
 50**Scale:   1.56492925
 wtx  6.25887893E-08hfrac  0.392379761
 51**Scales: M2=   22.5625 Q2=   2.02325446 X2=   17.8698943
 51**Scale:   10.6139122
 52**Scales: M2=   22.5625 Q2=   2.02325446 X2=   17.8698943
 52**Scale:   2.65347805
 wtx  5.85923431E-07hfrac  0.392379761
 53**Scales: M2=   22.5625 Q2=   2.01292125 X2=   162.127498
 53**Scale:   46.6757298
 54**Scales: M2=   22.5625 Q2=   2.01292125 X2=   162.127498
 54**Scale:   11.6689324
 wtx  1.35104031E-07hfrac  0.392379761
 55**Scales: M2=   22.5625 Q2=   2.01532136 X2=   1.65071949
 55**Scale:   6.55713521
 56**Scales: M2=   22.5625 Q2=   2.01532136 X2=   1.65071949
 56**Scale:   1.6392838
 wtx  1.32797581E-07hfrac  0.392379761
 57**Scales: M2=   22.5625 Q2=   2.01083836 X2=   13.323262
 57**Scale:   9.4741501
 58**Scales: M2=   22.5625 Q2=   2.01083836 X2=   13.323262
 58**Scale:   2.36853753
 wtx  4.9833443E-07hfrac  0.392379761
 59**Scales: M2=   22.5625 Q2=   2.00220749 X2=   5.74878759
 59**Scale:   7.57837377
 60**Scales: M2=   22.5625 Q2=   2.00220749 X2=   5.74878759
 60**Scale:   1.89459344
 wtx  3.40296623E-07hfrac  0.392379761
 61**Scales: M2=   22.5625 Q2=   2.01081225 X2=   6.56894876
 61**Scale:   7.78556525
 62**Scales: M2=   22.5625 Q2=   2.01081225 X2=   6.56894876
 62**Scale:   1.94639131
 wtx  3.45195048E-07hfrac  0.392379761
 63**Scales: M2=   22.5625 Q2=   2.03086177 X2=   51.6211801
 63**Scale:   19.0536355
 64**Scales: M2=   22.5625 Q2=   2.03086177 X2=   51.6211801
 64**Scale:   4.76340886
 wtx  4.98356258E-07hfrac  0.392379761
 65**Scales: M2=   22.5625 Q2=   2.02670108 X2=   87.0806684
 65**Scale:   27.9174674
 66**Scales: M2=   22.5625 Q2=   2.02670108 X2=   87.0806684
 66**Scale:   6.97936684
 wtx  3.74391192E-07hfrac  0.392379761
 67**Scales: M2=   22.5625 Q2=   2.0050606 X2=   6.57552434
 67**Scale:   7.78577123
 68**Scales: M2=   22.5625 Q2=   2.0050606 X2=   6.57552434
 68**Scale:   1.94644281
 wtx  3.37179586E-07hfrac  0.392379761
 69**Scales: M2=   22.5625 Q2=   2.02850611 X2=   3.12193279
 69**Scale:   6.92823473
 70**Scales: M2=   22.5625 Q2=   2.02850611 X2=   3.12193279
 70**Scale:   1.73205868
 wtx  2.05308936E-07hfrac  0.392379761
 71**Scales: M2=   22.5625 Q2=   2.00343864 X2=   4.49033667
 71**Scale:   7.26406883
 72**Scales: M2=   22.5625 Q2=   2.00343864 X2=   4.49033667
 72**Scale:   1.81601721
 wtx  2.70423925E-07hfrac  0.392379761
 73**Scales: M2=   22.5625 Q2=   2.02067182 X2=   13.1417922
 73**Scale:   9.43124101
 74**Scales: M2=   22.5625 Q2=   2.02067182 X2=   13.1417922
 74**Scale:   2.35781025
 wtx  4.68149295E-07hfrac  0.392379761
 75**Scales: M2=   22.5625 Q2=   2.00260301 X2=   58.4080882
 75**Scale:   20.7432978
 76**Scales: M2=   22.5625 Q2=   2.00260301 X2=   58.4080882
 76**Scale:   5.18582445
 wtx  4.86507417E-07hfrac  0.392379761
 77**Scales: M2=   22.5625 Q2=   2.02147523 X2=   138.753834
 77**Scale:   40.8344523
 78**Scales: M2=   22.5625 Q2=   2.02147523 X2=   138.753834
 78**Scale:   10.2086131
 wtx  2.47913988E-07hfrac  0.392379761
 79**Scales: M2=   22.5625 Q2=   2.01274594 X2=   5.91221273
 79**Scale:   7.62186467
 80**Scales: M2=   22.5625 Q2=   2.01274594 X2=   5.91221273
 80**Scale:   1.90546617
 wtx  2.85798507E-07hfrac  0.392379761
 81**Scales: M2=   22.5625 Q2=   2.00012113 X2=   5.44624943
 81**Scale:   7.50221764
 82**Scales: M2=   22.5625 Q2=   2.00012113 X2=   5.44624943
 82**Scale:   1.87555441
 wtx  2.99342872E-07hfrac  0.392379761
 83**Scales: M2=   22.5625 Q2=   2.01003785 X2=   72.1849567
 83**Scale:   24.1893736
 84**Scales: M2=   22.5625 Q2=   2.01003785 X2=   72.1849567
 84**Scale:   6.04734341
 wtx  4.1929556E-07hfrac  0.392379761
 85**Scales: M2=   22.5625 Q2=   2.02402197 X2=   57.4900089
 85**Scale:   20.5191327
 86**Scales: M2=   22.5625 Q2=   2.02402197 X2=   57.4900089
 86**Scale:   5.12978318
 wtx  4.74948138E-07hfrac  0.392379761
 87**Scales: M2=   22.5625 Q2=   2.01215133 X2=   45.0713693
 87**Scale:   17.4115052
 88**Scales: M2=   22.5625 Q2=   2.01215133 X2=   45.0713693
 88**Scale:   4.35287629
 wtx  5.22243454E-07hfrac  0.392379761
 89**Scales: M2=   22.5625 Q2=   2.00528012 X2=   51.9899539
 89**Scale:   19.1394335
 90**Scales: M2=   22.5625 Q2=   2.00528012 X2=   51.9899539
 90**Scale:   4.78485837
 wtx  4.89977481E-07hfrac  0.392379761
 91**Scales: M2=   22.5625 Q2=   2.01925549 X2=   3.36682102
 91**Scale:   6.98714413
 92**Scales: M2=   22.5625 Q2=   2.01925549 X2=   3.36682102
 92**Scale:   1.74678603
 wtx  2.00664203E-07hfrac  0.392379761
 93**Scales: M2=   22.5625 Q2=   2.02673132 X2=   5.46435287
 93**Scale:   7.51339605
 94**Scales: M2=   22.5625 Q2=   2.02673132 X2=   5.46435287
 94**Scale:   1.87834901
 wtx  2.76742327E-07hfrac  0.392379761
 95**Scales: M2=   22.5625 Q2=   2.0259983 X2=   73.3047488
 95**Scale:   24.4733118
 96**Scales: M2=   22.5625 Q2=   2.0259983 X2=   73.3047488
 96**Scale:   6.11832794
 wtx  4.29454332E-07hfrac  0.392379761
 97**Scales: M2=   22.5625 Q2=   2.00599602 X2=   280.791959
 97**Scale:   76.3401138
 98**Scales: M2=   22.5625 Q2=   2.00599602 X2=   280.791959
 98**Scale:   19.0850284
 wtx  9.84671544E-08hfrac  0.392379761
 99**Scales: M2=   22.5625 Q2=   2.01166141 X2=   128.287238
 99**Scale:   38.2153498
 100**Scales: M2=   22.5625 Q2=   2.01166141 X2=   128.287238
 100**Scale:   9.55383744
 wtx  2.71201117E-07hfrac  0.392379761
 wtx  4.83808947E-07hfrac  0.392379761
 wtx  1.57919388E-07hfrac  0.392379761
 wtx  6.67262228E-08hfrac  0.392379761
 wtx  1.41469471E-07hfrac  0.392379761
 wtx  4.52117831E-07hfrac  0.392379761
 wtx  4.78970492E-07hfrac  0.392379761
 wtx  9.74558603E-08hfrac  0.392379761
 wtx  2.02884223E-07hfrac  0.392379761
 wtx  4.77678498E-07hfrac  0.392379761
 wtx  1.8666772E-07hfrac  0.392379761
 wtx  3.63611463E-07hfrac  0.392379761
 wtx  5.10101586E-07hfrac  0.392379761
 wtx  3.61982757E-07hfrac  0.392379761
 wtx  3.75950805E-07hfrac  0.392379761
 wtx  4.22146542E-07hfrac  0.392379761
 wtx  4.24369432E-07hfrac  0.392379761
 wtx  4.72873069E-07hfrac  0.392379761
 wtx  1.34758933E-08hfrac  0.392379761
 wtx  4.93935147E-07hfrac  0.392379761
 wtx  3.39060421E-07hfrac  0.392379761
 wtx  3.01478195E-07hfrac  0.392379761
 wtx  4.99781379E-07hfrac  0.392379761
 wtx  1.01168894E-07hfrac  0.392379761
 wtx  3.68727996E-07hfrac  0.392379761
 wtx  4.83803376E-07hfrac  0.392379761
 wtx  2.25278782E-07hfrac  0.392379761
 wtx  2.46806451E-07hfrac  0.392379761
 wtx  2.21881606E-07hfrac  0.392379761
 wtx  5.36494497E-07hfrac  0.392379761
 wtx  4.23619923E-07hfrac  0.392379761
 wtx  2.96053372E-07hfrac  0.392379761
 wtx  1.20209791E-07hfrac  0.392379761
 wtx  2.33519756E-07hfrac  0.392379761
 wtx  5.1323849E-07hfrac  0.392379761
 wtx  7.24441875E-08hfrac  0.392379761
 wtx  4.1022713E-07hfrac  0.392379761
 wtx  3.9660128E-07hfrac  0.392379761
 wtx  2.15175262E-07hfrac  0.392379761
 wtx  2.71364996E-07hfrac  0.392379761
 wtx  1.93613701E-07hfrac  0.392379761
 wtx  1.69188539E-07hfrac  0.392379761
 wtx  6.84429722E-08hfrac  0.392379761
 wtx  5.60411308E-07hfrac  0.392379761
 wtx  4.9585168E-07hfrac  0.392379761
 wtx  1.55926472E-07hfrac  0.392379761
 wtx  6.20905325E-07hfrac  0.392379761
 wtx  3.5539361E-07hfrac  0.392379761
 wtx  2.54845332E-07hfrac  0.392379761
 wtx  5.82123846E-07hfrac  0.392379761
 wtx  4.29704727E-07hfrac  0.392379761
   1       2.089465     0.1309E-01   2.089465     0.1309E-01  0.000    
   2       2.104162     0.1103E-01   2.098108     0.8433E-02 0.7358    



 INPUT PARAMETERS FOR VEGAS:  NDIM=  3  NCALL=  4920750.
                              IT=    0  ITMX=    4
                              MDS= -1   ND=  45
   1       2.105142     0.3396E-02   2.105142     0.3396E-02  0.000    
   2       2.103847     0.3397E-02   2.104495     0.2402E-02 0.7271E-01
   3       2.103858     0.3396E-02   2.104283     0.1961E-02 0.4811E-01
   4       2.112739     0.3405E-02   2.106402     0.1699E-02  1.582    



 INPUT PARAMETERS FOR VEGAS:  NDIM=  6  NCALL=    78125.
                              IT=    0  ITMX=    4
                              MDS=  1   ND=  50
 **sig1: iscalef=  7
 **sig1: mur=   6.42402252
 **sig1: iscalef=  17
 **sig1: muf=   1.60600563
 ALFAS  =   0.26784716
 MUR2   =   6.42402252
 LOGMUR =  -1.25624475
 MUF2   =   1.60600563
 LOGMUF =  -2.64253912
  
 INTEGRATING NLO GLUON ...
  
   1       1.213533     0.2432       1.213533     0.2432      0.000    
   2       1.607269     0.3749       1.380711     0.2165     0.8084    
   3       1.725803     0.3470       1.506194     0.1857     0.7493    
   4       1.649637     0.6054       1.520312     0.1798     0.4991    



 INPUT PARAMETERS FOR VEGAS:  NDIM=  6  NCALL=   786432.
                              IT=    0  ITMX=    8
                              MDS=  1   ND=  50
   1       1.798473     0.1771       1.798473     0.1771      0.000    
   2       1.576662     0.1231       1.662295     0.1035      1.089    
   3       1.626286     0.1273       1.648645     0.8049E-01 0.5823    
   4       1.706033     0.1286       1.665310     0.6818E-01 0.4327    
   5       1.475366     0.1112       1.622583     0.5864E-01 0.7974    
   6       1.508169     0.1186       1.602995     0.5269E-01 0.7886    
   7       1.414161     0.1115       1.575515     0.4787E-01  1.003    
   8       1.418029     0.1381       1.561793     0.4515E-01  1.020    



 INPUT PARAMETERS FOR VEGAS:  NDIM=  6  NCALL=    78125.
                              IT=    0  ITMX=    4
                              MDS=  1   ND=  50
 ALFAS  =   0.24834052
 MUR2   =   9.31970156
 LOGMUR =  -0.88415863
 MUF2   =   2.32992539
 LOGMUF =  -2.27045299
  
 INTEGRATING QUARK INITIATED ...
  
   1      0.9881671     0.1824      0.9881671     0.1824      0.000    
   2       1.071239     0.2182       1.025637     0.1409     0.8601E-01
   3      0.8457793     0.1049      0.9269309     0.8938E-01 0.5496    
   4       7.020318      6.031      0.9958370     0.3298      1.299    



 INPUT PARAMETERS FOR VEGAS:  NDIM=  6  NCALL=   786432.
                              IT=    0  ITMX=    8
                              MDS=  1   ND=  50
   1      0.9995181     0.2278      0.9995181     0.2278      0.000    
   2      0.9565042     0.1092      0.9651307     0.9984E-01 0.2976E-01
   3       1.244683     0.2573       1.019936     0.9833E-01 0.6494    
   4      0.8503643     0.1244      0.9722160     0.7936E-01 0.7852    
   5      0.8837201     0.1272      0.9522919     0.6806E-01 0.6942    
   6      0.8578831     0.1244      0.9351561     0.6023E-01 0.6534    
   7      0.7716266     0.1014      0.9055693     0.5304E-01 0.8100    
   8      0.9026600     0.1667      0.9053250     0.5046E-01 0.7026    
  
 CROSS SECTION =   4.57352033 +/-   0.0677316859
  
  # of events with muons:  0 out of:  51300109
  All:           1. muons:   18.9664249 2. muon   1.25492382
 In acc: 1. muons:     13.939:      0.735 % 2. muon      1.721:      1.372 %
  Norm Histos here: lum=   1.lumbreit lum1  1.
  ZEUS scenario in Lab frame Q2>4
  Total      sig (pb):   90.6138763
  b tot  sig (pb):   51.1073761
  >=1jets sig (pb):   74.0054474
  muon +no cuts on jet sig (pb):   10.2948551
  muon+jet    sig (pb):   8.95500469
  muon+jet+cone sig (pb):   5.53421783
  ZEUS scenario in Breit frame Q2>2 
  tot        sig (pb):   90.613884
  b.cross    sig (pb):   55.1315575
  >=1jet sig (pb):   59.5195312
  muon nojet cut sig (pb):   5.67354584
  muon+jet   sig (pb):   4.60516405
 incl jet   sig (pb):  18.1891327
 incl muon  sig (pb):  4.96354389
 incl b     sig (pb):  74.4676208
 generator:HVQ     hfrac  0.2205
  Output Histos here 
