  
 ============================
 | HVQDIS  V1.4  APRIL 2000 |
 ============================
  
 NORDER    =        2
 ISCALER   =        7
 ISCALEF   =        7
 IPDF      =        5
 PTS0      =   500000
 ITS0      =        2
 PTS1      =    80000
 ITS1      =        4
 IQUARK    =        2
 MASS      =      4.50
 EPRO      =    920.00
 EIEL      =     27.50
 Q2MIN     =      2.00
 Q2MAX     =      4.00
 XBJMIN    =      0.00
 XBJMAX    =      1.00
 YMIN      =      0.05
 YMAX      =      0.70
 ETAMAX    =      2.50
 PTMIN     =      0.00
 PTMAX     =   *******
 IFRAG     =        0
 ISL       =        1
 EPS       =      0.0035
 HFRAC     =      0.2205
 XMD       =      5.2780
 TCFRAG    =        0
 TCSL    =        1
 PREF      =   f2b_2-4_0.0-1._r7_f7_m4.5.histos        
  
 BOTTOM PRODUCTION
 RM48 INITIALIZED:        40           0         0
 **hist: start histos 
 HPATH.  ERROR IN PATHNAME,


 ===> Directory : 
  create directory HISB
 hfrac:  0.2205
 **hzb: Version kula1  
 FULL LO+NLO ME



 INPUT PARAMETERS FOR VEGAS:  NDIM=  3  NCALL=   476656.
                              IT=    0  ITMX=    2
                              MDS= -1   ND=  31
 **MScale: SCALFA=   1. ISCALE=  7
 **MScale: scale: (Q2+Pt2+M2)/4 
 1**Scales: M2=   20.25 Q2=   2.01524278 X2=   0.0219063695
 1**Scale:   5.57178729
 **MScale: SCALFA=   1. ISCALE=  7
 **MScale: scale: (Q2+Pt2+M2)/4 
 2**Scales: M2=   20.25 Q2=   2.01524278 X2=   0.0219063695
 2**Scale:   5.57178729
 wtx  5.05146787E-08hfrac  0.392379761
 **frag: Peterson frag function 
 **frag: Vincenzo semi-leptonic routine dir+indir 

 ******************************************************
 KTCLUS: written by Mike Seymour, July 1992.
 Last modified October 1997.
 Please send comments or suggestions to Mike.Seymour@rl.ac.uk

       Collision type = 3 = pe        
     Angular variable = 2 = DeltaR    
 Monotonic definition = 1 = no        
 Recombination scheme = 1 = E         
 Ecut=  1.00
 ******************************************************

 **MScale: SCALFA=   1. ISCALE=  7
 **MScale: scale: (Q2+Pt2+M2)/4 
 3**Scales: M2=   20.25 Q2=   2.01210064 X2=   0.0180049733
 3**Scale:   5.5700264
 **MScale: SCALFA=   1. ISCALE=  7
 **MScale: scale: (Q2+Pt2+M2)/4 
 4**Scales: M2=   20.25 Q2=   2.01210064 X2=   0.0180049733
 4**Scale:   5.5700264
 wtx  4.53085427E-08hfrac  0.392379761
 **MScale: SCALFA=   1. ISCALE=  7
 **MScale: scale: (Q2+Pt2+M2)/4 
 5**Scales: M2=   20.25 Q2=   2.02598475 X2=   0.131962929
 5**Scale:   5.60198692
 6**Scales: M2=   20.25 Q2=   2.02598475 X2=   0.131962929
 6**Scale:   5.60198692
 wtx  1.17405079E-07hfrac  0.392379761
 7**Scales: M2=   20.25 Q2=   2.02490205 X2=   0.0231356641
 7**Scale:   5.57450943
 8**Scales: M2=   20.25 Q2=   2.02490205 X2=   0.0231356641
 8**Scale:   5.57450943
 wtx  3.99835827E-08hfrac  0.392379761
 9**Scales: M2=   20.25 Q2=   2.01264195 X2=   0.0278913919
 9**Scale:   5.57263334
 10**Scales: M2=   20.25 Q2=   2.01264195 X2=   0.0278913919
 10**Scale:   5.57263334
 wtx  4.09165075E-08hfrac  0.392379761
 11**Scales: M2=   20.25 Q2=   2.02084519 X2=   0.439033359
 11**Scale:   5.67746964
 12**Scales: M2=   20.25 Q2=   2.02084519 X2=   0.439033359
 12**Scale:   5.67746964
 wtx  2.31545101E-07hfrac  0.392379761
 13**Scales: M2=   20.25 Q2=   2.01614734 X2=   0.540388137
 13**Scale:   5.70163387
 14**Scales: M2=   20.25 Q2=   2.01614734 X2=   0.540388137
 14**Scale:   5.70163387
 wtx  2.2834044E-07hfrac  0.392379761
 15**Scales: M2=   20.25 Q2=   2.02331825 X2=   0.146312523
 15**Scale:   5.60490769
 16**Scales: M2=   20.25 Q2=   2.02331825 X2=   0.146312523
 16**Scale:   5.60490769
 wtx  9.48851806E-08hfrac  0.392379761
 17**Scales: M2=   20.25 Q2=   2.01225393 X2=   2.3139652
 17**Scale:   6.14405478
 18**Scales: M2=   20.25 Q2=   2.01225393 X2=   2.3139652
 18**Scale:   6.14405478
 wtx  5.43933822E-07hfrac  0.392379761
 19**Scales: M2=   20.25 Q2=   2.01471874 X2=   0.110794321
 19**Scale:   5.59387827
 20**Scales: M2=   20.25 Q2=   2.01471874 X2=   0.110794321
 20**Scale:   5.59387827
 wtx  7.23837488E-08hfrac  0.392379761
 21**Scales: M2=   20.25 Q2=   2.01383019 X2=   2.88389778
 21**Scale:   6.28693199
 22**Scales: M2=   20.25 Q2=   2.01383019 X2=   2.88389778
 22**Scale:   6.28693199
 wtx  5.61895604E-07hfrac  0.392379761
 23**Scales: M2=   20.25 Q2=   2.01965603 X2=   0.506041921
 23**Scale:   5.69392449
 24**Scales: M2=   20.25 Q2=   2.01965603 X2=   0.506041921
 24**Scale:   5.69392449
 wtx  1.93898032E-07hfrac  0.392379761
 25**Scales: M2=   20.25 Q2=   2.00163531 X2=   0.0151388751
 25**Scale:   5.56669355
 26**Scales: M2=   20.25 Q2=   2.00163531 X2=   0.0151388751
 26**Scale:   5.56669355
 wtx  2.51983856E-08hfrac  0.392379761
 27**Scales: M2=   20.25 Q2=   2.01678848 X2=   2.12507018
 27**Scale:   6.09796466
 28**Scales: M2=   20.25 Q2=   2.01678848 X2=   2.12507018
 28**Scale:   6.09796466
 wtx  4.77452659E-07hfrac  0.392379761
 29**Scales: M2=   20.25 Q2=   2.0290216 X2=   5.01635444
 29**Scale:   6.82384401
 30**Scales: M2=   20.25 Q2=   2.0290216 X2=   5.01635444
 30**Scale:   6.82384401
 wtx  7.14828559E-07hfrac  0.392379761
 31**Scales: M2=   20.25 Q2=   2.03050539 X2=   4.68946275
 31**Scale:   6.74249203
 32**Scales: M2=   20.25 Q2=   2.03050539 X2=   4.68946275
 32**Scale:   6.74249203
 wtx  6.85805901E-07hfrac  0.392379761
 33**Scales: M2=   20.25 Q2=   2.01584011 X2=   0.00953934392
 33**Scale:   5.56884486
 34**Scales: M2=   20.25 Q2=   2.01584011 X2=   0.00953934392
 34**Scale:   5.56884486
 wtx  1.89915763E-08hfrac  0.392379761
 35**Scales: M2=   20.25 Q2=   2.01361823 X2=   2.29416502
 35**Scale:   6.13944581
 36**Scales: M2=   20.25 Q2=   2.01361823 X2=   2.29416502
 36**Scale:   6.13944581
 wtx  4.11977567E-07hfrac  0.392379761
 37**Scales: M2=   20.25 Q2=   2.00331002 X2=   13.1818683
 37**Scale:   8.85879458
 38**Scales: M2=   20.25 Q2=   2.00331002 X2=   13.1818683
 38**Scale:   8.85879458
 wtx  8.9485485E-07hfrac  0.392379761
 39**Scales: M2=   20.25 Q2=   2.00940063 X2=   15.9237819
 39**Scale:   9.54579563
 40**Scales: M2=   20.25 Q2=   2.00940063 X2=   15.9237819
 40**Scale:   9.54579563
 wtx  8.49205492E-07hfrac  0.392379761
 41**Scales: M2=   20.25 Q2=   2.00685898 X2=   278.363198
 41**Scale:   75.1550142
 42**Scales: M2=   20.25 Q2=   2.00685898 X2=   278.363198
 42**Scale:   75.1550142
 wtx  1.3521948E-09hfrac  0.392379761
 **bmatch: create BMAT   
 BMAT    histos booked ! 
 43**Scales: M2=   20.25 Q2=   2.01596134 X2=   1.39268336
 43**Scale:   5.91466117
 44**Scales: M2=   20.25 Q2=   2.01596134 X2=   1.39268336
 44**Scale:   5.91466117
 wtx  3.16445977E-07hfrac  0.392379761
 45**Scales: M2=   20.25 Q2=   2.02481582 X2=   1.03316569
 45**Scale:   5.82699538
 46**Scales: M2=   20.25 Q2=   2.02481582 X2=   1.03316569
 46**Scale:   5.82699538
 wtx  2.30893036E-07hfrac  0.392379761
 47**Scales: M2=   20.25 Q2=   2.00539064 X2=   2.14104525
 47**Scale:   6.09910897
 48**Scales: M2=   20.25 Q2=   2.00539064 X2=   2.14104525
 48**Scale:   6.09910897
 wtx  3.56333771E-07hfrac  0.392379761
 49**Scales: M2=   20.25 Q2=   2.01196776 X2=   0.418547752
 49**Scale:   5.67012888
 50**Scales: M2=   20.25 Q2=   2.01196776 X2=   0.418547752
 50**Scale:   5.67012888
 wtx  1.36000835E-07hfrac  0.392379761
 51**Scales: M2=   20.25 Q2=   2.02325446 X2=   16.1641396
 51**Scale:   9.60934852
 52**Scales: M2=   20.25 Q2=   2.02325446 X2=   16.1641396
 52**Scale:   9.60934852
 wtx  8.50929098E-07hfrac  0.392379761
 53**Scales: M2=   20.25 Q2=   2.01292125 X2=   150.449961
 53**Scale:   43.1782205
 54**Scales: M2=   20.25 Q2=   2.01292125 X2=   150.449961
 54**Scale:   43.1782205
 wtx  1.40160921E-07hfrac  0.392379761
 55**Scales: M2=   20.25 Q2=   2.01532136 X2=   1.48798117
 55**Scale:   5.93832563
 56**Scales: M2=   20.25 Q2=   2.01532136 X2=   1.48798117
 56**Scale:   5.93832563
 wtx  2.76733061E-07hfrac  0.392379761
 57**Scales: M2=   20.25 Q2=   2.01083836 X2=   12.0325324
 57**Scale:   8.5733427
 58**Scales: M2=   20.25 Q2=   2.01083836 X2=   12.0325324
 58**Scale:   8.5733427
 wtx  7.90318609E-07hfrac  0.392379761
 59**Scales: M2=   20.25 Q2=   2.00220749 X2=   5.18684346
 59**Scale:   6.85976274
 60**Scales: M2=   20.25 Q2=   2.00220749 X2=   5.18684346
 60**Scale:   6.85976274
 wtx  6.08929383E-07hfrac  0.392379761
 61**Scales: M2=   20.25 Q2=   2.01081225 X2=   5.92631531
 61**Scale:   7.04678189
 62**Scales: M2=   20.25 Q2=   2.01081225 X2=   5.92631531
 62**Scale:   7.04678189
 wtx  6.1794708E-07hfrac  0.392379761
 63**Scales: M2=   20.25 Q2=   2.03086177 X2=   46.8347681
 63**Scale:   17.2789075
 64**Scales: M2=   20.25 Q2=   2.03086177 X2=   46.8347681
 64**Scale:   17.2789075
 wtx  6.30574505E-07hfrac  0.392379761
 65**Scales: M2=   20.25 Q2=   2.02670108 X2=   79.2969633
 65**Scale:   25.3934161
 66**Scales: M2=   20.25 Q2=   2.02670108 X2=   79.2969633
 66**Scale:   25.3934161
 wtx  4.42393116E-07hfrac  0.392379761
 67**Scales: M2=   20.25 Q2=   2.0050606 X2=   5.93154751
 67**Scale:   7.04665203
 68**Scales: M2=   20.25 Q2=   2.0050606 X2=   5.93154751
 68**Scale:   7.04665203
 wtx  6.07372669E-07hfrac  0.392379761
 69**Scales: M2=   20.25 Q2=   2.02850611 X2=   2.81494581
 69**Scale:   6.27336298
 70**Scales: M2=   20.25 Q2=   2.02850611 X2=   2.81494581
 70**Scale:   6.27336298
 wtx  4.02771121E-07hfrac  0.392379761
 71**Scales: M2=   20.25 Q2=   2.00343864 X2=   4.04965449
 71**Scale:   6.57577328
 72**Scales: M2=   20.25 Q2=   2.00343864 X2=   4.04965449
 72**Scale:   6.57577328
 wtx  5.0886797E-07hfrac  0.392379761
 73**Scales: M2=   20.25 Q2=   2.02067182 X2=   11.863145
 73**Scale:   8.5334542
 74**Scales: M2=   20.25 Q2=   2.02067182 X2=   11.863145
 74**Scale:   8.5334542
 wtx  7.6319327E-07hfrac  0.392379761
 75**Scales: M2=   20.25 Q2=   2.00260301 X2=   52.9933701
 75**Scale:   18.8114933
 76**Scales: M2=   20.25 Q2=   2.00260301 X2=   52.9933701
 76**Scale:   18.8114933
 wtx  6.11896553E-07hfrac  0.392379761
 77**Scales: M2=   20.25 Q2=   2.02147523 X2=   126.912767
 77**Scale:   37.2960605
 78**Scales: M2=   20.25 Q2=   2.02147523 X2=   126.912767
 78**Scale:   37.2960605
 wtx  2.79940451E-07hfrac  0.392379761
 79**Scales: M2=   20.25 Q2=   2.01274594 X2=   5.33130042
 79**Scale:   6.89851159
 80**Scales: M2=   20.25 Q2=   2.01274594 X2=   5.33130042
 80**Scale:   6.89851159
 wtx  5.36459481E-07hfrac  0.392379761
 81**Scales: M2=   20.25 Q2=   2.00012113 X2=   4.91197503
 81**Scale:   6.79052404
 82**Scales: M2=   20.25 Q2=   2.00012113 X2=   4.91197503
 82**Scale:   6.79052404
 wtx  5.5358089E-07hfrac  0.392379761
 83**Scales: M2=   20.25 Q2=   2.01003785 X2=   65.4822304
 83**Scale:   21.9355671
 84**Scales: M2=   20.25 Q2=   2.01003785 X2=   65.4822304
 84**Scale:   21.9355671
 wtx  5.2494471E-07hfrac  0.392379761
 85**Scales: M2=   20.25 Q2=   2.02402197 X2=   52.101072
 85**Scale:   18.5937735
 86**Scales: M2=   20.25 Q2=   2.02402197 X2=   52.101072
 86**Scale:   18.5937735
 wtx  6.11345115E-07hfrac  0.392379761
 87**Scales: M2=   20.25 Q2=   2.01215133 X2=   40.8035075
 87**Scale:   15.7664147
 88**Scales: M2=   20.25 Q2=   2.01215133 X2=   40.8035075
 88**Scale:   15.7664147
 wtx  6.97637859E-07hfrac  0.392379761
 89**Scales: M2=   20.25 Q2=   2.00528012 X2=   47.0770834
 89**Scale:   17.3330909
 90**Scales: M2=   20.25 Q2=   2.00528012 X2=   47.0770834
 90**Scale:   17.3330909
 wtx  6.44708962E-07hfrac  0.392379761
 91**Scales: M2=   20.25 Q2=   2.01925549 X2=   3.03528824
 91**Scale:   6.32613593
 92**Scales: M2=   20.25 Q2=   2.01925549 X2=   3.03528824
 92**Scale:   6.32613593
 wtx  3.98167913E-07hfrac  0.392379761
 93**Scales: M2=   20.25 Q2=   2.02673132 X2=   4.92758575
 93**Scale:   6.80107927
 94**Scales: M2=   20.25 Q2=   2.02673132 X2=   4.92758575
 94**Scale:   6.80107927
 wtx  5.21856748E-07hfrac  0.392379761
 95**Scales: M2=   20.25 Q2=   2.0259983 X2=   66.5408322
 95**Scale:   22.2042076
 96**Scales: M2=   20.25 Q2=   2.0259983 X2=   66.5408322
 96**Scale:   22.2042076
 wtx  5.30980287E-07hfrac  0.392379761
 97**Scales: M2=   20.25 Q2=   2.00599602 X2=   258.611157
 97**Scale:   70.2167882
 98**Scales: M2=   20.25 Q2=   2.00599602 X2=   258.611157
 98**Scale:   70.2167882
 wtx  1.07371406E-07hfrac  0.392379761
 99**Scales: M2=   20.25 Q2=   2.01166141 X2=   116.743382
 99**Scale:   34.7512608
 100**Scales: M2=   20.25 Q2=   2.01166141 X2=   116.743382
 100**Scale:   34.7512608
 wtx  3.20707045E-07hfrac  0.392379761
 wtx  6.61724641E-07hfrac  0.392379761
 wtx  3.18453317E-07hfrac  0.392379761
 wtx  7.15691186E-08hfrac  0.392379761
 wtx  2.93641051E-07hfrac  0.392379761
 wtx  6.23342316E-07hfrac  0.392379761
 wtx  7.11029088E-07hfrac  0.392379761
 wtx  1.0630248E-07hfrac  0.392379761
 wtx  4.02906323E-07hfrac  0.392379761
 wtx  7.32897547E-07hfrac  0.392379761
 wtx  3.73215755E-07hfrac  0.392379761
 wtx  6.42933912E-07hfrac  0.392379761
 wtx  7.44217232E-07hfrac  0.392379761
 wtx  6.3912222E-07hfrac  0.392379761
 wtx  4.65112066E-07hfrac  0.392379761
 wtx  7.04006084E-07hfrac  0.392379761
 wtx  7.01422778E-07hfrac  0.392379761
 wtx  6.20920446E-07hfrac  0.392379761
 wtx  1.38430538E-08hfrac  0.392379761
 wtx  7.5644266E-07hfrac  0.392379761
 wtx  4.12563253E-07hfrac  0.392379761
 wtx  5.57742567E-07hfrac  0.392379761
 wtx  7.51802133E-07hfrac  0.392379761
 wtx  1.10497005E-07hfrac  0.392379761
 wtx  6.46464002E-07hfrac  0.392379761
 wtx  7.60286127E-07hfrac  0.392379761
 wtx  2.5546629E-07hfrac  0.392379761
 wtx  2.84662036E-07hfrac  0.392379761
 wtx  4.32914845E-07hfrac  0.392379761
 wtx  7.86804947E-07hfrac  0.392379761
 wtx  7.12129804E-07hfrac  0.392379761
 wtx  3.47733646E-07hfrac  0.392379761
 wtx  2.53036205E-07hfrac  0.392379761
 wtx  2.64616688E-07hfrac  0.392379761
 wtx  6.95599056E-07hfrac  0.392379761
 wtx  7.60582495E-08hfrac  0.392379761
 wtx  5.01263912E-07hfrac  0.392379761
 wtx  6.82541383E-07hfrac  0.392379761
 wtx  4.21608092E-07hfrac  0.392379761
 wtx  3.07001415E-07hfrac  0.392379761
 wtx  3.8716081E-07hfrac  0.392379761
 wtx  3.43608889E-07hfrac  0.392379761
 wtx  1.49728891E-07hfrac  0.392379761
 wtx  7.25648249E-07hfrac  0.392379761
 wtx  7.89108185E-07hfrac  0.392379761
 wtx  3.13994661E-07hfrac  0.392379761
 wtx  8.16130978E-07hfrac  0.392379761
 wtx  6.28150985E-07hfrac  0.392379761
 wtx  4.80995141E-07hfrac  0.392379761
 wtx  8.48611819E-07hfrac  0.392379761
 wtx  7.12175108E-07hfrac  0.392379761
   1       2.906226     0.1863E-01   2.906226     0.1863E-01  0.000    
   2       2.919945     0.1584E-01   2.914221     0.1206E-01 0.3145    



 INPUT PARAMETERS FOR VEGAS:  NDIM=  3  NCALL=  4920750.
                              IT=    0  ITMX=    4
                              MDS= -1   ND=  45
   1       2.935745     0.4883E-02   2.935745     0.4883E-02  0.000    
   2       2.923571     0.4889E-02   2.929691     0.3455E-02  3.104    
   3       2.929844     0.4881E-02   2.929742     0.2820E-02  1.552    
   4       2.920219     0.4876E-02   2.927367     0.2441E-02  1.986    



 INPUT PARAMETERS FOR VEGAS:  NDIM=  6  NCALL=    78125.
                              IT=    0  ITMX=    4
                              MDS=  1   ND=  50
 **sig1: iscalef=  7
 **sig1: mur=   7.86349192
 **sig1: iscalef=  7
 **sig1: muf=   7.86349192
 ALFAS  =   0.256837288
 MUR2   =   7.86349192
 LOGMUR =  -0.945924021
 MUF2   =   7.86349192
 LOGMUF =  -0.945924021
  
 INTEGRATING NLO GLUON ...
  
   1       1.516449     0.2977       1.516449     0.2977      0.000    
   2       2.300539     0.5024       1.866886     0.2845      1.878    
   3       2.570941     0.5370       2.097967     0.2604      1.559    
   4       1.636186     0.2829       1.948381     0.2021      1.547    



 INPUT PARAMETERS FOR VEGAS:  NDIM=  6  NCALL=   786432.
                              IT=    0  ITMX=    8
                              MDS=  1   ND=  50
   1       1.884499     0.1330       1.884499     0.1330      0.000    
   2       1.825691     0.1115       1.850874     0.8572E-01 0.1153    
   3       1.746226     0.1308       1.822025     0.7155E-01 0.2735    
   4       1.966026     0.1385       1.856225     0.6377E-01 0.4828    
   5       1.909693     0.1526       1.864559     0.5892E-01 0.3851    
   6       2.043969     0.1430       1.894887     0.5459E-01 0.6017    
   7       1.730447     0.1167       1.869587     0.4960E-01 0.7523    
   8       1.710956     0.9729E-01   1.841368     0.4450E-01 0.9241    



 INPUT PARAMETERS FOR VEGAS:  NDIM=  6  NCALL=    78125.
                              IT=    0  ITMX=    4
                              MDS=  1   ND=  50
 ALFAS  =   0.275416693
 MUR2   =   5.64972322
 LOGMUR =  -1.27654824
 MUF2   =   5.64972322
 LOGMUF =  -1.27654824
  
 INTEGRATING QUARK INITIATED ...
  
   1      0.9352665     0.2312      0.9352665     0.2312      0.000    
   2      0.7469496     0.8488E-01  0.7798097     0.8739E-01 0.6690    
   3      0.9356693     0.1078      0.8492489     0.6744E-01 0.9712    
   4      0.7632382     0.8905E-01  0.8232071     0.5457E-01 0.8641    



 INPUT PARAMETERS FOR VEGAS:  NDIM=  6  NCALL=   786432.
                              IT=    0  ITMX=    8
                              MDS=  1   ND=  50
   1      0.6717732     0.1838      0.6717732     0.1838      0.000    
   2      0.7917425     0.2589E-01  0.7900535     0.2384E-01 0.3516    
   3      0.8626414     0.5168E-01  0.8065312     0.2225E-01  1.090    
   4      0.8233858     0.3176E-01  0.8124947     0.1814E-01 0.7721    
   5      0.7965330     0.2995E-01  0.8081630     0.1551E-01 0.6297    
   6      0.7677056     0.2464E-01  0.7971850     0.1317E-01 0.8820    
   7      0.8592060     0.4864E-01  0.8021596     0.1280E-01  1.004    
   8      0.8052824     0.6826E-01  0.8022675     0.1259E-01 0.8592    
  
 CROSS SECTION =   5.57100229 +/-   0.0463141425
  
  # of events with muons:  0 out of:  53138645
  All:           1. muons:   25.2583103 2. muon   1.45022762
 In acc: 1. muons:     18.131:      0.718 % 2. muon      2.087:      1.439 %
  Norm Histos here: lum=   1.lumbreit lum1  1.
  ZEUS scenario in Lab frame Q2>4
  Total      sig (pb):   126.015038
  b tot  sig (pb):   62.7296715
  >=1jets sig (pb):   95.3200836
  muon +no cuts on jet sig (pb):   13.3435478
  muon+jet    sig (pb):   11.0165844
  muon+jet+cone sig (pb):   6.60646582
  ZEUS scenario in Breit frame Q2>2 
  tot        sig (pb):   126.015045
  b.cross    sig (pb):   68.2874146
  >=1jet sig (pb):   73.5944443
  muon nojet cut sig (pb):   7.34773397
  muon+jet   sig (pb):   5.57681704
 incl jet   sig (pb):  21.1227665
 incl muon  sig (pb):  6.05698442
 incl b     sig (pb):  87.7563324
 generator:HVQ     hfrac  0.2205
  Output Histos here 
