  
 ============================
 | HVQDIS  V1.4  APRIL 2000 |
 ============================
  
 NORDER    =        2
 ISCALER   =        5
 ISCALEF   =        5
 IPDF      =        5
 PTS0      =   500000
 ITS0      =        2
 PTS1      =    80000
 ITS1      =        4
 IQUARK    =        2
 MASS      =      4.75
 EPRO      =    920.00
 EIEL      =     27.50
 Q2MIN     =    199.90
 Q2MAX     =    201.10
 XBJMIN    =      0.03
 XBJMAX    =      0.03
 YMIN      =      0.05
 YMAX      =      0.70
 ETAMAX    =      2.50
 PTMIN     =      0.00
 PTMAX     =   *******
 IFRAG     =        0
 ISL       =        1
 EPS       =      0.0035
 HFRAC     =      0.2205
 XMD       =      5.2780
 TCFRAG    =        0
 TCSL    =        1
 PREF      =   f2b_200_300.histos                      
  
 BOTTOM PRODUCTION
 RM48 INITIALIZED:        40           0         0
 **hist: start histos 
 HPATH.  ERROR IN PATHNAME,


 ===> Directory : 
  create directory HISB
 hfrac:  0.2205
 **hzb: Version kula1  
 FULL LO+NLO ME



 INPUT PARAMETERS FOR VEGAS:  NDIM=  3  NCALL=   476656.
                              IT=    0  ITMX=    2
                              MDS= -1   ND=  31
 **MScale: SCALFA=   1. ISCALE=  5
 **MScale: scale: Pt2+4 M2 
 wtx  2.47762283E-10hfrac  0.392379761
 **frag: Peterson frag function 
 **frag: Vincenzo semi-leptonic routine dir+indir 

 ******************************************************
 KTCLUS: written by Mike Seymour, July 1992.
 Last modified October 1997.
 Please send comments or suggestions to Mike.Seymour@rl.ac.uk

       Collision type = 3 = pe        
     Angular variable = 2 = DeltaR    
 Monotonic definition = 1 = no        
 Recombination scheme = 1 = E         
 Ecut=  1.00
 ******************************************************

 wtx  5.29323585E-10hfrac  0.392379761
 wtx  4.74874862E-10hfrac  0.392379761
 wtx  2.43470827E-10hfrac  0.392379761
 **bmatch: create BMAT   
 BMAT    histos booked ! 
 wtx  9.62999125E-11hfrac  0.392379761
 wtx  2.20226296E-10hfrac  0.392379761
 wtx  1.37163111E-11hfrac  0.392379761
 wtx  2.36011921E-13hfrac  0.392379761
 wtx  3.11750598E-10hfrac  0.392379761
 wtx  5.16552023E-10hfrac  0.392379761
 wtx  5.02543063E-10hfrac  0.392379761
 wtx  3.70330461E-10hfrac  0.392379761
 wtx  3.90442317E-10hfrac  0.392379761
 wtx  3.85821874E-10hfrac  0.392379761
 wtx  2.54054472E-10hfrac  0.392379761
 wtx  2.29740102E-10hfrac  0.392379761
 wtx  2.27966396E-11hfrac  0.392379761
 wtx  5.37172945E-11hfrac  0.392379761
 wtx  3.41747575E-10hfrac  0.392379761
 wtx  5.41535372E-10hfrac  0.392379761
 wtx  4.2248588E-10hfrac  0.392379761
 wtx  4.11791878E-10hfrac  0.392379761
 wtx  5.18848353E-10hfrac  0.392379761
 wtx  5.6027355E-10hfrac  0.392379761
 wtx  2.05456943E-10hfrac  0.392379761
 wtx  9.54983401E-12hfrac  0.392379761
 wtx  3.88557325E-10hfrac  0.392379761
 wtx  4.77596129E-10hfrac  0.392379761
 wtx  1.45375387E-11hfrac  0.392379761
 wtx  4.53792004E-10hfrac  0.392379761
 wtx  1.48567519E-10hfrac  0.392379761
 wtx  5.15063547E-10hfrac  0.392379761
 wtx  4.73492634E-10hfrac  0.392379761
 wtx  2.67629835E-10hfrac  0.392379761
 wtx  3.59411112E-11hfrac  0.392379761
 wtx  1.99840505E-10hfrac  0.392379761
 wtx  4.87144436E-10hfrac  0.392379761
 wtx  4.59909305E-10hfrac  0.392379761
 wtx  3.35697962E-11hfrac  0.392379761
 wtx  4.46400694E-10hfrac  0.392379761
 wtx  1.18845975E-10hfrac  0.392379761
 wtx  4.20246282E-10hfrac  0.392379761
 wtx  4.95861907E-10hfrac  0.392379761
 wtx  2.97273206E-10hfrac  0.392379761
 wtx  4.59571936E-10hfrac  0.392379761
 wtx  2.96057866E-11hfrac  0.392379761
 wtx  2.72022682E-10hfrac  0.392379761
 wtx  1.54220942E-10hfrac  0.392379761
 wtx  1.39542283E-15hfrac  0.392379761
 wtx  5.24435995E-10hfrac  0.392379761
 wtx  2.94391705E-10hfrac  0.392379761
 wtx  4.67987649E-10hfrac  0.392379761
 wtx  4.36831071E-10hfrac  0.392379761
 wtx  4.76995832E-10hfrac  0.392379761
 wtx  3.91445265E-10hfrac  0.392379761
 wtx  3.63454211E-10hfrac  0.392379761
 wtx  5.28345423E-11hfrac  0.392379761
 wtx  1.23916349E-10hfrac  0.392379761
 wtx  2.80160395E-10hfrac  0.392379761
 wtx  1.16424898E-10hfrac  0.392379761
 wtx  5.31645616E-10hfrac  0.392379761
 wtx  5.58258891E-11hfrac  0.392379761
 wtx  5.30652911E-10hfrac  0.392379761
 wtx  3.140182E-10hfrac  0.392379761
 wtx  2.28700406E-10hfrac  0.392379761
 wtx  1.72717035E-10hfrac  0.392379761
 wtx  4.7868387E-10hfrac  0.392379761
 wtx  5.58833368E-10hfrac  0.392379761
 wtx  1.36410119E-11hfrac  0.392379761
 wtx  2.25655883E-10hfrac  0.392379761
 wtx  7.92060081E-12hfrac  0.392379761
 wtx  4.43895837E-10hfrac  0.392379761
 wtx  4.29586672E-10hfrac  0.392379761
 wtx  9.91759799E-12hfrac  0.392379761
 wtx  3.52818053E-10hfrac  0.392379761
 wtx  2.55084204E-10hfrac  0.392379761
 wtx  2.49834015E-10hfrac  0.392379761
 wtx  3.85618273E-11hfrac  0.392379761
 wtx  5.0381499E-10hfrac  0.392379761
 wtx  4.56043103E-12hfrac  0.392379761
 wtx  5.34306543E-10hfrac  0.392379761
 wtx  1.88977181E-10hfrac  0.392379761
 wtx  4.46973347E-10hfrac  0.392379761
 wtx  5.52620671E-10hfrac  0.392379761
 wtx  1.96364619E-10hfrac  0.392379761
 wtx  3.82431781E-10hfrac  0.392379761
 wtx  9.72698866E-11hfrac  0.392379761
 wtx  5.06571673E-10hfrac  0.392379761
 wtx  2.60668737E-10hfrac  0.392379761
 wtx  3.92829463E-10hfrac  0.392379761
 wtx  3.16213139E-10hfrac  0.392379761
 wtx  3.31334876E-10hfrac  0.392379761
 wtx  1.18101126E-10hfrac  0.392379761
 wtx  4.40236847E-10hfrac  0.392379761
 wtx  4.86661877E-10hfrac  0.392379761
 wtx  1.58113064E-10hfrac  0.392379761
 wtx  3.99098532E-10hfrac  0.392379761
 wtx  4.45858017E-10hfrac  0.392379761
 wtx  2.11305931E-10hfrac  0.392379761
 wtx  4.47984566E-10hfrac  0.392379761
   1      0.2416278E-05 0.9055E-06  0.2416278E-05 0.9055E-06  0.000    
   2      0.1497085E-05 0.2444E-06  0.1643666E-05 0.3008E-06  1.252    



 INPUT PARAMETERS FOR VEGAS:  NDIM=  3  NCALL=  4920750.
                              IT=    0  ITMX=    4
                              MDS= -1   ND=  45
   1      0.1603419E-05 0.2011E-07  0.1603419E-05 0.2011E-07  0.000    
   2      0.1548074E-05 0.1919E-07  0.1575430E-05 0.1389E-07  3.966    
   3      0.1585225E-05 0.2010E-07  0.1578621E-05 0.1143E-07  2.056    
   4      0.1597533E-05 0.2031E-07  0.1583251E-05 0.9963E-08  1.585    



 INPUT PARAMETERS FOR VEGAS:  NDIM=  6  NCALL=    78125.
                              IT=    0  ITMX=    4
                              MDS=  1   ND=  50
 ALFAS  =   0.174299771
 MUR2   =   90.6458022
 LOGMUR =   1.39067039
 MUF2   =   90.6458022
 LOGMUF =   1.39067039
  
 INTEGRATING NLO GLUON ...
  
   1     -0.1290972E-05 0.1291E-05 -0.1290972E-05 0.1291E-05  0.000    
   2      0.3280543E-09 0.3281E-09 -0.6454809E-06 0.6456E-06  1.000    
   3     -0.1539568E-08 0.1809E-08 -0.4742170E-06 0.4516E-06 0.9487    
   4     -0.1256417E-06 0.9870E-07 -0.3442052E-06 0.3112E-06 0.9332    



 INPUT PARAMETERS FOR VEGAS:  NDIM=  6  NCALL=   786432.
                              IT=    0  ITMX=    8
                              MDS=  1   ND=  50
   1      0.1652658E-05 0.2841E-05  0.1652658E-05 0.2841E-05  0.000    
   2      0.2308932E-06 0.1447E-06  0.3975461E-06 0.6946E-06 0.4336    
   3      0.5537260E-06 0.3321E-06  0.4741770E-06 0.4264E-06 0.3097    
   4      0.1053596E-06 0.7551E-07  0.3798600E-06 0.3192E-06 0.3590    
   5     -0.1496402E-07 0.1363E-06  0.3792355E-06 0.2853E-06 0.3373    
   6     -0.8659240E-06 0.1098E-05  0.2852727E-06 0.2790E-06 0.5387    
   7      0.2945642E-06 0.3428E-06  0.2860362E-06 0.2502E-06 0.5122    
   8      0.1717664E-06 0.1173E-06  0.2640171E-06 0.2111E-06 0.5045    



 INPUT PARAMETERS FOR VEGAS:  NDIM=  6  NCALL=    78125.
                              IT=    0  ITMX=    4
                              MDS=  1   ND=  50
 ALFAS  =   0.171673408
 MUR2   =   102.214168
 LOGMUR =   1.51078106
 MUF2   =   102.214168
 LOGMUF =   1.51078106
  
 INTEGRATING QUARK INITIATED ...
  
   1     -0.5367923E-06 0.5676E-06 -0.5367923E-06 0.5676E-06  0.000    
   2     -0.2457590E-09 0.2214E-09 -0.2259568E-06 0.2603E-06  1.035    
   3     -0.9449884E-08 0.8139E-08 -0.1419496E-06 0.1663E-06 0.9776    
   4     -0.5532124E-07 0.3988E-07 -0.1110753E-06 0.1161E-06 0.9024    



 INPUT PARAMETERS FOR VEGAS:  NDIM=  6  NCALL=   786432.
                              IT=    0  ITMX=    8
                              MDS=  1   ND=  50
   1      0.1903554E-07 0.4184E-07  0.1903554E-07 0.4184E-07  0.000    
   2     -0.2172545E-07 0.1732E-07 -0.1698464E-07 0.1531E-07 0.7286    
   3     -0.7206491E-07 0.3030E-07 -0.5887998E-07 0.1644E-07  1.098    
   4      0.6660965E-08 0.3523E-07 -0.5856637E-07 0.1425E-07  1.002    
   5     -0.6250517E-06 0.6238E-06 -0.1256665E-06 0.9676E-07 0.9091    
   6      0.1616549E-07 0.4962E-07 -0.1239125E-06 0.8781E-07 0.8785    
   7      0.2119003E-07 0.3754E-07 -0.1187182E-06 0.7988E-07 0.8721    
   8     -0.5485061E-06 0.5062E-06 -0.1688141E-06 0.9309E-07 0.7999    
  
 CROSS SECTION =   1.67845424E-06 +/-   2.30934385E-07
  
  # of events with muons:  0 out of:  29678866
  All:           1. muons:   4.26764709E-05 2. muon   4.79104483E-06
 In acc: 1. muons:      0.000:      0.325 % 2. muon      0.000:      0.311 %
  Norm Histos here: lum=   1.lumbreit lum1  1.
  ZEUS scenario in Lab frame Q2>4
  Total      sig (pb):   0.000255351304
  b tot  sig (pb):   0.000150113672
  >=1jets sig (pb):   0.000250489422
  muon +no cuts on jet sig (pb):   2.24754804E-05
  muon+jet    sig (pb):   2.16393637E-05
  muon+jet+cone sig (pb):   2.47227217E-05
  ZEUS scenario in Breit frame Q2>2 
  tot        sig (pb):   0.000255351304
  b.cross    sig (pb):   0.000185797689
  >=1jet sig (pb):   0.00010829731
  muon nojet cut sig (pb):   5.72654062E-06
  muon+jet   sig (pb):   1.69903547E-06
 incl jet   sig (pb):  5.81201675E-06
 incl muon  sig (pb):  1.75903233E-06
 incl b     sig (pb):  0.000148104096
 generator:HVQ     hfrac  0.2205
  Output Histos here 
