  
 ============================
 | HVQDIS  V1.4  APRIL 2000 |
 ============================
  
 NORDER    =        2
 ISCALER   =        5
 ISCALEF   =        5
 IPDF      =        5
 PTS0      =   500000
 ITS0      =        2
 PTS1      =    80000
 ITS1      =        4
 IQUARK    =        2
 MASS      =      4.75
 EPRO      =    920.00
 EIEL      =     27.50
 Q2MIN     =    199.90
 Q2MAX     =    201.10
 XBJMIN    =      0.00
 XBJMAX    =      0.00
 YMIN      =      0.05
 YMAX      =      0.70
 ETAMAX    =      2.50
 PTMIN     =      0.00
 PTMAX     =   *******
 IFRAG     =        0
 ISL       =        1
 EPS       =      0.0035
 HFRAC     =      0.2205
 XMD       =      5.2780
 TCFRAG    =        0
 TCSL    =        1
 PREF      =   f2b_200_30.histos                       
  
 BOTTOM PRODUCTION
 RM48 INITIALIZED:        40           0         0
 **hist: start histos 
 HPATH.  ERROR IN PATHNAME,


 ===> Directory : 
  create directory HISB
 hfrac:  0.2205
 **hzb: Version kula1  
 FULL LO+NLO ME



 INPUT PARAMETERS FOR VEGAS:  NDIM=  3  NCALL=   476656.
                              IT=    0  ITMX=    2
                              MDS= -1   ND=  31
 **MScale: SCALFA=   1. ISCALE=  5
 **MScale: scale: Pt2+4 M2 
 wtx  1.53645416E-10hfrac  0.392379761
 **frag: Peterson frag function 
 **frag: Vincenzo semi-leptonic routine dir+indir 

 ******************************************************
 KTCLUS: written by Mike Seymour, July 1992.
 Last modified October 1997.
 Please send comments or suggestions to Mike.Seymour@rl.ac.uk

       Collision type = 3 = pe        
     Angular variable = 2 = DeltaR    
 Monotonic definition = 1 = no        
 Recombination scheme = 1 = E         
 Ecut=  1.00
 ******************************************************

 wtx  4.18779768E-11hfrac  0.392379761
 wtx  5.29079766E-11hfrac  0.392379761
 wtx  1.12140512E-10hfrac  0.392379761
 wtx  1.17643326E-10hfrac  0.392379761
 **bmatch: create BMAT   
 BMAT    histos booked ! 
 wtx  7.48145365E-11hfrac  0.392379761
 wtx  7.36141703E-11hfrac  0.392379761
 wtx  9.34716124E-11hfrac  0.392379761
 wtx  1.17382104E-10hfrac  0.392379761
 wtx  1.182065E-10hfrac  0.392379761
 wtx  1.04788608E-10hfrac  0.392379761
 wtx  3.80637605E-11hfrac  0.392379761
 wtx  1.19033519E-10hfrac  0.392379761
 wtx  9.81485726E-11hfrac  0.392379761
 wtx  1.31310976E-10hfrac  0.392379761
 wtx  7.09185974E-11hfrac  0.392379761
 wtx  3.22786936E-13hfrac  0.392379761
 wtx  1.00776602E-10hfrac  0.392379761
 wtx  1.51726201E-10hfrac  0.392379761
 wtx  1.34469935E-10hfrac  0.392379761
 wtx  9.13071285E-11hfrac  0.392379761
 wtx  6.02713435E-11hfrac  0.392379761
 wtx  6.70374589E-11hfrac  0.392379761
 wtx  1.11527509E-10hfrac  0.392379761
 wtx  9.48846279E-11hfrac  0.392379761
 wtx  1.53815415E-11hfrac  0.392379761
 wtx  1.37585152E-10hfrac  0.392379761
 wtx  7.44081116E-11hfrac  0.392379761
 wtx  1.50832166E-10hfrac  0.392379761
 wtx  1.27991381E-10hfrac  0.392379761
 wtx  1.60316066E-10hfrac  0.392379761
 wtx  1.78073181E-10hfrac  0.392379761
 wtx  2.07848336E-10hfrac  0.392379761
 wtx  7.0424325E-13hfrac  0.392379761
 wtx  1.92401269E-11hfrac  0.392379761
 wtx  1.40238779E-10hfrac  0.392379761
 wtx  8.36811453E-11hfrac  0.392379761
 wtx  6.46777285E-11hfrac  0.392379761
 wtx  1.23591082E-10hfrac  0.392379761
 wtx  3.78847197E-11hfrac  0.392379761
 wtx  8.28155669E-11hfrac  0.392379761
 wtx  7.07697234E-11hfrac  0.392379761
 wtx  1.00277363E-10hfrac  0.392379761
 wtx  4.98178894E-11hfrac  0.392379761
 wtx  2.68690799E-11hfrac  0.392379761
 wtx  7.987256E-11hfrac  0.392379761
 wtx  8.26409219E-11hfrac  0.392379761
 wtx  1.60485625E-10hfrac  0.392379761
 wtx  1.0879897E-10hfrac  0.392379761
 wtx  8.61317684E-11hfrac  0.392379761
 wtx  1.9086217E-12hfrac  0.392379761
 wtx  1.65220296E-10hfrac  0.392379761
 wtx  9.82634737E-11hfrac  0.392379761
 wtx  1.04921356E-10hfrac  0.392379761
 wtx  2.86992773E-11hfrac  0.392379761
 wtx  6.24634788E-11hfrac  0.392379761
 wtx  1.07552717E-10hfrac  0.392379761
 wtx  9.98713404E-11hfrac  0.392379761
 wtx  7.09390879E-11hfrac  0.392379761
 wtx  1.14778083E-10hfrac  0.392379761
 wtx  1.15541021E-10hfrac  0.392379761
 wtx  9.44447506E-11hfrac  0.392379761
 wtx  8.03014686E-12hfrac  0.392379761
 wtx  8.46846898E-11hfrac  0.392379761
 wtx  1.10009668E-10hfrac  0.392379761
 wtx  5.33947799E-12hfrac  0.392379761
 wtx  1.41656228E-10hfrac  0.392379761
 wtx  7.58208357E-11hfrac  0.392379761
 wtx  1.2654619E-10hfrac  0.392379761
 wtx  1.65047281E-10hfrac  0.392379761
 wtx  1.23380854E-11hfrac  0.392379761
 wtx  9.71653313E-11hfrac  0.392379761
 wtx  2.7413705E-11hfrac  0.392379761
 wtx  1.77921539E-10hfrac  0.392379761
 wtx  3.76672651E-11hfrac  0.392379761
 wtx  9.46946341E-11hfrac  0.392379761
 wtx  4.80249347E-11hfrac  0.392379761
 wtx  1.32265171E-10hfrac  0.392379761
 wtx  1.26818153E-10hfrac  0.392379761
 wtx  1.02432243E-10hfrac  0.392379761
 wtx  1.11915963E-10hfrac  0.392379761
 wtx  4.24130071E-11hfrac  0.392379761
 wtx  1.09362117E-10hfrac  0.392379761
 wtx  9.85613813E-11hfrac  0.392379761
 wtx  8.27567043E-11hfrac  0.392379761
 wtx  6.30551236E-11hfrac  0.392379761
 wtx  1.2232293E-10hfrac  0.392379761
 wtx  8.77963119E-11hfrac  0.392379761
 wtx  6.09067241E-11hfrac  0.392379761
 wtx  8.81046902E-11hfrac  0.392379761
 wtx  1.0244311E-10hfrac  0.392379761
 wtx  3.55160935E-11hfrac  0.392379761
 wtx  1.16655741E-10hfrac  0.392379761
 wtx  2.88047832E-11hfrac  0.392379761
 wtx  1.42487716E-10hfrac  0.392379761
 wtx  1.37113668E-10hfrac  0.392379761
 wtx  2.84419623E-11hfrac  0.392379761
 wtx  1.32231977E-11hfrac  0.392379761
 wtx  3.42631687E-11hfrac  0.392379761
 wtx  1.16840496E-10hfrac  0.392379761
   1      0.4410960E-04 0.1908E-05  0.4410960E-04 0.1908E-05  0.000    
   2      0.4583618E-04 0.5881E-06  0.4569658E-04 0.5533E-06 0.7236    



 INPUT PARAMETERS FOR VEGAS:  NDIM=  3  NCALL=  4920750.
                              IT=    0  ITMX=    4
                              MDS= -1   ND=  45
   1      0.4608885E-04 0.6822E-07  0.4608885E-04 0.6822E-07  0.000    
   2      0.4621695E-04 0.6835E-07  0.4615296E-04 0.4828E-07  1.760    
   3      0.4602690E-04 0.6823E-07  0.4611105E-04 0.3941E-07  2.016    
   4      0.4608498E-04 0.6818E-07  0.4610453E-04 0.3412E-07  1.381    



 INPUT PARAMETERS FOR VEGAS:  NDIM=  6  NCALL=    78125.
                              IT=    0  ITMX=    4
                              MDS=  1   ND=  50
 ALFAS  =   0.165976376
 MUR2   =   134.499887
 LOGMUR =   1.78527412
 MUF2   =   134.499887
 LOGMUF =   1.78527412
  
 INTEGRATING NLO GLUON ...
  
   1      0.2413310E-04 0.1955E-04  0.2413310E-04 0.1955E-04  0.000    
   2      0.1776597E-04 0.1093E-04  0.2009439E-04 0.1038E-04 0.8727E-01
   3      0.7326651E-05 0.3714E-05  0.1392938E-04 0.6274E-05 0.5787    
   4      0.1787697E-04 0.2903E-05  0.1718509E-04 0.2629E-05 0.4937    



 INPUT PARAMETERS FOR VEGAS:  NDIM=  6  NCALL=   786432.
                              IT=    0  ITMX=    8
                              MDS=  1   ND=  50
   1      0.1981985E-04 0.9426E-06  0.1981985E-04 0.9426E-06  0.000    
   2      0.1868593E-04 0.2217E-05  0.1966294E-04 0.8503E-06 0.2121    
   3      0.1937816E-04 0.1093E-05  0.1955476E-04 0.6709E-06 0.1268    
   4      0.1963809E-04 0.8187E-06  0.1958894E-04 0.5176E-06 0.8590E-01
   5      0.1959661E-04 0.8901E-06  0.1959091E-04 0.4472E-06 0.6416E-01
   6      0.2226819E-04 0.4089E-05  0.1963233E-04 0.4551E-06 0.1542    
   7      0.1722405E-04 0.8350E-06  0.1919492E-04 0.4042E-06  1.013    
   8      0.1886240E-04 0.1087E-05  0.1915703E-04 0.3788E-06 0.8868    



 INPUT PARAMETERS FOR VEGAS:  NDIM=  6  NCALL=    78125.
                              IT=    0  ITMX=    4
                              MDS=  1   ND=  50
 ALFAS  =   0.171452889
 MUR2   =   103.268663
 LOGMUR =   1.52104474
 MUF2   =   103.268663
 LOGMUF =   1.52104474
  
 INTEGRATING QUARK INITIATED ...
  
   1      0.2355512E-05 0.1143E-05  0.2355512E-05 0.1143E-05  0.000    
   2      0.2389547E-05 0.1008E-05  0.2374905E-05 0.7554E-06 0.4976E-03
   3      0.2780513E-05 0.8176E-06  0.2593808E-05 0.5435E-06 0.6941E-01
   4      0.2620646E-05 0.5339E-06  0.2608011E-05 0.3768E-06 0.4573E-01



 INPUT PARAMETERS FOR VEGAS:  NDIM=  6  NCALL=   786432.
                              IT=    0  ITMX=    8
                              MDS=  1   ND=  50
   1      0.2631853E-05 0.3125E-06  0.2631853E-05 0.3125E-06  0.000    
   2      0.2412230E-05 0.2376E-06  0.2501767E-05 0.1914E-06 0.3180    
   3      0.2583641E-05 0.4316E-06  0.2515750E-05 0.1756E-06 0.1719    
   4      0.2675255E-05 0.3556E-06  0.2549628E-05 0.1579E-06 0.1686    
   5      0.2241043E-05 0.2442E-06  0.2475499E-05 0.1342E-06 0.3740    
   6      0.2562459E-05 0.2486E-06  0.2495717E-05 0.1180E-06 0.3166    
   7      0.2284054E-05 0.1982E-06  0.2448037E-05 0.1025E-06 0.3948    
   8      0.2445951E-05 0.2705E-06  0.2447783E-05 0.9586E-07 0.3399    
  
 CROSS SECTION =   6.77093382E-05 +/-   3.92248568E-07
  
  # of events with muons:  0 out of:  30314452
  All:           1. muons:   0.000213404594 2. muon   1.31043498E-05
 In acc: 1. muons:      0.000:      0.967 % 2. muon      0.000:      1.925 %
  Norm Histos here: lum=   1.lumbreit lum1  1.
  ZEUS scenario in Lab frame Q2>4
  Total      sig (pb):   0.0007178667
  b tot  sig (pb):   0.000543256989
  >=1jets sig (pb):   0.000697307405
  muon +no cuts on jet sig (pb):   0.000103265658
  muon+jet    sig (pb):   0.000101846548
  muon+jet+cone sig (pb):   7.75606532E-05
  ZEUS scenario in Breit frame Q2>2 
  tot        sig (pb):   0.0007178667
  b.cross    sig (pb):   0.000564242247
  >=1jet sig (pb):   0.000538217661
  muon nojet cut sig (pb):   8.31465222E-05
  muon+jet   sig (pb):   6.80181474E-05
 incl jet   sig (pb):  0.000312055257
 incl muon  sig (pb):  7.46454098E-05
 incl b     sig (pb):  0.000883333909
 generator:HVQ     hfrac  0.2205
  Output Histos here 
