  
 ============================
 | HVQDIS  V1.4  APRIL 2000 |
 ============================
  
 NORDER    =        2
 ISCALER   =        7
 ISCALEF   =        7
 IPDF      =        5
 PTS0      =   500000
 ITS0      =        2
 PTS1      =    80000
 ITS1      =        4
 IQUARK    =        2
 MASS      =      4.75
 EPRO      =    920.00
 EIEL      =     27.50
 Q2MIN     =      2.00
 Q2MAX     =      4.00
 XBJMIN    =      0.00
 XBJMAX    =      1.00
 YMIN      =      0.05
 YMAX      =      0.70
 ETAMAX    =      2.50
 PTMIN     =      0.00
 PTMAX     =   *******
 IFRAG     =        0
 ISL       =        1
 EPS       =      0.0035
 HFRAC     =      0.2205
 XMD       =      5.2780
 TCFRAG    =        0
 TCSL    =        1
 PREF      =   f2b_2-4_0.0-1._r7_f7_m4.75.histos       
  
 BOTTOM PRODUCTION
 RM48 INITIALIZED:        40           0         0
 **hist: start histos 
 HPATH.  ERROR IN PATHNAME,


 ===> Directory : 
  create directory HISB
 hfrac:  0.2205
 **hzb: Version kula1  
 FULL LO+NLO ME



 INPUT PARAMETERS FOR VEGAS:  NDIM=  3  NCALL=   476656.
                              IT=    0  ITMX=    2
                              MDS= -1   ND=  31
 **MScale: SCALFA=   1. ISCALE=  7
 **MScale: scale: (Q2+Pt2+M2)/4 
 1**Scales: M2=   22.5625 Q2=   2.01524278 X2=   0.0242675745
 1**Scale:   6.15050259
 **MScale: SCALFA=   1. ISCALE=  7
 **MScale: scale: (Q2+Pt2+M2)/4 
 2**Scales: M2=   22.5625 Q2=   2.01524278 X2=   0.0242675745
 2**Scale:   6.15050259
 wtx  4.30905089E-08hfrac  0.392379761
 **frag: Peterson frag function 
 **frag: Vincenzo semi-leptonic routine dir+indir 

 ******************************************************
 KTCLUS: written by Mike Seymour, July 1992.
 Last modified October 1997.
 Please send comments or suggestions to Mike.Seymour@rl.ac.uk

       Collision type = 3 = pe        
     Angular variable = 2 = DeltaR    
 Monotonic definition = 1 = no        
 Recombination scheme = 1 = E         
 Ecut=  1.00
 ******************************************************

 **MScale: SCALFA=   1. ISCALE=  7
 **MScale: scale: (Q2+Pt2+M2)/4 
 3**Scales: M2=   22.5625 Q2=   2.01210064 X2=   0.0199466652
 3**Scale:   6.14863683
 **MScale: SCALFA=   1. ISCALE=  7
 **MScale: scale: (Q2+Pt2+M2)/4 
 4**Scales: M2=   22.5625 Q2=   2.01210064 X2=   0.0199466652
 4**Scale:   6.14863683
 wtx  3.8629377E-08hfrac  0.392379761
 **MScale: SCALFA=   1. ISCALE=  7
 **MScale: scale: (Q2+Pt2+M2)/4 
 5**Scales: M2=   22.5625 Q2=   2.02598475 X2=   0.146220395
 5**Scale:   6.18367629
 6**Scales: M2=   22.5625 Q2=   2.02598475 X2=   0.146220395
 6**Scale:   6.18367629
 wtx  1.00705854E-07hfrac  0.392379761
 7**Scales: M2=   22.5625 Q2=   2.02490205 X2=   0.0256576235
 7**Scale:   6.15326492
 8**Scales: M2=   22.5625 Q2=   2.02490205 X2=   0.0256576235
 8**Scale:   6.15326492
 wtx  3.45153204E-08hfrac  0.392379761
 9**Scales: M2=   22.5625 Q2=   2.01264195 X2=   0.0309355978
 9**Scale:   6.15151939
 10**Scales: M2=   22.5625 Q2=   2.01264195 X2=   0.0309355978
 10**Scale:   6.15151939
 wtx  3.55385446E-08hfrac  0.392379761
 11**Scales: M2=   22.5625 Q2=   2.02084519 X2=   0.486184276
 11**Scale:   6.26738237
 12**Scales: M2=   22.5625 Q2=   2.02084519 X2=   0.486184276
 12**Scale:   6.26738237
 wtx  1.97494813E-07hfrac  0.392379761
 13**Scales: M2=   22.5625 Q2=   2.01614734 X2=   0.598861514
 13**Scale:   6.29437721
 14**Scales: M2=   22.5625 Q2=   2.01614734 X2=   0.598861514
 14**Scale:   6.29437721
 wtx  1.96057982E-07hfrac  0.392379761
 15**Scales: M2=   22.5625 Q2=   2.02331825 X2=   0.162284427
 15**Scale:   6.18702567
 16**Scales: M2=   22.5625 Q2=   2.02331825 X2=   0.162284427
 16**Scale:   6.18702567
 wtx  8.23614172E-08hfrac  0.392379761
 17**Scales: M2=   22.5625 Q2=   2.01225393 X2=   2.55678478
 17**Scale:   6.78288468
 18**Scales: M2=   22.5625 Q2=   2.01225393 X2=   2.55678478
 18**Scale:   6.78288468
 wtx  4.55790143E-07hfrac  0.392379761
 19**Scales: M2=   22.5625 Q2=   2.01471874 X2=   0.122927665
 19**Scale:   6.1750366
 20**Scales: M2=   22.5625 Q2=   2.01471874 X2=   0.122927665
 20**Scale:   6.1750366
 wtx  6.3059268E-08hfrac  0.392379761
 21**Scales: M2=   22.5625 Q2=   2.01383019 X2=   3.19087063
 21**Scale:   6.94180021
 22**Scales: M2=   22.5625 Q2=   2.01383019 X2=   3.19087063
 22**Scale:   6.94180021
 wtx  4.73472113E-07hfrac  0.392379761
 23**Scales: M2=   22.5625 Q2=   2.01965603 X2=   0.561113631
 23**Scale:   6.28581742
 24**Scales: M2=   22.5625 Q2=   2.01965603 X2=   0.561113631
 24**Scale:   6.28581742
 wtx  1.67113726E-07hfrac  0.392379761
 25**Scales: M2=   22.5625 Q2=   2.00163531 X2=   0.0167981398
 25**Scale:   6.14523336
 26**Scales: M2=   22.5625 Q2=   2.00163531 X2=   0.0167981398
 26**Scale:   6.14523336
 wtx  2.19831495E-08hfrac  0.392379761
 27**Scales: M2=   22.5625 Q2=   2.01678848 X2=   2.35353585
 27**Scale:   6.73320608
 28**Scales: M2=   22.5625 Q2=   2.01678848 X2=   2.35353585
 28**Scale:   6.73320608
 wtx  4.07472726E-07hfrac  0.392379761
 29**Scales: M2=   22.5625 Q2=   2.0290216 X2=   5.54900191
 29**Scale:   7.53513088
 30**Scales: M2=   22.5625 Q2=   2.0290216 X2=   5.54900191
 30**Scale:   7.53513088
 wtx  6.02301327E-07hfrac  0.392379761
 31**Scales: M2=   22.5625 Q2=   2.03050539 X2=   5.18888463
 31**Scale:   7.4454725
 32**Scales: M2=   22.5625 Q2=   2.03050539 X2=   5.18888463
 32**Scale:   7.4454725
 wtx  5.78510139E-07hfrac  0.392379761
 33**Scales: M2=   22.5625 Q2=   2.01584011 X2=   0.0105857784
 33**Scale:   6.14723147
 34**Scales: M2=   22.5625 Q2=   2.01584011 X2=   0.0105857784
 34**Scale:   6.14723147
 wtx  1.6511116E-08hfrac  0.392379761
 35**Scales: M2=   22.5625 Q2=   2.01361823 X2=   2.54336977
 35**Scale:   6.779872
 36**Scales: M2=   22.5625 Q2=   2.01361823 X2=   2.54336977
 36**Scale:   6.779872
 wtx  3.54763955E-07hfrac  0.392379761
 37**Scales: M2=   22.5625 Q2=   2.00331002 X2=   14.5444218
 37**Scale:   9.77755796
 38**Scales: M2=   22.5625 Q2=   2.00331002 X2=   14.5444218
 38**Scale:   9.77755796
 wtx  7.39536574E-07hfrac  0.392379761
 39**Scales: M2=   22.5625 Q2=   2.00940063 X2=   17.5609788
 39**Scale:   10.5332199
 40**Scales: M2=   22.5625 Q2=   2.00940063 X2=   17.5609788
 40**Scale:   10.5332199
 wtx  7.00989688E-07hfrac  0.392379761
 41**Scales: M2=   22.5625 Q2=   2.00685898 X2=   286.174445
 41**Scale:   77.685951
 42**Scales: M2=   22.5625 Q2=   2.00685898 X2=   286.174445
 42**Scale:   77.685951
 wtx  8.203489E-10hfrac  0.392379761
 **bmatch: create BMAT   
 BMAT    histos booked ! 
 43**Scales: M2=   22.5625 Q2=   2.01596134 X2=   1.54424311
 43**Scale:   6.53067611
 44**Scales: M2=   22.5625 Q2=   2.01596134 X2=   1.54424311
 44**Scale:   6.53067611
 wtx  2.72548419E-07hfrac  0.392379761
 45**Scales: M2=   22.5625 Q2=   2.02481582 X2=   1.14615482
 45**Scale:   6.43336766
 46**Scales: M2=   22.5625 Q2=   2.02481582 X2=   1.14615482
 46**Scale:   6.43336766
 wtx  1.99441928E-07hfrac  0.392379761
 47**Scales: M2=   22.5625 Q2=   2.00539064 X2=   2.37472747
 47**Scale:   6.73565453
 48**Scales: M2=   22.5625 Q2=   2.00539064 X2=   2.37472747
 48**Scale:   6.73565453
 wtx  3.08801532E-07hfrac  0.392379761
 49**Scales: M2=   22.5625 Q2=   2.01196776 X2=   0.464400278
 49**Scale:   6.25971701
 50**Scales: M2=   22.5625 Q2=   2.01196776 X2=   0.464400278
 50**Scale:   6.25971701
 wtx  1.18664659E-07hfrac  0.392379761
 51**Scales: M2=   22.5625 Q2=   2.02325446 X2=   17.8698943
 51**Scale:   10.6139122
 52**Scales: M2=   22.5625 Q2=   2.02325446 X2=   17.8698943
 52**Scale:   10.6139122
 wtx  7.10801203E-07hfrac  0.392379761
 53**Scales: M2=   22.5625 Q2=   2.01292125 X2=   162.127498
 53**Scale:   46.6757298
 54**Scales: M2=   22.5625 Q2=   2.01292125 X2=   162.127498
 54**Scale:   46.6757298
 wtx  1.03144778E-07hfrac  0.392379761
 55**Scales: M2=   22.5625 Q2=   2.01532136 X2=   1.65071949
 55**Scale:   6.55713521
 56**Scales: M2=   22.5625 Q2=   2.01532136 X2=   1.65071949
 56**Scale:   6.55713521
 wtx  2.38896121E-07hfrac  0.392379761
 57**Scales: M2=   22.5625 Q2=   2.01083836 X2=   13.323262
 57**Scale:   9.4741501
 58**Scales: M2=   22.5625 Q2=   2.01083836 X2=   13.323262
 58**Scale:   9.4741501
 wtx  6.68553525E-07hfrac  0.392379761
 59**Scales: M2=   22.5625 Q2=   2.00220749 X2=   5.74878759
 59**Scale:   7.57837377
 60**Scales: M2=   22.5625 Q2=   2.00220749 X2=   5.74878759
 60**Scale:   7.57837377
 wtx  5.20928893E-07hfrac  0.392379761
 61**Scales: M2=   22.5625 Q2=   2.01081225 X2=   6.56894876
 61**Scale:   7.78556525
 62**Scales: M2=   22.5625 Q2=   2.01081225 X2=   6.56894876
 62**Scale:   7.78556525
 wtx  5.27618226E-07hfrac  0.392379761
 63**Scales: M2=   22.5625 Q2=   2.03086177 X2=   51.6211801
 63**Scale:   19.0536355
 64**Scales: M2=   22.5625 Q2=   2.03086177 X2=   51.6211801
 64**Scale:   19.0536355
 wtx  5.1628507E-07hfrac  0.392379761
 65**Scales: M2=   22.5625 Q2=   2.02670108 X2=   87.0806684
 65**Scale:   27.9174674
 66**Scales: M2=   22.5625 Q2=   2.02670108 X2=   87.0806684
 66**Scale:   27.9174674
 wtx  3.54847941E-07hfrac  0.392379761
 67**Scales: M2=   22.5625 Q2=   2.0050606 X2=   6.57552434
 67**Scale:   7.78577123
 68**Scales: M2=   22.5625 Q2=   2.0050606 X2=   6.57552434
 68**Scale:   7.78577123
 wtx  5.20773995E-07hfrac  0.392379761
 69**Scales: M2=   22.5625 Q2=   2.02850611 X2=   3.12193279
 69**Scale:   6.92823473
 70**Scales: M2=   22.5625 Q2=   2.02850611 X2=   3.12193279
 70**Scale:   6.92823473
 wtx  3.4795255E-07hfrac  0.392379761
 71**Scales: M2=   22.5625 Q2=   2.00343864 X2=   4.49033667
 71**Scale:   7.26406883
 72**Scales: M2=   22.5625 Q2=   2.00343864 X2=   4.49033667
 72**Scale:   7.26406883
 wtx  4.37897057E-07hfrac  0.392379761
 73**Scales: M2=   22.5625 Q2=   2.02067182 X2=   13.1417922
 73**Scale:   9.43124101
 74**Scales: M2=   22.5625 Q2=   2.02067182 X2=   13.1417922
 74**Scale:   9.43124101
 wtx  6.47814147E-07hfrac  0.392379761
 75**Scales: M2=   22.5625 Q2=   2.00260301 X2=   58.4080882
 75**Scale:   20.7432978
 76**Scales: M2=   22.5625 Q2=   2.00260301 X2=   58.4080882
 76**Scale:   20.7432978
 wtx  5.0068104E-07hfrac  0.392379761
 77**Scales: M2=   22.5625 Q2=   2.02147523 X2=   138.753834
 77**Scale:   40.8344523
 78**Scales: M2=   22.5625 Q2=   2.02147523 X2=   138.753834
 78**Scale:   40.8344523
 wtx  2.19526456E-07hfrac  0.392379761
 79**Scales: M2=   22.5625 Q2=   2.01274594 X2=   5.91221273
 79**Scale:   7.62186467
 80**Scales: M2=   22.5625 Q2=   2.01274594 X2=   5.91221273
 80**Scale:   7.62186467
 wtx  4.60440049E-07hfrac  0.392379761
 81**Scales: M2=   22.5625 Q2=   2.00012113 X2=   5.44624943
 81**Scale:   7.50221764
 82**Scales: M2=   22.5625 Q2=   2.00012113 X2=   5.44624943
 82**Scale:   7.50221764
 wtx  4.76588383E-07hfrac  0.392379761
 83**Scales: M2=   22.5625 Q2=   2.01003785 X2=   72.1849567
 83**Scale:   24.1893736
 84**Scales: M2=   22.5625 Q2=   2.01003785 X2=   72.1849567
 84**Scale:   24.1893736
 wtx  4.29198991E-07hfrac  0.392379761
 85**Scales: M2=   22.5625 Q2=   2.02402197 X2=   57.4900089
 85**Scale:   20.5191327
 86**Scales: M2=   22.5625 Q2=   2.02402197 X2=   57.4900089
 86**Scale:   20.5191327
 wtx  5.03146339E-07hfrac  0.392379761
 87**Scales: M2=   22.5625 Q2=   2.01215133 X2=   45.0713693
 87**Scale:   17.4115052
 88**Scales: M2=   22.5625 Q2=   2.01215133 X2=   45.0713693
 88**Scale:   17.4115052
 wtx  5.77623098E-07hfrac  0.392379761
 89**Scales: M2=   22.5625 Q2=   2.00528012 X2=   51.9899539
 89**Scale:   19.1394335
 90**Scales: M2=   22.5625 Q2=   2.00528012 X2=   51.9899539
 90**Scale:   19.1394335
 wtx  5.33828484E-07hfrac  0.392379761
 91**Scales: M2=   22.5625 Q2=   2.01925549 X2=   3.36682102
 91**Scale:   6.98714413
 92**Scales: M2=   22.5625 Q2=   2.01925549 X2=   3.36682102
 92**Scale:   6.98714413
 wtx  3.44582929E-07hfrac  0.392379761
 93**Scales: M2=   22.5625 Q2=   2.02673132 X2=   5.46435287
 93**Scale:   7.51339605
 94**Scales: M2=   22.5625 Q2=   2.02673132 X2=   5.46435287
 94**Scale:   7.51339605
 wtx  4.47814926E-07hfrac  0.392379761
 95**Scales: M2=   22.5625 Q2=   2.0259983 X2=   73.3047488
 95**Scale:   24.4733118
 96**Scales: M2=   22.5625 Q2=   2.0259983 X2=   73.3047488
 96**Scale:   24.4733118
 wtx  4.33797453E-07hfrac  0.392379761
 97**Scales: M2=   22.5625 Q2=   2.00599602 X2=   280.791959
 97**Scale:   76.3401138
 98**Scales: M2=   22.5625 Q2=   2.00599602 X2=   280.791959
 98**Scale:   76.3401138
 wtx  8.14422521E-08hfrac  0.392379761
 99**Scales: M2=   22.5625 Q2=   2.01166141 X2=   128.287238
 99**Scale:   38.2153498
 100**Scales: M2=   22.5625 Q2=   2.01166141 X2=   128.287238
 100**Scale:   38.2153498
 wtx  2.57879265E-07hfrac  0.392379761
 wtx  5.51342168E-07hfrac  0.392379761
 wtx  2.76029681E-07hfrac  0.392379761
 wtx  5.3109698E-08hfrac  0.392379761
 wtx  2.54094829E-07hfrac  0.392379761
 wtx  5.22094581E-07hfrac  0.392379761
 wtx  5.99555847E-07hfrac  0.392379761
 wtx  8.0673729E-08hfrac  0.392379761
 wtx  3.48463061E-07hfrac  0.392379761
 wtx  6.2095944E-07hfrac  0.392379761
 wtx  3.2304817E-07hfrac  0.392379761
 wtx  5.52299184E-07hfrac  0.392379761
 wtx  6.27376494E-07hfrac  0.392379761
 wtx  5.48920866E-07hfrac  0.392379761
 wtx  3.79925325E-07hfrac  0.392379761
 wtx  6.0004362E-07hfrac  0.392379761
 wtx  5.97205485E-07hfrac  0.392379761
 wtx  5.1393215E-07hfrac  0.392379761
 wtx  9.47211554E-09hfrac  0.392379761
 wtx  6.41822851E-07hfrac  0.392379761
 wtx  3.34859493E-07hfrac  0.392379761
 wtx  4.79627204E-07hfrac  0.392379761
 wtx  6.33685545E-07hfrac  0.392379761
 wtx  8.39612184E-08hfrac  0.392379761
 wtx  5.55671818E-07hfrac  0.392379761
 wtx  6.44625572E-07hfrac  0.392379761
 wtx  2.00937748E-07hfrac  0.392379761
 wtx  2.25963689E-07hfrac  0.392379761
 wtx  3.74987053E-07hfrac  0.392379761
 wtx  6.63335641E-07hfrac  0.392379761
 wtx  6.07540358E-07hfrac  0.392379761
 wtx  2.78386011E-07hfrac  0.392379761
 wtx  2.19431783E-07hfrac  0.392379761
 wtx  2.08091905E-07hfrac  0.392379761
 wtx  5.7984596E-07hfrac  0.392379761
 wtx  5.55028663E-08hfrac  0.392379761
 wtx  4.07256124E-07hfrac  0.392379761
 wtx  5.82617588E-07hfrac  0.392379761
 wtx  3.65278936E-07hfrac  0.392379761
 wtx  2.41354655E-07hfrac  0.392379761
 wtx  3.34783664E-07hfrac  0.392379761
 wtx  2.96995069E-07hfrac  0.392379761
 wtx  1.30433534E-07hfrac  0.392379761
 wtx  5.97848953E-07hfrac  0.392379761
 wtx  6.69677831E-07hfrac  0.392379761
 wtx  2.72312718E-07hfrac  0.392379761
 wtx  6.73055354E-07hfrac  0.392379761
 wtx  5.37698781E-07hfrac  0.392379761
 wtx  4.1436212E-07hfrac  0.392379761
 wtx  7.09470385E-07hfrac  0.392379761
 wtx  6.05862738E-07hfrac  0.392379761
   1       2.700522     0.1661E-01   2.700522     0.1661E-01  0.000    
   2       2.719425     0.1423E-01   2.711485     0.1080E-01 0.7461    



 INPUT PARAMETERS FOR VEGAS:  NDIM=  3  NCALL=  4920750.
                              IT=    0  ITMX=    4
                              MDS= -1   ND=  45
   1       2.730415     0.4382E-02   2.730415     0.4382E-02  0.000    
   2       2.722875     0.4377E-02   2.726651     0.3097E-02  1.482    
   3       2.720962     0.4374E-02   2.724756     0.2527E-02  1.305    
   4       2.720708     0.4369E-02   2.723743     0.2188E-02  1.085    



 INPUT PARAMETERS FOR VEGAS:  NDIM=  6  NCALL=    78125.
                              IT=    0  ITMX=    4
                              MDS=  1   ND=  50
 **sig1: iscalef=  7
 **sig1: mur=   6.24752092
 **sig1: iscalef=  7
 **sig1: muf=   6.24752092
 ALFAS  =   0.269448801
 MUR2   =   6.24752092
 LOGMUR =  -1.2841045
 MUF2   =   6.24752092
 LOGMUF =  -1.2841045
  
 INTEGRATING NLO GLUON ...
  
   1       1.668330     0.5885       1.668330     0.5885      0.000    
   2       1.792269     0.3524       1.762886     0.2974     0.3142E-01
   3       1.749982     0.2807       1.755994     0.2037     0.1609E-01
   4       1.438087     0.2226       1.640079     0.1559     0.3329    



 INPUT PARAMETERS FOR VEGAS:  NDIM=  6  NCALL=   786432.
                              IT=    0  ITMX=    8
                              MDS=  1   ND=  50
   1       1.558969     0.9363E-01   1.558969     0.9363E-01  0.000    
   2       1.544877     0.9022E-01   1.551726     0.6498E-01 0.1175E-01
   3       1.625341     0.9433E-01   1.576925     0.5354E-01 0.2185    
   4       1.547610     0.1110       1.571559     0.4817E-01 0.1655    
   5       1.497094     0.8562E-01   1.554910     0.4206E-01 0.2624    
   6       1.774200     0.2283       1.564184     0.4218E-01 0.4188    
   7       1.615170     0.1080       1.571091     0.3930E-01 0.3805    
   8       1.655639     0.1107       1.581177     0.3705E-01 0.4013    



 INPUT PARAMETERS FOR VEGAS:  NDIM=  6  NCALL=    78125.
                              IT=    0  ITMX=    4
                              MDS=  1   ND=  50
 ALFAS  =   0.256424401
 MUR2   =   7.92636662
 LOGMUR =  -1.04609449
 MUF2   =   7.92636662
 LOGMUF =  -1.04609449
  
 INTEGRATING QUARK INITIATED ...
  
   1      0.7703093     0.1504      0.7703093     0.1504      0.000    
   2      0.4748406     0.8292E-01  0.6061260     0.8329E-01  3.107    
   3      0.7765883     0.9497E-01  0.6966713     0.6136E-01  2.303    
   4      0.7762641     0.8139E-01  0.7300600     0.4831E-01  1.658    



 INPUT PARAMETERS FOR VEGAS:  NDIM=  6  NCALL=   786432.
                              IT=    0  ITMX=    8
                              MDS=  1   ND=  50
   1      0.7042625     0.2427E-01  0.7042625     0.2427E-01  0.000    
   2      0.7203544     0.4055E-01  0.7086482     0.2093E-01 0.1171    
   3      0.7187094     0.3474E-01  0.7113634     0.1794E-01 0.8920E-01
   4      0.6600049     0.2795E-01  0.6980017     0.1515E-01 0.7994    
   5      0.7107613     0.3594E-01  0.6999705     0.1397E-01 0.6235    
   6      0.6378511     0.2621E-01  0.6882009     0.1239E-01  1.286    
   7      0.6395596     0.4287E-01  0.6849685     0.1184E-01  1.269    
   8      0.6569398     0.2224E-01  0.6791768     0.1049E-01  1.266    
  
 CROSS SECTION =   4.98409723 +/-   0.0385700389
  
  # of events with muons:  0 out of:  53739727
  All:           1. muons:   22.3924503 2. muon   1.32583392
 In acc: 1. muons:     16.079:      0.718 % 2. muon      1.836:      1.385 %
  Norm Histos here: lum=   1.lumbreit lum1  1.
  ZEUS scenario in Lab frame Q2>4
  Total      sig (pb):   108.52256
  b tot  sig (pb):   57.1962433
  >=1jets sig (pb):   84.8130722
  muon +no cuts on jet sig (pb):   11.4777966
  muon+jet    sig (pb):   9.74474144
  muon+jet+cone sig (pb):   5.90751314
  ZEUS scenario in Breit frame Q2>2 
  tot        sig (pb):   108.52256
  b.cross    sig (pb):   61.1403923
  >=1jet sig (pb):   65.7306137
  muon nojet cut sig (pb):   6.50809574
  muon+jet   sig (pb):   5.00715733
 incl jet   sig (pb):  19.326458
 incl muon  sig (pb):  5.42203426
 incl b     sig (pb):  79.4695206
 generator:HVQ     hfrac  0.2205
  Output Histos here 
