  
 ============================
 | HVQDIS  V1.4  APRIL 2000 |
 ============================
  
 NORDER    =        2
 ISCALER   =       17
 ISCALEF   =        7
 IPDF      =        2
 PTS0      =   500000
 ITS0      =        2
 PTS1      =    80000
 ITS1      =        4
 IQUARK    =        2
 MASS      =      4.75
 EPRO      =    920.00
 EIEL      =     27.50
 Q2MIN     =      4.00
 Q2MAX     =   *******
 XBJMIN    =      0.00
 XBJMAX    =      1.00
 YMIN      =      0.05
 YMAX      =      0.70
 ETAMAX    =      2.50
 PTMIN     =      0.00
 PTMAX     =   *******
 IFRAG     =        0
 ISL       =        1
 EPS       =      0.0035
 HFRAC     =      0.2205
 XMD       =      5.2780
 TCFRAG    =        0
 TCSL    =        1
 PREF      =   f2b_4.-100000._0.-1._r17_f7_m4.75.histos
  
 BOTTOM PRODUCTION
 RM48 INITIALIZED:        40           0         0
 **hist: start histos 
 HPATH.  ERROR IN PATHNAME,


 ===> Directory : 
  create directory HISB
 hfrac:  0.2205
 **hzb: Version kula1  
 FULL LO+NLO ME



 INPUT PARAMETERS FOR VEGAS:  NDIM=  3  NCALL=   476656.
                              IT=    0  ITMX=    2
                              MDS= -1   ND=  31
 **MScale: SCALFA=   1. ISCALE=  17
 **MScale: scale: .25*(Q2+Pt2+M2)/4
 1**Scales: M2=   22.5625 Q2=   42.9460875 X2=   0.0345279855
 1**Scale:   4.09644472
 **MScale: SCALFA=   1. ISCALE=  7
 **MScale: scale: (Q2+Pt2+M2)/4 
 2**Scales: M2=   22.5625 Q2=   42.9460875 X2=   0.0345279855
 2**Scale:   16.3857789
 wtx  5.23824201E-06hfrac  0.392379761
 **frag: Peterson frag function 
 **frag: Vincenzo semi-leptonic routine dir+indir 

 ******************************************************
 KTCLUS: written by Mike Seymour, July 1992.
 Last modified October 1997.
 Please send comments or suggestions to Mike.Seymour@rl.ac.uk

       Collision type = 3 = pe        
     Angular variable = 2 = DeltaR    
 Monotonic definition = 1 = no        
 Recombination scheme = 1 = E         
 Ecut=  1.00
 ******************************************************

 **MScale: SCALFA=   1. ISCALE=  17
 **MScale: scale: .25*(Q2+Pt2+M2)/4
 3**Scales: M2=   22.5625 Q2=   36.1187341 X2=   0.0269964239
 3**Scale:   3.66926441
 **MScale: SCALFA=   1. ISCALE=  7
 **MScale: scale: (Q2+Pt2+M2)/4 
 4**Scales: M2=   22.5625 Q2=   36.1187341 X2=   0.0269964239
 4**Scale:   14.6770576
 wtx  6.19358798E-06hfrac  0.392379761
 **MScale: SCALFA=   1. ISCALE=  17
 **MScale: scale: .25*(Q2+Pt2+M2)/4
 5**Scales: M2=   22.5625 Q2=   72.8881981 X2=   0.252553195
 5**Scale:   5.9814532
 6**Scales: M2=   22.5625 Q2=   72.8881981 X2=   0.252553195
 6**Scale:   23.9258128
 wtx  5.95247047E-06hfrac  0.392379761
 7**Scales: M2=   22.5625 Q2=   78.6399631 X2=   0.0461223131
 7**Scale:   6.32803659
 8**Scales: M2=   22.5625 Q2=   78.6399631 X2=   0.0461223131
 8**Scale:   25.3121464
 wtx  2.19638059E-06hfrac  0.392379761
 9**Scales: M2=   22.5625 Q2=   35.4538321 X2=   0.0418349385
 9**Scale:   3.62863544
 10**Scales: M2=   22.5625 Q2=   35.4538321 X2=   0.0418349385
 10**Scale:   14.5145418
 wtx  5.45470675E-06hfrac  0.392379761
 11**Scales: M2=   22.5625 Q2=   57.9015881 X2=   0.763722206
 11**Scale:   5.07673814
 12**Scales: M2=   22.5625 Q2=   57.9015881 X2=   0.763722206
 12**Scale:   20.3069526
 wtx  1.52860248E-05hfrac  0.392379761
 13**Scales: M2=   22.5625 Q2=   49.7453407 X2=   0.895143686
 13**Scale:   4.57518652
 14**Scales: M2=   22.5625 Q2=   49.7453407 X2=   0.895143686
 14**Scale:   18.3007461
 wtx  2.15180735E-05hfrac  0.392379761
 15**Scales: M2=   22.5625 Q2=   70.6289765 X2=   0.27869843
 15**Scale:   5.84188593
 16**Scales: M2=   22.5625 Q2=   70.6289765 X2=   0.27869843
 16**Scale:   23.3675437
 wtx  5.68995938E-06hfrac  0.392379761
 17**Scales: M2=   22.5625 Q2=   39.0175761 X2=   3.49982255
 17**Scale:   4.06749367
 18**Scales: M2=   22.5625 Q2=   39.0175761 X2=   3.49982255
 18**Scale:   16.2699747
 wtx  5.92821016E-05hfrac  0.392379761
 19**Scales: M2=   22.5625 Q2=   48.1519884 X2=   0.182813403
 19**Scale:   4.43108136
 20**Scales: M2=   22.5625 Q2=   48.1519884 X2=   0.182813403
 20**Scale:   17.7243255
 wtx  7.88056514E-06hfrac  0.392379761
 21**Scales: M2=   22.5625 Q2=   44.1439899 X2=   4.55407524
 21**Scale:   4.45378532
 22**Scales: M2=   22.5625 Q2=   44.1439899 X2=   4.55407524
 22**Scale:   17.8151413
 wtx  5.45649127E-05hfrac  0.392379761
 23**Scales: M2=   22.5625 Q2=   53.7958337 X2=   0.864557786
 23**Scale:   4.82643072
 24**Scales: M2=   22.5625 Q2=   53.7958337 X2=   0.864557786
 24**Scale:   19.3057229
 wtx  1.45778013E-05hfrac  0.392379761
 25**Scales: M2=   22.5625 Q2=   8.59370569 X2=   0.0179772153
 25**Scale:   1.94838643
 26**Scales: M2=   22.5625 Q2=   8.59370569 X2=   0.0179772153
 26**Scale:   7.79354573
 wtx  2.17420566E-05hfrac  0.392379761
 27**Scales: M2=   22.5625 Q2=   46.3818665 X2=   3.42670611
 27**Scale:   4.52319204
 28**Scales: M2=   22.5625 Q2=   46.3818665 X2=   3.42670611
 28**Scale:   18.0927682
 wtx  3.99294295E-05hfrac  0.392379761
 29**Scales: M2=   22.5625 Q2=   77.2630171 X2=   9.69601978
 29**Scale:   6.84509606
 30**Scales: M2=   22.5625 Q2=   77.2630171 X2=   9.69601978
 30**Scale:   27.3803842
 wtx  2.21838563E-05hfrac  0.392379761
 31**Scales: M2=   22.5625 Q2=   82.1598147 X2=   9.33136581
 31**Scale:   7.12835503
 32**Scales: M2=   22.5625 Q2=   82.1598147 X2=   9.33136581
 32**Scale:   28.5134201
 wtx  1.99280548E-05hfrac  0.392379761
 33**Scales: M2=   22.5625 Q2=   51.1593727 X2=   0.0160898741
 33**Scale:   4.60862266
 34**Scales: M2=   22.5625 Q2=   51.1593727 X2=   0.0160898741
 34**Scale:   18.4344907
 wtx  1.80704035E-06hfrac  0.392379761
 35**Scales: M2=   22.5625 Q2=   44.6030645 X2=   3.67437964
 35**Scale:   4.42749651
 36**Scales: M2=   22.5625 Q2=   44.6030645 X2=   3.67437964
 36**Scale:   17.709986
 wtx  4.55971858E-05hfrac  0.392379761
 37**Scales: M2=   22.5625 Q2=   12.6323989 X2=   16.0853649
 37**Scale:   3.20501649
 38**Scales: M2=   22.5625 Q2=   12.6323989 X2=   16.0853649
 38**Scale:   12.8200659
 wtx  0.000351500756hfrac  0.392379761
 39**Scales: M2=   22.5625 Q2=   31.370899 X2=   22.5900063
 39**Scale:   4.78271284
 40**Scales: M2=   22.5625 Q2=   31.370899 X2=   22.5900063
 40**Scale:   19.1308513
 wtx  0.000104094397hfrac  0.392379761
 41**Scales: M2=   22.5625 Q2=   24.3723567 X2=   300.715625
 41**Scale:   21.7281551
 42**Scales: M2=   22.5625 Q2=   24.3723567 X2=   300.715625
 42**Scale:   86.9126203
 wtx  8.57633395E-08hfrac  0.392379761
 **bmatch: create BMAT   
 BMAT    histos booked ! 
 43**Scales: M2=   22.5625 Q2=   43.8880083 X2=   2.2212974
 43**Scale:   4.29198786
 44**Scales: M2=   22.5625 Q2=   43.8880083 X2=   2.2212974
 44**Scale:   17.1679514
 wtx  3.01366126E-05hfrac  0.392379761
 45**Scales: M2=   22.5625 Q2=   76.612992 X2=   2.04180696
 45**Scale:   6.32608118
 46**Scales: M2=   22.5625 Q2=   76.612992 X2=   2.04180696
 46**Scale:   25.3043247
 wtx  1.16145602E-05hfrac  0.392379761
 47**Scales: M2=   22.5625 Q2=   20.033426 X2=   2.82735491
 47**Scale:   2.83895505
 48**Scales: M2=   22.5625 Q2=   20.033426 X2=   2.82735491
 48**Scale:   11.3558202
 wtx  0.00011607373hfrac  0.392379761
 49**Scales: M2=   22.5625 Q2=   38.5235327 X2=   0.643852043
 49**Scale:   3.8581178
 50**Scales: M2=   22.5625 Q2=   38.5235327 X2=   0.643852043
 50**Scale:   15.4324712
 wtx  1.87834466E-05hfrac  0.392379761
 51**Scales: M2=   22.5625 Q2=   67.788454 X2=   29.4804996
 51**Scale:   7.48946585
 52**Scales: M2=   22.5625 Q2=   67.788454 X2=   29.4804996
 52**Scale:   29.9578634
 wtx  2.90141397E-05hfrac  0.392379761
 53**Scales: M2=   22.5625 Q2=   40.5329135 X2=   203.78087
 53**Scale:   16.6797677
 54**Scales: M2=   22.5625 Q2=   40.5329135 X2=   203.78087
 54**Scale:   66.7190709
 wtx  5.43126316E-06hfrac  0.392379761
 55**Scales: M2=   22.5625 Q2=   48.6833234 X2=   2.46244534
 55**Scale:   4.60676679
 56**Scales: M2=   22.5625 Q2=   48.6833234 X2=   2.46244534
 56**Scale:   18.4270672
 wtx  2.69987559E-05hfrac  0.392379761
 57**Scales: M2=   22.5625 Q2=   34.3536744 X2=   17.7596178
 57**Scale:   4.66723701
 58**Scales: M2=   22.5625 Q2=   34.3536744 X2=   17.7596178
 58**Scale:   18.668948
 wtx  9.56126314E-05hfrac  0.392379761
 59**Scales: M2=   22.5625 Q2=   9.72870284 X2=   6.21573122
 59**Scale:   2.40668338
 60**Scales: M2=   22.5625 Q2=   9.72870284 X2=   6.21573122
 60**Scale:   9.62673352
 wtx  0.000383163017hfrac  0.392379761
 61**Scales: M2=   22.5625 Q2=   33.1787828 X2=   8.7084605
 61**Scale:   4.02810896
 62**Scales: M2=   22.5625 Q2=   33.1787828 X2=   8.7084605
 62**Scale:   16.1124358
 wtx  8.50906144E-05hfrac  0.392379761
 63**Scales: M2=   22.5625 Q2=   96.7749409 X2=   96.3055254
 63**Scale:   13.4776854
 64**Scales: M2=   22.5625 Q2=   96.7749409 X2=   96.3055254
 64**Scale:   53.9107416
 wtx  8.33373088E-06hfrac  0.392379761
 65**Scales: M2=   22.5625 Q2=   83.1931045 X2=   147.958309
 65**Scale:   15.8571196
 66**Scales: M2=   22.5625 Q2=   83.1931045 X2=   147.958309
 66**Scale:   63.4284785
 wtx  6.55321764E-06hfrac  0.392379761
 67**Scales: M2=   22.5625 Q2=   17.5725042 X2=   7.65168398
 67**Scale:   2.98666801
 68**Scales: M2=   22.5625 Q2=   17.5725042 X2=   7.65168398
 68**Scale:   11.946672
 wtx  0.000194151769hfrac  0.392379761
 69**Scales: M2=   22.5625 Q2=   79.7758768 X2=   5.65011025
 69**Scale:   6.74928044
 70**Scales: M2=   22.5625 Q2=   79.7758768 X2=   5.65011025
 70**Scale:   26.9971218
 wtx  1.53522269E-05hfrac  0.392379761
 71**Scales: M2=   22.5625 Q2=   12.8626367 X2=   5.00498376
 71**Scale:   2.52688253
 72**Scales: M2=   22.5625 Q2=   12.8626367 X2=   5.00498376
 72**Scale:   10.1075301
 wtx  0.000234258769hfrac  0.392379761
 73**Scales: M2=   22.5625 Q2=   59.5553334 X2=   20.9056467
 73**Scale:   6.4389675
 74**Scales: M2=   22.5625 Q2=   59.5553334 X2=   20.9056467
 74**Scale:   25.75587
 wtx  3.77565084E-05hfrac  0.392379761
 75**Scales: M2=   22.5625 Q2=   11.2671202 X2=   63.7398143
 75**Scale:   6.09808965
 76**Scales: M2=   22.5625 Q2=   11.2671202 X2=   63.7398143
 76**Scale:   24.3923586
 wtx  0.000263299822hfrac  0.392379761
 77**Scales: M2=   22.5625 Q2=   63.5301469 X2=   208.371473
 77**Scale:   18.4040075
 78**Scales: M2=   22.5625 Q2=   63.5301469 X2=   208.371473
 78**Scale:   73.6160301
 wtx  5.89719866E-06hfrac  0.392379761
 79**Scales: M2=   22.5625 Q2=   40.2493807 X2=   8.28578722
 79**Scale:   4.44360425
 80**Scales: M2=   22.5625 Q2=   40.2493807 X2=   8.28578722
 80**Scale:   17.774417
 wtx  6.06627837E-05hfrac  0.392379761
 81**Scales: M2=   22.5625 Q2=   4.30531956 X2=   5.57898842
 81**Scale:   2.0279255
 82**Scales: M2=   22.5625 Q2=   4.30531956 X2=   5.57898842
 82**Scale:   8.111702
 wtx  0.000849628123hfrac  0.392379761
 83**Scales: M2=   22.5625 Q2=   33.1958004 X2=   93.9803687
 83**Scale:   9.35866682
 84**Scales: M2=   22.5625 Q2=   33.1958004 X2=   93.9803687
 84**Scale:   37.4346673
 wtx  5.15332467E-05hfrac  0.392379761
 85**Scales: M2=   22.5625 Q2=   68.4068427 X2=   93.9386048
 85**Scale:   11.5567467
 86**Scales: M2=   22.5625 Q2=   68.4068427 X2=   93.9386048
 86**Scale:   46.2269869
 wtx  1.60985001E-05hfrac  0.392379761
 87**Scales: M2=   22.5625 Q2=   35.5006722 X2=   60.082391
 87**Scale:   7.3840977
 88**Scales: M2=   22.5625 Q2=   35.5006722 X2=   60.082391
 88**Scale:   29.5363908
 wtx  6.04565685E-05hfrac  0.392379761
 89**Scales: M2=   22.5625 Q2=   18.2297422 X2=   60.4544253
 89**Scale:   6.32791672
 90**Scales: M2=   22.5625 Q2=   18.2297422 X2=   60.4544253
 90**Scale:   25.3116669
 wtx  0.000151330547hfrac  0.392379761
 91**Scales: M2=   22.5625 Q2=   57.1329543 X2=   5.31462916
 91**Scale:   5.31313022
 92**Scales: M2=   22.5625 Q2=   57.1329543 X2=   5.31462916
 92**Scale:   21.2525209
 wtx  2.69449192E-05hfrac  0.392379761
 93**Scales: M2=   22.5625 Q2=   74.4618821 X2=   9.58373253
 93**Scale:   6.66300716
 94**Scales: M2=   22.5625 Q2=   74.4618821 X2=   9.58373253
 94**Scale:   26.6520287
 wtx  2.05623746E-05hfrac  0.392379761
 95**Scales: M2=   22.5625 Q2=   68.9804928 X2=   118.824067
 95**Scale:   13.1479413
 96**Scales: M2=   22.5625 Q2=   68.9804928 X2=   118.824067
 96**Scale:   52.591765
 wtx  1.17694553E-05hfrac  0.392379761
 97**Scales: M2=   22.5625 Q2=   21.5463633 X2=   324.362349
 97**Scale:   23.0294507
 98**Scales: M2=   22.5625 Q2=   21.5463633 X2=   324.362349
 98**Scale:   92.117803
 wtx  1.49076741E-05hfrac  0.392379761
 99**Scales: M2=   22.5625 Q2=   37.9717299 X2=   170.736598
 99**Scale:   14.4544267
 100**Scales: M2=   22.5625 Q2=   37.9717299 X2=   170.736598
 100**Scale:   57.8177069
 wtx  2.26500633E-05hfrac  0.392379761
 wtx  7.89056794E-05hfrac  0.392379761
 wtx  1.71611009E-05hfrac  0.392379761
 wtx  3.05902745E-06hfrac  0.392379761
 wtx  1.1467896E-05hfrac  0.392379761
 wtx  2.05168344E-05hfrac  0.392379761
 wtx  4.44107172E-05hfrac  0.392379761
 wtx  5.76234524E-05hfrac  0.392379761
 wtx  3.05562535E-05hfrac  0.392379761
 wtx  2.47286389E-05hfrac  0.392379761
 wtx  5.33496532E-05hfrac  0.392379761
 wtx  0.000108945431hfrac  0.392379761
 wtx  2.37302302E-05hfrac  0.392379761
 wtx  2.77819581E-05hfrac  0.392379761
 wtx  1.1729865E-05hfrac  0.392379761
 wtx  0.000254662387hfrac  0.392379761
 wtx  2.09929149E-05hfrac  0.392379761
 wtx  1.65653018E-05hfrac  0.392379761
 wtx  1.22736844E-06hfrac  0.392379761
 wtx  3.52670613E-05hfrac  0.392379761
 wtx  0.000194197259hfrac  0.392379761
 wtx  5.10065729E-05hfrac  0.392379761
 wtx  2.02708834E-05hfrac  0.392379761
 wtx  8.44023248E-07hfrac  0.392379761
 wtx  2.73702353E-05hfrac  0.392379761
 wtx  2.06593322E-05hfrac  0.392379761
 wtx  6.11638188E-06hfrac  0.392379761
 wtx  6.66283358E-06hfrac  0.392379761
 wtx  2.57287429E-05hfrac  0.392379761
 wtx  4.44383477E-05hfrac  0.392379761
 wtx  6.09239505E-05hfrac  0.392379761
 wtx  1.00327261E-05hfrac  0.392379761
 wtx  2.41492689E-05hfrac  0.392379761
 wtx  3.4866905E-06hfrac  0.392379761
 wtx  3.4564513E-05hfrac  0.392379761
 wtx  4.00839099E-06hfrac  0.392379761
 wtx  8.81316646E-06hfrac  0.392379761
 wtx  3.46536108E-05hfrac  0.392379761
 wtx  0.000103140854hfrac  0.392379761
 wtx  6.03576882E-06hfrac  0.392379761
 wtx  3.94046547E-05hfrac  0.392379761
 wtx  4.40159893E-05hfrac  0.392379761
 wtx  6.33362015E-06hfrac  0.392379761
 wtx  1.68305451E-05hfrac  0.392379761
 wtx  5.65469927E-05hfrac  0.392379761
 wtx  4.97209148E-05hfrac  0.392379761
 wtx  6.77695498E-05hfrac  0.392379761
 wtx  0.0010112247hfrac  0.392379761
 wtx  6.23508022E-05hfrac  0.392379761
 wtx  5.7873156E-05hfrac  0.392379761
 wtx  1.65532074E-05hfrac  0.392379761
   1       19.27290      2.725       19.27290      2.725      0.000    
   2       17.15931     0.5427       17.26005     0.5632     0.6392    



 INPUT PARAMETERS FOR VEGAS:  NDIM=  3  NCALL=  4920750.
                              IT=    0  ITMX=    4
                              MDS= -1   ND=  45
   1       18.32263     0.5492E-01   18.32263     0.5492E-01  0.000    
   2       18.32867     0.5543E-01   18.32562     0.3901E-01 0.5988E-02
   3       18.17757     0.5397E-01   18.27536     0.3162E-01  2.461    
   4       18.28685     0.5480E-01   18.27823     0.2739E-01  1.651    



 INPUT PARAMETERS FOR VEGAS:  NDIM=  6  NCALL=    78125.
                              IT=    0  ITMX=    4
                              MDS=  1   ND=  50
 **sig1: iscalef=  17
 **sig1: mur=   223.107632
 **sig1: iscalef=  7
 **sig1: muf=   892.430526
 ALFAS  =   0.15073297
 MUR2   =   223.107632
 LOGMUR =   2.29136507
 MUF2   =   892.430526
 LOGMUF =   3.67765943
  
 INTEGRATING NLO GLUON ...
  
   1       10.85434      11.29       10.85434      11.29      0.000    
   2      -3.754884      4.922       5.211433      6.616      1.156    
   3       16.88634      13.11       11.33021      6.626     0.6614    
   4       4.165338      2.363       7.781396      4.160     0.8116    



 INPUT PARAMETERS FOR VEGAS:  NDIM=  6  NCALL=   786432.
                              IT=    0  ITMX=    8
                              MDS=  1   ND=  50
   1       2.745632      3.917       2.745632      3.917      0.000    
   2       6.973099      1.063       6.925394     0.8030     0.3092    
   3       10.36337      2.621       7.833654     0.9598      1.327    
   4       6.395031      1.118       7.321696     0.7459      1.228    
   5       7.000933     0.8780       7.190502     0.5710     0.9474    
   6       9.360030      1.878       7.489319     0.5615      1.031    
   7       10.53563      3.166       7.665644     0.5809      1.006    
   8       5.513338      2.149       7.594066     0.5520     0.9931    



 INPUT PARAMETERS FOR VEGAS:  NDIM=  6  NCALL=    78125.
                              IT=    0  ITMX=    4
                              MDS=  1   ND=  50
 ALFAS  =   0.180814443
 MUR2   =   56.0745284
 LOGMUR =   0.910392434
 MUF2   =   224.298114
 LOGMUF =   2.2966868
  
 INTEGRATING QUARK INITIATED ...
  
   1       3.181481      2.331       3.181481      2.331      0.000    
   2       2.513286      1.338       2.744178      1.235     0.6623E-01
   3       4.172009      1.868       3.430194      1.043     0.2582    
   4       3.639637      1.918       3.484168     0.9177     0.1683    



 INPUT PARAMETERS FOR VEGAS:  NDIM=  6  NCALL=   786432.
                              IT=    0  ITMX=    8
                              MDS=  1   ND=  50
   1       7.722281      3.536       7.722281      3.536      0.000    
   2       3.487965     0.4831       3.842961     0.7944      2.182    
   3       3.719429     0.2411       3.743268     0.3112      1.385    
   4       3.946503     0.2306       3.844538     0.2075      1.121    
   5       9.328927      6.405       3.864265     0.2527     0.9874    
   6       3.861081     0.3048       3.863584     0.2124     0.8783    
   7       4.315763     0.4883       3.906231     0.1956     0.8583    
   8       3.881474     0.4769       3.904398     0.1819     0.7875    
  
 CROSS SECTION =   29.7766949 +/-   0.581807436
  
  # of events with muons:  0 out of:  52481572
  All:           1. muons:   117.863914 2. muon   9.01567936
 In acc: 1. muons:     85.970:      0.729 % 2. muon      8.409:      0.933 %
  Norm Histos here: lum=   1.lumbreit lum1  1.
  ZEUS scenario in Lab frame Q2>4
  Total      sig (pb):   529.643433
  b tot  sig (pb):   313.460236
  >=1jets sig (pb):   471.090942
  muon +no cuts on jet sig (pb):   62.1273346
  muon+jet    sig (pb):   57.1023331
  muon+jet+cone sig (pb):   36.2685738
  ZEUS scenario in Breit frame Q2>2 
  tot        sig (pb):   529.636475
  b.cross    sig (pb):   377.850739
  >=1jet sig (pb):   397.020081
  muon nojet cut sig (pb):   35.3020782
  muon+jet   sig (pb):   30.6727409
 incl jet   sig (pb):  106.909286
 incl muon  sig (pb):  34.15765
 incl b     sig (pb):  518.794861
 generator:HVQ     hfrac  0.2205
  Output Histos here 
