  
 ============================
 | HVQDIS  V1.4  APRIL 2000 |
 ============================
  
 NORDER    =        2
 ISCALER   =        5
 ISCALEF   =        5
 IPDF      =        5
 PTS0      =     5000
 ITS0      =        2
 PTS1      =     8000
 ITS1      =        4
 IQUARK    =        2
 MASS      =      4.75
 EPRO      =    920.00
 EIEL      =     27.50
 Q2MIN     =      4.00
 Q2MAX     =   *******
 XBJMIN    =      0.00
 XBJMAX    =      1.00
 YMIN      =      0.05
 YMAX      =      0.70
 ETAMAX    =      2.50
 PTMIN     =      0.00
 PTMAX     =   *******
 IFRAG     =        0
 ISL       =        1
 EPS       =      0.0035
 HFRAC     =      0.2205
 XMD       =      5.2780
 TCFRAG    =        0
 TCSL    =        1
 PREF      =   f2b_0.001-0.001-5_f5_m4.75.histos       
  
 BOTTOM PRODUCTION
 RM48 INITIALIZED:        40           0         0
 **hist: start histos 
 HPATH.  ERROR IN PATHNAME,


 ===> Directory : 
  create directory HISB
 hfrac:  0.2205
 **hzb: Version kula1  
 FULL LO+NLO ME



 INPUT PARAMETERS FOR VEGAS:  NDIM=  3  NCALL=     4394.
                              IT=    0  ITMX=    2
                              MDS=  1   ND=  50
 **MScale: SCALFA=   1. ISCALE=  5
 **MScale: scale: Pt2+4 M2 
 **MScale: SCALFA=   1. ISCALE=  5
 **MScale: scale: Pt2+4 M2 
 wtx  0.000153177796hfrac  0.392379761
 **frag: Peterson frag function 
 **frag: Vincenzo semi-leptonic routine dir+indir 

 ******************************************************
 KTCLUS: written by Mike Seymour, July 1992.
 Last modified October 1997.
 Please send comments or suggestions to Mike.Seymour@rl.ac.uk

       Collision type = 3 = pe        
     Angular variable = 2 = DeltaR    
 Monotonic definition = 1 = no        
 Recombination scheme = 1 = E         
 Ecut=  1.00
 ******************************************************

 **MScale: SCALFA=   1. ISCALE=  5
 **MScale: scale: Pt2+4 M2 
 **MScale: SCALFA=   1. ISCALE=  5
 **MScale: scale: Pt2+4 M2 
 wtx  0.000188850128hfrac  0.392379761
 **MScale: SCALFA=   1. ISCALE=  5
 **MScale: scale: Pt2+4 M2 
 wtx  6.30640643E-05hfrac  0.392379761
 wtx  3.15221332E-05hfrac  0.392379761
 wtx  0.000177819456hfrac  0.392379761
 wtx  0.000108376938hfrac  0.392379761
 **bmatch: create BMAT   
 BMAT    histos booked ! 
 wtx  0.000126557294hfrac  0.392379761
 wtx  4.9668357E-05hfrac  0.392379761
 wtx  0.000117671239hfrac  0.392379761
 wtx  8.87516799E-05hfrac  0.392379761
 wtx  9.48097586E-05hfrac  0.392379761
 wtx  0.000138848656hfrac  0.392379761
 wtx  0.00104712171hfrac  0.392379761
 wtx  0.000184344724hfrac  0.392379761
 wtx  2.95701157E-05hfrac  0.392379761
 wtx  2.46710279E-05hfrac  0.392379761
 wtx  1.2375187E-05hfrac  0.392379761
 wtx  0.000148267805hfrac  0.392379761
 wtx  0.00242756144hfrac  0.392379761
 wtx  0.000147904037hfrac  0.392379761
 wtx  4.29550724E-08hfrac  0.392379761
 wtx  0.000205283111hfrac  0.392379761
 wtx  2.83369045E-05hfrac  0.392379761
 wtx  0.000513194129hfrac  0.392379761
 wtx  1.22680658E-05hfrac  0.392379761
 wtx  2.9689596E-05hfrac  0.392379761
 wtx  3.97047799E-08hfrac  0.392379761
 wtx  4.45732348E-06hfrac  0.392379761
 wtx  9.30588612E-06hfrac  0.392379761
 wtx  3.17951235E-05hfrac  0.392379761
 wtx  1.37069583E-05hfrac  0.392379761
 wtx  1.06582689E-07hfrac  0.392379761
 wtx  3.34312347E-08hfrac  0.392379761
 wtx  1.91566269E-05hfrac  0.392379761
 wtx  4.36985738E-06hfrac  0.392379761
 wtx  2.79852466E-05hfrac  0.392379761
 wtx  3.95003053E-06hfrac  0.392379761
 wtx  1.91755498E-06hfrac  0.392379761
 wtx  2.18044587E-08hfrac  0.392379761
 wtx  7.11405846E-06hfrac  0.392379761
 wtx  4.18999261E-05hfrac  0.392379761
 wtx  6.05298226E-07hfrac  0.392379761
 wtx  5.37474989E-07hfrac  0.392379761
 wtx  3.2822486E-06hfrac  0.392379761
 wtx  4.86353156E-06hfrac  0.392379761
 wtx  6.34097023E-06hfrac  0.392379761
 wtx  6.20618175E-06hfrac  0.392379761
 wtx  7.4982978E-07hfrac  0.392379761
 wtx  9.67352349E-08hfrac  0.392379761
 wtx  1.00005161E-06hfrac  0.392379761
 wtx  8.46083185E-06hfrac  0.392379761
 wtx  1.7093912E-06hfrac  0.392379761
 wtx  2.11633955E-09hfrac  0.392379761
 wtx  3.08679944E-07hfrac  0.392379761
 wtx  1.59775553E-07hfrac  0.392379761
 wtx  6.88948433E-07hfrac  0.392379761
 wtx  5.1255431E-09hfrac  0.392379761
 wtx  1.50431504E-06hfrac  0.392379761
 wtx  2.98974584E-07hfrac  0.392379761
 wtx  2.26626753E-06hfrac  0.392379761
 wtx  1.43374166E-06hfrac  0.392379761
 wtx  3.23479952E-07hfrac  0.392379761
 wtx  5.526569E-07hfrac  0.392379761
 wtx  4.32561684E-08hfrac  0.392379761
 wtx  9.51956679E-07hfrac  0.392379761
 wtx  2.45584204E-07hfrac  0.392379761
 wtx  1.34557425E-07hfrac  0.392379761
 wtx  2.17451647E-11hfrac  0.392379761
 wtx  4.6296941E-07hfrac  0.392379761
 wtx  1.02675379E-07hfrac  0.392379761
 wtx  2.95562177E-06hfrac  0.392379761
 wtx  2.957606E-07hfrac  0.392379761
 wtx  2.2185806E-10hfrac  0.392379761
 wtx  7.03490343E-07hfrac  0.392379761
 wtx  7.52827418E-07hfrac  0.392379761
 wtx  2.5578478E-08hfrac  0.392379761
 wtx  1.52357078E-08hfrac  0.392379761
 wtx  4.1712741E-07hfrac  0.392379761
 wtx  1.61430009E-07hfrac  0.392379761
 wtx  2.08521868E-07hfrac  0.392379761
 wtx  2.56877031E-09hfrac  0.392379761
 wtx  2.59490207E-07hfrac  0.392379761
 wtx  1.23766997E-10hfrac  0.392379761
 wtx  1.66149938E-08hfrac  0.392379761
 wtx  8.33107801E-12hfrac  0.392379761
 wtx  1.15778787E-09hfrac  0.392379761
 wtx  8.78742625E-08hfrac  0.392379761
 wtx  3.92593279E-07hfrac  0.392379761
 wtx  7.90688001E-11hfrac  0.392379761
 wtx  1.78280771E-07hfrac  0.392379761
 wtx  2.25273794E-07hfrac  0.392379761
 wtx  1.0651987E-07hfrac  0.392379761
 wtx  3.92303701E-09hfrac  0.392379761
 wtx  8.4114518E-08hfrac  0.392379761
 wtx  5.12227018E-07hfrac  0.392379761
 wtx  2.19237517E-08hfrac  0.392379761
 wtx  3.67791614E-07hfrac  0.392379761
 wtx  3.4644691E-07hfrac  0.392379761
 wtx  3.6959932E-08hfrac  0.392379761
 wtx  2.8980855E-08hfrac  0.392379761
   1       2.575678      1.474       2.575678      1.474      0.000    
   2       10.95198      4.081       8.457626      2.484      2.378    



 INPUT PARAMETERS FOR VEGAS:  NDIM=  3  NCALL=    48778.
                              IT=    0  ITMX=    4
                              MDS= -1   ND=  29
   1       12.16592     0.4828       12.16592     0.4828      0.000    
   2       13.04283     0.5285       12.59527     0.3576      1.503    
   3       13.59067     0.7138       12.81987     0.3230      1.543    
   4       13.90836     0.6782       13.04571     0.2930      1.747    



 INPUT PARAMETERS FOR VEGAS:  NDIM=  6  NCALL=     7290.
                              IT=    0  ITMX=    4
                              MDS=  1   ND=  50
 **sig1: iscalef=  5
 **sig1: mur=   154.433029
 **sig1: iscalef=  5
 **sig1: muf=   154.433029
 ALFAS  =   0.163257416
 MUR2   =   154.433029
 LOGMUR =   1.9234713
 MUF2   =   154.433029
 LOGMUF =   1.9234713
  
 INTEGRATING NLO GLUON ...
  
   1      -25.68054      21.93      -25.68054      21.93      0.000    
   2      -2.508489      5.182      -22.29754      14.40     0.3228    
   3       10.98703      9.187      -6.612774      9.294      1.803    
   4       1.593329      1.422      -4.212020      6.780      1.699    



 INPUT PARAMETERS FOR VEGAS:  NDIM=  6  NCALL=    78125.
                              IT=    0  ITMX=    8
                              MDS=  1   ND=  50
   1       4.981202      1.463       4.981202      1.463      0.000    
   2       2.289542      1.547       4.553201      1.044     0.8882    
   3       8.726494      3.782       5.716516      1.361      1.133    
   4       7.325881      3.597       6.003717      1.311     0.7427    
   5       7.469250      2.295       6.462471      1.129     0.6068    
   6       10.46578      5.653       6.830596      1.206     0.5704    
   7       7.969780      6.181       6.879239      1.194     0.4701    
   8       6.512558      2.240       6.813848      1.066     0.4177    



 INPUT PARAMETERS FOR VEGAS:  NDIM=  6  NCALL=     7290.
                              IT=    0  ITMX=    4
                              MDS=  1   ND=  50
 ALFAS  =   0.174186359
 MUR2   =   91.1098934
 LOGMUR =   1.39577716
 MUF2   =   91.1098934
 LOGMUF =   1.39577716
  
 INTEGRATING QUARK INITIATED ...
  
   1      0.3859306     0.2644      0.3859306     0.2644      0.000    
   2     -0.3893121     0.7874      0.3061540     0.2515     0.8771    
   3       1.396534      1.243      0.6847011     0.4541     0.7412    
   4       3.930872      2.844       1.802281     0.8931      1.078    



 INPUT PARAMETERS FOR VEGAS:  NDIM=  6  NCALL=    78125.
                              IT=    0  ITMX=    8
                              MDS=  1   ND=  50
   1      0.1238366     0.2336      0.1238366     0.2336      0.000    
   2      0.4378954     0.3111      0.3988752     0.2139     0.2345    
   3       1.263539     0.4504       1.070512     0.2436      1.113    
   4       1.103574     0.3745       1.085767     0.2004     0.5927    
   5      0.4396718     0.9944       1.079123     0.1839     0.5537    
   6      0.8334788     0.8859       1.068195     0.1810     0.4527    
   7      0.6512136     0.4433       1.027389     0.1675     0.4882    
   8       1.288664     0.6565       1.066243     0.1701     0.3885    
  
 CROSS SECTION =   20.9258031 +/-   1.11898264
  
  # of events with muons:  0 out of:  3313985
  All:           1. muons:   108.122444 2. muon   6.07090855
 In acc: 1. muons:     82.142:      0.760 % 2. muon     10.229:      1.685 %
  Norm Histos here: lum=   1.lumbreit lum1  1.
  ZEUS scenario in Lab frame Q2>4
  Total      sig (pb):   481.128326
  b tot  sig (pb):   290.358978
  >=1jets sig (pb):   387.291595
  muon +no cuts on jet sig (pb):   61.4067993
  muon+jet    sig (pb):   54.4293861
  muon+jet+cone sig (pb):   32.830616
  ZEUS scenario in Breit frame Q2>2 
  tot        sig (pb):   481.125641
  b.cross    sig (pb):   394.172272
  >=1jet sig (pb):   257.94696
  muon nojet cut sig (pb):   33.8657532
  muon+jet   sig (pb):   20.9121914
 incl jet   sig (pb):  96.5083008
 incl muon  sig (pb):  22.285614
 incl b     sig (pb):  380.614929
 generator:HVQ     hfrac  0.2205
  Output Histos here 
