  
 ============================
 | HVQDIS  V1.4  APRIL 2000 |
 ============================
  
 NORDER    =        2
 ISCALER   =        5
 ISCALEF   =        5
 IPDF      =        5
 PTS0      =   500000
 ITS0      =        2
 PTS1      =    80000
 ITS1      =        4
 IQUARK    =        2
 MASS      =      4.75
 EPRO      =    920.00
 EIEL      =     27.50
 Q2MIN     =     13.90
 Q2MAX     =     14.10
 XBJMIN    =      0.00
 XBJMAX    =      1.00
 YMIN      =      0.67
 YMAX      =      0.72
 ETAMAX    =      2.50
 PTMIN     =      0.00
 PTMAX     =   *******
 IFRAG     =        0
 ISL       =        1
 EPS       =      0.0035
 HFRAC     =      0.2205
 XMD       =      5.2780
 TCFRAG    =        0
 TCSL    =        1
 PREF      =   f2b_13.9-14.1_0.-1._r5_f5_m4.75.histos  
  
 BOTTOM PRODUCTION
 RM48 INITIALIZED:        40           0         0
 **hist: start histos 
 HPATH.  ERROR IN PATHNAME,


 ===> Directory : 
  create directory HISB
 hfrac:  0.2205
 **hzb: Version kula1  
 FULL LO+NLO ME



 INPUT PARAMETERS FOR VEGAS:  NDIM=  3  NCALL=   476656.
                              IT=    0  ITMX=    2
                              MDS= -1   ND=  31
 **MScale: SCALFA=   1. ISCALE=  5
 **MScale: scale: Pt2+4 M2 
 **MScale: SCALFA=   1. ISCALE=  5
 **MScale: scale: Pt2+4 M2 
 wtx  6.0850912E-12hfrac  0.392379761
 **frag: Peterson frag function 
 **frag: Vincenzo semi-leptonic routine dir+indir 

 ******************************************************
 KTCLUS: written by Mike Seymour, July 1992.
 Last modified October 1997.
 Please send comments or suggestions to Mike.Seymour@rl.ac.uk

       Collision type = 3 = pe        
     Angular variable = 2 = DeltaR    
 Monotonic definition = 1 = no        
 Recombination scheme = 1 = E         
 Ecut=  1.00
 ******************************************************

 **MScale: SCALFA=   1. ISCALE=  5
 **MScale: scale: Pt2+4 M2 
 **MScale: SCALFA=   1. ISCALE=  5
 **MScale: scale: Pt2+4 M2 
 wtx  5.57028859E-12hfrac  0.392379761
 **MScale: SCALFA=   1. ISCALE=  5
 **MScale: scale: Pt2+4 M2 
 wtx  1.45779291E-11hfrac  0.392379761
 wtx  5.3549244E-12hfrac  0.392379761
 wtx  4.78012161E-12hfrac  0.392379761
 wtx  2.82437164E-11hfrac  0.392379761
 wtx  2.91750755E-11hfrac  0.392379761
 wtx  1.2241071E-11hfrac  0.392379761
 wtx  7.03123115E-11hfrac  0.392379761
 wtx  9.57208878E-12hfrac  0.392379761
 wtx  7.15369847E-11hfrac  0.392379761
 wtx  2.29311292E-11hfrac  0.392379761
 wtx  3.12893309E-12hfrac  0.392379761
 wtx  5.60389408E-11hfrac  0.392379761
 wtx  8.38946343E-11hfrac  0.392379761
 wtx  8.10928338E-11hfrac  0.392379761
 wtx  2.4631202E-12hfrac  0.392379761
 wtx  5.31145961E-11hfrac  0.392379761
 wtx  1.0816139E-10hfrac  0.392379761
 wtx  1.10974438E-10hfrac  0.392379761
 wtx  6.40848269E-12hfrac  0.392379761
 **bmatch: create BMAT   
 BMAT    histos booked ! 
 wtx  3.64131954E-11hfrac  0.392379761
 wtx  2.95392391E-11hfrac  0.392379761
 wtx  4.54601461E-11hfrac  0.392379761
 wtx  1.72866478E-11hfrac  0.392379761
 wtx  1.02453407E-10hfrac  0.392379761
 wtx  4.45361664E-11hfrac  0.392379761
 wtx  3.486458E-11hfrac  0.392379761
 wtx  9.28664992E-11hfrac  0.392379761
 wtx  6.91522256E-11hfrac  0.392379761
 wtx  7.17267565E-11hfrac  0.392379761
 wtx  8.76223608E-11hfrac  0.392379761
 wtx  7.00209821E-11hfrac  0.392379761
 wtx  6.95536337E-11hfrac  0.392379761
 wtx  4.72082373E-11hfrac  0.392379761
 wtx  5.75443894E-11hfrac  0.392379761
 wtx  8.70387373E-11hfrac  0.392379761
 wtx  8.0597716E-11hfrac  0.392379761
 wtx  5.16086791E-11hfrac  0.392379761
 wtx  6.41247541E-11hfrac  0.392379761
 wtx  6.11169518E-11hfrac  0.392379761
 wtx  7.15137255E-11hfrac  0.392379761
 wtx  7.6846314E-11hfrac  0.392379761
 wtx  8.23511606E-11hfrac  0.392379761
 wtx  7.86876328E-11hfrac  0.392379761
 wtx  4.736413E-11hfrac  0.392379761
 wtx  5.96549199E-11hfrac  0.392379761
 wtx  6.86836074E-11hfrac  0.392379761
 wtx  2.80275005E-11hfrac  0.392379761
 wtx  5.04044723E-11hfrac  0.392379761
 wtx  7.94144056E-11hfrac  0.392379761
 wtx  3.61352441E-11hfrac  0.392379761
 wtx  2.24181437E-11hfrac  0.392379761
 wtx  3.58219565E-11hfrac  0.392379761
 wtx  7.76162884E-11hfrac  0.392379761
 wtx  8.45615314E-11hfrac  0.392379761
 wtx  2.66892047E-11hfrac  0.392379761
 wtx  4.74624784E-11hfrac  0.392379761
 wtx  8.5218485E-11hfrac  0.392379761
 wtx  4.30895493E-11hfrac  0.392379761
 wtx  7.39940331E-11hfrac  0.392379761
 wtx  8.36384018E-11hfrac  0.392379761
 wtx  7.44349443E-11hfrac  0.392379761
 wtx  6.06994316E-11hfrac  0.392379761
 wtx  8.24817853E-11hfrac  0.392379761
 wtx  8.30401789E-11hfrac  0.392379761
 wtx  7.32347932E-11hfrac  0.392379761
 wtx  1.09345788E-11hfrac  0.392379761
 wtx  8.5849057E-11hfrac  0.392379761
 wtx  5.67875642E-11hfrac  0.392379761
 wtx  6.10688236E-11hfrac  0.392379761
 wtx  8.58234456E-11hfrac  0.392379761
 wtx  2.81431285E-11hfrac  0.392379761
 wtx  7.56754312E-11hfrac  0.392379761
 wtx  8.66534483E-11hfrac  0.392379761
 wtx  4.44328636E-11hfrac  0.392379761
 wtx  4.81918533E-11hfrac  0.392379761
 wtx  5.07774343E-11hfrac  0.392379761
 wtx  8.83707621E-11hfrac  0.392379761
 wtx  8.25284424E-11hfrac  0.392379761
 wtx  5.50822686E-11hfrac  0.392379761
 wtx  3.11021209E-11hfrac  0.392379761
 wtx  4.91208046E-11hfrac  0.392379761
 wtx  8.59728053E-11hfrac  0.392379761
 wtx  2.75882563E-11hfrac  0.392379761
 wtx  7.1049347E-11hfrac  0.392379761
 wtx  8.12144865E-11hfrac  0.392379761
 wtx  5.04632273E-11hfrac  0.392379761
 wtx  5.63446165E-11hfrac  0.392379761
 wtx  4.82687501E-11hfrac  0.392379761
 wtx  4.2525275E-11hfrac  0.392379761
 wtx  1.94245921E-11hfrac  0.392379761
 wtx  9.23651849E-11hfrac  0.392379761
 wtx  9.12756745E-11hfrac  0.392379761
 wtx  3.7019339E-11hfrac  0.392379761
 wtx  9.82111406E-11hfrac  0.392379761
 wtx  7.43512682E-11hfrac  0.392379761
 wtx  5.72134631E-11hfrac  0.392379761
 wtx  1.02606403E-10hfrac  0.392379761
 wtx  8.92670313E-11hfrac  0.392379761
   1      0.2502069E-02 0.1115E-04  0.2502069E-02 0.1115E-04  0.000    
   2      0.2522907E-02 0.1047E-04  0.2513230E-02 0.7631E-05  1.854    



 INPUT PARAMETERS FOR VEGAS:  NDIM=  3  NCALL=  4920750.
                              IT=    0  ITMX=    4
                              MDS= -1   ND=  45
   1      0.2515121E-02 0.3232E-05  0.2515121E-02 0.3232E-05  0.000    
   2      0.2518775E-02 0.3237E-05  0.2516948E-02 0.2287E-05 0.6378    
   3      0.2517663E-02 0.3237E-05  0.2517186E-02 0.1868E-05 0.3352    
   4      0.2518922E-02 0.3236E-05  0.2517620E-02 0.1618E-05 0.2953    



 INPUT PARAMETERS FOR VEGAS:  NDIM=  6  NCALL=    78125.
                              IT=    0  ITMX=    4
                              MDS=  1   ND=  50
 **sig1: iscalef=  5
 **sig1: mur=   92.6291869
 **sig1: iscalef=  5
 **sig1: muf=   92.6291869
 ALFAS  =   0.173820162
 MUR2   =   92.6291869
 LOGMUR =   1.41231505
 MUF2   =   92.6291869
 LOGMUF =   1.41231505
  
 INTEGRATING NLO GLUON ...
  
   1      0.2162467E-02 0.4097E-03  0.2162467E-02 0.4097E-03  0.000    
   2      0.1728823E-02 0.2770E-03  0.1909676E-02 0.2395E-03 0.7970    
   3      0.1802797E-02 0.2557E-03  0.1864084E-02 0.1767E-03 0.4645    
   4      0.1553035E-02 0.1609E-03  0.1725874E-02 0.1261E-03 0.8393    



 INPUT PARAMETERS FOR VEGAS:  NDIM=  6  NCALL=   786432.
                              IT=    0  ITMX=    8
                              MDS=  1   ND=  50
   1      0.1677675E-02 0.5859E-04  0.1677675E-02 0.5859E-04  0.000    
   2      0.1594298E-02 0.5518E-04  0.1635616E-02 0.4023E-04  1.074    
   3      0.1640241E-02 0.5924E-04  0.1637080E-02 0.3328E-04 0.5381    
   4      0.1679812E-02 0.7072E-04  0.1645156E-02 0.3017E-04 0.4566    
   5      0.1708685E-02 0.8628E-04  0.1652533E-02 0.2857E-04 0.4643    
   6      0.1663276E-02 0.5452E-04  0.1654853E-02 0.2531E-04 0.3773    
   7      0.1716903E-02 0.6891E-04  0.1662669E-02 0.2377E-04 0.4364    
   8      0.1768258E-02 0.8592E-04  0.1671024E-02 0.2299E-04 0.5880    



 INPUT PARAMETERS FOR VEGAS:  NDIM=  6  NCALL=    78125.
                              IT=    0  ITMX=    4
                              MDS=  1   ND=  50
 ALFAS  =   0.174304436
 MUR2   =   90.6267752
 LOGMUR =   1.39046047
 MUF2   =   90.6267752
 LOGMUF =   1.39046047
  
 INTEGRATING QUARK INITIATED ...
  
   1      0.2427455E-03 0.8952E-04  0.2427455E-03 0.8952E-04  0.000    
   2      0.1457325E-03 0.9584E-04  0.2195362E-03 0.6440E-04 0.4130    
   3      0.4013922E-03 0.1132E-03  0.3223457E-03 0.6014E-04  1.226    
   4      0.1764291E-03 0.5140E-04  0.2718061E-03 0.4474E-04  1.768    



 INPUT PARAMETERS FOR VEGAS:  NDIM=  6  NCALL=   786432.
                              IT=    0  ITMX=    8
                              MDS=  1   ND=  50
   1      0.1924138E-03 0.1434E-04  0.1924138E-03 0.1434E-04  0.000    
   2      0.1782194E-03 0.1302E-04  0.1851736E-03 0.9673E-05 0.5381    
   3      0.1859831E-03 0.1109E-04  0.1855246E-03 0.7287E-05 0.2701    
   4      0.1969479E-03 0.1636E-04  0.1876089E-03 0.6691E-05 0.3195    
   5      0.2115144E-03 0.2425E-04  0.1897001E-03 0.6555E-05 0.4932    
   6      0.2156949E-03 0.1481E-04  0.1947980E-03 0.5996E-05 0.9718    
   7      0.1876356E-03 0.1608E-04  0.1939976E-03 0.5612E-05 0.8479    
   8      0.1937661E-03 0.1655E-04  0.1939742E-03 0.5314E-05 0.7288    
  
 CROSS SECTION =   0.00438261844 +/-   2.3649975E-05
  
  # of events with muons:  0 out of:  53828476
  All:           1. muons:   0.0128145404 2. muon   0.000758180919
 In acc: 1. muons:      0.015:      1.184 % 2. muon      0.002:      2.374 %
  Norm Histos here: lum=   1.lumbreit lum1  1.
  ZEUS scenario in Lab frame Q2>4
  Total      sig (pb):   0.066269353
  b tot  sig (pb):   0.0352448039
  >=1jets sig (pb):   0.0480269752
  muon +no cuts on jet sig (pb):   0.00693908287
  muon+jet    sig (pb):   0.00580538763
  muon+jet+cone sig (pb):   0.00394683378
  ZEUS scenario in Breit frame Q2>2 
  tot        sig (pb):   0.0662693903
  b.cross    sig (pb):   0.0382003784
  >=1jet sig (pb):   0.0385898612
  muon nojet cut sig (pb):   0.00610847306
  muon+jet   sig (pb):   0.00439403532
 incl jet   sig (pb):  0.0193531066
 incl muon  sig (pb):  0.00483163027
 incl b     sig (pb):  0.0575057045
 generator:HVQ     hfrac  0.2205
  Output Histos here 
