  
 ============================
 | HVQDIS  V1.4  APRIL 2000 |
 ============================
  
 NORDER    =        2
 ISCALER   =       27
 ISCALEF   =        7
 IPDF      =        5
 PTS0      =   500000
 ITS0      =        2
 PTS1      =    80000
 ITS1      =        4
 IQUARK    =        2
 MASS      =      4.75
 EPRO      =    920.00
 EIEL      =     27.50
 Q2MIN     =      2.00
 Q2MAX     =      4.00
 XBJMIN    =      0.00
 XBJMAX    =      1.00
 YMIN      =      0.05
 YMAX      =      0.70
 ETAMAX    =      2.50
 PTMIN     =      0.00
 PTMAX     =   *******
 IFRAG     =        0
 ISL       =        1
 EPS       =      0.0035
 HFRAC     =      0.2205
 XMD       =      5.2780
 TCFRAG    =        0
 TCSL    =        1
 PREF      =   f2b_2-4_0.0-1._r27_f7_m4.75.histos      
  
 BOTTOM PRODUCTION
 RM48 INITIALIZED:        40           0         0
 **hist: start histos 
 HPATH.  ERROR IN PATHNAME,


 ===> Directory : 
  create directory HISB
 hfrac:  0.2205
 **hzb: Version kula1  
 FULL LO+NLO ME



 INPUT PARAMETERS FOR VEGAS:  NDIM=  3  NCALL=   476656.
                              IT=    0  ITMX=    2
                              MDS= -1   ND=  31
 **MScale: SCALFA=   1. ISCALE=  27
 **MScale: scale: 4*(Q2+Pt2+M2)/4 
 1**Scales: M2=   22.5625 Q2=   2.01524278 X2=   0.0242675745
 1**Scale:   24.6020104
 **MScale: SCALFA=   1. ISCALE=  7
 **MScale: scale: (Q2+Pt2+M2)/4 
 2**Scales: M2=   22.5625 Q2=   2.01524278 X2=   0.0242675745
 2**Scale:   6.15050259
 wtx  3.38048807E-08hfrac  0.392379761
 **frag: Peterson frag function 
 **frag: Vincenzo semi-leptonic routine dir+indir 

 ******************************************************
 KTCLUS: written by Mike Seymour, July 1992.
 Last modified October 1997.
 Please send comments or suggestions to Mike.Seymour@rl.ac.uk

       Collision type = 3 = pe        
     Angular variable = 2 = DeltaR    
 Monotonic definition = 1 = no        
 Recombination scheme = 1 = E         
 Ecut=  1.00
 ******************************************************

 **MScale: SCALFA=   1. ISCALE=  27
 **MScale: scale: 4*(Q2+Pt2+M2)/4 
 3**Scales: M2=   22.5625 Q2=   2.01210064 X2=   0.0199466652
 3**Scale:   24.5945473
 **MScale: SCALFA=   1. ISCALE=  7
 **MScale: scale: (Q2+Pt2+M2)/4 
 4**Scales: M2=   22.5625 Q2=   2.01210064 X2=   0.0199466652
 4**Scale:   6.14863683
 wtx  3.03044985E-08hfrac  0.392379761
 **MScale: SCALFA=   1. ISCALE=  27
 **MScale: scale: 4*(Q2+Pt2+M2)/4 
 5**Scales: M2=   22.5625 Q2=   2.02598475 X2=   0.146220395
 5**Scale:   24.7347052
 6**Scales: M2=   22.5625 Q2=   2.02598475 X2=   0.146220395
 6**Scale:   6.18367629
 wtx  7.90316719E-08hfrac  0.392379761
 7**Scales: M2=   22.5625 Q2=   2.02490205 X2=   0.0256576235
 7**Scale:   24.6130597
 8**Scales: M2=   22.5625 Q2=   2.02490205 X2=   0.0256576235
 8**Scale:   6.15326492
 wtx  2.70783449E-08hfrac  0.392379761
 9**Scales: M2=   22.5625 Q2=   2.01264195 X2=   0.0309355978
 9**Scale:   24.6060776
 10**Scales: M2=   22.5625 Q2=   2.01264195 X2=   0.0309355978
 10**Scale:   6.15151939
 wtx  2.78805921E-08hfrac  0.392379761
 11**Scales: M2=   22.5625 Q2=   2.02084519 X2=   0.486184276
 11**Scale:   25.0695295
 12**Scales: M2=   22.5625 Q2=   2.02084519 X2=   0.486184276
 12**Scale:   6.26738237
 wtx  1.55121512E-07hfrac  0.392379761
 13**Scales: M2=   22.5625 Q2=   2.01614734 X2=   0.598861514
 13**Scale:   25.1775089
 14**Scales: M2=   22.5625 Q2=   2.01614734 X2=   0.598861514
 14**Scale:   6.29437721
 wtx  1.54034709E-07hfrac  0.392379761
 15**Scales: M2=   22.5625 Q2=   2.02331825 X2=   0.162284427
 15**Scale:   24.7481027
 16**Scales: M2=   22.5625 Q2=   2.02331825 X2=   0.162284427
 16**Scale:   6.18702567
 wtx  6.46375966E-08hfrac  0.392379761
 17**Scales: M2=   22.5625 Q2=   2.01225393 X2=   2.55678478
 17**Scale:   27.1315387
 18**Scales: M2=   22.5625 Q2=   2.01225393 X2=   2.55678478
 18**Scale:   6.78288468
 wtx  3.59757763E-07hfrac  0.392379761
 19**Scales: M2=   22.5625 Q2=   2.01471874 X2=   0.122927665
 19**Scale:   24.7001464
 20**Scales: M2=   22.5625 Q2=   2.01471874 X2=   0.122927665
 20**Scale:   6.1750366
 wtx  4.94830878E-08hfrac  0.392379761
 21**Scales: M2=   22.5625 Q2=   2.01383019 X2=   3.19087063
 21**Scale:   27.7672008
 22**Scales: M2=   22.5625 Q2=   2.01383019 X2=   3.19087063
 22**Scale:   6.94180021
 wtx  3.74239221E-07hfrac  0.392379761
 23**Scales: M2=   22.5625 Q2=   2.01965603 X2=   0.561113631
 23**Scale:   25.1432697
 24**Scales: M2=   22.5625 Q2=   2.01965603 X2=   0.561113631
 24**Scale:   6.28581742
 wtx  1.31283144E-07hfrac  0.392379761
 25**Scales: M2=   22.5625 Q2=   2.00163531 X2=   0.0167981398
 25**Scale:   24.5809334
 26**Scales: M2=   22.5625 Q2=   2.00163531 X2=   0.0167981398
 26**Scale:   6.14523336
 wtx  1.72450321E-08hfrac  0.392379761
 27**Scales: M2=   22.5625 Q2=   2.01678848 X2=   2.35353585
 27**Scale:   26.9328243
 28**Scales: M2=   22.5625 Q2=   2.01678848 X2=   2.35353585
 28**Scale:   6.73320608
 wtx  3.21476335E-07hfrac  0.392379761
 29**Scales: M2=   22.5625 Q2=   2.0290216 X2=   5.54900191
 29**Scale:   30.1405235
 30**Scales: M2=   22.5625 Q2=   2.0290216 X2=   5.54900191
 30**Scale:   7.53513088
 wtx  4.78387335E-07hfrac  0.392379761
 31**Scales: M2=   22.5625 Q2=   2.03050539 X2=   5.18888463
 31**Scale:   29.78189
 32**Scales: M2=   22.5625 Q2=   2.03050539 X2=   5.18888463
 32**Scale:   7.4454725
 wtx  4.59169684E-07hfrac  0.392379761
 33**Scales: M2=   22.5625 Q2=   2.01584011 X2=   0.0105857784
 33**Scale:   24.5889259
 34**Scales: M2=   22.5625 Q2=   2.01584011 X2=   0.0105857784
 34**Scale:   6.14723147
 wtx  1.29526763E-08hfrac  0.392379761
 35**Scales: M2=   22.5625 Q2=   2.01361823 X2=   2.54336977
 35**Scale:   27.119488
 36**Scales: M2=   22.5625 Q2=   2.01361823 X2=   2.54336977
 36**Scale:   6.779872
 wtx  2.80009658E-07hfrac  0.392379761
 37**Scales: M2=   22.5625 Q2=   2.00331002 X2=   14.5444218
 37**Scale:   39.1102318
 38**Scales: M2=   22.5625 Q2=   2.00331002 X2=   14.5444218
 38**Scale:   9.77755796
 wtx  5.95944925E-07hfrac  0.392379761
 39**Scales: M2=   22.5625 Q2=   2.00940063 X2=   17.5609788
 39**Scale:   42.1328795
 40**Scales: M2=   22.5625 Q2=   2.00940063 X2=   17.5609788
 40**Scale:   10.5332199
 wtx  5.67091604E-07hfrac  0.392379761
 41**Scales: M2=   22.5625 Q2=   2.00685898 X2=   286.174445
 41**Scale:   310.743804
 42**Scales: M2=   22.5625 Q2=   2.00685898 X2=   286.174445
 42**Scale:   77.685951
 wtx  7.0684425E-10hfrac  0.392379761
 **bmatch: create BMAT   
 BMAT    histos booked ! 
 43**Scales: M2=   22.5625 Q2=   2.01596134 X2=   1.54424311
 43**Scale:   26.1227045
 44**Scales: M2=   22.5625 Q2=   2.01596134 X2=   1.54424311
 44**Scale:   6.53067611
 wtx  2.14623796E-07hfrac  0.392379761
 45**Scales: M2=   22.5625 Q2=   2.02481582 X2=   1.14615482
 45**Scale:   25.7334706
 46**Scales: M2=   22.5625 Q2=   2.02481582 X2=   1.14615482
 46**Scale:   6.43336766
 wtx  1.56908087E-07hfrac  0.392379761
 47**Scales: M2=   22.5625 Q2=   2.00539064 X2=   2.37472747
 47**Scale:   26.9426181
 48**Scales: M2=   22.5625 Q2=   2.00539064 X2=   2.37472747
 48**Scale:   6.73565453
 wtx  2.43634929E-07hfrac  0.392379761
 49**Scales: M2=   22.5625 Q2=   2.01196776 X2=   0.464400278
 49**Scale:   25.038868
 50**Scales: M2=   22.5625 Q2=   2.01196776 X2=   0.464400278
 50**Scale:   6.25971701
 wtx  9.31974782E-08hfrac  0.392379761
 51**Scales: M2=   22.5625 Q2=   2.02325446 X2=   17.8698943
 51**Scale:   42.4556487
 52**Scales: M2=   22.5625 Q2=   2.02325446 X2=   17.8698943
 52**Scale:   10.6139122
 wtx  5.75258355E-07hfrac  0.392379761
 53**Scales: M2=   22.5625 Q2=   2.01292125 X2=   162.127498
 53**Scale:   186.702919
 54**Scales: M2=   22.5625 Q2=   2.01292125 X2=   162.127498
 54**Scale:   46.6757298
 wtx  8.78202542E-08hfrac  0.392379761
 55**Scales: M2=   22.5625 Q2=   2.01532136 X2=   1.65071949
 55**Scale:   26.2285408
 56**Scales: M2=   22.5625 Q2=   2.01532136 X2=   1.65071949
 56**Scale:   6.55713521
 wtx  1.88170716E-07hfrac  0.392379761
 57**Scales: M2=   22.5625 Q2=   2.01083836 X2=   13.323262
 57**Scale:   37.8966004
 58**Scales: M2=   22.5625 Q2=   2.01083836 X2=   13.323262
 58**Scale:   9.4741501
 wtx  5.3784629E-07hfrac  0.392379761
 59**Scales: M2=   22.5625 Q2=   2.00220749 X2=   5.74878759
 59**Scale:   30.3134951
 60**Scales: M2=   22.5625 Q2=   2.00220749 X2=   5.74878759
 60**Scale:   7.57837377
 wtx  4.13893787E-07hfrac  0.392379761
 61**Scales: M2=   22.5625 Q2=   2.01081225 X2=   6.56894876
 61**Scale:   31.142261
 62**Scales: M2=   22.5625 Q2=   2.01081225 X2=   6.56894876
 62**Scale:   7.78556525
 wtx  4.19862943E-07hfrac  0.392379761
 63**Scales: M2=   22.5625 Q2=   2.03086177 X2=   51.6211801
 63**Scale:   76.2145418
 64**Scales: M2=   22.5625 Q2=   2.03086177 X2=   51.6211801
 64**Scale:   19.0536355
 wtx  4.28337017E-07hfrac  0.392379761
 65**Scales: M2=   22.5625 Q2=   2.02670108 X2=   87.0806684
 65**Scale:   111.66987
 66**Scales: M2=   22.5625 Q2=   2.02670108 X2=   87.0806684
 66**Scale:   27.9174674
 wtx  2.97933127E-07hfrac  0.392379761
 67**Scales: M2=   22.5625 Q2=   2.0050606 X2=   6.57552434
 67**Scale:   31.1430849
 68**Scales: M2=   22.5625 Q2=   2.0050606 X2=   6.57552434
 68**Scale:   7.78577123
 wtx  4.14417144E-07hfrac  0.392379761
 69**Scales: M2=   22.5625 Q2=   2.02850611 X2=   3.12193279
 69**Scale:   27.7129389
 70**Scales: M2=   22.5625 Q2=   2.02850611 X2=   3.12193279
 70**Scale:   6.92823473
 wtx  2.7499425E-07hfrac  0.392379761
 71**Scales: M2=   22.5625 Q2=   2.00343864 X2=   4.49033667
 71**Scale:   29.0562753
 72**Scales: M2=   22.5625 Q2=   2.00343864 X2=   4.49033667
 72**Scale:   7.26406883
 wtx  3.47059455E-07hfrac  0.392379761
 73**Scales: M2=   22.5625 Q2=   2.02067182 X2=   13.1417922
 73**Scale:   37.724964
 74**Scales: M2=   22.5625 Q2=   2.02067182 X2=   13.1417922
 74**Scale:   9.43124101
 wtx  5.21035872E-07hfrac  0.392379761
 75**Scales: M2=   22.5625 Q2=   2.00260301 X2=   58.4080882
 75**Scale:   82.9731913
 76**Scales: M2=   22.5625 Q2=   2.00260301 X2=   58.4080882
 76**Scale:   20.7432978
 wtx  4.16547323E-07hfrac  0.392379761
 77**Scales: M2=   22.5625 Q2=   2.02147523 X2=   138.753834
 77**Scale:   163.337809
 78**Scales: M2=   22.5625 Q2=   2.02147523 X2=   138.753834
 78**Scale:   40.8344523
 wtx  1.86270597E-07hfrac  0.392379761
 79**Scales: M2=   22.5625 Q2=   2.01274594 X2=   5.91221273
 79**Scale:   30.4874587
 80**Scales: M2=   22.5625 Q2=   2.01274594 X2=   5.91221273
 80**Scale:   7.62186467
 wtx  3.65955145E-07hfrac  0.392379761
 81**Scales: M2=   22.5625 Q2=   2.00012113 X2=   5.44624943
 81**Scale:   30.0088706
 82**Scales: M2=   22.5625 Q2=   2.00012113 X2=   5.44624943
 82**Scale:   7.50221764
 wtx  3.784412E-07hfrac  0.392379761
 83**Scales: M2=   22.5625 Q2=   2.01003785 X2=   72.1849567
 83**Scale:   96.7574946
 84**Scales: M2=   22.5625 Q2=   2.01003785 X2=   72.1849567
 84**Scale:   24.1893736
 wtx  3.588097E-07hfrac  0.392379761
 85**Scales: M2=   22.5625 Q2=   2.02402197 X2=   57.4900089
 85**Scale:   82.0765308
 86**Scales: M2=   22.5625 Q2=   2.02402197 X2=   57.4900089
 86**Scale:   20.5191327
 wtx  4.1845135E-07hfrac  0.392379761
 87**Scales: M2=   22.5625 Q2=   2.01215133 X2=   45.0713693
 87**Scale:   69.6460207
 88**Scales: M2=   22.5625 Q2=   2.01215133 X2=   45.0713693
 88**Scale:   17.4115052
 wtx  4.77775131E-07hfrac  0.392379761
 89**Scales: M2=   22.5625 Q2=   2.00528012 X2=   51.9899539
 89**Scale:   76.557734
 90**Scales: M2=   22.5625 Q2=   2.00528012 X2=   51.9899539
 90**Scale:   19.1394335
 wtx  4.42957855E-07hfrac  0.392379761
 91**Scales: M2=   22.5625 Q2=   2.01925549 X2=   3.36682102
 91**Scale:   27.9485765
 92**Scales: M2=   22.5625 Q2=   2.01925549 X2=   3.36682102
 92**Scale:   6.98714413
 wtx  2.72470146E-07hfrac  0.392379761
 93**Scales: M2=   22.5625 Q2=   2.02673132 X2=   5.46435287
 93**Scale:   30.0535842
 94**Scales: M2=   22.5625 Q2=   2.02673132 X2=   5.46435287
 94**Scale:   7.51339605
 wtx  3.55624167E-07hfrac  0.392379761
 95**Scales: M2=   22.5625 Q2=   2.0259983 X2=   73.3047488
 95**Scale:   97.8932471
 96**Scales: M2=   22.5625 Q2=   2.0259983 X2=   73.3047488
 96**Scale:   24.4733118
 wtx  3.62783879E-07hfrac  0.392379761
 97**Scales: M2=   22.5625 Q2=   2.00599602 X2=   280.791959
 97**Scale:   305.360455
 98**Scales: M2=   22.5625 Q2=   2.00599602 X2=   280.791959
 98**Scale:   76.3401138
 wtx  7.01470313E-08hfrac  0.392379761
 99**Scales: M2=   22.5625 Q2=   2.01166141 X2=   128.287238
 99**Scale:   152.861399
 100**Scales: M2=   22.5625 Q2=   2.01166141 X2=   128.287238
 100**Scale:   38.2153498
 wtx  2.18430301E-07hfrac  0.392379761
 wtx  4.56132653E-07hfrac  0.392379761
 wtx  2.17623267E-07hfrac  0.392379761
 wtx  4.59092497E-08hfrac  0.392379761
 wtx  2.00323626E-07hfrac  0.392379761
 wtx  4.32235623E-07hfrac  0.392379761
 wtx  4.91737069E-07hfrac  0.392379761
 wtx  6.94885856E-08hfrac  0.392379761
 wtx  2.75636978E-07hfrac  0.392379761
 wtx  5.06460367E-07hfrac  0.392379761
 wtx  2.55186649E-07hfrac  0.392379761
 wtx  4.42183904E-07hfrac  0.392379761
 wtx  5.14615976E-07hfrac  0.392379761
 wtx  4.39649227E-07hfrac  0.392379761
 wtx  3.18831752E-07hfrac  0.392379761
 wtx  4.84263921E-07hfrac  0.392379761
 wtx  4.82551627E-07hfrac  0.392379761
 wtx  4.27026151E-07hfrac  0.392379761
 wtx  8.26359514E-09hfrac  0.392379761
 wtx  5.22610719E-07hfrac  0.392379761
 wtx  2.82000741E-07hfrac  0.392379761
 wtx  3.81204046E-07hfrac  0.392379761
 wtx  5.18159993E-07hfrac  0.392379761
 wtx  7.22793416E-08hfrac  0.392379761
 wtx  4.45215647E-07hfrac  0.392379761
 wtx  5.2266779E-07hfrac  0.392379761
 wtx  1.70904713E-07hfrac  0.392379761
 wtx  1.91842119E-07hfrac  0.392379761
 wtx  2.96864101E-07hfrac  0.392379761
 wtx  5.42574242E-07hfrac  0.392379761
 wtx  4.8864905E-07hfrac  0.392379761
 wtx  2.35360588E-07hfrac  0.392379761
 wtx  1.72780545E-07hfrac  0.392379761
 wtx  1.76809721E-07hfrac  0.392379761
 wtx  4.78792629E-07hfrac  0.392379761
 wtx  4.78142255E-08hfrac  0.392379761
 wtx  3.40985792E-07hfrac  0.392379761
 wtx  4.66588176E-07hfrac  0.392379761
 wtx  2.8896136E-07hfrac  0.392379761
 wtx  2.04321623E-07hfrac  0.392379761
 wtx  2.64622372E-07hfrac  0.392379761
 wtx  2.34388054E-07hfrac  0.392379761
 wtx  1.02480541E-07hfrac  0.392379761
 wtx  4.93549862E-07hfrac  0.392379761
 wtx  5.38721565E-07hfrac  0.392379761
 wtx  2.14589903E-07hfrac  0.392379761
 wtx  5.52684924E-07hfrac  0.392379761
 wtx  4.27746528E-07hfrac  0.392379761
 wtx  3.27975584E-07hfrac  0.392379761
 wtx  5.73901389E-07hfrac  0.392379761
 wtx  4.84830025E-07hfrac  0.392379761
   1       2.253201     0.1379E-01   2.253201     0.1379E-01  0.000    
   2       2.280494     0.1182E-01   2.269092     0.8964E-02  2.255    



 INPUT PARAMETERS FOR VEGAS:  NDIM=  3  NCALL=  4920750.
                              IT=    0  ITMX=    4
                              MDS= -1   ND=  45
   1       2.265451     0.3629E-02   2.265451     0.3629E-02  0.000    
   2       2.269350     0.3631E-02   2.267402     0.2567E-02 0.5768    
   3       2.272594     0.3636E-02   2.269134     0.2097E-02 0.9692    
   4       2.268174     0.3632E-02   2.268894     0.1816E-02 0.6637    



 INPUT PARAMETERS FOR VEGAS:  NDIM=  6  NCALL=    78125.
                              IT=    0  ITMX=    4
                              MDS=  1   ND=  50
 **sig1: iscalef=  27
 **sig1: mur=   72.9972749
 **sig1: iscalef=  7
 **sig1: muf=   18.2493187
 ALFAS  =   0.179258517
 MUR2   =   72.9972749
 LOGMUR =   1.17413287
 MUF2   =   18.2493187
 LOGMUF =  -0.212161486
  
 INTEGRATING NLO GLUON ...
  
   1       1.791426     0.6253       1.791426     0.6253      0.000    
   2       1.388004     0.2152       1.454476     0.2271     0.4344    
   3       1.305268     0.1504       1.364666     0.1350     0.3910    
   4       1.294124     0.1616       1.340753     0.1060     0.3123    



 INPUT PARAMETERS FOR VEGAS:  NDIM=  6  NCALL=   786432.
                              IT=    0  ITMX=    8
                              MDS=  1   ND=  50
   1       1.442827     0.6871E-01   1.442827     0.6871E-01  0.000    
   2       1.490717     0.9445E-01   1.460114     0.5584E-01 0.1696    
   3       1.485422     0.5597E-01   1.472897     0.3945E-01 0.1355    
   4       1.595790     0.7955E-01   1.500419     0.3550E-01 0.7809    
   5       1.501080     0.1202       1.500472     0.3404E-01 0.5862    
   6       1.389413     0.6982E-01   1.481748     0.3065E-01 0.8487    
   7       1.415507     0.6058E-01   1.469253     0.2743E-01 0.8655    
   8       1.419052     0.5792E-01   1.460631     0.2484E-01 0.8319    



 INPUT PARAMETERS FOR VEGAS:  NDIM=  6  NCALL=    78125.
                              IT=    0  ITMX=    4
                              MDS=  1   ND=  50
 ALFAS  =   0.206582287
 MUR2   =   27.0152755
 LOGMUR =   0.180113228
 MUF2   =   6.75381886
 LOGMUF =  -1.20618113
  
 INTEGRATING QUARK INITIATED ...
  
   1      0.5658702     0.1579      0.5658702     0.1579      0.000    
   2      0.3719333     0.7644E-01  0.4401346     0.7924E-01  1.366    
   3      0.3842277     0.4755E-01  0.4042822     0.4455E-01 0.9561    
   4      0.6357682     0.8050E-01  0.4922240     0.3922E-01  3.245    



 INPUT PARAMETERS FOR VEGAS:  NDIM=  6  NCALL=   786432.
                              IT=    0  ITMX=    8
                              MDS=  1   ND=  50
   1      0.4802770     0.1902E-01  0.4802770     0.1902E-01  0.000    
   2      0.4680586     0.2469E-01  0.4758721     0.1502E-01 0.1526    
   3      0.4717484     0.1730E-01  0.4741105     0.1135E-01 0.9270E-01
   4      0.4745378     0.1797E-01  0.4742327     0.9595E-02 0.6186E-01
   5      0.4374448     0.1950E-01  0.4679382     0.8606E-02 0.6957    
   6      0.5561297     0.1069      0.4687425     0.8861E-02 0.6992    
   7      0.4427651     0.2137E-01  0.4654597     0.8188E-02 0.7814    
   8      0.5017298     0.3229E-01  0.4678673     0.7964E-02 0.8447    
  
 CROSS SECTION =   4.19739254 +/-   0.0261528089
  
  # of events with muons:  0 out of:  52684941
  All:           1. muons:   19.4225636 2. muon   1.15597129
 In acc: 1. muons:     14.355:      0.739 % 2. muon      1.657:      1.433 %
  Norm Histos here: lum=   1.lumbreit lum1  1.
  ZEUS scenario in Lab frame Q2>4
  Total      sig (pb):   98.0303421
  b tot  sig (pb):   51.949173
  >=1jets sig (pb):   73.0289154
  muon +no cuts on jet sig (pb):   10.6092758
  muon+jet    sig (pb):   8.66411877
  muon+jet+cone sig (pb):   5.33852768
  ZEUS scenario in Breit frame Q2>2 
  tot        sig (pb):   98.0303421
  b.cross    sig (pb):   50.3884239
  >=1jet sig (pb):   52.8101463
  muon nojet cut sig (pb):   5.81926012
  muon+jet   sig (pb):   4.21545458
 incl jet   sig (pb):  17.3658886
 incl muon  sig (pb):  4.58206034
 incl b     sig (pb):  70.613945
 generator:HVQ     hfrac  0.2205
  Output Histos here 
