  
 ============================
 | HVQDIS  V1.4  APRIL 2000 |
 ============================
  
 NORDER    =        2
 ISCALER   =       17
 ISCALEF   =        7
 IPDF      =        5
 PTS0      =   500000
 ITS0      =        2
 PTS1      =    80000
 ITS1      =        4
 IQUARK    =        2
 MASS      =      4.75
 EPRO      =    920.00
 EIEL      =     27.50
 Q2MIN     =      2.00
 Q2MAX     =      4.00
 XBJMIN    =      0.00
 XBJMAX    =      1.00
 YMIN      =      0.05
 YMAX      =      0.70
 ETAMAX    =      2.50
 PTMIN     =      0.00
 PTMAX     =   *******
 IFRAG     =        0
 ISL       =        1
 EPS       =      0.0035
 HFRAC     =      0.2205
 XMD       =      5.2780
 TCFRAG    =        0
 TCSL    =        1
 PREF      =   f2b_2-4_0.0-1._r17_f7_m4.75.histos      
  
 BOTTOM PRODUCTION
 RM48 INITIALIZED:        40           0         0
 **hist: start histos 
 HPATH.  ERROR IN PATHNAME,


 ===> Directory : 
  create directory HISB
 hfrac:  0.2205
 **hzb: Version kula1  
 FULL LO+NLO ME



 INPUT PARAMETERS FOR VEGAS:  NDIM=  3  NCALL=   476656.
                              IT=    0  ITMX=    2
                              MDS= -1   ND=  31
 **MScale: SCALFA=   1. ISCALE=  17
 **MScale: scale: .25*(Q2+Pt2+M2)/4
 1**Scales: M2=   22.5625 Q2=   2.01524278 X2=   0.0242675745
 1**Scale:   1.53762565
 **MScale: SCALFA=   1. ISCALE=  7
 **MScale: scale: (Q2+Pt2+M2)/4 
 2**Scales: M2=   22.5625 Q2=   2.01524278 X2=   0.0242675745
 2**Scale:   6.15050259
 wtx  6.23455634E-08hfrac  0.392379761
 **frag: Peterson frag function 
 **frag: Vincenzo semi-leptonic routine dir+indir 

 ******************************************************
 KTCLUS: written by Mike Seymour, July 1992.
 Last modified October 1997.
 Please send comments or suggestions to Mike.Seymour@rl.ac.uk

       Collision type = 3 = pe        
     Angular variable = 2 = DeltaR    
 Monotonic definition = 1 = no        
 Recombination scheme = 1 = E         
 Ecut=  1.00
 ******************************************************

 **MScale: SCALFA=   1. ISCALE=  17
 **MScale: scale: .25*(Q2+Pt2+M2)/4
 3**Scales: M2=   22.5625 Q2=   2.01210064 X2=   0.0199466652
 3**Scale:   1.53715921
 **MScale: SCALFA=   1. ISCALE=  7
 **MScale: scale: (Q2+Pt2+M2)/4 
 4**Scales: M2=   22.5625 Q2=   2.01210064 X2=   0.0199466652
 4**Scale:   6.14863683
 wtx  5.58933557E-08hfrac  0.392379761
 **MScale: SCALFA=   1. ISCALE=  17
 **MScale: scale: .25*(Q2+Pt2+M2)/4
 5**Scales: M2=   22.5625 Q2=   2.02598475 X2=   0.146220395
 5**Scale:   1.54591907
 6**Scales: M2=   22.5625 Q2=   2.02598475 X2=   0.146220395
 6**Scale:   6.18367629
 wtx  1.4559636E-07hfrac  0.392379761
 7**Scales: M2=   22.5625 Q2=   2.02490205 X2=   0.0256576235
 7**Scale:   1.53831623
 8**Scales: M2=   22.5625 Q2=   2.02490205 X2=   0.0256576235
 8**Scale:   6.15326492
 wtx  4.99353803E-08hfrac  0.392379761
 9**Scales: M2=   22.5625 Q2=   2.01264195 X2=   0.0309355978
 9**Scale:   1.53787985
 10**Scales: M2=   22.5625 Q2=   2.01264195 X2=   0.0309355978
 10**Scale:   6.15151939
 wtx  5.14177962E-08hfrac  0.392379761
 11**Scales: M2=   22.5625 Q2=   2.02084519 X2=   0.486184276
 11**Scale:   1.56684559
 12**Scales: M2=   22.5625 Q2=   2.02084519 X2=   0.486184276
 12**Scale:   6.26738237
 wtx  2.84995309E-07hfrac  0.392379761
 13**Scales: M2=   22.5625 Q2=   2.01614734 X2=   0.598861514
 13**Scale:   1.5735943
 14**Scales: M2=   22.5625 Q2=   2.01614734 X2=   0.598861514
 14**Scale:   6.29437721
 wtx  2.82753717E-07hfrac  0.392379761
 15**Scales: M2=   22.5625 Q2=   2.02331825 X2=   0.162284427
 15**Scale:   1.54675642
 16**Scales: M2=   22.5625 Q2=   2.02331825 X2=   0.162284427
 16**Scale:   6.18702567
 wtx  1.19065696E-07hfrac  0.392379761
 17**Scales: M2=   22.5625 Q2=   2.01225393 X2=   2.55678478
 17**Scale:   1.69572117
 18**Scales: M2=   22.5625 Q2=   2.01225393 X2=   2.55678478
 18**Scale:   6.78288468
 wtx  6.50790753E-07hfrac  0.392379761
 19**Scales: M2=   22.5625 Q2=   2.01471874 X2=   0.122927665
 19**Scale:   1.54375915
 20**Scales: M2=   22.5625 Q2=   2.01471874 X2=   0.122927665
 20**Scale:   6.1750366
 wtx  9.1186358E-08hfrac  0.392379761
 21**Scales: M2=   22.5625 Q2=   2.01383019 X2=   3.19087063
 21**Scale:   1.73545005
 22**Scales: M2=   22.5625 Q2=   2.01383019 X2=   3.19087063
 22**Scale:   6.94180021
 wtx  6.74026296E-07hfrac  0.392379761
 23**Scales: M2=   22.5625 Q2=   2.01965603 X2=   0.561113631
 23**Scale:   1.57145435
 24**Scales: M2=   22.5625 Q2=   2.01965603 X2=   0.561113631
 24**Scale:   6.28581742
 wtx  2.41055801E-07hfrac  0.392379761
 25**Scales: M2=   22.5625 Q2=   2.00163531 X2=   0.0167981398
 25**Scale:   1.53630834
 26**Scales: M2=   22.5625 Q2=   2.00163531 X2=   0.0167981398
 26**Scale:   6.14523336
 wtx  3.18101883E-08hfrac  0.392379761
 27**Scales: M2=   22.5625 Q2=   2.01678848 X2=   2.35353585
 27**Scale:   1.68330152
 28**Scales: M2=   22.5625 Q2=   2.01678848 X2=   2.35353585
 28**Scale:   6.73320608
 wtx  5.82359064E-07hfrac  0.392379761
 29**Scales: M2=   22.5625 Q2=   2.0290216 X2=   5.54900191
 29**Scale:   1.88378272
 30**Scales: M2=   22.5625 Q2=   2.0290216 X2=   5.54900191
 30**Scale:   7.53513088
 wtx  8.4879423E-07hfrac  0.392379761
 31**Scales: M2=   22.5625 Q2=   2.03050539 X2=   5.18888463
 31**Scale:   1.86136813
 32**Scales: M2=   22.5625 Q2=   2.03050539 X2=   5.18888463
 32**Scale:   7.4454725
 wtx  8.16437705E-07hfrac  0.392379761
 33**Scales: M2=   22.5625 Q2=   2.01584011 X2=   0.0105857784
 33**Scale:   1.53680787
 34**Scales: M2=   22.5625 Q2=   2.01584011 X2=   0.0105857784
 34**Scale:   6.14723147
 wtx  2.38909212E-08hfrac  0.392379761
 35**Scales: M2=   22.5625 Q2=   2.01361823 X2=   2.54336977
 35**Scale:   1.694968
 36**Scales: M2=   22.5625 Q2=   2.01361823 X2=   2.54336977
 36**Scale:   6.779872
 wtx  5.06571837E-07hfrac  0.392379761
 37**Scales: M2=   22.5625 Q2=   2.00331002 X2=   14.5444218
 37**Scale:   2.44438949
 38**Scales: M2=   22.5625 Q2=   2.00331002 X2=   14.5444218
 38**Scale:   9.77755796
 wtx  1.01327021E-06hfrac  0.392379761
 39**Scales: M2=   22.5625 Q2=   2.00940063 X2=   17.5609788
 39**Scale:   2.63330497
 40**Scales: M2=   22.5625 Q2=   2.00940063 X2=   17.5609788
 40**Scale:   10.5332199
 wtx  9.53691597E-07hfrac  0.392379761
 41**Scales: M2=   22.5625 Q2=   2.00685898 X2=   286.174445
 41**Scale:   19.4214878
 42**Scales: M2=   22.5625 Q2=   2.00685898 X2=   286.174445
 42**Scale:   77.685951
 wtx  9.88161664E-10hfrac  0.392379761
 **bmatch: create BMAT   
 BMAT    histos booked ! 
 43**Scales: M2=   22.5625 Q2=   2.01596134 X2=   1.54424311
 43**Scale:   1.63266903
 44**Scales: M2=   22.5625 Q2=   2.01596134 X2=   1.54424311
 44**Scale:   6.53067611
 wtx  3.91102532E-07hfrac  0.392379761
 45**Scales: M2=   22.5625 Q2=   2.02481582 X2=   1.14615482
 45**Scale:   1.60834191
 46**Scales: M2=   22.5625 Q2=   2.02481582 X2=   1.14615482
 46**Scale:   6.43336766
 wtx  2.86775588E-07hfrac  0.392379761
 47**Scales: M2=   22.5625 Q2=   2.00539064 X2=   2.37472747
 47**Scale:   1.68391363
 48**Scales: M2=   22.5625 Q2=   2.00539064 X2=   2.37472747
 48**Scale:   6.73565453
 wtx  4.41317496E-07hfrac  0.392379761
 49**Scales: M2=   22.5625 Q2=   2.01196776 X2=   0.464400278
 49**Scale:   1.56492925
 50**Scales: M2=   22.5625 Q2=   2.01196776 X2=   0.464400278
 50**Scale:   6.25971701
 wtx  1.7126834E-07hfrac  0.392379761
 51**Scales: M2=   22.5625 Q2=   2.02325446 X2=   17.8698943
 51**Scale:   2.65347805
 52**Scales: M2=   22.5625 Q2=   2.02325446 X2=   17.8698943
 52**Scale:   10.6139122
 wtx  9.66364496E-07hfrac  0.392379761
 53**Scales: M2=   22.5625 Q2=   2.01292125 X2=   162.127498
 53**Scale:   11.6689324
 54**Scales: M2=   22.5625 Q2=   2.01292125 X2=   162.127498
 54**Scale:   46.6757298
 wtx  1.26813063E-07hfrac  0.392379761
 55**Scales: M2=   22.5625 Q2=   2.01532136 X2=   1.65071949
 55**Scale:   1.6392838
 56**Scales: M2=   22.5625 Q2=   2.01532136 X2=   1.65071949
 56**Scale:   6.55713521
 wtx  3.4262672E-07hfrac  0.392379761
 57**Scales: M2=   22.5625 Q2=   2.01083836 X2=   13.323262
 57**Scale:   2.36853753
 58**Scales: M2=   22.5625 Q2=   2.01083836 X2=   13.323262
 58**Scale:   9.4741501
 wtx  9.1888154E-07hfrac  0.392379761
 59**Scales: M2=   22.5625 Q2=   2.00220749 X2=   5.74878759
 59**Scale:   1.89459344
 60**Scales: M2=   22.5625 Q2=   2.00220749 X2=   5.74878759
 60**Scale:   7.57837377
 wtx  7.336198E-07hfrac  0.392379761
 61**Scales: M2=   22.5625 Q2=   2.01081225 X2=   6.56894876
 61**Scale:   1.94639131
 62**Scales: M2=   22.5625 Q2=   2.01081225 X2=   6.56894876
 62**Scale:   7.78556525
 wtx  7.4068771E-07hfrac  0.392379761
 63**Scales: M2=   22.5625 Q2=   2.03086177 X2=   51.6211801
 63**Scale:   4.76340886
 64**Scales: M2=   22.5625 Q2=   2.03086177 X2=   51.6211801
 64**Scale:   19.0536355
 wtx  6.69619794E-07hfrac  0.392379761
 65**Scales: M2=   22.5625 Q2=   2.02670108 X2=   87.0806684
 65**Scale:   6.97936684
 66**Scales: M2=   22.5625 Q2=   2.02670108 X2=   87.0806684
 66**Scale:   27.9174674
 wtx  4.48793173E-07hfrac  0.392379761
 67**Scales: M2=   22.5625 Q2=   2.0050606 X2=   6.57552434
 67**Scale:   1.94644281
 68**Scales: M2=   22.5625 Q2=   2.0050606 X2=   6.57552434
 68**Scale:   7.78577123
 wtx  7.3107725E-07hfrac  0.392379761
 69**Scales: M2=   22.5625 Q2=   2.02850611 X2=   3.12193279
 69**Scale:   1.73205868
 70**Scales: M2=   22.5625 Q2=   2.02850611 X2=   3.12193279
 70**Scale:   6.92823473
 wtx  4.9546253E-07hfrac  0.392379761
 71**Scales: M2=   22.5625 Q2=   2.00343864 X2=   4.49033667
 71**Scale:   1.81601721
 72**Scales: M2=   22.5625 Q2=   2.00343864 X2=   4.49033667
 72**Scale:   7.26406883
 wtx  6.19851676E-07hfrac  0.392379761
 73**Scales: M2=   22.5625 Q2=   2.02067182 X2=   13.1417922
 73**Scale:   2.35781025
 74**Scales: M2=   22.5625 Q2=   2.02067182 X2=   13.1417922
 74**Scale:   9.43124101
 wtx  8.90783383E-07hfrac  0.392379761
 75**Scales: M2=   22.5625 Q2=   2.00260301 X2=   58.4080882
 75**Scale:   5.18582445
 76**Scales: M2=   22.5625 Q2=   2.00260301 X2=   58.4080882
 76**Scale:   20.7432978
 wtx  6.45483169E-07hfrac  0.392379761
 77**Scales: M2=   22.5625 Q2=   2.02147523 X2=   138.753834
 77**Scale:   10.2086131
 78**Scales: M2=   22.5625 Q2=   2.02147523 X2=   138.753834
 78**Scale:   40.8344523
 wtx  2.71804169E-07hfrac  0.392379761
 79**Scales: M2=   22.5625 Q2=   2.01274594 X2=   5.91221273
 79**Scale:   1.90546617
 80**Scales: M2=   22.5625 Q2=   2.01274594 X2=   5.91221273
 80**Scale:   7.62186467
 wtx  6.47994057E-07hfrac  0.392379761
 81**Scales: M2=   22.5625 Q2=   2.00012113 X2=   5.44624943
 81**Scale:   1.87555441
 82**Scales: M2=   22.5625 Q2=   2.00012113 X2=   5.44624943
 82**Scale:   7.50221764
 wtx  6.71984651E-07hfrac  0.392379761
 83**Scales: M2=   22.5625 Q2=   2.01003785 X2=   72.1849567
 83**Scale:   6.04734341
 84**Scales: M2=   22.5625 Q2=   2.01003785 X2=   72.1849567
 84**Scale:   24.1893736
 wtx  5.4768492E-07hfrac  0.392379761
 85**Scales: M2=   22.5625 Q2=   2.02402197 X2=   57.4900089
 85**Scale:   5.12978318
 86**Scales: M2=   22.5625 Q2=   2.02402197 X2=   57.4900089
 86**Scale:   20.5191327
 wtx  6.49151445E-07hfrac  0.392379761
 87**Scales: M2=   22.5625 Q2=   2.01215133 X2=   45.0713693
 87**Scale:   4.35287629
 88**Scales: M2=   22.5625 Q2=   2.01215133 X2=   45.0713693
 88**Scale:   17.4115052
 wtx  7.54206724E-07hfrac  0.392379761
 89**Scales: M2=   22.5625 Q2=   2.00528012 X2=   51.9899539
 89**Scale:   4.78485837
 90**Scales: M2=   22.5625 Q2=   2.00528012 X2=   51.9899539
 90**Scale:   19.1394335
 wtx  6.92148319E-07hfrac  0.392379761
 91**Scales: M2=   22.5625 Q2=   2.01925549 X2=   3.36682102
 91**Scale:   1.74678603
 92**Scales: M2=   22.5625 Q2=   2.01925549 X2=   3.36682102
 92**Scale:   6.98714413
 wtx  4.90136131E-07hfrac  0.392379761
 93**Scales: M2=   22.5625 Q2=   2.02673132 X2=   5.46435287
 93**Scale:   1.87834901
 94**Scales: M2=   22.5625 Q2=   2.02673132 X2=   5.46435287
 94**Scale:   7.51339605
 wtx  6.31301873E-07hfrac  0.392379761
 95**Scales: M2=   22.5625 Q2=   2.0259983 X2=   73.3047488
 95**Scale:   6.11832794
 96**Scales: M2=   22.5625 Q2=   2.0259983 X2=   73.3047488
 96**Scale:   24.4733118
 wtx  5.53139273E-07hfrac  0.392379761
 97**Scales: M2=   22.5625 Q2=   2.00599602 X2=   280.791959
 97**Scale:   19.0850284
 98**Scales: M2=   22.5625 Q2=   2.00599602 X2=   280.791959
 98**Scale:   76.3401138
 wtx  9.81589849E-08hfrac  0.392379761
 99**Scales: M2=   22.5625 Q2=   2.01166141 X2=   128.287238
 99**Scale:   9.55383744
 100**Scales: M2=   22.5625 Q2=   2.01166141 X2=   128.287238
 100**Scale:   38.2153498
 wtx  3.20406571E-07hfrac  0.392379761
 wtx  7.19555487E-07hfrac  0.392379761
 wtx  3.95087028E-07hfrac  0.392379761
 wtx  6.36632009E-08hfrac  0.392379761
 wtx  3.63714889E-07hfrac  0.392379761
 wtx  6.80334722E-07hfrac  0.392379761
 wtx  7.98226495E-07hfrac  0.392379761
 wtx  9.72253105E-08hfrac  0.392379761
 wtx  4.9528137E-07hfrac  0.392379761
 wtx  8.34130788E-07hfrac  0.392379761
 wtx  4.60478276E-07hfrac  0.392379761
 wtx  7.66064147E-07hfrac  0.392379761
 wtx  8.3502988E-07hfrac  0.392379761
 wtx  7.60810224E-07hfrac  0.392379761
 wtx  4.80993265E-07hfrac  0.392379761
 wtx  8.1987406E-07hfrac  0.392379761
 wtx  8.14229111E-07hfrac  0.392379761
 wtx  6.64393099E-07hfrac  0.392379761
 wtx  1.11999992E-08hfrac  0.392379761
 wtx  8.64024059E-07hfrac  0.392379761
 wtx  4.20918127E-07hfrac  0.392379761
 wtx  6.75000194E-07hfrac  0.392379761
 wtx  8.49813887E-07hfrac  0.392379761
 wtx  1.01274189E-07hfrac  0.392379761
 wtx  7.69636983E-07hfrac  0.392379761
 wtx  8.73618944E-07hfrac  0.392379761
 wtx  2.47589441E-07hfrac  0.392379761
 wtx  2.79454412E-07hfrac  0.392379761
 wtx  5.32052809E-07hfrac  0.392379761
 wtx  8.88901809E-07hfrac  0.392379761
 wtx  8.35387311E-07hfrac  0.392379761
 wtx  3.47182095E-07hfrac  0.392379761
 wtx  3.14942042E-07hfrac  0.392379761
 wtx  2.56938847E-07hfrac  0.392379761
 wtx  7.60024534E-07hfrac  0.392379761
 wtx  6.68761331E-08hfrac  0.392379761
 wtx  5.18035506E-07hfrac  0.392379761
 wtx  8.07680522E-07hfrac  0.392379761
 wtx  5.19095863E-07hfrac  0.392379761
 wtx  3.00201378E-07hfrac  0.392379761
 wtx  4.76574655E-07hfrac  0.392379761
 wtx  4.24181366E-07hfrac  0.392379761
 wtx  1.88093381E-07hfrac  0.392379761
 wtx  7.84010297E-07hfrac  0.392379761
 wtx  9.20521131E-07hfrac  0.392379761
 wtx  3.9016868E-07hfrac  0.392379761
 wtx  8.93533525E-07hfrac  0.392379761
 wtx  7.5533319E-07hfrac  0.392379761
 wtx  5.88146975E-07hfrac  0.392379761
 wtx  9.6538065E-07hfrac  0.392379761
 wtx  8.41158737E-07hfrac  0.392379761
   1       3.467808     0.2155E-01   3.467808     0.2155E-01  0.000    
   2       3.510173     0.1848E-01   3.492475     0.1402E-01  2.222    



 INPUT PARAMETERS FOR VEGAS:  NDIM=  3  NCALL=  4920750.
                              IT=    0  ITMX=    4
                              MDS= -1   ND=  45
   1       3.493889     0.5679E-02   3.493889     0.5679E-02  0.000    
   2       3.497412     0.5679E-02   3.495652     0.4016E-02 0.1924    
   3       3.496464     0.5677E-02   3.495923     0.3278E-02 0.1030    
   4       3.498025     0.5685E-02   3.496448     0.2840E-02 0.1029    



 INPUT PARAMETERS FOR VEGAS:  NDIM=  6  NCALL=    78125.
                              IT=    0  ITMX=    4
                              MDS=  1   ND=  50
 **sig1: iscalef=  17
 **sig1: mur=   1.55985138
 **sig1: iscalef=  7
 **sig1: muf=   6.23940554
 ALFAS  =   0.393082378
 MUR2   =   1.55985138
 LOGMUR =  -2.67169869
 MUF2   =   6.23940554
 LOGMUF =  -1.28540432
  
 INTEGRATING NLO GLUON ...
  
   1       1.831373     0.7797       1.831373     0.7797      0.000    
   2       2.124910     0.7631       2.002894     0.5445     0.7059E-01
   3      0.9396243     0.5308       1.799801     0.4217     0.5388    
   4       1.227588     0.4056       1.594780     0.3167     0.6587    



 INPUT PARAMETERS FOR VEGAS:  NDIM=  6  NCALL=   786432.
                              IT=    0  ITMX=    8
                              MDS=  1   ND=  50
   1       1.826943     0.2411       1.826943     0.2411      0.000    
   2       1.887822     0.1992       1.864084     0.1531     0.3763E-01
   3       1.751003     0.3365       1.846521     0.1380     0.6356E-01
   4       1.992938     0.2015       1.899132     0.1132     0.1689    
   5       1.638365     0.3041       1.874003     0.1051     0.2668    
   6       1.757154     0.2128       1.852439     0.9431E-01 0.2622    
   7       1.889372     0.2396       1.857759     0.8779E-01 0.2195    
   8       1.670379     0.2386       1.838652     0.8236E-01 0.2597    



 INPUT PARAMETERS FOR VEGAS:  NDIM=  6  NCALL=    78125.
                              IT=    0  ITMX=    4
                              MDS=  1   ND=  50
 ALFAS  =   0.389960799
 MUR2   =   1.59553428
 LOGMUR =  -2.64908059
 MUF2   =   6.38213711
 LOGMUF =  -1.26278622
  
 INTEGRATING QUARK INITIATED ...
  
   1       1.795159     0.4414       1.795159     0.4414      0.000    
   2       1.359143     0.2722       1.533041     0.2473     0.7456    
   3       1.396928     0.2112       1.463146     0.1657     0.4880    
   4      0.9793312     0.1094       1.228782     0.1099      1.996    



 INPUT PARAMETERS FOR VEGAS:  NDIM=  6  NCALL=   786432.
                              IT=    0  ITMX=    8
                              MDS=  1   ND=  50
   1       1.160976     0.5696E-01   1.160976     0.5696E-01  0.000    
   2       1.269579     0.6197E-01   1.215557     0.4210E-01  1.664    
   3       1.177312     0.4498E-01   1.198323     0.3087E-01  1.040    
   4       1.194066     0.7382E-01   1.197698     0.2846E-01 0.6969    
   5       1.176119     0.7137E-01   1.194844     0.2640E-01 0.5462    
   6       1.317455     0.8201E-01   1.208532     0.2532E-01 0.8872    
   7       1.137952     0.4184E-01   1.191418     0.2184E-01  1.073    
   8       1.523579     0.2160       1.196749     0.2245E-01  1.349    
  
 CROSS SECTION =   6.53184981 +/-   0.0854094848
  
  # of events with muons:  0 out of:  52756622
  All:           1. muons:   22.9337025 2. muon   1.36474097
 In acc: 1. muons:     16.563:      0.722 % 2. muon      1.933:      1.416 %
  Norm Histos here: lum=   1.lumbreit lum1  1.
  ZEUS scenario in Lab frame Q2>4
  Total      sig (pb):   116.809731
  b tot  sig (pb):   62.2341843
  >=1jets sig (pb):   101.891708
  muon +no cuts on jet sig (pb):   13.0212393
  muon+jet    sig (pb):   11.5603848
  muon+jet+cone sig (pb):   6.69305038
  ZEUS scenario in Breit frame Q2>2 
  tot        sig (pb):   116.809731
  b.cross    sig (pb):   80.6487732
  >=1jet sig (pb):   92.4520416
  muon nojet cut sig (pb):   6.73126268
  muon+jet   sig (pb):   6.54282475
 incl jet   sig (pb):  22.3052998
 incl muon  sig (pb):  7.08149004
 incl b     sig (pb):  93.8986053
 generator:HVQ     hfrac  0.2205
  Output Histos here 
