  
 ============================
 | HVQDIS  V1.4  APRIL 2000 |
 ============================
  
 NORDER    =        2
 ISCALER   =        2
 ISCALEF   =        2
 IPDF      =        2
 PTS0      =   500000
 ITS0      =        2
 PTS1      =    80000
 ITS1      =        4
 IQUARK    =        2
 MASS      =      4.75
 EPRO      =    920.00
 EIEL      =     27.50
 Q2MIN     =      4.00
 Q2MAX     =   *******
 XBJMIN    =      0.00
 XBJMAX    =      1.00
 YMIN      =      0.05
 YMAX      =      0.70
 ETAMAX    =      2.50
 PTMIN     =      0.00
 PTMAX     =   *******
 IFRAG     =        0
 ISL       =        1
 EPS       =      0.0035
 HFRAC     =      0.2205
 XMD       =      5.2780
 TCFRAG    =        0
 TCSL    =        1
 PREF      =   f2b_4.-100000._0.-1._r2_f2_m4.75.histos 
  
 BOTTOM PRODUCTION
 RM48 INITIALIZED:        40           0         0
 **hist: start histos 
 HPATH.  ERROR IN PATHNAME,


 ===> Directory : 
  create directory HISB
 hfrac:  0.2205
 **hzb: Version kula1  
 FULL LO+NLO ME



 INPUT PARAMETERS FOR VEGAS:  NDIM=  3  NCALL=   476656.
                              IT=    0  ITMX=    2
                              MDS= -1   ND=  31
 **MScale: SCALFA=   1. ISCALE=  2
 **MScale: scale: Q2 
 1**Scales: M2=   22.5625 Q2=   42.9460875 X2=   0.0345279855
 1**Scale:   42.9460875
 **MScale: SCALFA=   1. ISCALE=  2
 **MScale: scale: Q2 
 2**Scales: M2=   22.5625 Q2=   42.9460875 X2=   0.0345279855
 2**Scale:   42.9460875
 wtx  3.4704301E-06hfrac  0.392379761
 **frag: Peterson frag function 
 **frag: Vincenzo semi-leptonic routine dir+indir 

 ******************************************************
 KTCLUS: written by Mike Seymour, July 1992.
 Last modified October 1997.
 Please send comments or suggestions to Mike.Seymour@rl.ac.uk

       Collision type = 3 = pe        
     Angular variable = 2 = DeltaR    
 Monotonic definition = 1 = no        
 Recombination scheme = 1 = E         
 Ecut=  1.00
 ******************************************************

 **MScale: SCALFA=   1. ISCALE=  2
 **MScale: scale: Q2 
 3**Scales: M2=   22.5625 Q2=   36.1187341 X2=   0.0269964239
 3**Scale:   36.1187341
 **MScale: SCALFA=   1. ISCALE=  2
 **MScale: scale: Q2 
 4**Scales: M2=   22.5625 Q2=   36.1187341 X2=   0.0269964239
 4**Scale:   36.1187341
 wtx  4.10289522E-06hfrac  0.392379761
 **MScale: SCALFA=   1. ISCALE=  2
 **MScale: scale: Q2 
 5**Scales: M2=   22.5625 Q2=   72.8881981 X2=   0.252553195
 5**Scale:   72.8881981
 6**Scales: M2=   22.5625 Q2=   72.8881981 X2=   0.252553195
 6**Scale:   72.8881981
 wtx  3.98061002E-06hfrac  0.392379761
 7**Scales: M2=   22.5625 Q2=   78.6399631 X2=   0.0461223131
 7**Scale:   78.6399631
 8**Scales: M2=   22.5625 Q2=   78.6399631 X2=   0.0461223131
 8**Scale:   78.6399631
 wtx  1.50911228E-06hfrac  0.392379761
 9**Scales: M2=   22.5625 Q2=   35.4538321 X2=   0.0418349385
 9**Scale:   35.4538321
 10**Scales: M2=   22.5625 Q2=   35.4538321 X2=   0.0418349385
 10**Scale:   35.4538321
 wtx  3.73156968E-06hfrac  0.392379761
 11**Scales: M2=   22.5625 Q2=   57.9015881 X2=   0.763722206
 11**Scale:   57.9015881
 12**Scales: M2=   22.5625 Q2=   57.9015881 X2=   0.763722206
 12**Scale:   57.9015881
 wtx  1.00800708E-05hfrac  0.392379761
 13**Scales: M2=   22.5625 Q2=   49.7453407 X2=   0.895143686
 13**Scale:   49.7453407
 14**Scales: M2=   22.5625 Q2=   49.7453407 X2=   0.895143686
 14**Scale:   49.7453407
 wtx  1.44412497E-05hfrac  0.392379761
 15**Scales: M2=   22.5625 Q2=   70.6289765 X2=   0.27869843
 15**Scale:   70.6289765
 16**Scales: M2=   22.5625 Q2=   70.6289765 X2=   0.27869843
 16**Scale:   70.6289765
 wtx  3.9287188E-06hfrac  0.392379761
 17**Scales: M2=   22.5625 Q2=   39.0175761 X2=   3.49982255
 17**Scale:   39.0175761
 18**Scales: M2=   22.5625 Q2=   39.0175761 X2=   3.49982255
 18**Scale:   39.0175761
 wtx  3.79386147E-05hfrac  0.392379761
 19**Scales: M2=   22.5625 Q2=   48.1519884 X2=   0.182813403
 19**Scale:   48.1519884
 20**Scales: M2=   22.5625 Q2=   48.1519884 X2=   0.182813403
 20**Scale:   48.1519884
 wtx  5.48218213E-06hfrac  0.392379761
 21**Scales: M2=   22.5625 Q2=   44.1439899 X2=   4.55407524
 21**Scale:   44.1439899
 22**Scales: M2=   22.5625 Q2=   44.1439899 X2=   4.55407524
 22**Scale:   44.1439899
 wtx  3.57881509E-05hfrac  0.392379761
 23**Scales: M2=   22.5625 Q2=   53.7958337 X2=   0.864557786
 23**Scale:   53.7958337
 24**Scales: M2=   22.5625 Q2=   53.7958337 X2=   0.864557786
 24**Scale:   53.7958337
 wtx  9.95148184E-06hfrac  0.392379761
 25**Scales: M2=   22.5625 Q2=   8.59370569 X2=   0.0179772153
 25**Scale:   8.59370569
 26**Scales: M2=   22.5625 Q2=   8.59370569 X2=   0.0179772153
 26**Scale:   8.59370569
 wtx  1.44548358E-05hfrac  0.392379761
 27**Scales: M2=   22.5625 Q2=   46.3818665 X2=   3.42670611
 27**Scale:   46.3818665
 28**Scales: M2=   22.5625 Q2=   46.3818665 X2=   3.42670611
 28**Scale:   46.3818665
 wtx  2.65843119E-05hfrac  0.392379761
 29**Scales: M2=   22.5625 Q2=   77.2630171 X2=   9.69601978
 29**Scale:   77.2630171
 30**Scales: M2=   22.5625 Q2=   77.2630171 X2=   9.69601978
 30**Scale:   77.2630171
 wtx  1.45786225E-05hfrac  0.392379761
 31**Scales: M2=   22.5625 Q2=   82.1598147 X2=   9.33136581
 31**Scale:   82.1598147
 32**Scales: M2=   22.5625 Q2=   82.1598147 X2=   9.33136581
 32**Scale:   82.1598147
 wtx  1.31423922E-05hfrac  0.392379761
 33**Scales: M2=   22.5625 Q2=   51.1593727 X2=   0.0160898741
 33**Scale:   51.1593727
 34**Scales: M2=   22.5625 Q2=   51.1593727 X2=   0.0160898741
 34**Scale:   51.1593727
 wtx  1.26673308E-06hfrac  0.392379761
 35**Scales: M2=   22.5625 Q2=   44.6030645 X2=   3.67437964
 35**Scale:   44.6030645
 36**Scales: M2=   22.5625 Q2=   44.6030645 X2=   3.67437964
 36**Scale:   44.6030645
 wtx  3.11320364E-05hfrac  0.392379761
 37**Scales: M2=   22.5625 Q2=   12.6323989 X2=   16.0853649
 37**Scale:   12.6323989
 38**Scales: M2=   22.5625 Q2=   12.6323989 X2=   16.0853649
 38**Scale:   12.6323989
 wtx  0.000251297781hfrac  0.392379761
 39**Scales: M2=   22.5625 Q2=   31.370899 X2=   22.5900063
 39**Scale:   31.370899
 40**Scales: M2=   22.5625 Q2=   31.370899 X2=   22.5900063
 40**Scale:   31.370899
 wtx  7.10139066E-05hfrac  0.392379761
 41**Scales: M2=   22.5625 Q2=   24.3723567 X2=   300.715625
 41**Scale:   24.3723567
 42**Scales: M2=   22.5625 Q2=   24.3723567 X2=   300.715625
 42**Scale:   24.3723567
 wtx  1.61344602E-07hfrac  0.392379761
 **bmatch: create BMAT   
 BMAT    histos booked ! 
 43**Scales: M2=   22.5625 Q2=   43.8880083 X2=   2.2212974
 43**Scale:   43.8880083
 44**Scales: M2=   22.5625 Q2=   43.8880083 X2=   2.2212974
 44**Scale:   43.8880083
 wtx  2.06077693E-05hfrac  0.392379761
 45**Scales: M2=   22.5625 Q2=   76.612992 X2=   2.04180696
 45**Scale:   76.612992
 46**Scales: M2=   22.5625 Q2=   76.612992 X2=   2.04180696
 46**Scale:   76.612992
 wtx  8.10171878E-06hfrac  0.392379761
 47**Scales: M2=   22.5625 Q2=   20.033426 X2=   2.82735491
 47**Scale:   20.033426
 48**Scales: M2=   22.5625 Q2=   20.033426 X2=   2.82735491
 48**Scale:   20.033426
 wtx  7.94421503E-05hfrac  0.392379761
 49**Scales: M2=   22.5625 Q2=   38.5235327 X2=   0.643852043
 49**Scale:   38.5235327
 50**Scales: M2=   22.5625 Q2=   38.5235327 X2=   0.643852043
 50**Scale:   38.5235327
 wtx  1.30558474E-05hfrac  0.392379761
 51**Scales: M2=   22.5625 Q2=   67.788454 X2=   29.4804996
 51**Scale:   67.788454
 52**Scales: M2=   22.5625 Q2=   67.788454 X2=   29.4804996
 52**Scale:   67.788454
 wtx  1.97549307E-05hfrac  0.392379761
 53**Scales: M2=   22.5625 Q2=   40.5329135 X2=   203.78087
 53**Scale:   40.5329135
 54**Scales: M2=   22.5625 Q2=   40.5329135 X2=   203.78087
 54**Scale:   40.5329135
 wtx  5.22636265E-06hfrac  0.392379761
 55**Scales: M2=   22.5625 Q2=   48.6833234 X2=   2.46244534
 55**Scale:   48.6833234
 56**Scales: M2=   22.5625 Q2=   48.6833234 X2=   2.46244534
 56**Scale:   48.6833234
 wtx  1.87860587E-05hfrac  0.392379761
 57**Scales: M2=   22.5625 Q2=   34.3536744 X2=   17.7596178
 57**Scale:   34.3536744
 58**Scales: M2=   22.5625 Q2=   34.3536744 X2=   17.7596178
 58**Scale:   34.3536744
 wtx  6.63999599E-05hfrac  0.392379761
 59**Scales: M2=   22.5625 Q2=   9.72870284 X2=   6.21573122
 59**Scale:   9.72870284
 60**Scales: M2=   22.5625 Q2=   9.72870284 X2=   6.21573122
 60**Scale:   9.72870284
 wtx  0.000263501483hfrac  0.392379761
 61**Scales: M2=   22.5625 Q2=   33.1787828 X2=   8.7084605
 61**Scale:   33.1787828
 62**Scales: M2=   22.5625 Q2=   33.1787828 X2=   8.7084605
 62**Scale:   33.1787828
 wtx  5.86451642E-05hfrac  0.392379761
 63**Scales: M2=   22.5625 Q2=   96.7749409 X2=   96.3055254
 63**Scale:   96.7749409
 64**Scales: M2=   22.5625 Q2=   96.7749409 X2=   96.3055254
 64**Scale:   96.7749409
 wtx  5.95551865E-06hfrac  0.392379761
 65**Scales: M2=   22.5625 Q2=   83.1931045 X2=   147.958309
 65**Scale:   83.1931045
 66**Scales: M2=   22.5625 Q2=   83.1931045 X2=   147.958309
 66**Scale:   83.1931045
 wtx  4.98519739E-06hfrac  0.392379761
 67**Scales: M2=   22.5625 Q2=   17.5725042 X2=   7.65168398
 67**Scale:   17.5725042
 68**Scales: M2=   22.5625 Q2=   17.5725042 X2=   7.65168398
 68**Scale:   17.5725042
 wtx  0.000134085698hfrac  0.392379761
 69**Scales: M2=   22.5625 Q2=   79.7758768 X2=   5.65011025
 69**Scale:   79.7758768
 70**Scales: M2=   22.5625 Q2=   79.7758768 X2=   5.65011025
 70**Scale:   79.7758768
 wtx  1.0662181E-05hfrac  0.392379761
 71**Scales: M2=   22.5625 Q2=   12.8626367 X2=   5.00498376
 71**Scale:   12.8626367
 72**Scales: M2=   22.5625 Q2=   12.8626367 X2=   5.00498376
 72**Scale:   12.8626367
 wtx  0.000160099211hfrac  0.392379761
 73**Scales: M2=   22.5625 Q2=   59.5553334 X2=   20.9056467
 73**Scale:   59.5553334
 74**Scales: M2=   22.5625 Q2=   59.5553334 X2=   20.9056467
 74**Scale:   59.5553334
 wtx  2.62262674E-05hfrac  0.392379761
 75**Scales: M2=   22.5625 Q2=   11.2671202 X2=   63.7398143
 75**Scale:   11.2671202
 76**Scales: M2=   22.5625 Q2=   11.2671202 X2=   63.7398143
 76**Scale:   11.2671202
 wtx  0.00022982285hfrac  0.392379761
 77**Scales: M2=   22.5625 Q2=   63.5301469 X2=   208.371473
 77**Scale:   63.5301469
 78**Scales: M2=   22.5625 Q2=   63.5301469 X2=   208.371473
 78**Scale:   63.5301469
 wtx  4.99291627E-06hfrac  0.392379761
 79**Scales: M2=   22.5625 Q2=   40.2493807 X2=   8.28578722
 79**Scale:   40.2493807
 80**Scales: M2=   22.5625 Q2=   40.2493807 X2=   8.28578722
 80**Scale:   40.2493807
 wtx  4.22434568E-05hfrac  0.392379761
 81**Scales: M2=   22.5625 Q2=   4.30531956 X2=   5.57898842
 81**Scale:   4.30531956
 82**Scales: M2=   22.5625 Q2=   4.30531956 X2=   5.57898842
 82**Scale:   4.30531956
 wtx  0.000572310179hfrac  0.392379761
 83**Scales: M2=   22.5625 Q2=   33.1958004 X2=   93.9803687
 83**Scale:   33.1958004
 84**Scales: M2=   22.5625 Q2=   33.1958004 X2=   93.9803687
 84**Scale:   33.1958004
 wtx  4.1357016E-05hfrac  0.392379761
 85**Scales: M2=   22.5625 Q2=   68.4068427 X2=   93.9386048
 85**Scale:   68.4068427
 86**Scales: M2=   22.5625 Q2=   68.4068427 X2=   93.9386048
 86**Scale:   68.4068427
 wtx  1.19463766E-05hfrac  0.392379761
 87**Scales: M2=   22.5625 Q2=   35.5006722 X2=   60.082391
 87**Scale:   35.5006722
 88**Scales: M2=   22.5625 Q2=   35.5006722 X2=   60.082391
 88**Scale:   35.5006722
 wtx  4.54201654E-05hfrac  0.392379761
 89**Scales: M2=   22.5625 Q2=   18.2297422 X2=   60.4544253
 89**Scale:   18.2297422
 90**Scales: M2=   22.5625 Q2=   18.2297422 X2=   60.4544253
 90**Scale:   18.2297422
 wtx  0.000121378114hfrac  0.392379761
 91**Scales: M2=   22.5625 Q2=   57.1329543 X2=   5.31462916
 91**Scale:   57.1329543
 92**Scales: M2=   22.5625 Q2=   57.1329543 X2=   5.31462916
 92**Scale:   57.1329543
 wtx  1.87915339E-05hfrac  0.392379761
 93**Scales: M2=   22.5625 Q2=   74.4618821 X2=   9.58373253
 93**Scale:   74.4618821
 94**Scales: M2=   22.5625 Q2=   74.4618821 X2=   9.58373253
 94**Scale:   74.4618821
 wtx  1.43207808E-05hfrac  0.392379761
 95**Scales: M2=   22.5625 Q2=   68.9804928 X2=   118.824067
 95**Scale:   68.9804928
 96**Scales: M2=   22.5625 Q2=   68.9804928 X2=   118.824067
 96**Scale:   68.9804928
 wtx  8.96081747E-06hfrac  0.392379761
 97**Scales: M2=   22.5625 Q2=   21.5463633 X2=   324.362349
 97**Scale:   21.5463633
 98**Scales: M2=   22.5625 Q2=   21.5463633 X2=   324.362349
 98**Scale:   21.5463633
 wtx  1.86041307E-05hfrac  0.392379761
 99**Scales: M2=   22.5625 Q2=   37.9717299 X2=   170.736598
 99**Scale:   37.9717299
 100**Scales: M2=   22.5625 Q2=   37.9717299 X2=   170.736598
 100**Scale:   37.9717299
 wtx  1.99468341E-05hfrac  0.392379761
 wtx  5.99341838E-05hfrac  0.392379761
 wtx  1.19091537E-05hfrac  0.392379761
 wtx  3.64077778E-06hfrac  0.392379761
 wtx  8.03445073E-06hfrac  0.392379761
 wtx  1.51195327E-05hfrac  0.392379761
 wtx  3.21846674E-05hfrac  0.392379761
 wtx  9.68718596E-05hfrac  0.392379761
 wtx  2.13300573E-05hfrac  0.392379761
 wtx  1.76207977E-05hfrac  0.392379761
 wtx  3.69497029E-05hfrac  0.392379761
 wtx  7.65323857E-05hfrac  0.392379761
 wtx  1.6989592E-05hfrac  0.392379761
 wtx  1.95319881E-05hfrac  0.392379761
 wtx  9.16222598E-06hfrac  0.392379761
 wtx  0.000182411473hfrac  0.392379761
 wtx  1.48455101E-05hfrac  0.392379761
 wtx  1.22966549E-05hfrac  0.392379761
 wtx  2.37075983E-06hfrac  0.392379761
 wtx  2.50993689E-05hfrac  0.392379761
 wtx  0.000193112443hfrac  0.392379761
 wtx  3.54084441E-05hfrac  0.392379761
 wtx  1.43951347E-05hfrac  0.392379761
 wtx  8.03056935E-07hfrac  0.392379761
 wtx  1.92276257E-05hfrac  0.392379761
 wtx  1.4530422E-05hfrac  0.392379761
 wtx  5.35641811E-06hfrac  0.392379761
 wtx  5.67230063E-06hfrac  0.392379761
 wtx  1.7942777E-05hfrac  0.392379761
 wtx  3.17248523E-05hfrac  0.392379761
 wtx  4.28781423E-05hfrac  0.392379761
 wtx  8.29885721E-06hfrac  0.392379761
 wtx  1.6837319E-05hfrac  0.392379761
 wtx  2.91016909E-06hfrac  0.392379761
 wtx  2.52814534E-05hfrac  0.392379761
 wtx  4.79503933E-06hfrac  0.392379761
 wtx  6.66851747E-06hfrac  0.392379761
 wtx  2.41312173E-05hfrac  0.392379761
 wtx  7.11481844E-05hfrac  0.392379761
 wtx  4.97076098E-06hfrac  0.392379761
 wtx  2.74627146E-05hfrac  0.392379761
 wtx  3.05634676E-05hfrac  0.392379761
 wtx  4.45389469E-06hfrac  0.392379761
 wtx  1.19421265E-05hfrac  0.392379761
 wtx  3.91516987E-05hfrac  0.392379761
 wtx  3.41851955E-05hfrac  0.392379761
 wtx  4.87335128E-05hfrac  0.392379761
 wtx  0.000695330848hfrac  0.392379761
 wtx  4.28437888E-05hfrac  0.392379761
 wtx  3.97922086E-05hfrac  0.392379761
 wtx  1.1312587E-05hfrac  0.392379761
   1       14.84123      2.028       14.84123      2.028      0.000    
   2       13.08743     0.3872       13.16597     0.4045     0.8041    



 INPUT PARAMETERS FOR VEGAS:  NDIM=  3  NCALL=  4920750.
                              IT=    0  ITMX=    4
                              MDS= -1   ND=  45
   1       14.24841     0.4115E-01   14.24841     0.4115E-01  0.000    
   2       14.28395     0.4154E-01   14.26606     0.2924E-01 0.3695    
   3       14.42770     0.4204E-01   14.31955     0.2400E-01  5.203    
   4       14.29348     0.4147E-01   14.31303     0.2078E-01  3.571    



 INPUT PARAMETERS FOR VEGAS:  NDIM=  6  NCALL=    78125.
                              IT=    0  ITMX=    4
                              MDS=  1   ND=  50
 **sig1: iscalef=  2
 **sig1: mur=   450.165735
 **sig1: iscalef=  2
 **sig1: muf=   450.165735
 ALFAS  =   0.139179734
 MUR2   =   450.165735
 LOGMUR =   2.99332658
 MUF2   =   450.165735
 LOGMUF =   2.99332658
  
 INTEGRATING NLO GLUON ...
  
   1       12.21942      9.037       12.21942      9.037      0.000    
   2       4.942667      2.796       7.628617      4.188     0.7031    
   3       5.601460      2.980       6.784485      2.838     0.5086    
   4       8.052948      2.698       7.434128      1.970     0.3780    



 INPUT PARAMETERS FOR VEGAS:  NDIM=  6  NCALL=   786432.
                              IT=    0  ITMX=    8
                              MDS=  1   ND=  50
   1       11.09126      1.236       11.09126      1.236      0.000    
   2       8.195207     0.6253       9.119491     0.6139      4.836    
   3       8.361952     0.8779       8.919116     0.5027      2.873    
   4       11.12723      1.833       9.133266     0.5027      2.293    
   5       9.816907     0.8030       9.326293     0.4260      1.849    
   6       8.378890     0.5575       9.042925     0.3485      1.858    
   7       8.929195     0.7274       9.024008     0.3153      1.581    
   8       8.233751     0.7917       8.939722     0.2933      1.497    



 INPUT PARAMETERS FOR VEGAS:  NDIM=  6  NCALL=    78125.
                              IT=    0  ITMX=    4
                              MDS=  1   ND=  50
 ALFAS  =   0.136560209
 MUR2   =   537.188855
 LOGMUR =   3.17006048
 MUF2   =   537.188855
 LOGMUF =   3.17006048
  
 INTEGRATING QUARK INITIATED ...
  
   1       1.282385     0.7134       1.282385     0.7134      0.000    
   2       9.061130      5.002       5.201760      2.536      2.352    
   3       1.719841     0.3201       2.360697     0.9038      2.818    
   4       4.103991     0.7793       3.126747     0.6404      2.706    



 INPUT PARAMETERS FOR VEGAS:  NDIM=  6  NCALL=   786432.
                              IT=    0  ITMX=    8
                              MDS=  1   ND=  50
   1       4.686833     0.8088       4.686833     0.8088      0.000    
   2       4.492737     0.5979       4.565118     0.4838     0.3764E-01
   3       4.022255     0.2734       4.181735     0.2519     0.5023    
   4       4.228776     0.3109       4.199441     0.1969     0.3462    
   5       5.420157     0.8866       4.285702     0.1998     0.8470    
   6       4.388686     0.4689       4.300337     0.1837     0.6953    
   7       5.435317     0.6495       4.416118     0.1792      1.159    
   8       5.005116     0.5903       4.471953     0.1720      1.120    
  
 CROSS SECTION =   27.7247048 +/-   0.340660889
  
  # of events with muons:  0 out of:  54474944
  All:           1. muons:   155.921844 2. muon   31.7794209
 In acc: 1. muons:     97.490:      0.625 % 2. muon     12.044:      0.379 %
  Norm Histos here: lum=   1.lumbreit lum1  1.
  ZEUS scenario in Lab frame Q2>4
  Total      sig (pb):   582.554382
  b tot  sig (pb):   349.690887
  >=1jets sig (pb):   498.761993
  muon +no cuts on jet sig (pb):   68.2527313
  muon+jet    sig (pb):   62.6128922
  muon+jet+cone sig (pb):   40.6422195
  ZEUS scenario in Breit frame Q2>2 
  tot        sig (pb):   582.548584
  b.cross    sig (pb):   371.581085
  >=1jet sig (pb):   333.43338
  muon nojet cut sig (pb):   39.7674942
  muon+jet   sig (pb):   28.2901688
 incl jet   sig (pb):  118.850449
 incl muon  sig (pb):  30.7076778
 incl b     sig (pb):  493.183929
 generator:HVQ     hfrac  0.2205
  Output Histos here 
