  
 ============================
 | HVQDIS  V1.4  APRIL 2000 |
 ============================
  
 NORDER    =        2
 ISCALER   =        7
 ISCALEF   =        7
 IPDF      =        5
 PTS0      =   500000
 ITS0      =        2
 PTS1      =    80000
 ITS1      =        4
 IQUARK    =        2
 MASS      =      5.00
 EPRO      =    920.00
 EIEL      =     27.50
 Q2MIN     =      2.00
 Q2MAX     =      4.00
 XBJMIN    =      0.00
 XBJMAX    =      1.00
 YMIN      =      0.05
 YMAX      =      0.70
 ETAMAX    =      2.50
 PTMIN     =      0.00
 PTMAX     =   *******
 IFRAG     =        0
 ISL       =        1
 EPS       =      0.0035
 HFRAC     =      0.2205
 XMD       =      5.2780
 TCFRAG    =        0
 TCSL    =        1
 PREF      =   f2b_2-4_0.0-1._r7_f7_m5.0.histos        
  
 BOTTOM PRODUCTION
 RM48 INITIALIZED:        40           0         0
 **hist: start histos 
 HPATH.  ERROR IN PATHNAME,


 ===> Directory : 
  create directory HISB
 hfrac:  0.2205
 **hzb: Version kula1  
 FULL LO+NLO ME



 INPUT PARAMETERS FOR VEGAS:  NDIM=  3  NCALL=   476656.
                              IT=    0  ITMX=    2
                              MDS= -1   ND=  31
 **MScale: SCALFA=   1. ISCALE=  7
 **MScale: scale: (Q2+Pt2+M2)/4 
 1**Scales: M2=   25. Q2=   2.01524278 X2=   0.0267393886
 1**Scale:   6.76049554
 **MScale: SCALFA=   1. ISCALE=  7
 **MScale: scale: (Q2+Pt2+M2)/4 
 2**Scales: M2=   25. Q2=   2.01524278 X2=   0.0267393886
 2**Scale:   6.76049554
 wtx  3.69694249E-08hfrac  0.392379761
 **frag: Peterson frag function 
 **frag: Vincenzo semi-leptonic routine dir+indir 

 ******************************************************
 KTCLUS: written by Mike Seymour, July 1992.
 Last modified October 1997.
 Please send comments or suggestions to Mike.Seymour@rl.ac.uk

       Collision type = 3 = pe        
     Angular variable = 2 = DeltaR    
 Monotonic definition = 1 = no        
 Recombination scheme = 1 = E         
 Ecut=  1.00
 ******************************************************

 **MScale: SCALFA=   1. ISCALE=  7
 **MScale: scale: (Q2+Pt2+M2)/4 
 3**Scales: M2=   25. Q2=   2.01210064 X2=   0.0219795226
 3**Scale:   6.75852004
 **MScale: SCALFA=   1. ISCALE=  7
 **MScale: scale: (Q2+Pt2+M2)/4 
 4**Scales: M2=   25. Q2=   2.01210064 X2=   0.0219795226
 4**Scale:   6.75852004
 wtx  3.31993597E-08hfrac  0.392379761
 **MScale: SCALFA=   1. ISCALE=  7
 **MScale: scale: (Q2+Pt2+M2)/4 
 5**Scales: M2=   25. Q2=   2.02598475 X2=   0.161153408
 5**Scale:   6.79678454
 6**Scales: M2=   25. Q2=   2.02598475 X2=   0.161153408
 6**Scale:   6.79678454
 wtx  8.6460382E-08hfrac  0.392379761
 7**Scales: M2=   25. Q2=   2.02490205 X2=   0.0283039124
 7**Scale:   6.76330149
 8**Scales: M2=   25. Q2=   2.02490205 X2=   0.0283039124
 8**Scale:   6.76330149
 wtx  2.99577749E-08hfrac  0.392379761
 9**Scales: M2=   25. Q2=   2.01264195 X2=   0.0341305593
 9**Scale:   6.76169313
 10**Scales: M2=   25. Q2=   2.01264195 X2=   0.0341305593
 10**Scale:   6.76169313
 wtx  3.07626529E-08hfrac  0.392379761
 11**Scales: M2=   25. Q2=   2.02084519 X2=   0.535508501
 11**Scale:   6.88908842
 12**Scales: M2=   25. Q2=   2.02084519 X2=   0.535508501
 12**Scale:   6.88908842
 wtx  1.68688643E-07hfrac  0.392379761
 13**Scales: M2=   25. Q2=   2.01614734 X2=   0.660123447
 13**Scale:   6.9190677
 14**Scales: M2=   25. Q2=   2.01614734 X2=   0.660123447
 14**Scale:   6.9190677
 wtx  1.68064417E-07hfrac  0.392379761
 15**Scales: M2=   25. Q2=   2.02331825 X2=   0.179048502
 15**Scale:   6.80059169
 16**Scales: M2=   25. Q2=   2.02331825 X2=   0.179048502
 16**Scale:   6.80059169
 wtx  7.12228427E-08hfrac  0.392379761
 17**Scales: M2=   25. Q2=   2.01225393 X2=   2.80962011
 17**Scale:   7.45546851
 18**Scales: M2=   25. Q2=   2.01225393 X2=   2.80962011
 18**Scale:   7.45546851
 wtx  3.82683169E-07hfrac  0.392379761
 19**Scales: M2=   25. Q2=   2.01471874 X2=   0.135670937
 19**Scale:   6.78759742
 20**Scales: M2=   25. Q2=   2.01471874 X2=   0.135670937
 20**Scale:   6.78759742
 wtx  5.48683126E-08hfrac  0.392379761
 21**Scales: M2=   25. Q2=   2.01383019 X2=   3.51141644
 21**Scale:   7.63131166
 22**Scales: M2=   25. Q2=   2.01383019 X2=   3.51141644
 22**Scale:   7.63131166
 wtx  4.02302163E-07hfrac  0.392379761
 23**Scales: M2=   25. Q2=   2.01965603 X2=   0.618879202
 23**Scale:   6.90963381
 24**Scales: M2=   25. Q2=   2.01965603 X2=   0.618879202
 24**Scale:   6.90963381
 wtx  1.44495573E-07hfrac  0.392379761
 25**Scales: M2=   25. Q2=   2.00163531 X2=   0.0185410459
 25**Scale:   6.75504409
 26**Scales: M2=   25. Q2=   2.00163531 X2=   0.0185410459
 26**Scale:   6.75504409
 wtx  1.91193354E-08hfrac  0.392379761
 27**Scales: M2=   25. Q2=   2.01678848 X2=   2.59257956
 27**Scale:   7.40234201
 28**Scales: M2=   25. Q2=   2.01678848 X2=   2.59257956
 28**Scale:   7.40234201
 wtx  3.47526765E-07hfrac  0.392379761
 29**Scales: M2=   25. Q2=   2.0290216 X2=   6.10493318
 29**Scale:   8.28348869
 30**Scales: M2=   25. Q2=   2.0290216 X2=   6.10493318
 30**Scale:   8.28348869
 wtx  5.08759172E-07hfrac  0.392379761
 31**Scales: M2=   25. Q2=   2.03050539 X2=   5.71045302
 31**Scale:   8.1852396
 32**Scales: M2=   25. Q2=   2.03050539 X2=   5.71045302
 32**Scale:   8.1852396
 wtx  4.9119177E-07hfrac  0.392379761
 33**Scales: M2=   25. Q2=   2.01584011 X2=   0.0116851995
 33**Scale:   6.75688133
 34**Scales: M2=   25. Q2=   2.01584011 X2=   0.0116851995
 34**Scale:   6.75688133
 wtx  1.44548711E-08hfrac  0.392379761
 35**Scales: M2=   25. Q2=   2.01361823 X2=   2.80466466
 35**Scale:   7.45457072
 36**Scales: M2=   25. Q2=   2.01361823 X2=   2.80466466
 36**Scale:   7.45457072
 wtx  3.05748557E-07hfrac  0.392379761
 37**Scales: M2=   25. Q2=   2.00331002 X2=   15.9589126
 37**Scale:   10.7405557
 38**Scales: M2=   25. Q2=   2.00331002 X2=   15.9589126
 38**Scale:   10.7405557
 wtx  6.13573548E-07hfrac  0.392379761
 39**Scales: M2=   25. Q2=   2.00940063 X2=   19.2588986
 39**Scale:   11.5670748
 40**Scales: M2=   25. Q2=   2.00940063 X2=   19.2588986
 40**Scale:   11.5670748
 wtx  5.80104427E-07hfrac  0.392379761
 41**Scales: M2=   25. Q2=   2.00685898 X2=   293.16342
 41**Scale:   80.0425697
 42**Scales: M2=   25. Q2=   2.00685898 X2=   293.16342
 42**Scale:   80.0425697
 wtx  5.05124831E-10hfrac  0.392379761
 **bmatch: create BMAT   
 BMAT    histos booked ! 
 43**Scales: M2=   25. Q2=   2.01596134 X2=   1.703214
 43**Scale:   7.17979384
 44**Scales: M2=   25. Q2=   2.01596134 X2=   1.703214
 44**Scale:   7.17979384
 wtx  2.35494809E-07hfrac  0.392379761
 45**Scales: M2=   25. Q2=   2.02481582 X2=   1.26479305
 45**Scale:   7.07240222
 46**Scales: M2=   25. Q2=   2.02481582 X2=   1.26479305
 46**Scale:   7.07240222
 wtx  1.74006729E-07hfrac  0.392379761
 47**Scales: M2=   25. Q2=   2.00539064 X2=   2.61998072
 47**Scale:   7.40634284
 48**Scales: M2=   25. Q2=   2.00539064 X2=   2.61998072
 48**Scale:   7.40634284
 wtx  2.67096993E-07hfrac  0.392379761
 49**Scales: M2=   25. Q2=   2.01196776 X2=   0.512560846
 49**Scale:   6.88113215
 50**Scales: M2=   25. Q2=   2.01196776 X2=   0.512560846
 50**Scale:   6.88113215
 wtx  1.03116854E-07hfrac  0.392379761
 51**Scales: M2=   25. Q2=   2.02325446 X2=   19.6480187
 51**Scale:   11.6678183
 52**Scales: M2=   25. Q2=   2.02325446 X2=   19.6480187
 52**Scale:   11.6678183
 wtx  5.98249414E-07hfrac  0.392379761
 53**Scales: M2=   25. Q2=   2.01292125 X2=   173.672859
 53**Scale:   50.1714451
 54**Scales: M2=   25. Q2=   2.01292125 X2=   173.672859
 54**Scale:   50.1714451
 wtx  7.6293361E-08hfrac  0.392379761
 55**Scales: M2=   25. Q2=   2.01532136 X2=   1.82159217
 55**Scale:   7.20922838
 56**Scales: M2=   25. Q2=   2.01532136 X2=   1.82159217
 56**Scale:   7.20922838
 wtx  2.08400422E-07hfrac  0.392379761
 57**Scales: M2=   25. Q2=   2.01083836 X2=   14.6731432
 57**Scale:   10.4209954
 58**Scales: M2=   25. Q2=   2.01083836 X2=   14.6731432
 58**Scale:   10.4209954
 wtx  5.6976836E-07hfrac  0.392379761
 59**Scales: M2=   25. Q2=   2.00220749 X2=   6.33765265
 59**Scale:   8.33496503
 60**Scales: M2=   25. Q2=   2.00220749 X2=   6.33765265
 60**Scale:   8.33496503
 wtx  4.47442858E-07hfrac  0.392379761
 61**Scales: M2=   25. Q2=   2.01081225 X2=   7.2425094
 61**Scale:   8.56333041
 62**Scales: M2=   25. Q2=   2.01081225 X2=   7.2425094
 62**Scale:   8.56333041
 wtx  4.54996041E-07hfrac  0.392379761
 63**Scales: M2=   25. Q2=   2.03086177 X2=   56.5796666
 63**Scale:   20.9026321
 64**Scales: M2=   25. Q2=   2.03086177 X2=   56.5796666
 64**Scale:   20.9026321
 wtx  4.2485209E-07hfrac  0.392379761
 65**Scales: M2=   25. Q2=   2.02670108 X2=   95.0828973
 65**Scale:   30.5273996
 66**Scales: M2=   25. Q2=   2.02670108 X2=   95.0828973
 66**Scale:   30.5273996
 wtx  2.85970742E-07hfrac  0.392379761
 67**Scales: M2=   25. Q2=   2.0050606 X2=   7.25064922
 67**Scale:   8.56392746
 68**Scales: M2=   25. Q2=   2.0050606 X2=   7.25064922
 68**Scale:   8.56392746
 wtx  4.486119E-07hfrac  0.392379761
 69**Scales: M2=   25. Q2=   2.02850611 X2=   3.44408315
 69**Scale:   7.61814732
 70**Scales: M2=   25. Q2=   2.02850611 X2=   3.44408315
 70**Scale:   7.61814732
 wtx  3.01278135E-07hfrac  0.392379761
 71**Scales: M2=   25. Q2=   2.00343864 X2=   4.95254936
 71**Scale:   7.988997
 72**Scales: M2=   25. Q2=   2.00343864 X2=   4.95254936
 72**Scale:   7.988997
 wtx  3.77557853E-07hfrac  0.392379761
 73**Scales: M2=   25. Q2=   2.02067182 X2=   14.4803566
 73**Scale:   10.3752571
 74**Scales: M2=   25. Q2=   2.02067182 X2=   14.4803566
 74**Scale:   10.3752571
 wtx  5.5389512E-07hfrac  0.392379761
 75**Scales: M2=   25. Q2=   2.00260301 X2=   64.0167192
 75**Scale:   22.7548305
 76**Scales: M2=   25. Q2=   2.00260301 X2=   64.0167192
 76**Scale:   22.7548305
 wtx  4.11525832E-07hfrac  0.392379761
 77**Scales: M2=   25. Q2=   2.02147523 X2=   150.815393
 77**Scale:   44.459217
 78**Scales: M2=   25. Q2=   2.02147523 X2=   150.815393
 78**Scale:   44.459217
 wtx  1.72911498E-07hfrac  0.392379761
 79**Scales: M2=   25. Q2=   2.01274594 X2=   6.52169063
 79**Scale:   8.38360914
 80**Scales: M2=   25. Q2=   2.01274594 X2=   6.52169063
 80**Scale:   8.38360914
 wtx  3.99098752E-07hfrac  0.392379761
 81**Scales: M2=   25. Q2=   2.00012113 X2=   6.00656825
 81**Scale:   8.25167235
 82**Scales: M2=   25. Q2=   2.00012113 X2=   6.00656825
 82**Scale:   8.25167235
 wtx  4.0993055E-07hfrac  0.392379761
 83**Scales: M2=   25. Q2=   2.01003785 X2=   79.1303314
 83**Scale:   26.5350923
 84**Scales: M2=   25. Q2=   2.01003785 X2=   79.1303314
 84**Scale:   26.5350923
 wtx  3.53508028E-07hfrac  0.392379761
 85**Scales: M2=   25. Q2=   2.02402197 X2=   63.0854019
 85**Scale:   22.527356
 86**Scales: M2=   25. Q2=   2.02402197 X2=   63.0854019
 86**Scale:   22.527356
 wtx  4.16760116E-07hfrac  0.392379761
 87**Scales: M2=   25. Q2=   2.01215133 X2=   49.5123051
 87**Scale:   19.1311141
 88**Scales: M2=   25. Q2=   2.01215133 X2=   49.5123051
 88**Scale:   19.1311141
 wtx  4.82462326E-07hfrac  0.392379761
 89**Scales: M2=   25. Q2=   2.00528012 X2=   57.0997281
 89**Scale:   21.0262521
 90**Scales: M2=   25. Q2=   2.00528012 X2=   57.0997281
 90**Scale:   21.0262521
 wtx  4.43634178E-07hfrac  0.392379761
 91**Scales: M2=   25. Q2=   2.01925549 X2=   3.714834
 91**Scale:   7.68352237
 92**Scales: M2=   25. Q2=   2.01925549 X2=   3.714834
 92**Scale:   7.68352237
 wtx  2.98249688E-07hfrac  0.392379761
 93**Scales: M2=   25. Q2=   2.02673132 X2=   6.02749749
 93**Scale:   8.2635572
 94**Scales: M2=   25. Q2=   2.02673132 X2=   6.02749749
 94**Scale:   8.2635572
 wtx  3.88255927E-07hfrac  0.392379761
 95**Scales: M2=   25. Q2=   2.0259983 X2=   80.3040525
 95**Scale:   26.8325127
 96**Scales: M2=   25. Q2=   2.0259983 X2=   80.3040525
 96**Scale:   26.8325127
 wtx  3.55651053E-07hfrac  0.392379761
 97**Scales: M2=   25. Q2=   2.00599602 X2=   303.065564
 97**Scale:   82.5178901
 98**Scales: M2=   25. Q2=   2.00599602 X2=   303.065564
 98**Scale:   82.5178901
 wtx  6.20517113E-08hfrac  0.392379761
 99**Scales: M2=   25. Q2=   2.01166141 X2=   140.170851
 99**Scale:   41.7956281
 100**Scales: M2=   25. Q2=   2.01166141 X2=   140.170851
 100**Scale:   41.7956281
 wtx  2.08285059E-07hfrac  0.392379761
 wtx  4.63193658E-07hfrac  0.392379761
 wtx  2.38582857E-07hfrac  0.392379761
 wtx  3.95986E-08hfrac  0.392379761
 wtx  2.21436281E-07hfrac  0.392379761
 wtx  4.37782802E-07hfrac  0.392379761
 wtx  5.09521044E-07hfrac  0.392379761
 wtx  6.14963014E-08hfrac  0.392379761
 wtx  3.01968385E-07hfrac  0.392379761
 wtx  5.27662053E-07hfrac  0.392379761
 wtx  2.79720808E-07hfrac  0.392379761
 wtx  4.7491244E-07hfrac  0.392379761
 wtx  5.29213935E-07hfrac  0.392379761
 wtx  4.72119012E-07hfrac  0.392379761
 wtx  3.11415988E-07hfrac  0.392379761
 wtx  5.16119542E-07hfrac  0.392379761
 wtx  5.13231669E-07hfrac  0.392379761
 wtx  4.27301416E-07hfrac  0.392379761
 wtx  6.52369803E-09hfrac  0.392379761
 wtx  5.43913814E-07hfrac  0.392379761
 wtx  2.73093008E-07hfrac  0.392379761
 wtx  4.13414853E-07hfrac  0.392379761
 wtx  5.38986797E-07hfrac  0.392379761
 wtx  6.40916014E-08hfrac  0.392379761
 wtx  4.76951811E-07hfrac  0.392379761
 wtx  5.4949362E-07hfrac  0.392379761
 wtx  1.58766625E-07hfrac  0.392379761
 wtx  1.80176542E-07hfrac  0.392379761
 wtx  3.23836588E-07hfrac  0.392379761
 wtx  5.60712749E-07hfrac  0.392379761
 wtx  5.21286267E-07hfrac  0.392379761
 wtx  2.23755137E-07hfrac  0.392379761
 wtx  1.91121856E-07hfrac  0.392379761
 wtx  1.64385838E-07hfrac  0.392379761
 wtx  4.8427296E-07hfrac  0.392379761
 wtx  4.07003924E-08hfrac  0.392379761
 wtx  3.32068311E-07hfrac  0.392379761
 wtx  5.00765225E-07hfrac  0.392379761
 wtx  3.15571839E-07hfrac  0.392379761
 wtx  1.90591251E-07hfrac  0.392379761
 wtx  2.9032995E-07hfrac  0.392379761
 wtx  2.58068098E-07hfrac  0.392379761
 wtx  1.13558691E-07hfrac  0.392379761
 wtx  4.93987898E-07hfrac  0.392379761
 wtx  5.70325312E-07hfrac  0.392379761
 wtx  2.3554604E-07hfrac  0.392379761
 wtx  5.5639623E-07hfrac  0.392379761
 wtx  4.6081081E-07hfrac  0.392379761
 wtx  3.56665339E-07hfrac  0.392379761
 wtx  5.97617884E-07hfrac  0.392379761
 wtx  5.16918817E-07hfrac  0.392379761
   1       2.509646     0.1489E-01   2.509646     0.1489E-01  0.000    
   2       2.528124     0.1272E-01   2.520391     0.9666E-02 0.8893    



 INPUT PARAMETERS FOR VEGAS:  NDIM=  3  NCALL=  4920750.
                              IT=    0  ITMX=    4
                              MDS= -1   ND=  45
   1       2.523805     0.3919E-02   2.523805     0.3919E-02  0.000    
   2       2.523816     0.3918E-02   2.523810     0.2771E-02 0.3610E-05
   3       2.529217     0.3930E-02   2.525611     0.2265E-02 0.6331    
   4       2.524727     0.3918E-02   2.525389     0.1961E-02 0.4348    



 INPUT PARAMETERS FOR VEGAS:  NDIM=  6  NCALL=    78125.
                              IT=    0  ITMX=    4
                              MDS=  1   ND=  50
 **sig1: iscalef=  7
 **sig1: mur=   15.5195018
 **sig1: iscalef=  7
 **sig1: muf=   15.5195018
 ALFAS  =   0.226210905
 MUR2   =   15.5195018
 LOGMUR =  -0.476778413
 MUF2   =   15.5195018
 LOGMUF =  -0.476778413
  
 INTEGRATING NLO GLUON ...
  
   1      0.9314699     0.4568      0.9314699     0.4568      0.000    
   2       1.746161     0.5246       1.523854     0.3585      1.025    
   3       1.115214     0.3682       1.370282     0.2654     0.8613    
   4      0.9882156     0.1960       1.175398     0.1755      1.039    



 INPUT PARAMETERS FOR VEGAS:  NDIM=  6  NCALL=   786432.
                              IT=    0  ITMX=    8
                              MDS=  1   ND=  50
   1       1.419269     0.1134       1.419269     0.1134      0.000    
   2       1.372250     0.1380       1.401085     0.8732E-01 0.6877E-01
   3       1.242890     0.6431E-01   1.307162     0.5370E-01  1.084    
   4       1.238815     0.1051       1.294805     0.4766E-01 0.8529    
   5       1.451548     0.1120       1.322919     0.4406E-01  1.080    
   6       1.375564     0.8161E-01   1.335180     0.3873E-01 0.9239    
   7       1.374953     0.8173E-01   1.342670     0.3497E-01 0.7992    
   8       1.268892     0.8426E-01   1.332996     0.3235E-01 0.7805    



 INPUT PARAMETERS FOR VEGAS:  NDIM=  6  NCALL=    78125.
                              IT=    0  ITMX=    4
                              MDS=  1   ND=  50
 ALFAS  =   0.264336959
 MUR2   =   6.8376333
 LOGMUR =  -1.29643416
 MUF2   =   6.8376333
 LOGMUF =  -1.29643416
  
 INTEGRATING QUARK INITIATED ...
  
   1      0.5789803     0.1558      0.5789803     0.1558      0.000    
   2      0.7823809     0.1311      0.7255707     0.9790E-01 0.8689    
   3      0.5576096     0.7037E-01  0.6315872     0.6114E-01  1.421    
   4      0.5248053     0.9274E-01  0.6078759     0.5156E-01  1.283    



 INPUT PARAMETERS FOR VEGAS:  NDIM=  6  NCALL=   786432.
                              IT=    0  ITMX=    8
                              MDS=  1   ND=  50
   1      0.5848567     0.3395E-01  0.5848567     0.3395E-01  0.000    
   2      0.5869185     0.2840E-01  0.5860730     0.2178E-01 0.2168E-02
   3      0.6467329     0.3134E-01  0.6085410     0.1790E-01  1.340    
   4      0.6533459     0.4353E-01  0.6158820     0.1669E-01  1.189    
   5      0.6368621     0.3639E-01  0.6197037     0.1518E-01 0.9522    
   6      0.6308429     0.3759E-01  0.6213020     0.1408E-01 0.7737    
   7      0.5790937     0.2470E-01  0.6120692     0.1232E-01 0.9919    
   8      0.6154154     0.3600E-01  0.6124179     0.1166E-01 0.8521    
  
 CROSS SECTION =   4.47080335 +/-   0.0344377923
  
  # of events with muons:  0 out of:  53746295
  All:           1. muons:   19.0389347 2. muon   1.18989861
 In acc: 1. muons:     13.725:      0.721 % 2. muon      1.627:      1.368 %
  Norm Histos here: lum=   1.lumbreit lum1  1.
  ZEUS scenario in Lab frame Q2>4
  Total      sig (pb):   93.935936
  b tot  sig (pb):   52.4318275
  >=1jets sig (pb):   75.4881134
  muon +no cuts on jet sig (pb):   10.3920441
  muon+jet    sig (pb):   8.96225166
  muon+jet+cone sig (pb):   5.51710224
  ZEUS scenario in Breit frame Q2>2 
  tot        sig (pb):   93.935936
  b.cross    sig (pb):   54.741478
  >=1jet sig (pb):   58.750824
  muon nojet cut sig (pb):   5.57594633
  muon+jet   sig (pb):   4.48517179
 incl jet   sig (pb):  17.7037201
 incl muon  sig (pb):  4.86228466
 incl b     sig (pb):  72.2194977
 generator:HVQ     hfrac  0.2205
  Output Histos here 
