  
 ============================
 | HVQDIS  V1.4  APRIL 2000 |
 ============================
  
 NORDER    =        2
 ISCALER   =        5
 ISCALEF   =        5
 IPDF      =        5
 PTS0      =   500000
 ITS0      =        2
 PTS1      =    80000
 ITS1      =        4
 IQUARK    =        2
 MASS      =      4.75
 EPRO      =    920.00
 EIEL      =     27.50
 Q2MIN     =    649.90
 Q2MAX     =    650.10
 XBJMIN    =      0.05
 XBJMAX    =      0.05
 YMIN      =      0.05
 YMAX      =      0.70
 ETAMAX    =      2.50
 PTMIN     =      0.00
 PTMAX     =   *******
 IFRAG     =        0
 ISL       =        1
 EPS       =      0.0035
 HFRAC     =      0.2205
 XMD       =      5.2780
 TCFRAG    =        0
 TCSL    =        1
 PREF      =   f2b_650_500.histos                      
  
 BOTTOM PRODUCTION
 RM48 INITIALIZED:        40           0         0
 **hist: start histos 
 HPATH.  ERROR IN PATHNAME,


 ===> Directory : 
  create directory HISB
 hfrac:  0.2205
 **hzb: Version kula1  
 FULL LO+NLO ME



 INPUT PARAMETERS FOR VEGAS:  NDIM=  3  NCALL=   476656.
                              IT=    0  ITMX=    2
                              MDS= -1   ND=  31
 **MScale: SCALFA=   1. ISCALE=  5
 **MScale: scale: Pt2+4 M2 
 wtx  2.61821793E-12hfrac  0.392379761
 **frag: Peterson frag function 
 **frag: Vincenzo semi-leptonic routine dir+indir 

 ******************************************************
 KTCLUS: written by Mike Seymour, July 1992.
 Last modified October 1997.
 Please send comments or suggestions to Mike.Seymour@rl.ac.uk

       Collision type = 3 = pe        
     Angular variable = 2 = DeltaR    
 Monotonic definition = 1 = no        
 Recombination scheme = 1 = E         
 Ecut=  1.00
 ******************************************************

 wtx  4.11047845E-12hfrac  0.392379761
 **bmatch: create BMAT   
 BMAT    histos booked ! 
 wtx  4.41779772E-12hfrac  0.392379761
 wtx  3.97394747E-12hfrac  0.392379761
 wtx  2.29900412E-14hfrac  0.392379761
 wtx  4.57899289E-13hfrac  0.392379761
 wtx  5.18272057E-12hfrac  0.392379761
 wtx  1.94658742E-12hfrac  0.392379761
 wtx  3.29238134E-12hfrac  0.392379761
 wtx  7.84217797E-13hfrac  0.392379761
 wtx  1.26593842E-12hfrac  0.392379761
 wtx  2.4336251E-14hfrac  0.392379761
 wtx  3.6734036E-12hfrac  0.392379761
 wtx  3.9109666E-12hfrac  0.392379761
 wtx  2.28276903E-12hfrac  0.392379761
 wtx  5.40352607E-14hfrac  0.392379761
 wtx  2.06247477E-18hfrac  0.392379761
 wtx  3.14155033E-14hfrac  0.392379761
 wtx  5.83570128E-12hfrac  0.392379761
 wtx  5.83638259E-12hfrac  0.392379761
 wtx  4.68561604E-12hfrac  0.392379761
 wtx  5.27196863E-12hfrac  0.392379761
 wtx  4.64207882E-12hfrac  0.392379761
 wtx  3.86696621E-12hfrac  0.392379761
 wtx  1.05844185E-12hfrac  0.392379761
 wtx  6.03775276E-13hfrac  0.392379761
 wtx  3.70479472E-12hfrac  0.392379761
 wtx  2.83759669E-12hfrac  0.392379761
 wtx  1.04930398E-12hfrac  0.392379761
 wtx  3.9403346E-12hfrac  0.392379761
 wtx  1.65196958E-12hfrac  0.392379761
 wtx  4.69295826E-12hfrac  0.392379761
 wtx  4.72333284E-12hfrac  0.392379761
 wtx  1.42273563E-12hfrac  0.392379761
 wtx  1.13567345E-13hfrac  0.392379761
 wtx  4.82402703E-12hfrac  0.392379761
 wtx  3.64726045E-13hfrac  0.392379761
 wtx  4.34159436E-12hfrac  0.392379761
 wtx  4.39772871E-12hfrac  0.392379761
 wtx  2.01887552E-12hfrac  0.392379761
 wtx  2.81795431E-15hfrac  0.392379761
 wtx  4.3193565E-12hfrac  0.392379761
 wtx  1.66268713E-12hfrac  0.392379761
 wtx  4.66582285E-12hfrac  0.392379761
 wtx  7.75047832E-13hfrac  0.392379761
 wtx  3.47463009E-12hfrac  0.392379761
 wtx  5.39304755E-12hfrac  0.392379761
 wtx  1.88069113E-12hfrac  0.392379761
 wtx  2.24090147E-12hfrac  0.392379761
 wtx  4.13107265E-12hfrac  0.392379761
 wtx  3.74064755E-12hfrac  0.392379761
 wtx  7.15793595E-14hfrac  0.392379761
 wtx  5.07351149E-12hfrac  0.392379761
 wtx  4.81097692E-13hfrac  0.392379761
 wtx  1.16012408E-12hfrac  0.392379761
 wtx  5.45494119E-12hfrac  0.392379761
 wtx  1.49317852E-12hfrac  0.392379761
 wtx  7.16998292E-13hfrac  0.392379761
 wtx  4.15720106E-12hfrac  0.392379761
 wtx  4.02352717E-12hfrac  0.392379761
 wtx  2.79929549E-14hfrac  0.392379761
 wtx  4.38762655E-12hfrac  0.392379761
 wtx  1.688574E-13hfrac  0.392379761
 wtx  5.16769049E-12hfrac  0.392379761
 wtx  2.06419517E-12hfrac  0.392379761
 wtx  2.74901694E-12hfrac  0.392379761
 wtx  4.20786973E-12hfrac  0.392379761
 wtx  4.54683556E-12hfrac  0.392379761
 wtx  5.28101868E-12hfrac  0.392379761
 wtx  1.9218327E-12hfrac  0.392379761
 wtx  1.21087444E-18hfrac  0.392379761
 wtx  3.30727524E-12hfrac  0.392379761
 wtx  3.20065328E-12hfrac  0.392379761
 wtx  5.37664011E-12hfrac  0.392379761
 wtx  5.50631936E-12hfrac  0.392379761
 wtx  5.75173069E-12hfrac  0.392379761
 wtx  5.72206995E-12hfrac  0.392379761
 wtx  2.4877214E-12hfrac  0.392379761
 wtx  3.87472172E-12hfrac  0.392379761
 wtx  4.44449469E-12hfrac  0.392379761
 wtx  3.24527232E-12hfrac  0.392379761
 wtx  3.39303976E-12hfrac  0.392379761
 wtx  3.75005279E-12hfrac  0.392379761
 wtx  1.50111141E-12hfrac  0.392379761
 wtx  1.6809833E-14hfrac  0.392379761
 wtx  3.03726814E-12hfrac  0.392379761
 wtx  4.16117444E-12hfrac  0.392379761
 wtx  4.73391725E-12hfrac  0.392379761
 wtx  4.08702716E-12hfrac  0.392379761
 wtx  3.33828061E-12hfrac  0.392379761
 wtx  3.14795011E-13hfrac  0.392379761
 wtx  2.9399527E-13hfrac  0.392379761
 wtx  3.55038069E-12hfrac  0.392379761
 wtx  6.00061342E-13hfrac  0.392379761
 wtx  4.43937552E-12hfrac  0.392379761
 wtx  4.19093449E-12hfrac  0.392379761
 wtx  4.50552616E-12hfrac  0.392379761
 wtx  4.03143447E-12hfrac  0.392379761
 wtx  3.06373395E-12hfrac  0.392379761
 wtx  1.42287538E-12hfrac  0.392379761
   1      0.8668440E-07 0.1700E-07  0.8668440E-07 0.1700E-07  0.000    
   2      0.7273792E-07 0.5047E-08  0.7428978E-07 0.5234E-08 0.7021    



 INPUT PARAMETERS FOR VEGAS:  NDIM=  3  NCALL=  4920750.
                              IT=    0  ITMX=    4
                              MDS= -1   ND=  45
   1      0.6920147E-07 0.4560E-09  0.6920147E-07 0.4560E-09  0.000    
   2      0.6950834E-07 0.4593E-09  0.6935446E-07 0.3236E-09 0.2248    
   3      0.6848605E-07 0.4490E-09  0.6906252E-07 0.2626E-09  1.334    
   4      0.6965049E-07 0.4578E-09  0.6920990E-07 0.2278E-09  1.303    



 INPUT PARAMETERS FOR VEGAS:  NDIM=  6  NCALL=    78125.
                              IT=    0  ITMX=    4
                              MDS=  1   ND=  50
 ALFAS  =   0.173764856
 MUR2   =   92.8614372
 LOGMUR =   1.41481922
 MUF2   =   92.8614372
 LOGMUF =   1.41481922
  
 INTEGRATING NLO GLUON ...
  
   1     -0.7627385E-08 0.5037E-07 -0.7627385E-08 0.5037E-07  0.000    
   2      0.4298696E-08 0.3803E-08  0.4088475E-08 0.5428E-08 0.8359E-01
   3      0.1633758E-08 0.1746E-08  0.3101134E-08 0.3486E-08 0.1202    
   4      0.3482678E-08 0.1099E-07  0.3117961E-08 0.3169E-08 0.9288E-01



 INPUT PARAMETERS FOR VEGAS:  NDIM=  6  NCALL=   786432.
                              IT=    0  ITMX=    8
                              MDS=  1   ND=  50
   1      0.4126499E-07 0.1427E-07  0.4126499E-07 0.1427E-07  0.000    
   2      0.2378430E-07 0.8553E-08  0.3286713E-07 0.8394E-08  1.083    
   3      0.1504229E-07 0.3954E-08  0.2442797E-07 0.5216E-08  2.194    
   4      0.2760107E-07 0.7089E-08  0.2547977E-07 0.4219E-08  1.536    
 **sig1: calling fhist EVENT p1,p2,p3=   24.9910392  0.00165983218 -11.9002525
  21.4563167  24.9911338 -0.00165983218 -11.8984462  21.4574286  0.  0.  0.  0.
 **sig1: soft virtual 
 **sig1: wgt=   NAN vwgt=   1.61273367E-13 XNORM=   0.014199195
 **sig1: = HEVENTL  0.000711380225 XJAC=   5.80390143E-09
 **hzb: start tmp=   NAN
 ** HZLIHEP nhep=  6

                    Event Listing (Common HEPEVTP)

   I IST    ID JMO1 JMO2 JDAf JDAl   p_x     p_y     p_z      E       m   

   1   3  2212    0    0    0    0   0.000   0.000 920.000 920.000   0.000
   2   3   -11    0    0    0    0   0.000   0.000 -27.500  27.500   0.000
   3   3    22    0    0    0    0   0.000 -23.799  -9.442  -2.374-649.901
   4   1   -11    0    0    0    0   0.000  23.799 -18.058  29.874   0.000
   5   1     5    0    0    0    0   0.002 -11.900  21.456  24.991   4.750
   6   1    -5    0    0    0    0  -0.002 -11.898  21.457  24.991   4.750
 Pges=                             0.000   0.000  24.856  79.856
   5      0.5791769E-08 0.5907E-08  0.2507438E-07 0.3754E-08  1.564    
   6      0.1133775E-07 0.6506E-08  0.2423549E-07 0.3385E-08  1.634    
   7      0.2057910E-07 0.5795E-08  0.2349588E-07 0.2967E-08  1.454    
   8      0.9741914E-08 0.5002E-08  0.2270711E-07 0.2728E-08  1.586    



 INPUT PARAMETERS FOR VEGAS:  NDIM=  6  NCALL=    78125.
                              IT=    0  ITMX=    4
                              MDS=  1   ND=  50
 ALFAS  =   0.172253785
 MUR2   =   99.5033734
 LOGMUR =   1.48390231
 MUF2   =   99.5033734
 LOGMUF =   1.48390231
  
 INTEGRATING QUARK INITIATED ...
  
   1      0.2986393E-07 0.2965E-07  0.2986393E-07 0.2965E-07  0.000    
   2      0.1687576E-09 0.1598E-09  0.1431165E-07 0.1447E-07  1.050    
   3     -0.5610104E-08 0.5777E-08  0.8197124E-08 0.1001E-07  1.182    
   4     -0.5369701E-09 0.1196E-08  0.7659766E-08 0.8398E-08  1.072    



 INPUT PARAMETERS FOR VEGAS:  NDIM=  6  NCALL=   786432.
                              IT=    0  ITMX=    8
                              MDS=  1   ND=  50
   1     -0.3926476E-09 0.4183E-08 -0.3926476E-09 0.4183E-08  0.000    
   2      0.1907275E-08 0.7371E-09  0.1904252E-08 0.5318E-09 0.2456E-01
   3      0.5159891E-08 0.2553E-08  0.3136781E-08 0.9694E-09  1.329    
   4      0.2085433E-08 0.1115E-08  0.2879244E-08 0.7799E-09  1.146    
   5      0.1982917E-08 0.2050E-08  0.2824181E-08 0.7130E-09 0.9877    
   6      0.2621038E-09 0.3650E-08  0.2823314E-08 0.6513E-09 0.9475    
   7      0.3029869E-08 0.6790E-09  0.2940347E-08 0.4415E-09 0.7538    
   8      0.1903658E-08 0.1430E-08  0.2890564E-08 0.4179E-09 0.7267    
  
 CROSS SECTION =   9.48075741E-08 +/-   2.76920943E-09
  
  # of events with muons:  0 out of:  35058368
  All:           1. muons:   8.50190702E-07 2. muon   7.31621341E-08
 In acc: 1. muons:      0.000:      0.429 % 2. muon      0.000:      0.593 %
  Norm Histos here: lum=   1.lumbreit lum1  1.
  ZEUS scenario in Lab frame Q2>4
  Total      sig (pb):   2.6912096E-06
  b tot  sig (pb):   1.85012959E-06
  >=1jets sig (pb):   2.68911981E-06
  muon +no cuts on jet sig (pb):   5.33331388E-07
  muon+jet    sig (pb):   5.32965544E-07
  muon+jet+cone sig (pb):   4.17599466E-07
  ZEUS scenario in Breit frame Q2>2 
  tot        sig (pb):   2.6912096E-06
  b.cross    sig (pb):   2.00036538E-06
  >=1jet sig (pb):   1.92634957E-06
  muon nojet cut sig (pb):   1.51660856E-07
  muon+jet   sig (pb):   9.05968065E-08
 incl jet   sig (pb):  3.16414798E-07
 incl muon  sig (pb):  9.42536573E-08
 incl b     sig (pb):  2.84763337E-06
 generator:HVQ     hfrac  0.2205
  Output Histos here 
