  
 ============================
 | HVQDIS  V1.4  APRIL 2000 |
 ============================
  
 NORDER    =        2
 ISCALER   =        5
 ISCALEF   =        5
 IPDF      =        5
 PTS0      =   500000
 ITS0      =        2
 PTS1      =    80000
 ITS1      =        4
 IQUARK    =        2
 MASS      =      4.75
 EPRO      =    920.00
 EIEL      =     27.50
 Q2MIN     =      2.00
 Q2MAX     =   *******
 XBJMIN    =      0.00
 XBJMAX    =      1.00
 YMIN      =      0.00
 YMAX      =      1.00
 ETAMAX    =      2.50
 PTMIN     =      5.00
 PTMAX     =   *******
 IFRAG     =        0
 ISL       =        1
 EPS       =      0.0035
 HFRAC     =      0.2205
 XMD       =      5.2780
 TCFRAG    =        0
 TCSL    =        1
 PREF      =   f2b_2.-10000._0.0-1._r5_f5_m4.75.histos 
  
 BOTTOM PRODUCTION
 RM48 INITIALIZED:        40           0         0
 **hist: start histos 
 HPATH.  ERROR IN PATHNAME,


 ===> Directory : 
  create directory HISB
 hfrac:  0.2205
 **hzb: Version kula1  
 FULL LO+NLO ME



 INPUT PARAMETERS FOR VEGAS:  NDIM=  3  NCALL=   476656.
                              IT=    0  ITMX=    2
                              MDS= -1   ND=  31
 **MScale: SCALFA=   1. ISCALE=  5
 **MScale: scale: Pt2+4 M2 
 **MScale: SCALFA=   1. ISCALE=  5
 **MScale: scale: Pt2+4 M2 
 wtx  5.21432526E-07hfrac  0.392379761
 **frag: Peterson frag function 
 **frag: Vincenzo semi-leptonic routine dir+indir 

 ******************************************************
 KTCLUS: written by Mike Seymour, July 1992.
 Last modified October 1997.
 Please send comments or suggestions to Mike.Seymour@rl.ac.uk

       Collision type = 3 = pe        
     Angular variable = 2 = DeltaR    
 Monotonic definition = 1 = no        
 Recombination scheme = 1 = E         
 Ecut=  1.00
 ******************************************************

 **MScale: SCALFA=   1. ISCALE=  5
 **MScale: scale: Pt2+4 M2 
 **MScale: SCALFA=   1. ISCALE=  5
 **MScale: scale: Pt2+4 M2 
 wtx  3.16599676E-06hfrac  0.392379761
 **MScale: SCALFA=   1. ISCALE=  5
 **MScale: scale: Pt2+4 M2 
 wtx  4.7644171E-06hfrac  0.392379761
 wtx  3.96416408E-06hfrac  0.392379761
 wtx  6.24915441E-12hfrac  0.392379761
 wtx  3.71861961E-06hfrac  0.392379761
 wtx  2.65056442E-05hfrac  0.392379761
 wtx  1.03321763E-05hfrac  0.392379761
 wtx  4.00315439E-05hfrac  0.392379761
 wtx  1.40697903E-05hfrac  0.392379761
 wtx  5.42595517E-05hfrac  0.392379761
 wtx  1.5389096E-06hfrac  0.392379761
 wtx  1.76175381E-05hfrac  0.392379761
 wtx  6.44376144E-07hfrac  0.392379761
 wtx  2.89946058E-07hfrac  0.392379761
 wtx  2.87056287E-06hfrac  0.392379761
 wtx  3.58858347E-06hfrac  0.392379761
 wtx  6.84426413E-05hfrac  0.392379761
 wtx  1.35186228E-05hfrac  0.392379761
 wtx  6.71891321E-05hfrac  0.392379761
 wtx  1.77226644E-09hfrac  0.392379761
 wtx  2.70646261E-08hfrac  0.392379761
 wtx  2.46766467E-05hfrac  0.392379761
 wtx  0.000146922874hfrac  0.392379761
 wtx  3.17663616E-05hfrac  0.392379761
 wtx  2.89315412E-05hfrac  0.392379761
 wtx  5.21140862E-07hfrac  0.392379761
 wtx  4.86133686E-05hfrac  0.392379761
 wtx  9.83194113E-05hfrac  0.392379761
 wtx  5.16661348E-05hfrac  0.392379761
 wtx  7.82055213E-05hfrac  0.392379761
 wtx  1.32946398E-05hfrac  0.392379761
 wtx  6.97787209E-06hfrac  0.392379761
 wtx  0.00011635237hfrac  0.392379761
 wtx  2.4826435E-05hfrac  0.392379761
 wtx  3.60749218E-05hfrac  0.392379761
 wtx  4.4018343E-05hfrac  0.392379761
 wtx  7.71344348E-05hfrac  0.392379761
 wtx  1.95421808E-06hfrac  0.392379761
 wtx  9.49573878E-05hfrac  0.392379761
 wtx  2.78070934E-06hfrac  0.392379761
 wtx  4.12699155E-05hfrac  0.392379761
 wtx  1.01317983E-05hfrac  0.392379761
 wtx  8.31650596E-06hfrac  0.392379761
 wtx  4.66315105E-05hfrac  0.392379761
 wtx  4.84897791E-05hfrac  0.392379761
 wtx  2.86559825E-05hfrac  0.392379761
 wtx  5.51529822E-10hfrac  0.392379761
 wtx  2.98085683E-06hfrac  0.392379761
 wtx  1.49707776E-05hfrac  0.392379761
 wtx  6.50994771E-05hfrac  0.392379761
 wtx  1.18122962E-07hfrac  0.392379761
 wtx  1.32916639E-07hfrac  0.392379761
 wtx  2.69690281E-05hfrac  0.392379761
 wtx  3.72021896E-05hfrac  0.392379761
 wtx  7.31417822E-05hfrac  0.392379761
 wtx  9.86384521E-07hfrac  0.392379761
 wtx  5.15320535E-05hfrac  0.392379761
 wtx  4.80910203E-05hfrac  0.392379761
 wtx  4.7390673E-05hfrac  0.392379761
 wtx  0.000138739211hfrac  0.392379761
 wtx  1.70963667E-05hfrac  0.392379761
 wtx  5.81106506E-05hfrac  0.392379761
 wtx  2.30315294E-07hfrac  0.392379761
 wtx  0.000285432761hfrac  0.392379761
 wtx  4.92561485E-05hfrac  0.392379761
 wtx  2.65300777E-08hfrac  0.392379761
 wtx  1.65568198E-10hfrac  0.392379761
 wtx  4.66798665E-05hfrac  0.392379761
 wtx  1.3453654E-05hfrac  0.392379761
 wtx  1.41857281E-08hfrac  0.392379761
 wtx  3.21031002E-05hfrac  0.392379761
 wtx  3.0701662E-07hfrac  0.392379761
 wtx  5.79875668E-05hfrac  0.392379761
 wtx  3.59064034E-05hfrac  0.392379761
 wtx  1.25317057E-09hfrac  0.392379761
 wtx  2.95527457E-06hfrac  0.392379761
 wtx  4.42167075E-05hfrac  0.392379761
 wtx  1.62237338E-05hfrac  0.392379761
 wtx  9.18992228E-05hfrac  0.392379761
 wtx  6.24241147E-06hfrac  0.392379761
 wtx  4.34496869E-05hfrac  0.392379761
 wtx  2.20135553E-06hfrac  0.392379761
 wtx  4.26449878E-05hfrac  0.392379761
 wtx  1.79263864E-07hfrac  0.392379761
 wtx  8.56695078E-06hfrac  0.392379761
 wtx  6.43449748E-05hfrac  0.392379761
 wtx  0.000121703735hfrac  0.392379761
 wtx  3.33819889E-06hfrac  0.392379761
 wtx  7.02419929E-05hfrac  0.392379761
 wtx  7.27694278E-05hfrac  0.392379761
 wtx  1.51807108E-05hfrac  0.392379761
 wtx  1.10914079E-05hfrac  0.392379761
 wtx  5.42709022E-05hfrac  0.392379761
 wtx  4.08817068E-05hfrac  0.392379761
 wtx  3.50513858E-07hfrac  0.392379761
 wtx  0.000345444016hfrac  0.392379761
 wtx  6.96701827E-05hfrac  0.392379761
 wtx  5.19521273E-05hfrac  0.392379761
 wtx  3.57905519E-05hfrac  0.392379761
 **bmatch: create BMAT   
 BMAT    histos booked ! 
   1       19.80606      1.675       19.80606      1.675      0.000    
   2       19.90138     0.4455       19.89515     0.4296     0.3011E-02



 INPUT PARAMETERS FOR VEGAS:  NDIM=  3  NCALL=  4920750.
                              IT=    0  ITMX=    4
                              MDS= -1   ND=  45
   1       20.04296     0.4583E-01   20.04296     0.4583E-01  0.000    
   2       20.08145     0.4615E-01   20.06211     0.3252E-01 0.3503    
   3       20.10093     0.4621E-01   20.07500     0.2659E-01 0.4113    
   4       20.09927     0.4623E-01   20.08105     0.2305E-01 0.3431    



 INPUT PARAMETERS FOR VEGAS:  NDIM=  6  NCALL=    78125.
                              IT=    0  ITMX=    4
                              MDS=  1   ND=  50
 **sig1: iscalef=  5
 **sig1: mur=   98.222374
 **sig1: iscalef=  5
 **sig1: muf=   98.222374
 ALFAS  =   0.172535067
 MUR2   =   98.222374
 LOGMUR =   1.47094479
 MUF2   =   98.222374
 LOGMUF =   1.47094479
  
 INTEGRATING NLO GLUON ...
  
   1       28.06071      38.00       28.06071      38.00      0.000    
   2       17.41066      7.577       18.40752      9.675     0.1028    
   3       9.579618      2.626       12.26734      4.539     0.4717    
   4       16.09668      5.412       13.47827      3.589     0.4260    



 INPUT PARAMETERS FOR VEGAS:  NDIM=  6  NCALL=   786432.
                              IT=    0  ITMX=    8
                              MDS=  1   ND=  50
   1       11.05804     0.8798       11.05804     0.8798      0.000    
   2       11.52712      2.128       11.13149     0.8253     0.4267E-01
   3       16.45096      5.852       11.34679     0.9475     0.6276    
   4       13.91266      1.836       11.92980     0.8437     0.9490    
   5       13.16853      1.604       12.19062     0.7470     0.8312    
   6       11.72332     0.9373       12.03718     0.6003     0.7182    
   7       12.12623      1.030       12.05725     0.5229     0.6119    
   8       11.24641     0.8101       11.86380     0.4491     0.6258    



 INPUT PARAMETERS FOR VEGAS:  NDIM=  6  NCALL=    78125.
                              IT=    0  ITMX=    4
                              MDS=  1   ND=  50
 ALFAS  =   0.174395943
 MUR2   =   90.2546119
 LOGMUR =   1.38634546
 MUF2   =   90.2546119
 LOGMUF =   1.38634546
  
 INTEGRATING QUARK INITIATED ...
  
   1      -2.155111      2.908      -2.155111      2.908      0.000    
   2      0.7368993     0.7267     -0.2701144      1.282      1.155    
   3       1.076750     0.3836      0.8520179     0.4730      1.271    
   4      0.9713117     0.3671      0.9027680     0.3328     0.9943    



 INPUT PARAMETERS FOR VEGAS:  NDIM=  6  NCALL=   786432.
                              IT=    0  ITMX=    8
                              MDS=  1   ND=  50
   1       1.175155     0.1951       1.175155     0.1951      0.000    
   2       1.347722     0.3878       1.218270     0.1818     0.1688    
   3       1.417955     0.1894       1.325489     0.1289     0.3759    
   4       1.293155     0.1667       1.313663     0.1022     0.2607    
   5       1.316597     0.1431       1.314659     0.8314E-01 0.1953    
   6       1.189150     0.1422       1.287151     0.7236E-01 0.2640    
   7       1.532746     0.1826       1.331552     0.6737E-01 0.5360    
   8       1.390439     0.1926       1.338502     0.6363E-01 0.4669    
  
 CROSS SECTION =   33.2833474 +/-   0.454215709
  
  # of events with muons:  0 out of:  55643436
  All:           1. muons:   36.9590111 2. muon   11.5435028
 In acc: 1. muons:    123.611:      3.345 % 2. muon     14.255:      1.235 %
  Norm Histos here: lum=   1.lumbreit lum1  1.
  ZEUS scenario in Lab frame Q2>4
  Total      sig (pb):   805.016785
  b tot  sig (pb):   406.511566
  >=1jets sig (pb):   582.594482
  muon +no cuts on jet sig (pb):   89.3296661
  muon+jet    sig (pb):   72.1360245
  muon+jet+cone sig (pb):   47.0448151
  ZEUS scenario in Breit frame Q2>2 
  tot        sig (pb):   805.016785
  b.cross    sig (pb):   430.550079
  >=1jet sig (pb):   391.040619
  muon nojet cut sig (pb):   49.9826012
  muon+jet   sig (pb):   34.0656738
 incl jet   sig (pb):  147.886978
 incl muon  sig (pb):  36.9103699
 incl b     sig (pb):  577.515625
 generator:HVQ     hfrac  0.2205
  Output Histos here 
