  
 ============================
 | HVQDIS  V1.4  APRIL 2000 |
 ============================
  
 NORDER    =        2
 ISCALER   =        7
 ISCALEF   =        7
 IPDF      =        5
 PTS0      =   500000
 ITS0      =        2
 PTS1      =    80000
 ITS1      =        4
 IQUARK    =        2
 MASS      =      4.75
 EPRO      =    920.00
 EIEL      =     27.50
 Q2MIN     =      4.00
 Q2MAX     =   *******
 XBJMIN    =      0.00
 XBJMAX    =      1.00
 YMIN      =      0.05
 YMAX      =      0.70
 ETAMAX    =      2.50
 PTMIN     =      0.00
 PTMAX     =   *******
 IFRAG     =        0
 ISL       =        1
 EPS       =      0.0035
 HFRAC     =      0.2205
 XMD       =      5.2780
 TCFRAG    =        0
 TCSL    =        1
 PREF      =   f2b_4.-100000._0.-1._r7_f7_m4.75.histos 
  
 BOTTOM PRODUCTION
 RM48 INITIALIZED:        40           0         0
 **hist: start histos 
 HPATH.  ERROR IN PATHNAME,


 ===> Directory : 
  create directory HISB
 hfrac:  0.2205
 **hzb: Version kula1  
 FULL LO+NLO ME



 INPUT PARAMETERS FOR VEGAS:  NDIM=  3  NCALL=   476656.
                              IT=    0  ITMX=    2
                              MDS= -1   ND=  31
 **MScale: SCALFA=   1. ISCALE=  7
 **MScale: scale: (Q2+Pt2+M2)/4 
 1**Scales: M2=   22.5625 Q2=   42.9460875 X2=   0.0345279855
 1**Scale:   16.3857789
 **MScale: SCALFA=   1. ISCALE=  7
 **MScale: scale: (Q2+Pt2+M2)/4 
 2**Scales: M2=   22.5625 Q2=   42.9460875 X2=   0.0345279855
 2**Scale:   16.3857789
 wtx  3.81292034E-06hfrac  0.392379761
 **frag: Peterson frag function 
 **frag: Vincenzo semi-leptonic routine dir+indir 

 ******************************************************
 KTCLUS: written by Mike Seymour, July 1992.
 Last modified October 1997.
 Please send comments or suggestions to Mike.Seymour@rl.ac.uk

       Collision type = 3 = pe        
     Angular variable = 2 = DeltaR    
 Monotonic definition = 1 = no        
 Recombination scheme = 1 = E         
 Ecut=  1.00
 ******************************************************

 **MScale: SCALFA=   1. ISCALE=  7
 **MScale: scale: (Q2+Pt2+M2)/4 
 3**Scales: M2=   22.5625 Q2=   36.1187341 X2=   0.0269964239
 3**Scale:   14.6770576
 **MScale: SCALFA=   1. ISCALE=  7
 **MScale: scale: (Q2+Pt2+M2)/4 
 4**Scales: M2=   22.5625 Q2=   36.1187341 X2=   0.0269964239
 4**Scale:   14.6770576
 wtx  4.43969884E-06hfrac  0.392379761
 **MScale: SCALFA=   1. ISCALE=  7
 **MScale: scale: (Q2+Pt2+M2)/4 
 5**Scales: M2=   22.5625 Q2=   72.8881981 X2=   0.252553195
 5**Scale:   23.9258128
 6**Scales: M2=   22.5625 Q2=   72.8881981 X2=   0.252553195
 6**Scale:   23.9258128
 wtx  4.53323946E-06hfrac  0.392379761
 7**Scales: M2=   22.5625 Q2=   78.6399631 X2=   0.0461223131
 7**Scale:   25.3121464
 8**Scales: M2=   22.5625 Q2=   78.6399631 X2=   0.0461223131
 8**Scale:   25.3121464
 wtx  1.66345023E-06hfrac  0.392379761
 9**Scales: M2=   22.5625 Q2=   35.4538321 X2=   0.0418349385
 9**Scale:   14.5145418
 10**Scales: M2=   22.5625 Q2=   35.4538321 X2=   0.0418349385
 10**Scale:   14.5145418
 wtx  3.83866836E-06hfrac  0.392379761
 11**Scales: M2=   22.5625 Q2=   57.9015881 X2=   0.763722206
 11**Scale:   20.3069526
 12**Scales: M2=   22.5625 Q2=   57.9015881 X2=   0.763722206
 12**Scale:   20.3069526
 wtx  1.14872755E-05hfrac  0.392379761
 13**Scales: M2=   22.5625 Q2=   49.7453407 X2=   0.895143686
 13**Scale:   18.3007461
 14**Scales: M2=   22.5625 Q2=   49.7453407 X2=   0.895143686
 14**Scale:   18.3007461
 wtx  1.58233906E-05hfrac  0.392379761
 15**Scales: M2=   22.5625 Q2=   70.6289765 X2=   0.27869843
 15**Scale:   23.3675437
 16**Scales: M2=   22.5625 Q2=   70.6289765 X2=   0.27869843
 16**Scale:   23.3675437
 wtx  4.25949156E-06hfrac  0.392379761
 17**Scales: M2=   22.5625 Q2=   39.0175761 X2=   3.49982255
 17**Scale:   16.2699747
 18**Scales: M2=   22.5625 Q2=   39.0175761 X2=   3.49982255
 18**Scale:   16.2699747
 wtx  4.40790391E-05hfrac  0.392379761
 19**Scales: M2=   22.5625 Q2=   48.1519884 X2=   0.182813403
 19**Scale:   17.7243255
 20**Scales: M2=   22.5625 Q2=   48.1519884 X2=   0.182813403
 20**Scale:   17.7243255
 wtx  5.66543122E-06hfrac  0.392379761
 21**Scales: M2=   22.5625 Q2=   44.1439899 X2=   4.55407524
 21**Scale:   17.8151413
 22**Scales: M2=   22.5625 Q2=   44.1439899 X2=   4.55407524
 22**Scale:   17.8151413
 wtx  4.06168474E-05hfrac  0.392379761
 23**Scales: M2=   22.5625 Q2=   53.7958337 X2=   0.864557786
 23**Scale:   19.3057229
 24**Scales: M2=   22.5625 Q2=   53.7958337 X2=   0.864557786
 24**Scale:   19.3057229
 wtx  1.07096321E-05hfrac  0.392379761
 25**Scales: M2=   22.5625 Q2=   8.59370569 X2=   0.0179772153
 25**Scale:   7.79354573
 26**Scales: M2=   22.5625 Q2=   8.59370569 X2=   0.0179772153
 26**Scale:   7.79354573
 wtx  1.36426343E-05hfrac  0.392379761
 27**Scales: M2=   22.5625 Q2=   46.3818665 X2=   3.42670611
 27**Scale:   18.0927682
 28**Scales: M2=   22.5625 Q2=   46.3818665 X2=   3.42670611
 28**Scale:   18.0927682
 wtx  2.95147256E-05hfrac  0.392379761
 29**Scales: M2=   22.5625 Q2=   77.2630171 X2=   9.69601978
 29**Scale:   27.3803842
 30**Scales: M2=   22.5625 Q2=   77.2630171 X2=   9.69601978
 30**Scale:   27.3803842
 wtx  1.73948174E-05hfrac  0.392379761
 31**Scales: M2=   22.5625 Q2=   82.1598147 X2=   9.33136581
 31**Scale:   28.5134201
 32**Scales: M2=   22.5625 Q2=   82.1598147 X2=   9.33136581
 32**Scale:   28.5134201
 wtx  1.56596943E-05hfrac  0.392379761
 33**Scales: M2=   22.5625 Q2=   51.1593727 X2=   0.0160898741
 33**Scale:   18.4344907
 34**Scales: M2=   22.5625 Q2=   51.1593727 X2=   0.0160898741
 34**Scale:   18.4344907
 wtx  1.30149533E-06hfrac  0.392379761
 35**Scales: M2=   22.5625 Q2=   44.6030645 X2=   3.67437964
 35**Scale:   17.709986
 36**Scales: M2=   22.5625 Q2=   44.6030645 X2=   3.67437964
 36**Scale:   17.709986
 wtx  3.31889787E-05hfrac  0.392379761
 37**Scales: M2=   22.5625 Q2=   12.6323989 X2=   16.0853649
 37**Scale:   12.8200659
 38**Scales: M2=   22.5625 Q2=   12.6323989 X2=   16.0853649
 38**Scale:   12.8200659
 wtx  0.000253948179hfrac  0.392379761
 39**Scales: M2=   22.5625 Q2=   31.370899 X2=   22.5900063
 39**Scale:   19.1308513
 40**Scales: M2=   22.5625 Q2=   31.370899 X2=   22.5900063
 40**Scale:   19.1308513
 wtx  7.95203086E-05hfrac  0.392379761
 41**Scales: M2=   22.5625 Q2=   24.3723567 X2=   300.715625
 41**Scale:   86.9126203
 42**Scales: M2=   22.5625 Q2=   24.3723567 X2=   300.715625
 42**Scale:   86.9126203
 wtx  6.79722305E-08hfrac  0.392379761
 **bmatch: create BMAT   
 BMAT    histos booked ! 
 43**Scales: M2=   22.5625 Q2=   43.8880083 X2=   2.2212974
 43**Scale:   17.1679514
 44**Scales: M2=   22.5625 Q2=   43.8880083 X2=   2.2212974
 44**Scale:   17.1679514
 wtx  2.1789916E-05hfrac  0.392379761
 45**Scales: M2=   22.5625 Q2=   76.612992 X2=   2.04180696
 45**Scale:   25.3043247
 46**Scales: M2=   22.5625 Q2=   76.612992 X2=   2.04180696
 46**Scale:   25.3043247
 wtx  8.74478428E-06hfrac  0.392379761
 47**Scales: M2=   22.5625 Q2=   20.033426 X2=   2.82735491
 47**Scale:   11.3558202
 48**Scales: M2=   22.5625 Q2=   20.033426 X2=   2.82735491
 48**Scale:   11.3558202
 wtx  7.87409444E-05hfrac  0.392379761
 49**Scales: M2=   22.5625 Q2=   38.5235327 X2=   0.643852043
 49**Scale:   15.4324712
 50**Scales: M2=   22.5625 Q2=   38.5235327 X2=   0.643852043
 50**Scale:   15.4324712
 wtx  1.32389823E-05hfrac  0.392379761
 51**Scales: M2=   22.5625 Q2=   67.788454 X2=   29.4804996
 51**Scale:   29.9578634
 52**Scales: M2=   22.5625 Q2=   67.788454 X2=   29.4804996
 52**Scale:   29.9578634
 wtx  2.2971597E-05hfrac  0.392379761
 53**Scales: M2=   22.5625 Q2=   40.5329135 X2=   203.78087
 53**Scale:   66.7190709
 54**Scales: M2=   22.5625 Q2=   40.5329135 X2=   203.78087
 54**Scale:   66.7190709
 wtx  4.6890982E-06hfrac  0.392379761
 55**Scales: M2=   22.5625 Q2=   48.6833234 X2=   2.46244534
 55**Scale:   18.4270672
 56**Scales: M2=   22.5625 Q2=   48.6833234 X2=   2.46244534
 56**Scale:   18.4270672
 wtx  1.95483753E-05hfrac  0.392379761
 57**Scales: M2=   22.5625 Q2=   34.3536744 X2=   17.7596178
 57**Scale:   18.668948
 58**Scales: M2=   22.5625 Q2=   34.3536744 X2=   17.7596178
 58**Scale:   18.668948
 wtx  7.08400476E-05hfrac  0.392379761
 59**Scales: M2=   22.5625 Q2=   9.72870284 X2=   6.21573122
 59**Scale:   9.62673352
 60**Scales: M2=   22.5625 Q2=   9.72870284 X2=   6.21573122
 60**Scale:   9.62673352
 wtx  0.000255172898hfrac  0.392379761
 61**Scales: M2=   22.5625 Q2=   33.1787828 X2=   8.7084605
 61**Scale:   16.1124358
 62**Scales: M2=   22.5625 Q2=   33.1787828 X2=   8.7084605
 62**Scale:   16.1124358
 wtx  6.11925061E-05hfrac  0.392379761
 63**Scales: M2=   22.5625 Q2=   96.7749409 X2=   96.3055254
 63**Scale:   53.9107416
 64**Scales: M2=   22.5625 Q2=   96.7749409 X2=   96.3055254
 64**Scale:   53.9107416
 wtx  7.01225326E-06hfrac  0.392379761
 65**Scales: M2=   22.5625 Q2=   83.1931045 X2=   147.958309
 65**Scale:   63.4284785
 66**Scales: M2=   22.5625 Q2=   83.1931045 X2=   147.958309
 66**Scale:   63.4284785
 wtx  5.59910541E-06hfrac  0.392379761
 67**Scales: M2=   22.5625 Q2=   17.5725042 X2=   7.65168398
 67**Scale:   11.946672
 68**Scales: M2=   22.5625 Q2=   17.5725042 X2=   7.65168398
 68**Scale:   11.946672
 wtx  0.000133636786hfrac  0.392379761
 69**Scales: M2=   22.5625 Q2=   79.7758768 X2=   5.65011025
 69**Scale:   26.9971218
 70**Scales: M2=   22.5625 Q2=   79.7758768 X2=   5.65011025
 70**Scale:   26.9971218
 wtx  1.16898082E-05hfrac  0.392379761
 71**Scales: M2=   22.5625 Q2=   12.8626367 X2=   5.00498376
 71**Scale:   10.1075301
 72**Scales: M2=   22.5625 Q2=   12.8626367 X2=   5.00498376
 72**Scale:   10.1075301
 wtx  0.00015646893hfrac  0.392379761
 73**Scales: M2=   22.5625 Q2=   59.5553334 X2=   20.9056467
 73**Scale:   25.75587
 74**Scales: M2=   22.5625 Q2=   59.5553334 X2=   20.9056467
 74**Scale:   25.75587
 wtx  2.89413219E-05hfrac  0.392379761
 75**Scales: M2=   22.5625 Q2=   11.2671202 X2=   63.7398143
 75**Scale:   24.3923586
 76**Scales: M2=   22.5625 Q2=   11.2671202 X2=   63.7398143
 76**Scale:   24.3923586
 wtx  0.000205121236hfrac  0.392379761
 77**Scales: M2=   22.5625 Q2=   63.5301469 X2=   208.371473
 77**Scale:   73.6160301
 78**Scales: M2=   22.5625 Q2=   63.5301469 X2=   208.371473
 78**Scale:   73.6160301
 wtx  5.09042047E-06hfrac  0.392379761
 79**Scales: M2=   22.5625 Q2=   40.2493807 X2=   8.28578722
 79**Scale:   17.774417
 80**Scales: M2=   22.5625 Q2=   40.2493807 X2=   8.28578722
 80**Scale:   17.774417
 wtx  4.39213982E-05hfrac  0.392379761
 81**Scales: M2=   22.5625 Q2=   4.30531956 X2=   5.57898842
 81**Scale:   8.111702
 82**Scales: M2=   22.5625 Q2=   4.30531956 X2=   5.57898842
 82**Scale:   8.111702
 wtx  0.00054401526hfrac  0.392379761
 83**Scales: M2=   22.5625 Q2=   33.1958004 X2=   93.9803687
 83**Scale:   37.4346673
 84**Scales: M2=   22.5625 Q2=   33.1958004 X2=   93.9803687
 84**Scale:   37.4346673
 wtx  4.1771651E-05hfrac  0.392379761
 85**Scales: M2=   22.5625 Q2=   68.4068427 X2=   93.9386048
 85**Scale:   46.2269869
 86**Scales: M2=   22.5625 Q2=   68.4068427 X2=   93.9386048
 86**Scale:   46.2269869
 wtx  1.32816949E-05hfrac  0.392379761
 87**Scales: M2=   22.5625 Q2=   35.5006722 X2=   60.082391
 87**Scale:   29.5363908
 88**Scales: M2=   22.5625 Q2=   35.5006722 X2=   60.082391
 88**Scale:   29.5363908
 wtx  4.76848581E-05hfrac  0.392379761
 89**Scales: M2=   22.5625 Q2=   18.2297422 X2=   60.4544253
 89**Scale:   25.3116669
 90**Scales: M2=   22.5625 Q2=   18.2297422 X2=   60.4544253
 90**Scale:   25.3116669
 wtx  0.000117331118hfrac  0.392379761
 91**Scales: M2=   22.5625 Q2=   57.1329543 X2=   5.31462916
 91**Scale:   21.2525209
 92**Scales: M2=   22.5625 Q2=   57.1329543 X2=   5.31462916
 92**Scale:   21.2525209
 wtx  1.99018723E-05hfrac  0.392379761
 93**Scales: M2=   22.5625 Q2=   74.4618821 X2=   9.58373253
 93**Scale:   26.6520287
 94**Scales: M2=   22.5625 Q2=   74.4618821 X2=   9.58373253
 94**Scale:   26.6520287
 wtx  1.56492606E-05hfrac  0.392379761
 95**Scales: M2=   22.5625 Q2=   68.9804928 X2=   118.824067
 95**Scale:   52.591765
 96**Scales: M2=   22.5625 Q2=   68.9804928 X2=   118.824067
 96**Scale:   52.591765
 wtx  9.86266241E-06hfrac  0.392379761
 97**Scales: M2=   22.5625 Q2=   21.5463633 X2=   324.362349
 97**Scale:   92.117803
 98**Scales: M2=   22.5625 Q2=   21.5463633 X2=   324.362349
 98**Scale:   92.117803
 wtx  1.29839509E-05hfrac  0.392379761
 99**Scales: M2=   22.5625 Q2=   37.9717299 X2=   170.736598
 99**Scale:   57.8177069
 100**Scales: M2=   22.5625 Q2=   37.9717299 X2=   170.736598
 100**Scale:   57.8177069
 wtx  1.90946866E-05hfrac  0.392379761
 wtx  6.1520208E-05hfrac  0.392379761
 wtx  1.27489311E-05hfrac  0.392379761
 wtx  2.69248812E-06hfrac  0.392379761
 wtx  8.69441465E-06hfrac  0.392379761
 wtx  1.66122227E-05hfrac  0.392379761
 wtx  3.45717162E-05hfrac  0.392379761
 wtx  4.98799818E-05hfrac  0.392379761
 wtx  2.24029482E-05hfrac  0.392379761
 wtx  1.95028661E-05hfrac  0.392379761
 wtx  3.76035096E-05hfrac  0.392379761
 wtx  7.78919784E-05hfrac  0.392379761
 wtx  1.88805207E-05hfrac  0.392379761
 wtx  2.12329978E-05hfrac  0.392379761
 wtx  9.84482813E-06hfrac  0.392379761
 wtx  0.000179349183hfrac  0.392379761
 wtx  1.64615049E-05hfrac  0.392379761
 wtx  1.35878763E-05hfrac  0.392379761
 wtx  1.07761241E-06hfrac  0.392379761
 wtx  2.74262438E-05hfrac  0.392379761
 wtx  0.000156333801hfrac  0.392379761
 wtx  3.71282476E-05hfrac  0.392379761
 wtx  1.61423141E-05hfrac  0.392379761
 wtx  7.45747457E-07hfrac  0.392379761
 wtx  2.09672926E-05hfrac  0.392379761
 wtx  1.63219374E-05hfrac  0.392379761
 wtx  5.28036389E-06hfrac  0.392379761
 wtx  5.73651778E-06hfrac  0.392379761
 wtx  1.91455165E-05hfrac  0.392379761
 wtx  3.45483895E-05hfrac  0.392379761
 wtx  4.54634464E-05hfrac  0.392379761
 wtx  8.55406779E-06hfrac  0.392379761
 wtx  1.74211964E-05hfrac  0.392379761
 wtx  3.02809167E-06hfrac  0.392379761
 wtx  2.76431947E-05hfrac  0.392379761
 wtx  3.50226401E-06hfrac  0.392379761
 wtx  7.453541E-06hfrac  0.392379761
 wtx  2.64182672E-05hfrac  0.392379761
 wtx  7.09759261E-05hfrac  0.392379761
 wtx  5.2012947E-06hfrac  0.392379761
 wtx  2.85566566E-05hfrac  0.392379761
 wtx  3.13800629E-05hfrac  0.392379761
 wtx  4.78965512E-06hfrac  0.392379761
 wtx  1.3818656E-05hfrac  0.392379761
 wtx  4.2795833E-05hfrac  0.392379761
 wtx  3.48529211E-05hfrac  0.392379761
 wtx  5.31325022E-05hfrac  0.392379761
 wtx  0.000656036194hfrac  0.392379761
 wtx  4.46692502E-05hfrac  0.392379761
 wtx  4.46197628E-05hfrac  0.392379761
 wtx  1.31386714E-05hfrac  0.392379761
   1       14.51437      1.964       14.51437      1.964      0.000    
   2       14.46279     0.4664       14.46557     0.4545     0.6550E-03



 INPUT PARAMETERS FOR VEGAS:  NDIM=  3  NCALL=  4920750.
                              IT=    0  ITMX=    4
                              MDS= -1   ND=  45
   1       13.82142     0.3939E-01   13.82142     0.3939E-01  0.000    
   2       13.88124     0.3960E-01   13.85131     0.2793E-01  1.147    
   3       13.80350     0.3901E-01   13.83518     0.2271E-01  1.070    
   4       13.79961     0.3940E-01   13.82635     0.1967E-01 0.9178    



 INPUT PARAMETERS FOR VEGAS:  NDIM=  6  NCALL=    78125.
                              IT=    0  ITMX=    4
                              MDS=  1   ND=  50
 **sig1: iscalef=  7
 **sig1: mur=   126.545209
 **sig1: iscalef=  7
 **sig1: muf=   126.545209
 ALFAS  =   0.167206665
 MUR2   =   126.545209
 LOGMUR =   1.72431039
 MUF2   =   126.545209
 LOGMUF =   1.72431039
  
 INTEGRATING NLO GLUON ...
  
   1       4.389285      4.605       4.389285      4.605      0.000    
   2       2.929722      1.749       3.286624      1.936     0.1050    
   3      0.9266689      2.133       3.172552      1.566     0.1287    
   4       7.838570      3.333       5.907891      1.545     0.7735    



 INPUT PARAMETERS FOR VEGAS:  NDIM=  6  NCALL=   786432.
                              IT=    0  ITMX=    8
                              MDS=  1   ND=  50
   1       6.282199     0.9006       6.282199     0.9006      0.000    
   2       8.095394      1.785       6.821067     0.8708     0.9056    
   3       5.881183     0.7594       6.384825     0.6001     0.8160    
   4       6.094383     0.6884       6.275176     0.4614     0.6039    
   5       6.069905     0.7501       6.225949     0.3955     0.4808    
   6       5.972543     0.9600       6.194487     0.3650     0.4060    
   7       6.487889     0.8136       6.244191     0.3330     0.3559    
   8       5.986572      1.177       6.227578     0.3193     0.3160    



 INPUT PARAMETERS FOR VEGAS:  NDIM=  6  NCALL=    78125.
                              IT=    0  ITMX=    4
                              MDS=  1   ND=  50
 ALFAS  =   0.140625307
 MUR2   =   608.286474
 LOGMUR =   3.29435671
 MUF2   =   608.286474
 LOGMUF =   3.29435671
  
 INTEGRATING QUARK INITIATED ...
  
   1      0.3597532     0.6564      0.3597532     0.6564      0.000    
   2      0.3793117     0.2386      0.3772335     0.2199     0.7515E-03
   3       1.558089     0.3441       1.415022     0.1964      1.924    
   4       2.935644      1.130       1.755971     0.3067      1.833    



 INPUT PARAMETERS FOR VEGAS:  NDIM=  6  NCALL=   786432.
                              IT=    0  ITMX=    8
                              MDS=  1   ND=  50
   1       2.800408     0.3336       2.800408     0.3336      0.000    
   2       2.878013     0.6895       2.815789     0.3029     0.1043E-01
   3       3.286731     0.6160       2.931011     0.2777     0.2704    
   4       2.459093     0.3983       2.814588     0.2310     0.4548    
   5       2.746002     0.3395       2.794188     0.1920     0.3537    
   6       2.348068     0.3877       2.730414     0.1729     0.4620    
   7       2.097817     0.2710       2.610634     0.1509     0.8597    
   8       2.312948     0.2719       2.555242     0.1339     0.8683    
  
 CROSS SECTION =   22.6091662 +/-   0.346768393
  
  # of events with muons:  0 out of:  54720115
  All:           1. muons:   107.513321 2. muon   7.01835871
 In acc: 1. muons:     53.750:      0.500 % 2. muon      9.225:      1.314 %
  Norm Histos here: lum=   1.lumbreit lum1  1.
  ZEUS scenario in Lab frame Q2>4
  Total      sig (pb):   459.44574
  b tot  sig (pb):   274.418518
  >=1jets sig (pb):   391.76059
  muon +no cuts on jet sig (pb):   57.6346626
  muon+jet    sig (pb):   52.8789482
  muon+jet+cone sig (pb):   34.4688911
  ZEUS scenario in Breit frame Q2>2 
  tot        sig (pb):   459.439423
  b.cross    sig (pb):   326.626923
  >=1jet sig (pb):   285.454224
  muon nojet cut sig (pb):   22.3249111
  muon+jet   sig (pb):   22.8013363
 incl jet   sig (pb):  92.6767426
 incl muon  sig (pb):  24.8352413
 incl b     sig (pb):  410.946136
 generator:HVQ     hfrac  0.2205
  Output Histos here 
