  
 ============================
 | HVQDIS  V1.4  APRIL 2000 |
 ============================
  
 NORDER    =        2
 ISCALER   =        5
 ISCALEF   =        5
 IPDF      =        5
 PTS0      =   500000
 ITS0      =        2
 PTS1      =    80000
 ITS1      =        4
 IQUARK    =        2
 MASS      =      4.75
 EPRO      =    920.00
 EIEL      =     27.50
 Q2MIN     =      4.00
 Q2MAX     =   *******
 XBJMIN    =      0.00
 XBJMAX    =      1.00
 YMIN      =      0.05
 YMAX      =      0.70
 ETAMAX    =      2.50
 PTMIN     =      0.00
 PTMAX     =   *******
 IFRAG     =        0
 ISL       =        1
 EPS       =      0.0035
 HFRAC     =      0.2205
 XMD       =      5.2780
 TCFRAG    =        0
 TCSL    =        1
 PREF      =   f2b_4.-100000._0.-1._r5_f5_m4.75.histos 
  
 BOTTOM PRODUCTION
 RM48 INITIALIZED:        40           0         0
 **hist: start histos 
 HPATH.  ERROR IN PATHNAME,


 ===> Directory : 
  create directory HISB
 hfrac:  0.2205
 **hzb: Version kula1  
 FULL LO+NLO ME



 INPUT PARAMETERS FOR VEGAS:  NDIM=  3  NCALL=   476656.
                              IT=    0  ITMX=    2
                              MDS= -1   ND=  31
 **MScale: SCALFA=   1. ISCALE=  5
 **MScale: scale: Pt2+4 M2 
 1**Scales: M2=   22.5625 Q2=   42.9460875 X2=   0.0345279855
 1**Scale:   90.284528
 **MScale: SCALFA=   1. ISCALE=  5
 **MScale: scale: Pt2+4 M2 
 2**Scales: M2=   22.5625 Q2=   42.9460875 X2=   0.0345279855
 2**Scale:   90.284528
 wtx  3.23242125E-06hfrac  0.392379761
 **frag: Peterson frag function 
 **frag: Vincenzo semi-leptonic routine dir+indir 

 ******************************************************
 KTCLUS: written by Mike Seymour, July 1992.
 Last modified October 1997.
 Please send comments or suggestions to Mike.Seymour@rl.ac.uk

       Collision type = 3 = pe        
     Angular variable = 2 = DeltaR    
 Monotonic definition = 1 = no        
 Recombination scheme = 1 = E         
 Ecut=  1.00
 ******************************************************

 **MScale: SCALFA=   1. ISCALE=  5
 **MScale: scale: Pt2+4 M2 
 3**Scales: M2=   22.5625 Q2=   36.1187341 X2=   0.0269964239
 3**Scale:   90.2769964
 **MScale: SCALFA=   1. ISCALE=  5
 **MScale: scale: Pt2+4 M2 
 4**Scales: M2=   22.5625 Q2=   36.1187341 X2=   0.0269964239
 4**Scale:   90.2769964
 wtx  3.76091725E-06hfrac  0.392379761
 **MScale: SCALFA=   1. ISCALE=  5
 **MScale: scale: Pt2+4 M2 
 5**Scales: M2=   22.5625 Q2=   72.8881981 X2=   0.252553195
 5**Scale:   90.5025532
 6**Scales: M2=   22.5625 Q2=   72.8881981 X2=   0.252553195
 6**Scale:   90.5025532
 wtx  3.92901256E-06hfrac  0.392379761
 7**Scales: M2=   22.5625 Q2=   78.6399631 X2=   0.0461223131
 7**Scale:   90.2961223
 8**Scales: M2=   22.5625 Q2=   78.6399631 X2=   0.0461223131
 8**Scale:   90.2961223
 wtx  1.49329639E-06hfrac  0.392379761
 9**Scales: M2=   22.5625 Q2=   35.4538321 X2=   0.0418349385
 9**Scale:   90.2918349
 10**Scales: M2=   22.5625 Q2=   35.4538321 X2=   0.0418349385
 10**Scale:   90.2918349
 wtx  3.46303864E-06hfrac  0.392379761
 11**Scales: M2=   22.5625 Q2=   57.9015881 X2=   0.763722206
 11**Scale:   91.0137222
 12**Scales: M2=   22.5625 Q2=   57.9015881 X2=   0.763722206
 12**Scale:   91.0137222
 wtx  9.68740005E-06hfrac  0.392379761
 13**Scales: M2=   22.5625 Q2=   49.7453407 X2=   0.895143686
 13**Scale:   91.1451437
 14**Scales: M2=   22.5625 Q2=   49.7453407 X2=   0.895143686
 14**Scale:   91.1451437
 wtx  1.36641365E-05hfrac  0.392379761
 15**Scales: M2=   22.5625 Q2=   70.6289765 X2=   0.27869843
 15**Scale:   90.5286984
 16**Scales: M2=   22.5625 Q2=   70.6289765 X2=   0.27869843
 16**Scale:   90.5286984
 wtx  3.84221175E-06hfrac  0.392379761
 17**Scales: M2=   22.5625 Q2=   39.0175761 X2=   3.49982255
 17**Scale:   93.7498225
 18**Scales: M2=   22.5625 Q2=   39.0175761 X2=   3.49982255
 18**Scale:   93.7498225
 wtx  3.42252461E-05hfrac  0.392379761
 19**Scales: M2=   22.5625 Q2=   48.1519884 X2=   0.182813403
 19**Scale:   90.4328134
 20**Scales: M2=   22.5625 Q2=   48.1519884 X2=   0.182813403
 20**Scale:   90.4328134
 wtx  5.20174262E-06hfrac  0.392379761
 21**Scales: M2=   22.5625 Q2=   44.1439899 X2=   4.55407524
 21**Scale:   94.8040752
 22**Scales: M2=   22.5625 Q2=   44.1439899 X2=   4.55407524
 22**Scale:   94.8040752
 wtx  3.30326875E-05hfrac  0.392379761
 23**Scales: M2=   22.5625 Q2=   53.7958337 X2=   0.864557786
 23**Scale:   91.1145578
 24**Scales: M2=   22.5625 Q2=   53.7958337 X2=   0.864557786
 24**Scale:   91.1145578
 wtx  9.499312E-06hfrac  0.392379761
 25**Scales: M2=   22.5625 Q2=   8.59370569 X2=   0.0179772153
 25**Scale:   90.2679772
 26**Scales: M2=   22.5625 Q2=   8.59370569 X2=   0.0179772153
 26**Scale:   90.2679772
 wtx  1.31117104E-05hfrac  0.392379761
 27**Scales: M2=   22.5625 Q2=   46.3818665 X2=   3.42670611
 27**Scale:   93.6767061
 28**Scales: M2=   22.5625 Q2=   46.3818665 X2=   3.42670611
 28**Scale:   93.6767061
 wtx  2.4837942E-05hfrac  0.392379761
 29**Scales: M2=   22.5625 Q2=   77.2630171 X2=   9.69601978
 29**Scale:   99.9460198
 30**Scales: M2=   22.5625 Q2=   77.2630171 X2=   9.69601978
 30**Scale:   99.9460198
 wtx  1.44144014E-05hfrac  0.392379761
 31**Scales: M2=   22.5625 Q2=   82.1598147 X2=   9.33136581
 31**Scale:   99.5813658
 32**Scales: M2=   22.5625 Q2=   82.1598147 X2=   9.33136581
 32**Scale:   99.5813658
 wtx  1.31086654E-05hfrac  0.392379761
 33**Scales: M2=   22.5625 Q2=   51.1593727 X2=   0.0160898741
 33**Scale:   90.2660899
 34**Scales: M2=   22.5625 Q2=   51.1593727 X2=   0.0160898741
 34**Scale:   90.2660899
 wtx  1.20762945E-06hfrac  0.392379761
 35**Scales: M2=   22.5625 Q2=   44.6030645 X2=   3.67437964
 35**Scale:   93.9243796
 36**Scales: M2=   22.5625 Q2=   44.6030645 X2=   3.67437964
 36**Scale:   93.9243796
 wtx  2.91412071E-05hfrac  0.392379761
 37**Scales: M2=   22.5625 Q2=   12.6323989 X2=   16.0853649
 37**Scale:   106.335365
 38**Scales: M2=   22.5625 Q2=   12.6323989 X2=   16.0853649
 38**Scale:   106.335365
 wtx  0.000186941601hfrac  0.392379761
 39**Scales: M2=   22.5625 Q2=   31.370899 X2=   22.5900063
 39**Scale:   112.840006
 40**Scales: M2=   22.5625 Q2=   31.370899 X2=   22.5900063
 40**Scale:   112.840006
 wtx  5.94571611E-05hfrac  0.392379761
 41**Scales: M2=   22.5625 Q2=   24.3723567 X2=   300.715625
 41**Scale:   390.965625
 42**Scales: M2=   22.5625 Q2=   24.3723567 X2=   300.715625
 42**Scale:   390.965625
 wtx  3.00305238E-08hfrac  0.392379761
 **bmatch: create BMAT   
 BMAT    histos booked ! 
 43**Scales: M2=   22.5625 Q2=   43.8880083 X2=   2.2212974
 43**Scale:   92.4712974
 44**Scales: M2=   22.5625 Q2=   43.8880083 X2=   2.2212974
 44**Scale:   92.4712974
 wtx  1.9314255E-05hfrac  0.392379761
 45**Scales: M2=   22.5625 Q2=   76.612992 X2=   2.04180696
 45**Scale:   92.291807
 46**Scales: M2=   22.5625 Q2=   76.612992 X2=   2.04180696
 46**Scale:   92.291807
 wtx  7.95936921E-06hfrac  0.392379761
 47**Scales: M2=   22.5625 Q2=   20.033426 X2=   2.82735491
 47**Scale:   93.0773549
 48**Scales: M2=   22.5625 Q2=   20.033426 X2=   2.82735491
 48**Scale:   93.0773549
 wtx  7.15198839E-05hfrac  0.392379761
 49**Scales: M2=   22.5625 Q2=   38.5235327 X2=   0.643852043
 49**Scale:   90.893852
 50**Scales: M2=   22.5625 Q2=   38.5235327 X2=   0.643852043
 50**Scale:   90.893852
 wtx  1.22279798E-05hfrac  0.392379761
 51**Scales: M2=   22.5625 Q2=   67.788454 X2=   29.4804996
 51**Scale:   119.7305
 52**Scales: M2=   22.5625 Q2=   67.788454 X2=   29.4804996
 52**Scale:   119.7305
 wtx  1.86799753E-05hfrac  0.392379761
 53**Scales: M2=   22.5625 Q2=   40.5329135 X2=   203.78087
 53**Scale:   294.03087
 54**Scales: M2=   22.5625 Q2=   40.5329135 X2=   203.78087
 54**Scale:   294.03087
 wtx  2.96916596E-06hfrac  0.392379761
 55**Scales: M2=   22.5625 Q2=   48.6833234 X2=   2.46244534
 55**Scale:   92.7124453
 56**Scales: M2=   22.5625 Q2=   48.6833234 X2=   2.46244534
 56**Scale:   92.7124453
 wtx  1.77983711E-05hfrac  0.392379761
 57**Scales: M2=   22.5625 Q2=   34.3536744 X2=   17.7596178
 57**Scale:   108.009618
 58**Scales: M2=   22.5625 Q2=   34.3536744 X2=   17.7596178
 58**Scale:   108.009618
 wtx  5.9188751E-05hfrac  0.392379761
 59**Scales: M2=   22.5625 Q2=   9.72870284 X2=   6.21573122
 59**Scale:   96.4657312
 60**Scales: M2=   22.5625 Q2=   9.72870284 X2=   6.21573122
 60**Scale:   96.4657312
 wtx  0.000222369548hfrac  0.392379761
 61**Scales: M2=   22.5625 Q2=   33.1787828 X2=   8.7084605
 61**Scale:   98.9584605
 62**Scales: M2=   22.5625 Q2=   33.1787828 X2=   8.7084605
 62**Scale:   98.9584605
 wtx  5.33234124E-05hfrac  0.392379761
 63**Scales: M2=   22.5625 Q2=   96.7749409 X2=   96.3055254
 63**Scale:   186.555525
 64**Scales: M2=   22.5625 Q2=   96.7749409 X2=   96.3055254
 64**Scale:   186.555525
 wtx  5.49803326E-06hfrac  0.392379761
 65**Scales: M2=   22.5625 Q2=   83.1931045 X2=   147.958309
 65**Scale:   238.208309
 66**Scales: M2=   22.5625 Q2=   83.1931045 X2=   147.958309
 66**Scale:   238.208309
 wtx  4.18134641E-06hfrac  0.392379761
 67**Scales: M2=   22.5625 Q2=   17.5725042 X2=   7.65168398
 67**Scale:   97.901684
 68**Scales: M2=   22.5625 Q2=   17.5725042 X2=   7.65168398
 68**Scale:   97.901684
 wtx  0.000117492571hfrac  0.392379761
 69**Scales: M2=   22.5625 Q2=   79.7758768 X2=   5.65011025
 69**Scale:   95.9001102
 70**Scales: M2=   22.5625 Q2=   79.7758768 X2=   5.65011025
 70**Scale:   95.9001102
 wtx  1.05076688E-05hfrac  0.392379761
 71**Scales: M2=   22.5625 Q2=   12.8626367 X2=   5.00498376
 71**Scale:   95.2549838
 72**Scales: M2=   22.5625 Q2=   12.8626367 X2=   5.00498376
 72**Scale:   95.2549838
 wtx  0.000139954776hfrac  0.392379761
 73**Scales: M2=   22.5625 Q2=   59.5553334 X2=   20.9056467
 73**Scale:   111.155647
 74**Scales: M2=   22.5625 Q2=   59.5553334 X2=   20.9056467
 74**Scale:   111.155647
 wtx  2.47658609E-05hfrac  0.392379761
 75**Scales: M2=   22.5625 Q2=   11.2671202 X2=   63.7398143
 75**Scale:   153.989814
 76**Scales: M2=   22.5625 Q2=   11.2671202 X2=   63.7398143
 76**Scale:   153.989814
 wtx  0.000155092173hfrac  0.392379761
 77**Scales: M2=   22.5625 Q2=   63.5301469 X2=   208.371473
 77**Scale:   298.621473
 78**Scales: M2=   22.5625 Q2=   63.5301469 X2=   208.371473
 78**Scale:   298.621473
 wtx  3.64568632E-06hfrac  0.392379761
 79**Scales: M2=   22.5625 Q2=   40.2493807 X2=   8.28578722
 79**Scale:   98.5357872
 80**Scales: M2=   22.5625 Q2=   40.2493807 X2=   8.28578722
 80**Scale:   98.5357872
 wtx  3.91992107E-05hfrac  0.392379761
 81**Scales: M2=   22.5625 Q2=   4.30531956 X2=   5.57898842
 81**Scale:   95.8289884
 82**Scales: M2=   22.5625 Q2=   4.30531956 X2=   5.57898842
 82**Scale:   95.8289884
 wtx  0.000490573701hfrac  0.392379761
 83**Scales: M2=   22.5625 Q2=   33.1958004 X2=   93.9803687
 83**Scale:   184.230369
 84**Scales: M2=   22.5625 Q2=   33.1958004 X2=   93.9803687
 84**Scale:   184.230369
 wtx  3.22411834E-05hfrac  0.392379761
 85**Scales: M2=   22.5625 Q2=   68.4068427 X2=   93.9386048
 85**Scale:   184.188605
 86**Scales: M2=   22.5625 Q2=   68.4068427 X2=   93.9386048
 86**Scale:   184.188605
 wtx  1.04954061E-05hfrac  0.392379761
 87**Scales: M2=   22.5625 Q2=   35.5006722 X2=   60.082391
 87**Scale:   150.332391
 88**Scales: M2=   22.5625 Q2=   35.5006722 X2=   60.082391
 88**Scale:   150.332391
 wtx  3.78312689E-05hfrac  0.392379761
 89**Scales: M2=   22.5625 Q2=   18.2297422 X2=   60.4544253
 89**Scale:   150.704425
 90**Scales: M2=   22.5625 Q2=   18.2297422 X2=   60.4544253
 90**Scale:   150.704425
 wtx  9.24207343E-05hfrac  0.392379761
 91**Scales: M2=   22.5625 Q2=   57.1329543 X2=   5.31462916
 91**Scale:   95.5646292
 92**Scales: M2=   22.5625 Q2=   57.1329543 X2=   5.31462916
 92**Scale:   95.5646292
 wtx  1.7972834E-05hfrac  0.392379761
 93**Scales: M2=   22.5625 Q2=   74.4618821 X2=   9.58373253
 93**Scale:   99.8337325
 94**Scales: M2=   22.5625 Q2=   74.4618821 X2=   9.58373253
 94**Scale:   99.8337325
 wtx  1.39798203E-05hfrac  0.392379761
 95**Scales: M2=   22.5625 Q2=   68.9804928 X2=   118.824067
 95**Scale:   209.074067
 96**Scales: M2=   22.5625 Q2=   68.9804928 X2=   118.824067
 96**Scale:   209.074067
 wtx  7.62554828E-06hfrac  0.392379761
 97**Scales: M2=   22.5625 Q2=   21.5463633 X2=   324.362349
 97**Scale:   414.612349
 98**Scales: M2=   22.5625 Q2=   21.5463633 X2=   324.362349
 98**Scale:   414.612349
 wtx  9.03465661E-06hfrac  0.392379761
 99**Scales: M2=   22.5625 Q2=   37.9717299 X2=   170.736598
 99**Scale:   260.986598
 100**Scales: M2=   22.5625 Q2=   37.9717299 X2=   170.736598
 100**Scale:   260.986598
 wtx  1.43795924E-05hfrac  0.392379761
 wtx  4.98513182E-05hfrac  0.392379761
 wtx  1.14899358E-05hfrac  0.392379761
 wtx  1.81899998E-06hfrac  0.392379761
 wtx  7.93166782E-06hfrac  0.392379761
 wtx  1.37315428E-05hfrac  0.392379761
 wtx  2.91805591E-05hfrac  0.392379761
 wtx  3.48385038E-05hfrac  0.392379761
 wtx  2.02686933E-05hfrac  0.392379761
 wtx  1.67024864E-05hfrac  0.392379761
 wtx  3.41249106E-05hfrac  0.392379761
 wtx  6.91412351E-05hfrac  0.392379761
 wtx  1.58365528E-05hfrac  0.392379761
 wtx  1.88369959E-05hfrac  0.392379761
 wtx  7.65229288E-06hfrac  0.392379761
 wtx  0.000157645132hfrac  0.392379761
 wtx  1.44385886E-05hfrac  0.392379761
 wtx  1.08923768E-05hfrac  0.392379761
 wtx  6.65891605E-07hfrac  0.392379761
 wtx  2.3348839E-05hfrac  0.392379761
 wtx  0.000118809236hfrac  0.392379761
 wtx  3.2901884E-05hfrac  0.392379761
 wtx  1.37102297E-05hfrac  0.392379761
 wtx  5.13684427E-07hfrac  0.392379761
 wtx  1.85679801E-05hfrac  0.392379761
 wtx  1.40350421E-05hfrac  0.392379761
 wtx  3.8150356E-06hfrac  0.392379761
 wtx  4.22108224E-06hfrac  0.392379761
 wtx  1.72349555E-05hfrac  0.392379761
 wtx  2.87005932E-05hfrac  0.392379761
 wtx  3.95635507E-05hfrac  0.392379761
 wtx  6.37929452E-06hfrac  0.392379761
 wtx  1.5937796E-05hfrac  0.392379761
 wtx  2.18705713E-06hfrac  0.392379761
 wtx  2.22821109E-05hfrac  0.392379761
 wtx  2.2743061E-06hfrac  0.392379761
 wtx  5.72217687E-06hfrac  0.392379761
 wtx  2.30595087E-05hfrac  0.392379761
 wtx  6.44623142E-05hfrac  0.392379761
 wtx  3.72848467E-06hfrac  0.392379761
 wtx  2.58778891E-05hfrac  0.392379761
 wtx  2.85227943E-05hfrac  0.392379761
 wtx  4.41013162E-06hfrac  0.392379761
 wtx  1.08310487E-05hfrac  0.392379761
 wtx  3.60279264E-05hfrac  0.392379761
 wtx  3.14650788E-05hfrac  0.392379761
 wtx  4.06396175E-05hfrac  0.392379761
 wtx  0.000572590623hfrac  0.392379761
 wtx  3.94780145E-05hfrac  0.392379761
 wtx  3.58938014E-05hfrac  0.392379761
 wtx  1.13847964E-05hfrac  0.392379761
   1       13.69763      1.887       13.69763      1.887      0.000    
   2       12.72947     0.4191       12.78179     0.4234     0.2673    



 INPUT PARAMETERS FOR VEGAS:  NDIM=  3  NCALL=  4920750.
                              IT=    0  ITMX=    4
                              MDS= -1   ND=  45
   1       13.03930     0.3748E-01   13.03930     0.3748E-01  0.000    
   2       13.05967     0.3748E-01   13.04950     0.2650E-01 0.1478    
   3       13.04956     0.3747E-01   13.04952     0.2164E-01 0.7389E-01
   4       13.04519     0.3763E-01   13.04845     0.1876E-01 0.5259E-01



 INPUT PARAMETERS FOR VEGAS:  NDIM=  6  NCALL=    78125.
                              IT=    0  ITMX=    4
                              MDS=  1   ND=  50
 **sig1: iscalef=  5
 **sig1: mur=   297.788372
 **sig1: iscalef=  5
 **sig1: muf=   297.788372
 ALFAS  =   0.151527535
 MUR2   =   297.788372
 LOGMUR =   2.58009384
 MUF2   =   297.788372
 LOGMUF =   2.58009384
  
 INTEGRATING NLO GLUON ...
  
   1     -0.6656298     0.7030     -0.6656298     0.7030      0.000    
   2       6.781012      4.266       4.830815      2.604      1.581    
   3       6.437014      2.232       5.968790      1.579     0.7332    
   4       10.40864      4.385       7.408283      1.680     0.8018    



 INPUT PARAMETERS FOR VEGAS:  NDIM=  6  NCALL=   786432.
                              IT=    0  ITMX=    8
                              MDS=  1   ND=  50
   1       8.035219     0.5640       8.035219     0.5640      0.000    
   2       6.462993     0.8007       7.653191     0.4453      2.293    
   3       10.26372      1.548       8.021004     0.4755      2.688    
   4       6.669914     0.5966       7.634646     0.3828      2.822    
   5       6.662239     0.5322       7.378033     0.3182      2.709    
   6       6.756255     0.7694       7.306556     0.2933      2.349    
   7       8.469488     0.7502       7.492206     0.2735      2.296    
   8       8.121858     0.8703       7.554139     0.2614      2.016    



 INPUT PARAMETERS FOR VEGAS:  NDIM=  6  NCALL=    78125.
                              IT=    0  ITMX=    4
                              MDS=  1   ND=  50
 ALFAS  =   0.155899665
 MUR2   =   230.308657
 LOGMUR =   2.32313116
 MUF2   =   230.308657
 LOGMUF =   2.32313116
  
 INTEGRATING QUARK INITIATED ...
  
   1      0.9562378     0.6751      0.9562378     0.6751      0.000    
   2       1.007586     0.9735      0.9741096     0.5599     0.1908E-02
   3      0.4743153     0.1833      0.6317159     0.2711     0.3679    
   4      0.6370579     0.1855      0.6346372     0.1723     0.2753    



 INPUT PARAMETERS FOR VEGAS:  NDIM=  6  NCALL=   786432.
                              IT=    0  ITMX=    8
                              MDS=  1   ND=  50
   1      0.9723126     0.1043      0.9723126     0.1043      0.000    
   2      0.8704066     0.7795E-01  0.9122671     0.6344E-01 0.6246    
   3      0.8336297     0.9790E-01  0.8921987     0.5304E-01 0.5416    
   4      0.9106872     0.1389      0.8946282     0.4967E-01 0.3630    
   5      0.7896916     0.8793E-01  0.8738705     0.4346E-01 0.5164    
   6      0.9821711     0.9331E-01  0.8970120     0.3934E-01 0.6511    
   7      0.7871618     0.1091      0.8869945     0.3689E-01 0.6833    
   8      0.6098213     0.6064E-01  0.8452675     0.3287E-01  1.925    
  
 CROSS SECTION =   21.4478525 +/-   0.264100809
  
  # of events with muons:  0 out of:  52380366
  All:           1. muons:   96.4945374 2. muon   6.56300974
 In acc: 1. muons:     80.040:      0.829 % 2. muon      9.519:      1.450 %
  Norm Histos here: lum=   1.lumbreit lum1  1.
  ZEUS scenario in Lab frame Q2>4
  Total      sig (pb):   477.520233
  b tot  sig (pb):   283.556946
  >=1jets sig (pb):   403.014252
  muon +no cuts on jet sig (pb):   57.014389
  muon+jet    sig (pb):   51.4970741
  muon+jet+cone sig (pb):   33.9495735
  ZEUS scenario in Breit frame Q2>2 
  tot        sig (pb):   477.509827
  b.cross    sig (pb):   292.440887
  >=1jet sig (pb):   248.657745
  muon nojet cut sig (pb):   32.7117767
  muon+jet   sig (pb):   21.5731277
 incl jet   sig (pb):  92.893158
 incl muon  sig (pb):  23.5085773
 incl b     sig (pb):  386.953583
 generator:HVQ     hfrac  0.2205
  Output Histos here 
