  
 ============================
 | HVQDIS  V1.4  APRIL 2000 |
 ============================
  
 NORDER    =        2
 ISCALER   =        2
 ISCALEF   =        2
 IPDF      =        5
 PTS0      =   500000
 ITS0      =        2
 PTS1      =    80000
 ITS1      =        4
 IQUARK    =        2
 MASS      =      4.75
 EPRO      =    920.00
 EIEL      =     27.50
 Q2MIN     =      4.00
 Q2MAX     =   *******
 XBJMIN    =      0.00
 XBJMAX    =      1.00
 YMIN      =      0.05
 YMAX      =      0.70
 ETAMAX    =      2.50
 PTMIN     =      0.00
 PTMAX     =   *******
 IFRAG     =        0
 ISL       =        1
 EPS       =      0.0035
 HFRAC     =      0.2205
 XMD       =      5.2780
 TCFRAG    =        0
 TCSL    =        1
 PREF      =   f2b_4.-100000._0.-1._r2_f2_m4.75.histos 
  
 BOTTOM PRODUCTION
 RM48 INITIALIZED:        40           0         0
 **hist: start histos 
 HPATH.  ERROR IN PATHNAME,


 ===> Directory : 
  create directory HISB
 hfrac:  0.2205
 **hzb: Version kula1  
 FULL LO+NLO ME



 INPUT PARAMETERS FOR VEGAS:  NDIM=  3  NCALL=   476656.
                              IT=    0  ITMX=    2
                              MDS= -1   ND=  31
 **MScale: SCALFA=   1. ISCALE=  2
 **MScale: scale: Q2 
 1**Scales: M2=   22.5625 Q2=   42.9460875 X2=   0.0345279855
 1**Scale:   42.9460875
 **MScale: SCALFA=   1. ISCALE=  2
 **MScale: scale: Q2 
 2**Scales: M2=   22.5625 Q2=   42.9460875 X2=   0.0345279855
 2**Scale:   42.9460875
 wtx  3.4771731E-06hfrac  0.392379761
 **frag: Peterson frag function 
 **frag: Vincenzo semi-leptonic routine dir+indir 

 ******************************************************
 KTCLUS: written by Mike Seymour, July 1992.
 Last modified October 1997.
 Please send comments or suggestions to Mike.Seymour@rl.ac.uk

       Collision type = 3 = pe        
     Angular variable = 2 = DeltaR    
 Monotonic definition = 1 = no        
 Recombination scheme = 1 = E         
 Ecut=  1.00
 ******************************************************

 **MScale: SCALFA=   1. ISCALE=  2
 **MScale: scale: Q2 
 3**Scales: M2=   22.5625 Q2=   36.1187341 X2=   0.0269964239
 3**Scale:   36.1187341
 **MScale: SCALFA=   1. ISCALE=  2
 **MScale: scale: Q2 
 4**Scales: M2=   22.5625 Q2=   36.1187341 X2=   0.0269964239
 4**Scale:   36.1187341
 wtx  4.09946324E-06hfrac  0.392379761
 **MScale: SCALFA=   1. ISCALE=  2
 **MScale: scale: Q2 
 5**Scales: M2=   22.5625 Q2=   72.8881981 X2=   0.252553195
 5**Scale:   72.8881981
 6**Scales: M2=   22.5625 Q2=   72.8881981 X2=   0.252553195
 6**Scale:   72.8881981
 wtx  4.01993793E-06hfrac  0.392379761
 7**Scales: M2=   22.5625 Q2=   78.6399631 X2=   0.0461223131
 7**Scale:   78.6399631
 8**Scales: M2=   22.5625 Q2=   78.6399631 X2=   0.0461223131
 8**Scale:   78.6399631
 wtx  1.51102358E-06hfrac  0.392379761
 9**Scales: M2=   22.5625 Q2=   35.4538321 X2=   0.0418349385
 9**Scale:   35.4538321
 10**Scales: M2=   22.5625 Q2=   35.4538321 X2=   0.0418349385
 10**Scale:   35.4538321
 wtx  3.67326516E-06hfrac  0.392379761
 11**Scales: M2=   22.5625 Q2=   57.9015881 X2=   0.763722206
 11**Scale:   57.9015881
 12**Scales: M2=   22.5625 Q2=   57.9015881 X2=   0.763722206
 12**Scale:   57.9015881
 wtx  1.01905271E-05hfrac  0.392379761
 13**Scales: M2=   22.5625 Q2=   49.7453407 X2=   0.895143686
 13**Scale:   49.7453407
 14**Scales: M2=   22.5625 Q2=   49.7453407 X2=   0.895143686
 14**Scale:   49.7453407
 wtx  1.44542428E-05hfrac  0.392379761
 15**Scales: M2=   22.5625 Q2=   70.6289765 X2=   0.27869843
 15**Scale:   70.6289765
 16**Scales: M2=   22.5625 Q2=   70.6289765 X2=   0.27869843
 16**Scale:   70.6289765
 wtx  3.91741833E-06hfrac  0.392379761
 17**Scales: M2=   22.5625 Q2=   39.0175761 X2=   3.49982255
 17**Scale:   39.0175761
 18**Scales: M2=   22.5625 Q2=   39.0175761 X2=   3.49982255
 18**Scale:   39.0175761
 wtx  3.87350519E-05hfrac  0.392379761
 19**Scales: M2=   22.5625 Q2=   48.1519884 X2=   0.182813403
 19**Scale:   48.1519884
 20**Scales: M2=   22.5625 Q2=   48.1519884 X2=   0.182813403
 20**Scale:   48.1519884
 wtx  5.39726898E-06hfrac  0.392379761
 21**Scales: M2=   22.5625 Q2=   44.1439899 X2=   4.55407524
 21**Scale:   44.1439899
 22**Scales: M2=   22.5625 Q2=   44.1439899 X2=   4.55407524
 22**Scale:   44.1439899
 wtx  3.62601568E-05hfrac  0.392379761
 23**Scales: M2=   22.5625 Q2=   53.7958337 X2=   0.864557786
 23**Scale:   53.7958337
 24**Scales: M2=   22.5625 Q2=   53.7958337 X2=   0.864557786
 24**Scale:   53.7958337
 wtx  9.90865101E-06hfrac  0.392379761
 25**Scales: M2=   22.5625 Q2=   8.59370569 X2=   0.0179772153
 25**Scale:   8.59370569
 26**Scales: M2=   22.5625 Q2=   8.59370569 X2=   0.0179772153
 26**Scale:   8.59370569
 wtx  1.36763701E-05hfrac  0.392379761
 27**Scales: M2=   22.5625 Q2=   46.3818665 X2=   3.42670611
 27**Scale:   46.3818665
 28**Scales: M2=   22.5625 Q2=   46.3818665 X2=   3.42670611
 28**Scale:   46.3818665
 wtx  2.67411306E-05hfrac  0.392379761
 29**Scales: M2=   22.5625 Q2=   77.2630171 X2=   9.69601978
 29**Scale:   77.2630171
 30**Scales: M2=   22.5625 Q2=   77.2630171 X2=   9.69601978
 30**Scale:   77.2630171
 wtx  1.49401103E-05hfrac  0.392379761
 31**Scales: M2=   22.5625 Q2=   82.1598147 X2=   9.33136581
 31**Scale:   82.1598147
 32**Scales: M2=   22.5625 Q2=   82.1598147 X2=   9.33136581
 32**Scale:   82.1598147
 wtx  1.34566635E-05hfrac  0.392379761
 33**Scales: M2=   22.5625 Q2=   51.1593727 X2=   0.0160898741
 33**Scale:   51.1593727
 34**Scales: M2=   22.5625 Q2=   51.1593727 X2=   0.0160898741
 34**Scale:   51.1593727
 wtx  1.24503629E-06hfrac  0.392379761
 35**Scales: M2=   22.5625 Q2=   44.6030645 X2=   3.67437964
 35**Scale:   44.6030645
 36**Scales: M2=   22.5625 Q2=   44.6030645 X2=   3.67437964
 36**Scale:   44.6030645
 wtx  3.09557945E-05hfrac  0.392379761
 37**Scales: M2=   22.5625 Q2=   12.6323989 X2=   16.0853649
 37**Scale:   12.6323989
 38**Scales: M2=   22.5625 Q2=   12.6323989 X2=   16.0853649
 38**Scale:   12.6323989
 wtx  0.000254499289hfrac  0.392379761
 39**Scales: M2=   22.5625 Q2=   31.370899 X2=   22.5900063
 39**Scale:   31.370899
 40**Scales: M2=   22.5625 Q2=   31.370899 X2=   22.5900063
 40**Scale:   31.370899
 wtx  7.30556058E-05hfrac  0.392379761
 41**Scales: M2=   22.5625 Q2=   24.3723567 X2=   300.715625
 41**Scale:   24.3723567
 42**Scales: M2=   22.5625 Q2=   24.3723567 X2=   300.715625
 42**Scale:   24.3723567
 wtx  1.57988907E-07hfrac  0.392379761
 **bmatch: create BMAT   
 BMAT    histos booked ! 
 43**Scales: M2=   22.5625 Q2=   43.8880083 X2=   2.2212974
 43**Scale:   43.8880083
 44**Scales: M2=   22.5625 Q2=   43.8880083 X2=   2.2212974
 44**Scale:   43.8880083
 wtx  2.04345579E-05hfrac  0.392379761
 45**Scales: M2=   22.5625 Q2=   76.612992 X2=   2.04180696
 45**Scale:   76.612992
 46**Scales: M2=   22.5625 Q2=   76.612992 X2=   2.04180696
 46**Scale:   76.612992
 wtx  8.07082961E-06hfrac  0.392379761
 47**Scales: M2=   22.5625 Q2=   20.033426 X2=   2.82735491
 47**Scale:   20.033426
 48**Scales: M2=   22.5625 Q2=   20.033426 X2=   2.82735491
 48**Scale:   20.033426
 wtx  7.72640706E-05hfrac  0.392379761
 49**Scales: M2=   22.5625 Q2=   38.5235327 X2=   0.643852043
 49**Scale:   38.5235327
 50**Scales: M2=   22.5625 Q2=   38.5235327 X2=   0.643852043
 50**Scale:   38.5235327
 wtx  1.27911499E-05hfrac  0.392379761
 51**Scales: M2=   22.5625 Q2=   67.788454 X2=   29.4804996
 51**Scale:   67.788454
 52**Scales: M2=   22.5625 Q2=   67.788454 X2=   29.4804996
 52**Scale:   67.788454
 wtx  2.02770971E-05hfrac  0.392379761
 53**Scales: M2=   22.5625 Q2=   40.5329135 X2=   203.78087
 53**Scale:   40.5329135
 54**Scales: M2=   22.5625 Q2=   40.5329135 X2=   203.78087
 54**Scale:   40.5329135
 wtx  5.57812518E-06hfrac  0.392379761
 55**Scales: M2=   22.5625 Q2=   48.6833234 X2=   2.46244534
 55**Scale:   48.6833234
 56**Scales: M2=   22.5625 Q2=   48.6833234 X2=   2.46244534
 56**Scale:   48.6833234
 wtx  1.8538376E-05hfrac  0.392379761
 57**Scales: M2=   22.5625 Q2=   34.3536744 X2=   17.7596178
 57**Scale:   34.3536744
 58**Scales: M2=   22.5625 Q2=   34.3536744 X2=   17.7596178
 58**Scale:   34.3536744
 wtx  6.66330307E-05hfrac  0.392379761
 59**Scales: M2=   22.5625 Q2=   9.72870284 X2=   6.21573122
 59**Scale:   9.72870284
 60**Scales: M2=   22.5625 Q2=   9.72870284 X2=   6.21573122
 60**Scale:   9.72870284
 wtx  0.000255068997hfrac  0.392379761
 61**Scales: M2=   22.5625 Q2=   33.1787828 X2=   8.7084605
 61**Scale:   33.1787828
 62**Scales: M2=   22.5625 Q2=   33.1787828 X2=   8.7084605
 62**Scale:   33.1787828
 wtx  5.81615313E-05hfrac  0.392379761
 63**Scales: M2=   22.5625 Q2=   96.7749409 X2=   96.3055254
 63**Scale:   96.7749409
 64**Scales: M2=   22.5625 Q2=   96.7749409 X2=   96.3055254
 64**Scale:   96.7749409
 wtx  6.22740481E-06hfrac  0.392379761
 65**Scales: M2=   22.5625 Q2=   83.1931045 X2=   147.958309
 65**Scale:   83.1931045
 66**Scales: M2=   22.5625 Q2=   83.1931045 X2=   147.958309
 66**Scale:   83.1931045
 wtx  5.25348605E-06hfrac  0.392379761
 67**Scales: M2=   22.5625 Q2=   17.5725042 X2=   7.65168398
 67**Scale:   17.5725042
 68**Scales: M2=   22.5625 Q2=   17.5725042 X2=   7.65168398
 68**Scale:   17.5725042
 wtx  0.000131007822hfrac  0.392379761
 69**Scales: M2=   22.5625 Q2=   79.7758768 X2=   5.65011025
 69**Scale:   79.7758768
 70**Scales: M2=   22.5625 Q2=   79.7758768 X2=   5.65011025
 70**Scale:   79.7758768
 wtx  1.06722355E-05hfrac  0.392379761
 71**Scales: M2=   22.5625 Q2=   12.8626367 X2=   5.00498376
 71**Scale:   12.8626367
 72**Scales: M2=   22.5625 Q2=   12.8626367 X2=   5.00498376
 72**Scale:   12.8626367
 wtx  0.00015508759hfrac  0.392379761
 73**Scales: M2=   22.5625 Q2=   59.5553334 X2=   20.9056467
 73**Scale:   59.5553334
 74**Scales: M2=   22.5625 Q2=   59.5553334 X2=   20.9056467
 74**Scale:   59.5553334
 wtx  2.64454393E-05hfrac  0.392379761
 75**Scales: M2=   22.5625 Q2=   11.2671202 X2=   63.7398143
 75**Scale:   11.2671202
 76**Scales: M2=   22.5625 Q2=   11.2671202 X2=   63.7398143
 76**Scale:   11.2671202
 wtx  0.000233658953hfrac  0.392379761
 77**Scales: M2=   22.5625 Q2=   63.5301469 X2=   208.371473
 77**Scale:   63.5301469
 78**Scales: M2=   22.5625 Q2=   63.5301469 X2=   208.371473
 78**Scale:   63.5301469
 wtx  5.29094768E-06hfrac  0.392379761
 79**Scales: M2=   22.5625 Q2=   40.2493807 X2=   8.28578722
 79**Scale:   40.2493807
 80**Scales: M2=   22.5625 Q2=   40.2493807 X2=   8.28578722
 80**Scale:   40.2493807
 wtx  4.17605224E-05hfrac  0.392379761
 81**Scales: M2=   22.5625 Q2=   4.30531956 X2=   5.57898842
 81**Scale:   4.30531956
 82**Scales: M2=   22.5625 Q2=   4.30531956 X2=   5.57898842
 82**Scale:   4.30531956
 wtx  0.000538652996hfrac  0.392379761
 83**Scales: M2=   22.5625 Q2=   33.1958004 X2=   93.9803687
 83**Scale:   33.1958004
 84**Scales: M2=   22.5625 Q2=   33.1958004 X2=   93.9803687
 84**Scale:   33.1958004
 wtx  4.26609586E-05hfrac  0.392379761
 85**Scales: M2=   22.5625 Q2=   68.4068427 X2=   93.9386048
 85**Scale:   68.4068427
 86**Scales: M2=   22.5625 Q2=   68.4068427 X2=   93.9386048
 86**Scale:   68.4068427
 wtx  1.23849559E-05hfrac  0.392379761
 87**Scales: M2=   22.5625 Q2=   35.5006722 X2=   60.082391
 87**Scale:   35.5006722
 88**Scales: M2=   22.5625 Q2=   35.5006722 X2=   60.082391
 88**Scale:   35.5006722
 wtx  4.64105033E-05hfrac  0.392379761
 89**Scales: M2=   22.5625 Q2=   18.2297422 X2=   60.4544253
 89**Scale:   18.2297422
 90**Scales: M2=   22.5625 Q2=   18.2297422 X2=   60.4544253
 90**Scale:   18.2297422
 wtx  0.000122837126hfrac  0.392379761
 91**Scales: M2=   22.5625 Q2=   57.1329543 X2=   5.31462916
 91**Scale:   57.1329543
 92**Scales: M2=   22.5625 Q2=   57.1329543 X2=   5.31462916
 92**Scale:   57.1329543
 wtx  1.86426005E-05hfrac  0.392379761
 93**Scales: M2=   22.5625 Q2=   74.4618821 X2=   9.58373253
 93**Scale:   74.4618821
 94**Scales: M2=   22.5625 Q2=   74.4618821 X2=   9.58373253
 94**Scale:   74.4618821
 wtx  1.43353773E-05hfrac  0.392379761
 95**Scales: M2=   22.5625 Q2=   68.9804928 X2=   118.824067
 95**Scale:   68.9804928
 96**Scales: M2=   22.5625 Q2=   68.9804928 X2=   118.824067
 96**Scale:   68.9804928
 wtx  9.34897071E-06hfrac  0.392379761
 97**Scales: M2=   22.5625 Q2=   21.5463633 X2=   324.362349
 97**Scale:   21.5463633
 98**Scales: M2=   22.5625 Q2=   21.5463633 X2=   324.362349
 98**Scale:   21.5463633
 wtx  1.97861682E-05hfrac  0.392379761
 99**Scales: M2=   22.5625 Q2=   37.9717299 X2=   170.736598
 99**Scale:   37.9717299
 100**Scales: M2=   22.5625 Q2=   37.9717299 X2=   170.736598
 100**Scale:   37.9717299
 wtx  2.08423062E-05hfrac  0.392379761
 wtx  6.07465736E-05hfrac  0.392379761
 wtx  1.18436565E-05hfrac  0.392379761
 wtx  3.88421722E-06hfrac  0.392379761
 wtx  8.01084479E-06hfrac  0.392379761
 wtx  1.54787667E-05hfrac  0.392379761
 wtx  3.24954126E-05hfrac  0.392379761
 wtx  0.000102022139hfrac  0.392379761
 wtx  2.11144834E-05hfrac  0.392379761
 wtx  1.78536411E-05hfrac  0.392379761
 wtx  3.62867941E-05hfrac  0.392379761
 wtx  7.53806744E-05hfrac  0.392379761
 wtx  1.73039789E-05hfrac  0.392379761
 wtx  1.95618759E-05hfrac  0.392379761
 wtx  9.54522784E-06hfrac  0.392379761
 wtx  0.000178097675hfrac  0.392379761
 wtx  1.49826656E-05hfrac  0.392379761
 wtx  1.26963141E-05hfrac  0.392379761
 wtx  2.51332767E-06hfrac  0.392379761
 wtx  2.53542639E-05hfrac  0.392379761
 wtx  0.000196856359hfrac  0.392379761
 wtx  3.5086643E-05hfrac  0.392379761
 wtx  1.46519969E-05hfrac  0.392379761
 wtx  8.52145035E-07hfrac  0.392379761
 wtx  1.92753669E-05hfrac  0.392379761
 wtx  1.47447408E-05hfrac  0.392379761
 wtx  5.66994686E-06hfrac  0.392379761
 wtx  5.98811357E-06hfrac  0.392379761
 wtx  1.78395185E-05hfrac  0.392379761
 wtx  3.21504267E-05hfrac  0.392379761
 wtx  4.27617924E-05hfrac  0.392379761
 wtx  8.72732471E-06hfrac  0.392379761
 wtx  1.65878737E-05hfrac  0.392379761
 wtx  3.08318727E-06hfrac  0.392379761
 wtx  2.59017452E-05hfrac  0.392379761
 wtx  5.10874133E-06hfrac  0.392379761
 wtx  6.98504118E-06hfrac  0.392379761
 wtx  2.42299629E-05hfrac  0.392379761
 wtx  6.94190603E-05hfrac  0.392379761
 wtx  5.26609938E-06hfrac  0.392379761
 wtx  2.71087192E-05hfrac  0.392379761
 wtx  3.00667725E-05hfrac  0.392379761
 wtx  4.43161798E-06hfrac  0.392379761
 wtx  1.24129347E-05hfrac  0.392379761
 wtx  3.94413219E-05hfrac  0.392379761
 wtx  3.3583281E-05hfrac  0.392379761
 wtx  5.01560498E-05hfrac  0.392379761
 wtx  0.000659736746hfrac  0.392379761
 wtx  4.23991623E-05hfrac  0.392379761
 wtx  4.05661849E-05hfrac  0.392379761
 wtx  1.15252633E-05hfrac  0.392379761
   1       14.35656      1.917       14.35656      1.917      0.000    
   2       13.20710     0.4028       13.26413     0.4101     0.3703    



 INPUT PARAMETERS FOR VEGAS:  NDIM=  3  NCALL=  4920750.
                              IT=    0  ITMX=    4
                              MDS= -1   ND=  45
   1       13.94896     0.3941E-01   13.94896     0.3941E-01  0.000    
   2       13.90503     0.3894E-01   13.92680     0.2770E-01 0.6286    
   3       13.95488     0.3943E-01   13.93611     0.2267E-01 0.4839    
   4       13.92511     0.3920E-01   13.93335     0.1962E-01 0.3424    



 INPUT PARAMETERS FOR VEGAS:  NDIM=  6  NCALL=    78125.
                              IT=    0  ITMX=    4
                              MDS=  1   ND=  50
 **sig1: iscalef=  2
 **sig1: mur=   450.165735
 **sig1: iscalef=  2
 **sig1: muf=   450.165735
 ALFAS  =   0.145012953
 MUR2   =   450.165735
 LOGMUR =   2.99332658
 MUF2   =   450.165735
 LOGMUF =   2.99332658
  
 INTEGRATING NLO GLUON ...
  
   1       12.11579      8.851       12.11579      8.851      0.000    
   2       4.462614      2.852       7.779934      4.391     0.7459    
   3       2.691470      4.006       7.298860      3.485     0.6273    
   4       10.55980      3.108       9.605752      2.091     0.5075    



 INPUT PARAMETERS FOR VEGAS:  NDIM=  6  NCALL=   786432.
                              IT=    0  ITMX=    8
                              MDS=  1   ND=  50
   1       11.63237      1.364       11.63237      1.364      0.000    
   2       8.179542     0.7598       9.510607     0.7322      5.268    
   3       9.903300      1.136       9.623362     0.6151      2.702    
   4       10.49193      1.548       9.751935     0.5748      1.854    
   5       13.54376      2.965       9.990705     0.5987      1.793    
   6       11.07506      2.334       10.05972     0.5809      1.468    
   7       11.46319      1.898       10.19088     0.5570      1.296    
   8       9.148765     0.8410       9.948432     0.4784      1.276    



 INPUT PARAMETERS FOR VEGAS:  NDIM=  6  NCALL=    78125.
                              IT=    0  ITMX=    4
                              MDS=  1   ND=  50
 ALFAS  =   0.132264028
 MUR2   =   1144.06815
 LOGMUR =   3.92605651
 MUF2   =   1144.06815
 LOGMUF =   3.92605651
  
 INTEGRATING QUARK INITIATED ...
  
   1       1.729624      1.184       1.729624      1.184      0.000    
   2       3.117798      2.374       2.349876      1.283     0.2892    
   3       4.067333      1.493       3.479979     0.9297     0.4782    
   4       4.017618     0.7959       3.852625     0.5556     0.3403    



 INPUT PARAMETERS FOR VEGAS:  NDIM=  6  NCALL=   786432.
                              IT=    0  ITMX=    8
                              MDS=  1   ND=  50
   1       4.828981     0.4872       4.828981     0.4872      0.000    
   2       4.466241     0.2383       4.545500     0.2194     0.4670    
   3       5.051667     0.4898       4.642347     0.2031     0.7009    
   4       4.463573     0.2906       4.589077     0.1673     0.5627    
   5       4.402096     0.2434       4.534435     0.1390     0.5265    
   6       3.585166     0.3741       4.462447     0.1290      1.210    
   7       4.756071     0.2764       4.520151     0.1167      1.158    
   8       4.555358     0.2958       4.524938     0.1085     0.9930    
  
 CROSS SECTION =   28.4067232 +/-   0.490977225
  
  # of events with muons:  0 out of:  54756601
  All:           1. muons:   141.581726 2. muon   29.6123447
 In acc: 1. muons:     98.501:      0.696 % 2. muon     11.534:      0.390 %
  Norm Histos here: lum=   1.lumbreit lum1  1.
  ZEUS scenario in Lab frame Q2>4
  Total      sig (pb):   567.228149
  b tot  sig (pb):   339.536469
  >=1jets sig (pb):   482.555206
  muon +no cuts on jet sig (pb):   68.071434
  muon+jet    sig (pb):   62.2495079
  muon+jet+cone sig (pb):   41.1194153
  ZEUS scenario in Breit frame Q2>2 
  tot        sig (pb):   567.222839
  b.cross    sig (pb):   369.365051
  >=1jet sig (pb):   335.927002
  muon nojet cut sig (pb):   40.1807594
  muon+jet   sig (pb):   29.1268787
 incl jet   sig (pb):  121.658691
 incl muon  sig (pb):  31.6802368
 incl b     sig (pb):  494.657074
 generator:HVQ     hfrac  0.2205
  Output Histos here 
