  
 ============================
 | HVQDIS  V1.4  APRIL 2000 |
 ============================
  
 NORDER    =        2
 ISCALER   =        7
 ISCALEF   =        7
 IPDF      =        5
 PTS0      =   500000
 ITS0      =        2
 PTS1      =   800000
 ITS1      =        4
 IQUARK    =        2
 MASS      =      4.75
 EPRO      =    920.00
 EIEL      =     27.50
 Q2MIN     =      2.00
 Q2MAX     =   3000.00
 XBJMIN    =      0.00
 XBJMAX    =      1.00
 YMIN      =      0.05
 YMAX      =      0.70
 ETAMAX    =      2.50
 PTMIN     =      0.00
 PTMAX     =   *******
 IFRAG     =        0
 ISL       =        1
 EPS       =      0.0035
 HFRAC     =      0.2205
 XMD       =      5.2780
 TCFRAG    =        0
 TCSL    =        1
 PREF      =   f2b_2.-3000._0.-1._r7_f7_m4.75.histos   
  
 BOTTOM PRODUCTION
 RM48 INITIALIZED:        40           0         0
 **hist: start histos 
 HPATH.  ERROR IN PATHNAME,


 ===> Directory : 
  create directory HISB
 hfrac:  0.2205
 **hzb: Version kula1  
 FULL LO+NLO ME
 NDIM,CALLS,IT,ITMX,MDS,ND



 INPUT PARAMETERS FOR VEGAS:  NDIM=  3  NCALL=   476656.
                              IT=    0  ITMX=    2
                              MDS= -1   ND=  31
 **MScale: SCALFA=   1. ISCALE=  7
 **MScale: scale: (Q2+Pt2+M2)/4 
 1**Scales: M2=   22.5625 Q2=   24.8489252 X2=   0.0300290419
 1**Scale:   11.8603636
 **MScale: SCALFA=   1. ISCALE=  7
 **MScale: scale: (Q2+Pt2+M2)/4 
 2**Scales: M2=   22.5625 Q2=   24.8489252 X2=   0.0300290419
 2**Scale:   11.8603636
 wtx  4.4085441E-06hfrac  0.392379761
 **frag: Peterson frag function 
 **frag: Vincenzo semi-leptonic routine dir+indir 

 ******************************************************
 KTCLUS: written by Mike Seymour, July 1992.
 Last modified October 1997.
 Please send comments or suggestions to Mike.Seymour@rl.ac.uk

       Collision type = 3 = pe        
     Angular variable = 2 = DeltaR    
 Monotonic definition = 1 = no        
 Recombination scheme = 1 = E         
 Ecut=  1.00
 ******************************************************

 **MScale: SCALFA=   1. ISCALE=  7
 **MScale: scale: (Q2+Pt2+M2)/4 
 3**Scales: M2=   22.5625 Q2=   20.1388584 X2=   0.0237148074
 3**Scale:   10.6812683
 **MScale: SCALFA=   1. ISCALE=  7
 **MScale: scale: (Q2+Pt2+M2)/4 
 4**Scales: M2=   22.5625 Q2=   20.1388584 X2=   0.0237148074
 4**Scale:   10.6812683
 wtx  5.05154867E-06hfrac  0.392379761
 **MScale: SCALFA=   1. ISCALE=  7
 **MScale: scale: (Q2+Pt2+M2)/4 
 5**Scales: M2=   22.5625 Q2=   40.9511474 X2=   0.205258561
 5**Scale:   15.9297265
 6**Scales: M2=   22.5625 Q2=   40.9511474 X2=   0.205258561
 6**Scale:   15.9297265
 wtx  5.61514844E-06hfrac  0.392379761
 7**Scales: M2=   22.5625 Q2=   39.3281695 X2=   0.0357159313
 7**Scale:   15.4815964
 8**Scales: M2=   22.5625 Q2=   39.3281695 X2=   0.0357159313
 8**Scale:   15.4815964
 wtx  2.09278869E-06hfrac  0.392379761
 9**Scales: M2=   22.5625 Q2=   20.9502873 X2=   0.0371282937
 9**Scale:   10.8874789
 10**Scales: M2=   22.5625 Q2=   20.9502873 X2=   0.0371282937
 10**Scale:   10.8874789
 wtx  4.40110807E-06hfrac  0.392379761
 11**Scales: M2=   22.5625 Q2=   33.2469469 X2=   0.642805767
 11**Scale:   14.1130632
 12**Scales: M2=   22.5625 Q2=   33.2469469 X2=   0.642805767
 12**Scale:   14.1130632
 wtx  1.391557E-05hfrac  0.392379761
 13**Scales: M2=   22.5625 Q2=   26.204857 X2=   0.750147389
 13**Scale:   12.3793761
 14**Scales: M2=   22.5625 Q2=   26.204857 X2=   0.750147389
 14**Scale:   12.3793761
 wtx  1.88107369E-05hfrac  0.392379761
 15**Scales: M2=   22.5625 Q2=   36.9540545 X2=   0.222006781
 15**Scale:   14.9346403
 16**Scales: M2=   22.5625 Q2=   36.9540545 X2=   0.222006781
 16**Scale:   14.9346403
 wtx  5.28536702E-06hfrac  0.392379761
 17**Scales: M2=   22.5625 Q2=   20.3686396 X2=   3.03018075
 17**Scale:   11.4903301
 18**Scales: M2=   22.5625 Q2=   20.3686396 X2=   3.03018075
 18**Scale:   11.4903301
 wtx  5.41970549E-05hfrac  0.392379761
 19**Scales: M2=   22.5625 Q2=   24.0633907 X2=   0.151678138
 19**Scale:   11.6943922
 20**Scales: M2=   22.5625 Q2=   24.0633907 X2=   0.151678138
 20**Scale:   11.6943922
 wtx  6.74266039E-06hfrac  0.392379761
 21**Scales: M2=   22.5625 Q2=   22.7314537 X2=   3.8683235
 21**Scale:   12.2905693
 22**Scales: M2=   22.5625 Q2=   22.7314537 X2=   3.8683235
 22**Scale:   12.2905693
 wtx  5.03220217E-05hfrac  0.392379761
 23**Scales: M2=   22.5625 Q2=   31.4643936 X2=   0.734680127
 23**Scale:   13.6903934
 24**Scales: M2=   22.5625 Q2=   31.4643936 X2=   0.734680127
 24**Scale:   13.6903934
 wtx  1.27487911E-05hfrac  0.392379761
 25**Scales: M2=   22.5625 Q2=   4.45132372 X2=   0.017236629
 25**Scale:   6.75776509
 26**Scales: M2=   22.5625 Q2=   4.45132372 X2=   0.017236629
 26**Scale:   6.75776509
 wtx  1.45470194E-05hfrac  0.392379761
 27**Scales: M2=   22.5625 Q2=   27.1659265 X2=   2.96644486
 27**Scale:   13.1737178
 28**Scales: M2=   22.5625 Q2=   27.1659265 X2=   2.96644486
 28**Scale:   13.1737178
 wtx  3.54586482E-05hfrac  0.392379761
 29**Scales: M2=   22.5625 Q2=   45.5033769 X2=   7.98496178
 29**Scale:   19.0127097
 30**Scales: M2=   22.5625 Q2=   45.5033769 X2=   7.98496178
 30**Scale:   19.0127097
 wtx  2.4117573E-05hfrac  0.392379761
 31**Scales: M2=   22.5625 Q2=   47.7275762 X2=   7.59107264
 31**Scale:   19.4702872
 32**Scales: M2=   22.5625 Q2=   47.7275762 X2=   7.59107264
 32**Scale:   19.4702872
 wtx  2.20005059E-05hfrac  0.392379761
 33**Scales: M2=   22.5625 Q2=   25.7443285 X2=   0.0132550244
 33**Scale:   12.0800209
 34**Scales: M2=   22.5625 Q2=   25.7443285 X2=   0.0132550244
 34**Scale:   12.0800209
 wtx  1.60022307E-06hfrac  0.392379761
 35**Scales: M2=   22.5625 Q2=   22.4137263 X2=   3.08846811
 35**Scale:   12.0161736
 36**Scales: M2=   22.5625 Q2=   22.4137263 X2=   3.08846811
 36**Scale:   12.0161736
 wtx  3.9965289E-05hfrac  0.392379761
 37**Scales: M2=   22.5625 Q2=   6.96171903 X2=   15.2665293
 37**Scale:   11.1976871
 38**Scales: M2=   22.5625 Q2=   6.96171903 X2=   15.2665293
 38**Scale:   11.1976871
 wtx  0.000292478595hfrac  0.392379761
 39**Scales: M2=   22.5625 Q2=   16.0915468 X2=   20.0043175
 39**Scale:   14.6645911
 40**Scales: M2=   22.5625 Q2=   16.0915468 X2=   20.0043175
 40**Scale:   14.6645911
 wtx  0.000102120066hfrac  0.392379761
 41**Scales: M2=   22.5625 Q2=   12.2816054 X2=   293.508547
 41**Scale:   82.0881631
 42**Scales: M2=   22.5625 Q2=   12.2816054 X2=   293.508547
 42**Scale:   82.0881631
 wtx  1.192208E-07hfrac  0.392379761
 **bmatch: create BMAT   
 BMAT    histos booked ! 
 43**Scales: M2=   22.5625 Q2=   25.9260471 X2=   1.93266466
 43**Scale:   12.605303
 44**Scales: M2=   22.5625 Q2=   25.9260471 X2=   1.93266466
 44**Scale:   12.605303
 wtx  2.57231804E-05hfrac  0.392379761
 45**Scales: M2=   22.5625 Q2=   39.1989167 X2=   1.59597077
 45**Scale:   15.8393469
 46**Scales: M2=   22.5625 Q2=   39.1989167 X2=   1.59597077
 46**Scale:   15.8393469
 wtx  1.14616114E-05hfrac  0.392379761
 47**Scales: M2=   22.5625 Q2=   10.0805705 X2=   2.57792934
 47**Scale:   8.80524997
 48**Scales: M2=   22.5625 Q2=   10.0805705 X2=   2.57792934
 48**Scale:   8.80524997
 wtx  8.5722575E-05hfrac  0.392379761
 49**Scales: M2=   22.5625 Q2=   19.9396765 X2=   0.552820132
 49**Scale:   10.7637492
 50**Scales: M2=   22.5625 Q2=   19.9396765 X2=   0.552820132
 50**Scale:   10.7637492
 wtx  1.55203506E-05hfrac  0.392379761
 51**Scales: M2=   22.5625 Q2=   36.8584303 X2=   24.1308832
 51**Scale:   20.8879534
 52**Scales: M2=   22.5625 Q2=   36.8584303 X2=   24.1308832
 52**Scale:   20.8879534
 wtx  3.43583088E-05hfrac  0.392379761
 53**Scales: M2=   22.5625 Q2=   21.3689491 X2=   184.345962
 53**Scale:   57.0693527
 54**Scales: M2=   22.5625 Q2=   21.3689491 X2=   184.345962
 54**Scale:   57.0693527
 wtx  8.00751968E-06hfrac  0.392379761
 55**Scales: M2=   22.5625 Q2=   24.9667191 X2=   2.05186974
 55**Scale:   12.3952722
 56**Scales: M2=   22.5625 Q2=   24.9667191 X2=   2.05186974
 56**Scale:   12.3952722
 wtx  2.38097291E-05hfrac  0.392379761
 57**Scales: M2=   22.5625 Q2=   18.2466942 X2=   15.5651049
 57**Scale:   14.0935748
 58**Scales: M2=   22.5625 Q2=   18.2466942 X2=   15.5651049
 58**Scale:   14.0935748
 wtx  8.78228893E-05hfrac  0.392379761
 59**Scales: M2=   22.5625 Q2=   5.30902306 X2=   5.94890416
 59**Scale:   8.4551068
 60**Scales: M2=   22.5625 Q2=   5.30902306 X2=   5.94890416
 60**Scale:   8.4551068
 wtx  0.000283998786hfrac  0.392379761
 61**Scales: M2=   22.5625 Q2=   18.2075667 X2=   7.68572991
 61**Scale:   12.1139492
 62**Scales: M2=   22.5625 Q2=   18.2075667 X2=   7.68572991
 62**Scale:   12.1139492
 wtx  7.26924773E-05hfrac  0.392379761
 63**Scales: M2=   22.5625 Q2=   48.2617925 X2=   74.3745622
 63**Scale:   36.2997137
 64**Scales: M2=   22.5625 Q2=   48.2617925 X2=   74.3745622
 64**Scale:   36.2997137
 wtx  1.40298989E-05hfrac  0.392379761
 65**Scales: M2=   22.5625 Q2=   42.0249217 X2=   118.658045
 65**Scale:   45.8113667
 66**Scales: M2=   22.5625 Q2=   42.0249217 X2=   118.658045
 66**Scale:   45.8113667
 wtx  1.11615336E-05hfrac  0.392379761
 67**Scales: M2=   22.5625 Q2=   9.58583734 X2=   7.10076896
 67**Scale:   9.81227657
 68**Scales: M2=   22.5625 Q2=   9.58583734 X2=   7.10076896
 68**Scale:   9.81227657
 wtx  0.000149793836hfrac  0.392379761
 69**Scales: M2=   22.5625 Q2=   44.7306663 X2=   4.52201471
 69**Scale:   17.9537953
 70**Scales: M2=   22.5625 Q2=   44.7306663 X2=   4.52201471
 70**Scale:   17.9537953
 wtx  1.57215236E-05hfrac  0.392379761
 71**Scales: M2=   22.5625 Q2=   7.15452773 X2=   4.73482402
 71**Scale:   8.61296294
 72**Scales: M2=   22.5625 Q2=   7.15452773 X2=   4.73482402
 72**Scale:   8.61296294
 wtx  0.000174183864hfrac  0.392379761
 73**Scales: M2=   22.5625 Q2=   32.9870521 X2=   17.36072
 73**Scale:   18.227568
 74**Scales: M2=   22.5625 Q2=   32.9870521 X2=   17.36072
 74**Scale:   18.227568
 wtx  3.95430761E-05hfrac  0.392379761
 75**Scales: M2=   22.5625 Q2=   5.90190883 X2=   60.66319
 75**Scale:   22.2818997
 76**Scales: M2=   22.5625 Q2=   5.90190883 X2=   60.66319
 76**Scale:   22.2818997
 wtx  0.000234756211hfrac  0.392379761
 77**Scales: M2=   22.5625 Q2=   34.1913676 X2=   177.019163
 77**Scale:   58.4432576
 78**Scales: M2=   22.5625 Q2=   34.1913676 X2=   177.019163
 78**Scale:   58.4432576
 wtx  9.1370166E-06hfrac  0.392379761
 79**Scales: M2=   22.5625 Q2=   21.1061606 X2=   7.10302744
 79**Scale:   12.692922
 80**Scales: M2=   22.5625 Q2=   21.1061606 X2=   7.10302744
 80**Scale:   12.692922
 wtx  5.35283289E-05hfrac  0.392379761
 81**Scales: M2=   22.5625 Q2=   2.18158092 X2=   5.45670422
 81**Scale:   7.55019629
 82**Scales: M2=   22.5625 Q2=   2.18158092 X2=   5.45670422
 82**Scale:   7.55019629
 wtx  0.000653688738hfrac  0.392379761
 83**Scales: M2=   22.5625 Q2=   17.046735 X2=   82.8458192
 83**Scale:   30.6137635
 84**Scales: M2=   22.5625 Q2=   17.046735 X2=   82.8458192
 84**Scale:   30.6137635
 wtx  5.61299348E-05hfrac  0.392379761
 85**Scales: M2=   22.5625 Q2=   38.0089359 X2=   77.7202405
 85**Scale:   34.5729191
 86**Scales: M2=   22.5625 Q2=   38.0089359 X2=   77.7202405
 86**Scale:   34.5729191
 wtx  2.1044405E-05hfrac  0.392379761
 87**Scales: M2=   22.5625 Q2=   20.2148503 X2=   53.3151036
 87**Scale:   24.0231135
 88**Scales: M2=   22.5625 Q2=   20.2148503 X2=   53.3151036
 88**Scale:   24.0231135
 wtx  6.20898281E-05hfrac  0.392379761
 89**Scales: M2=   22.5625 Q2=   9.91490214 X2=   56.1405723
 89**Scale:   22.1544936
 90**Scales: M2=   22.5625 Q2=   9.91490214 X2=   56.1405723
 90**Scale:   22.1544936
 wtx  0.0001391681hfrac  0.392379761
 91**Scales: M2=   22.5625 Q2=   30.8639727 X2=   4.39211643
 91**Scale:   14.4546473
 92**Scales: M2=   22.5625 Q2=   30.8639727 X2=   4.39211643
 92**Scale:   14.4546473
 wtx  2.54027673E-05hfrac  0.392379761
 93**Scales: M2=   22.5625 Q2=   42.0702464 X2=   7.75997989
 93**Scale:   18.0981816
 94**Scales: M2=   22.5625 Q2=   42.0702464 X2=   7.75997989
 94**Scale:   18.0981816
 wtx  2.11591559E-05hfrac  0.392379761
 95**Scales: M2=   22.5625 Q2=   40.9714563 X2=   100.491597
 95**Scale:   41.0063884
 96**Scales: M2=   22.5625 Q2=   40.9714563 X2=   100.491597
 96**Scale:   41.0063884
 wtx  1.54259214E-05hfrac  0.392379761
 97**Scales: M2=   22.5625 Q2=   10.9880306 X2=   301.350643
 97**Scale:   83.7252935
 98**Scales: M2=   22.5625 Q2=   10.9880306 X2=   301.350643
 98**Scale:   83.7252935
 wtx  1.72693399E-05hfrac  0.392379761
 99**Scales: M2=   22.5625 Q2=   19.480461 X2=   149.37759
 99**Scale:   47.8551377
 100**Scales: M2=   22.5625 Q2=   19.480461 X2=   149.37759
 100**Scale:   47.8551377
 wtx  2.73104051E-05hfrac  0.392379761
 wtx  7.79139009E-05hfrac  0.392379761
 wtx  1.61150128E-05hfrac  0.392379761
 wtx  4.29833835E-06hfrac  0.392379761
 wtx  1.18857097E-05hfrac  0.392379761
 wtx  2.63701295E-05hfrac  0.392379761
 wtx  4.8050948E-05hfrac  0.392379761
 wtx  5.82944995E-05hfrac  0.392379761
 wtx  2.82191795E-05hfrac  0.392379761
 wtx  2.917856E-05hfrac  0.392379761
 wtx  4.41721204E-05hfrac  0.392379761
 wtx  9.18963415E-05hfrac  0.392379761
 wtx  2.7573531E-05hfrac  0.392379761
 wtx  2.96726594E-05hfrac  0.392379761
 wtx  1.51598597E-05hfrac  0.392379761
 wtx  0.000200485709hfrac  0.392379761
 wtx  2.52309583E-05hfrac  0.392379761
 wtx  2.03158579E-05hfrac  0.392379761
 wtx  1.54666168E-06hfrac  0.392379761
 wtx  3.82041544E-05hfrac  0.392379761
 wtx  0.000180299277hfrac  0.392379761
 wtx  4.5202436E-05hfrac  0.392379761
 wtx  2.45423435E-05hfrac  0.392379761
 wtx  1.74300396E-06hfrac  0.392379761
 wtx  2.9601073E-05hfrac  0.392379761
 wtx  2.46712825E-05hfrac  0.392379761
 wtx  8.51229197E-06hfrac  0.392379761
 wtx  9.90767512E-06hfrac  0.392379761
 wtx  2.47341231E-05hfrac  0.392379761
 wtx  4.65461053E-05hfrac  0.392379761
 wtx  5.84168192E-05hfrac  0.392379761
 wtx  1.42741619E-05hfrac  0.392379761
 wtx  2.12816649E-05hfrac  0.392379761
 wtx  6.14495912E-06hfrac  0.392379761
 wtx  4.03438971E-05hfrac  0.392379761
 wtx  5.53018936E-06hfrac  0.392379761
 wtx  1.34443835E-05hfrac  0.392379761
 wtx  3.65138985E-05hfrac  0.392379761
 wtx  7.9914862E-05hfrac  0.392379761
 wtx  9.77084619E-06hfrac  0.392379761
 wtx  3.50839182E-05hfrac  0.392379761
 wtx  3.73897856E-05hfrac  0.392379761
 wtx  6.5453346E-06hfrac  0.392379761
 wtx  2.25765925E-05hfrac  0.392379761
 wtx  5.59707551E-05hfrac  0.392379761
 wtx  4.02712321E-05hfrac  0.392379761
 wtx  6.94933988E-05hfrac  0.392379761
 wtx  0.000721122662hfrac  0.392379761
 wtx  5.29504468E-05hfrac  0.392379761
 wtx  6.05048772E-05hfrac  0.392379761
 wtx  2.13022468E-05hfrac  0.392379761
 IT,TI,TSI,AVGI,SD,CHI2A
   1       16.95736     0.9868       16.95736     0.9868      0.000    
 IT,TI,TSI,AVGI,SD,CHI2A
   2       16.79552     0.2269       16.80380     0.2221     0.2576E-01
 NDIM,CALLS,IT,ITMX,MDS,ND



 INPUT PARAMETERS FOR VEGAS:  NDIM=  3  NCALL=  4920750.
                              IT=    0  ITMX=    4
                              MDS= -1   ND=  45
 IT,TI,TSI,AVGI,SD,CHI2A
   1       16.57548     0.2894E-01   16.57548     0.2894E-01  0.000    
 IT,TI,TSI,AVGI,SD,CHI2A
   2       16.58220     0.2888E-01   16.57885     0.2044E-01 0.2700E-01
 IT,TI,TSI,AVGI,SD,CHI2A
   3       16.56307     0.2880E-01   16.57357     0.1667E-01 0.1132    
 IT,TI,TSI,AVGI,SD,CHI2A
   4       16.60523     0.2889E-01   16.58150     0.1444E-01 0.3763    
 NLO starting:
 NDIM,CALLS,IT,ITMX,MDS,ND



 INPUT PARAMETERS FOR VEGAS:  NDIM=  6  NCALL=   786432.
                              IT=    0  ITMX=    4
                              MDS=  1   ND=  50
 **sig1: iscalef=  7
 **sig1: mur=   6.23746698
 **sig1: iscalef=  7
 **sig1: muf=   6.23746698
 ALFAS  =   0.269542056
 MUR2   =   6.23746698
 LOGMUR =  -1.28571507
 MUF2   =   6.23746698
 LOGMUF =  -1.28571507
  
 INTEGRATING NLO GLUON ...
  
 IT,TI,TSI,AVGI,SD,CHI2A
   1       6.105288      1.799       6.105288      1.799      0.000    
 IT,TI,TSI,AVGI,SD,CHI2A
   2       9.295100      1.307       8.703617     0.9978      1.544    
 IT,TI,TSI,AVGI,SD,CHI2A
   3       8.903912     0.8202       8.834790     0.6131     0.7175    
 IT,TI,TSI,AVGI,SD,CHI2A
   4       8.036615     0.4674       8.338675     0.3750     0.8390    
 NDIM,CALLS,IT,ITMX,MDS,ND



 INPUT PARAMETERS FOR VEGAS:  NDIM=  6  NCALL=  5971968.
                              IT=    0  ITMX=    8
                              MDS=  1   ND=  50
 IT,TI,TSI,AVGI,SD,CHI2A
   1       8.577154     0.1510       8.577154     0.1510      0.000    
 IT,TI,TSI,AVGI,SD,CHI2A
   2       8.606874     0.1355       8.593660     0.1008     0.2145E-01
 IT,TI,TSI,AVGI,SD,CHI2A
   3       8.744194     0.1594       8.637775     0.8529E-01 0.3333    
 IT,TI,TSI,AVGI,SD,CHI2A
   4       8.468472     0.1461       8.596056     0.7367E-01 0.5513    
 IT,TI,TSI,AVGI,SD,CHI2A
   5       8.762669     0.1569       8.627085     0.6671E-01 0.6467    
 IT,TI,TSI,AVGI,SD,CHI2A
   6       8.840864     0.1550       8.661848     0.6129E-01 0.8445    
 IT,TI,TSI,AVGI,SD,CHI2A
   7       8.533074     0.1410       8.641905     0.5622E-01 0.8213    
 IT,TI,TSI,AVGI,SD,CHI2A
   8       8.418569     0.1508       8.615919     0.5268E-01 0.9726    
 NDIM,CALLS,IT,ITMX,MDS,ND



 INPUT PARAMETERS FOR VEGAS:  NDIM=  6  NCALL=   786432.
                              IT=    0  ITMX=    4
                              MDS=  1   ND=  50
 ALFAS  =   0.174224745
 MUR2   =   90.9524765
 LOGMUR =   1.3940479
 MUF2   =   90.9524765
 LOGMUF =   1.3940479
  
 INTEGRATING QUARK INITIATED ...
  
 IT,TI,TSI,AVGI,SD,CHI2A
   1       1.435531     0.5899       1.435531     0.5899      0.000    
 IT,TI,TSI,AVGI,SD,CHI2A
   2       3.078935     0.8766       2.545930     0.5621      1.873    
 IT,TI,TSI,AVGI,SD,CHI2A
   3       3.201131     0.1939       3.160008     0.1580      1.250    
 IT,TI,TSI,AVGI,SD,CHI2A
   4       3.189999     0.1122       3.182061     0.8526E-01 0.7653    
 NDIM,CALLS,IT,ITMX,MDS,ND



 INPUT PARAMETERS FOR VEGAS:  NDIM=  6  NCALL=  5971968.
                              IT=    0  ITMX=    8
                              MDS=  1   ND=  50
 IT,TI,TSI,AVGI,SD,CHI2A
   1       3.445788     0.4450E-01   3.445788     0.4450E-01  0.000    
 IT,TI,TSI,AVGI,SD,CHI2A
   2       3.332387     0.4855E-01   3.395900     0.3276E-01  2.953    
 IT,TI,TSI,AVGI,SD,CHI2A
   3       3.381817     0.3693E-01   3.389715     0.2451E-01  1.519    
 IT,TI,TSI,AVGI,SD,CHI2A
   4       3.382503     0.4004E-01   3.387753     0.2091E-01  1.021    
 IT,TI,TSI,AVGI,SD,CHI2A
   5       3.341357     0.3584E-01   3.376206     0.1807E-01  1.078    
 IT,TI,TSI,AVGI,SD,CHI2A
   6       3.329765     0.3944E-01   3.368331     0.1643E-01  1.091    
 IT,TI,TSI,AVGI,SD,CHI2A
   7       3.335338     0.3814E-01   3.363253     0.1509E-01  1.016    
 IT,TI,TSI,AVGI,SD,CHI2A
   8       3.248106     0.8286E-01   3.359799     0.1480E-01  1.130    
  
 CROSS SECTION =   28.5572194 +/-   0.0565907889
  
  # of events with muons:  0 out of:  277299088
  All:           1. muons:   127.911934 2. muon   8.77548695
 In acc: 1. muons:     91.829:      0.718 % 2. muon     10.917:      1.244 %
  Norm Histos here: lum=   1.lumbreit lum1  1.
  ZEUS scenario in Lab frame Q2>4
  Total      sig (pb):   567.191528
  b tot  sig (pb):   333.573029
  >=1jets sig (pb):   482.888489
  muon +no cuts on jet sig (pb):   66.8905258
  muon+jet    sig (pb):   60.6400528
  muon+jet+cone sig (pb):   39.0792351
  ZEUS scenario in Breit frame Q2>2 
  tot        sig (pb):   567.191528
  b.cross    sig (pb):   368.93158
  >=1jet sig (pb):   353.03775
  muon nojet cut sig (pb):   37.5521355
  muon+jet   sig (pb):   28.5501099
 incl jet   sig (pb):  114.368904
 incl muon  sig (pb):  30.9711514
 incl b     sig (pb):  492.529114
 generator:HVQ     hfrac  0.2205
  Output Histos here 
