  
 ============================
 | HVQDIS  V1.4  APRIL 2000 |
 ============================
  
 NORDER    =        2
 ISCALER   =       17
 ISCALEF   =        7
 IPDF      =        5
 PTS0      =   500000
 ITS0      =        2
 PTS1      =   800000
 ITS1      =        4
 IQUARK    =        2
 MASS      =      4.75
 EPRO      =    920.00
 EIEL      =     27.50
 Q2MIN     =      2.00
 Q2MAX     =   3000.00
 XBJMIN    =      0.00
 XBJMAX    =      1.00
 YMIN      =      0.05
 YMAX      =      0.70
 ETAMAX    =      2.50
 PTMIN     =      0.00
 PTMAX     =   *******
 IFRAG     =        0
 ISL       =        1
 EPS       =      0.0035
 HFRAC     =      0.2205
 XMD       =      5.2780
 TCFRAG    =        0
 TCSL    =        1
 PREF      =   f2b_2.-3000._0.-1._r17_f7_m4.75.histos  
  
 BOTTOM PRODUCTION
 RM48 INITIALIZED:        40           0         0
 **hist: start histos 
 HPATH.  ERROR IN PATHNAME,


 ===> Directory : 
  create directory HISB
 hfrac:  0.2205
 **hzb: Version kula1  
 FULL LO+NLO ME
 NDIM,CALLS,IT,ITMX,MDS,ND



 INPUT PARAMETERS FOR VEGAS:  NDIM=  3  NCALL=   476656.
                              IT=    0  ITMX=    2
                              MDS= -1   ND=  31
 **MScale: SCALFA=   1. ISCALE=  17
 **MScale: scale: .25*(Q2+Pt2+M2)/4
 1**Scales: M2=   22.5625 Q2=   24.8489252 X2=   0.0300290419
 1**Scale:   2.96509089
 **MScale: SCALFA=   1. ISCALE=  7
 **MScale: scale: (Q2+Pt2+M2)/4 
 2**Scales: M2=   22.5625 Q2=   24.8489252 X2=   0.0300290419
 2**Scale:   11.8603636
 wtx  5.93661298E-06hfrac  0.392379761
 **frag: Peterson frag function 
 **frag: Vincenzo semi-leptonic routine dir+indir 

 ******************************************************
 KTCLUS: written by Mike Seymour, July 1992.
 Last modified October 1997.
 Please send comments or suggestions to Mike.Seymour@rl.ac.uk

       Collision type = 3 = pe        
     Angular variable = 2 = DeltaR    
 Monotonic definition = 1 = no        
 Recombination scheme = 1 = E         
 Ecut=  1.00
 ******************************************************

 **MScale: SCALFA=   1. ISCALE=  17
 **MScale: scale: .25*(Q2+Pt2+M2)/4
 3**Scales: M2=   22.5625 Q2=   20.1388584 X2=   0.0237148074
 3**Scale:   2.67031708
 **MScale: SCALFA=   1. ISCALE=  7
 **MScale: scale: (Q2+Pt2+M2)/4 
 4**Scales: M2=   22.5625 Q2=   20.1388584 X2=   0.0237148074
 4**Scale:   10.6812683
 wtx  6.86384283E-06hfrac  0.392379761
 **MScale: SCALFA=   1. ISCALE=  17
 **MScale: scale: .25*(Q2+Pt2+M2)/4
 5**Scales: M2=   22.5625 Q2=   40.9511474 X2=   0.205258561
 5**Scale:   3.98243163
 6**Scales: M2=   22.5625 Q2=   40.9511474 X2=   0.205258561
 6**Scale:   15.9297265
 wtx  7.38283052E-06hfrac  0.392379761
 7**Scales: M2=   22.5625 Q2=   39.3281695 X2=   0.0357159313
 7**Scale:   3.87039909
 8**Scales: M2=   22.5625 Q2=   39.3281695 X2=   0.0357159313
 8**Scale:   15.4815964
 wtx  2.75795787E-06hfrac  0.392379761
 9**Scales: M2=   22.5625 Q2=   20.9502873 X2=   0.0371282937
 9**Scale:   2.72186973
 10**Scales: M2=   22.5625 Q2=   20.9502873 X2=   0.0371282937
 10**Scale:   10.8874789
 wtx  5.96977907E-06hfrac  0.392379761
 11**Scales: M2=   22.5625 Q2=   33.2469469 X2=   0.642805767
 11**Scale:   3.52826579
 12**Scales: M2=   22.5625 Q2=   33.2469469 X2=   0.642805767
 12**Scale:   14.1130632
 wtx  1.84810742E-05hfrac  0.392379761
 13**Scales: M2=   22.5625 Q2=   26.204857 X2=   0.750147389
 13**Scale:   3.09484403
 14**Scales: M2=   22.5625 Q2=   26.204857 X2=   0.750147389
 14**Scale:   12.3793761
 wtx  2.52503705E-05hfrac  0.392379761
 15**Scales: M2=   22.5625 Q2=   36.9540545 X2=   0.222006781
 15**Scale:   3.73366008
 16**Scales: M2=   22.5625 Q2=   36.9540545 X2=   0.222006781
 16**Scale:   14.9346403
 wtx  6.98590611E-06hfrac  0.392379761
 17**Scales: M2=   22.5625 Q2=   20.3686396 X2=   3.03018075
 17**Scale:   2.87258252
 18**Scales: M2=   22.5625 Q2=   20.3686396 X2=   3.03018075
 18**Scale:   11.4903301
 wtx  7.31717373E-05hfrac  0.392379761
 19**Scales: M2=   22.5625 Q2=   24.0633907 X2=   0.151678138
 19**Scale:   2.92359805
 20**Scales: M2=   22.5625 Q2=   24.0633907 X2=   0.151678138
 20**Scale:   11.6943922
 wtx  9.09007122E-06hfrac  0.392379761
 21**Scales: M2=   22.5625 Q2=   22.7314537 X2=   3.8683235
 21**Scale:   3.07264233
 22**Scales: M2=   22.5625 Q2=   22.7314537 X2=   3.8683235
 22**Scale:   12.2905693
 wtx  6.75823539E-05hfrac  0.392379761
 23**Scales: M2=   22.5625 Q2=   31.4643936 X2=   0.734680127
 23**Scale:   3.42259836
 24**Scales: M2=   22.5625 Q2=   31.4643936 X2=   0.734680127
 24**Scale:   13.6903934
 wtx  1.69762607E-05hfrac  0.392379761
 25**Scales: M2=   22.5625 Q2=   4.45132372 X2=   0.017236629
 25**Scale:   1.68944127
 26**Scales: M2=   22.5625 Q2=   4.45132372 X2=   0.017236629
 26**Scale:   6.75776509
 wtx  2.07806934E-05hfrac  0.392379761
 27**Scales: M2=   22.5625 Q2=   27.1659265 X2=   2.96644486
 27**Scale:   3.29342946
 28**Scales: M2=   22.5625 Q2=   27.1659265 X2=   2.96644486
 28**Scale:   13.1737178
 wtx  4.73780601E-05hfrac  0.392379761
 29**Scales: M2=   22.5625 Q2=   45.5033769 X2=   7.98496178
 29**Scale:   4.75317742
 30**Scales: M2=   22.5625 Q2=   45.5033769 X2=   7.98496178
 30**Scale:   19.0127097
 wtx  3.12852753E-05hfrac  0.392379761
 31**Scales: M2=   22.5625 Q2=   47.7275762 X2=   7.59107264
 31**Scale:   4.8675718
 32**Scales: M2=   22.5625 Q2=   47.7275762 X2=   7.59107264
 32**Scale:   19.4702872
 wtx  2.84901325E-05hfrac  0.392379761
 33**Scales: M2=   22.5625 Q2=   25.7443285 X2=   0.0132550244
 33**Scale:   3.02000522
 34**Scales: M2=   22.5625 Q2=   25.7443285 X2=   0.0132550244
 34**Scale:   12.0800209
 wtx  2.15181581E-06hfrac  0.392379761
 35**Scales: M2=   22.5625 Q2=   22.4137263 X2=   3.08846811
 35**Scale:   3.0040434
 36**Scales: M2=   22.5625 Q2=   22.4137263 X2=   3.08846811
 36**Scale:   12.0161736
 wtx  5.37629676E-05hfrac  0.392379761
 37**Scales: M2=   22.5625 Q2=   6.96171903 X2=   15.2665293
 37**Scale:   2.79942177
 38**Scales: M2=   22.5625 Q2=   6.96171903 X2=   15.2665293
 38**Scale:   11.1976871
 wtx  0.000395748619hfrac  0.392379761
 39**Scales: M2=   22.5625 Q2=   16.0915468 X2=   20.0043175
 39**Scale:   3.66614777
 40**Scales: M2=   22.5625 Q2=   16.0915468 X2=   20.0043175
 40**Scale:   14.6645911
 wtx  0.000135182767hfrac  0.392379761
 41**Scales: M2=   22.5625 Q2=   12.2816054 X2=   293.508547
 41**Scale:   20.5220408
 42**Scales: M2=   22.5625 Q2=   12.2816054 X2=   293.508547
 42**Scale:   82.0881631
 wtx  1.43350562E-07hfrac  0.392379761
 **bmatch: create BMAT   
 BMAT    histos booked ! 
 43**Scales: M2=   22.5625 Q2=   25.9260471 X2=   1.93266466
 43**Scale:   3.15132574
 44**Scales: M2=   22.5625 Q2=   25.9260471 X2=   1.93266466
 44**Scale:   12.605303
 wtx  3.44966538E-05hfrac  0.392379761
 45**Scales: M2=   22.5625 Q2=   39.1989167 X2=   1.59597077
 45**Scale:   3.95983672
 46**Scales: M2=   22.5625 Q2=   39.1989167 X2=   1.59597077
 46**Scale:   15.8393469
 wtx  1.50766737E-05hfrac  0.392379761
 47**Scales: M2=   22.5625 Q2=   10.0805705 X2=   2.57792934
 47**Scale:   2.20131249
 48**Scales: M2=   22.5625 Q2=   10.0805705 X2=   2.57792934
 48**Scale:   8.80524997
 wtx  0.000118709082hfrac  0.392379761
 49**Scales: M2=   22.5625 Q2=   19.9396765 X2=   0.552820132
 49**Scale:   2.69093729
 50**Scales: M2=   22.5625 Q2=   19.9396765 X2=   0.552820132
 50**Scale:   10.7637492
 wtx  2.10737744E-05hfrac  0.392379761
 51**Scales: M2=   22.5625 Q2=   36.8584303 X2=   24.1308832
 51**Scale:   5.22198835
 52**Scales: M2=   22.5625 Q2=   36.8584303 X2=   24.1308832
 52**Scale:   20.8879534
 wtx  4.42737983E-05hfrac  0.392379761
 53**Scales: M2=   22.5625 Q2=   21.3689491 X2=   184.345962
 53**Scale:   14.2673382
 54**Scales: M2=   22.5625 Q2=   21.3689491 X2=   184.345962
 54**Scale:   57.0693527
 wtx  9.74921204E-06hfrac  0.392379761
 55**Scales: M2=   22.5625 Q2=   24.9667191 X2=   2.05186974
 55**Scale:   3.09881805
 56**Scales: M2=   22.5625 Q2=   24.9667191 X2=   2.05186974
 56**Scale:   12.3952722
 wtx  3.19580176E-05hfrac  0.392379761
 57**Scales: M2=   22.5625 Q2=   18.2466942 X2=   15.5651049
 57**Scale:   3.5233937
 58**Scales: M2=   22.5625 Q2=   18.2466942 X2=   15.5651049
 58**Scale:   14.0935748
 wtx  0.000116650233hfrac  0.392379761
 59**Scales: M2=   22.5625 Q2=   5.30902306 X2=   5.94890416
 59**Scale:   2.1137767
 60**Scales: M2=   22.5625 Q2=   5.30902306 X2=   5.94890416
 60**Scale:   8.4551068
 wtx  0.000394999253hfrac  0.392379761
 61**Scales: M2=   22.5625 Q2=   18.2075667 X2=   7.68572991
 61**Scale:   3.02848729
 62**Scales: M2=   22.5625 Q2=   18.2075667 X2=   7.68572991
 62**Scale:   12.1139492
 wtx  9.772872E-05hfrac  0.392379761
 63**Scales: M2=   22.5625 Q2=   48.2617925 X2=   74.3745622
 63**Scale:   9.07492842
 64**Scales: M2=   22.5625 Q2=   48.2617925 X2=   74.3745622
 64**Scale:   36.2997137
 wtx  1.7479606E-05hfrac  0.392379761
 65**Scales: M2=   22.5625 Q2=   42.0249217 X2=   118.658045
 65**Scale:   11.4528417
 66**Scales: M2=   22.5625 Q2=   42.0249217 X2=   118.658045
 66**Scale:   45.8113667
 wtx  1.37365132E-05hfrac  0.392379761
 67**Scales: M2=   22.5625 Q2=   9.58583734 X2=   7.10076896
 67**Scale:   2.45306914
 68**Scales: M2=   22.5625 Q2=   9.58583734 X2=   7.10076896
 68**Scale:   9.81227657
 wtx  0.000205167729hfrac  0.392379761
 69**Scales: M2=   22.5625 Q2=   44.7306663 X2=   4.52201471
 69**Scale:   4.48844881
 70**Scales: M2=   22.5625 Q2=   44.7306663 X2=   4.52201471
 70**Scale:   17.9537953
 wtx  2.04802363E-05hfrac  0.392379761
 71**Scales: M2=   22.5625 Q2=   7.15452773 X2=   4.73482402
 71**Scale:   2.15324073
 72**Scales: M2=   22.5625 Q2=   7.15452773 X2=   4.73482402
 72**Scale:   8.61296294
 wtx  0.000241778776hfrac  0.392379761
 73**Scales: M2=   22.5625 Q2=   32.9870521 X2=   17.36072
 73**Scale:   4.55689201
 74**Scales: M2=   22.5625 Q2=   32.9870521 X2=   17.36072
 74**Scale:   18.227568
 wtx  5.14542153E-05hfrac  0.392379761
 75**Scales: M2=   22.5625 Q2=   5.90190883 X2=   60.66319
 75**Scale:   5.57047493
 76**Scales: M2=   22.5625 Q2=   5.90190883 X2=   60.66319
 76**Scale:   22.2818997
 wtx  0.000301179942hfrac  0.392379761
 77**Scales: M2=   22.5625 Q2=   34.1913676 X2=   177.019163
 77**Scale:   14.6108144
 78**Scales: M2=   22.5625 Q2=   34.1913676 X2=   177.019163
 78**Scale:   58.4432576
 wtx  1.11147856E-05hfrac  0.392379761
 79**Scales: M2=   22.5625 Q2=   21.1061606 X2=   7.10302744
 79**Scale:   3.17323051
 80**Scales: M2=   22.5625 Q2=   21.1061606 X2=   7.10302744
 80**Scale:   12.692922
 wtx  7.17637886E-05hfrac  0.392379761
 81**Scales: M2=   22.5625 Q2=   2.18158092 X2=   5.45670422
 81**Scale:   1.88754907
 82**Scales: M2=   22.5625 Q2=   2.18158092 X2=   5.45670422
 82**Scale:   7.55019629
 wtx  0.000920992519hfrac  0.392379761
 83**Scales: M2=   22.5625 Q2=   17.046735 X2=   82.8458192
 83**Scale:   7.65344088
 84**Scales: M2=   22.5625 Q2=   17.046735 X2=   82.8458192
 84**Scale:   30.6137635
 wtx  7.06050414E-05hfrac  0.392379761
 85**Scales: M2=   22.5625 Q2=   38.0089359 X2=   77.7202405
 85**Scale:   8.64322977
 86**Scales: M2=   22.5625 Q2=   38.0089359 X2=   77.7202405
 86**Scale:   34.5729191
 wtx  2.6289892E-05hfrac  0.392379761
 87**Scales: M2=   22.5625 Q2=   20.2148503 X2=   53.3151036
 87**Scale:   6.00577837
 88**Scales: M2=   22.5625 Q2=   20.2148503 X2=   53.3151036
 88**Scale:   24.0231135
 wtx  7.92656792E-05hfrac  0.392379761
 89**Scales: M2=   22.5625 Q2=   9.91490214 X2=   56.1405723
 89**Scale:   5.53862341
 90**Scales: M2=   22.5625 Q2=   9.91490214 X2=   56.1405723
 90**Scale:   22.1544936
 wtx  0.000178613933hfrac  0.392379761
 91**Scales: M2=   22.5625 Q2=   30.8639727 X2=   4.39211643
 91**Scale:   3.61366182
 92**Scales: M2=   22.5625 Q2=   30.8639727 X2=   4.39211643
 92**Scale:   14.4546473
 wtx  3.36682133E-05hfrac  0.392379761
 93**Scales: M2=   22.5625 Q2=   42.0702464 X2=   7.75997989
 93**Scale:   4.52454539
 94**Scales: M2=   22.5625 Q2=   42.0702464 X2=   7.75997989
 94**Scale:   18.0981816
 wtx  2.75472939E-05hfrac  0.392379761
 95**Scales: M2=   22.5625 Q2=   40.9714563 X2=   100.491597
 95**Scale:   10.2515971
 96**Scales: M2=   22.5625 Q2=   40.9714563 X2=   100.491597
 96**Scale:   41.0063884
 wtx  1.90952287E-05hfrac  0.392379761
 97**Scales: M2=   22.5625 Q2=   10.9880306 X2=   301.350643
 97**Scale:   20.9313234
 98**Scales: M2=   22.5625 Q2=   10.9880306 X2=   301.350643
 98**Scale:   83.7252935
 wtx  2.0751344E-05hfrac  0.392379761
 99**Scales: M2=   22.5625 Q2=   19.480461 X2=   149.37759
 99**Scale:   11.9637844
 100**Scales: M2=   22.5625 Q2=   19.480461 X2=   149.37759
 100**Scale:   47.8551377
 wtx  3.3531127E-05hfrac  0.392379761
 wtx  9.97936368E-05hfrac  0.392379761
 wtx  2.1226444E-05hfrac  0.392379761
 wtx  5.12578526E-06hfrac  0.392379761
 wtx  1.55209309E-05hfrac  0.392379761
 wtx  3.3198965E-05hfrac  0.392379761
 wtx  6.17627447E-05hfrac  0.392379761
 wtx  7.02063771E-05hfrac  0.392379761
 wtx  3.75224154E-05hfrac  0.392379761
 wtx  3.72771174E-05hfrac  0.392379761
 wtx  5.97848848E-05hfrac  0.392379761
 wtx  0.00012336846hfrac  0.392379761
 wtx  3.50172413E-05hfrac  0.392379761
 wtx  3.85754429E-05hfrac  0.392379761
 wtx  1.86955494E-05hfrac  0.392379761
 wtx  0.000269925542hfrac  0.392379761
 wtx  3.23675667E-05hfrac  0.392379761
 wtx  2.53740527E-05hfrac  0.392379761
 wtx  1.8253412E-06hfrac  0.392379761
 wtx  4.91418614E-05hfrac  0.392379761
 wtx  0.000225993484hfrac  0.392379761
 wtx  6.0199276E-05hfrac  0.392379761
 wtx  3.11892145E-05hfrac  0.392379761
 wtx  2.07747735E-06hfrac  0.392379761
 wtx  3.84555133E-05hfrac  0.392379761
 wtx  3.15132638E-05hfrac  0.392379761
 wtx  1.03238208E-05hfrac  0.392379761
 wtx  1.20415334E-05hfrac  0.392379761
 wtx  3.26293266E-05hfrac  0.392379761
 wtx  5.99170889E-05hfrac  0.392379761
 wtx  7.69323597E-05hfrac  0.392379761
 wtx  1.74519992E-05hfrac  0.392379761
 wtx  2.85619353E-05hfrac  0.392379761
 wtx  7.4449963E-06hfrac  0.392379761
 wtx  5.12832194E-05hfrac  0.392379761
 wtx  6.63226456E-06hfrac  0.392379761
 wtx  1.66063401E-05hfrac  0.392379761
 wtx  4.76913265E-05hfrac  0.392379761
 wtx  0.00010954294hfrac  0.392379761
 wtx  1.19163178E-05hfrac  0.392379761
 wtx  4.70641608E-05hfrac  0.392379761
 wtx  5.04919553E-05hfrac  0.392379761
 wtx  8.57681243E-06hfrac  0.392379761
 wtx  2.84411381E-05hfrac  0.392379761
 wtx  7.34663045E-05hfrac  0.392379761
 wtx  5.47555319E-05hfrac  0.392379761
 wtx  8.97294522E-05hfrac  0.392379761
 wtx  0.00101206778hfrac  0.392379761
 wtx  7.13680056E-05hfrac  0.392379761
 wtx  7.90671984E-05hfrac  0.392379761
 wtx  2.73857167E-05hfrac  0.392379761
 IT,TI,TSI,AVGI,SD,CHI2A
   1       21.37011      1.285       21.37011      1.285      0.000    
 IT,TI,TSI,AVGI,SD,CHI2A
   2       21.33219     0.2939       21.33408     0.2867     0.8286E-03
 NDIM,CALLS,IT,ITMX,MDS,ND



 INPUT PARAMETERS FOR VEGAS:  NDIM=  3  NCALL=  4920750.
                              IT=    0  ITMX=    4
                              MDS= -1   ND=  45
 IT,TI,TSI,AVGI,SD,CHI2A
   1       20.82533     0.3670E-01   20.82533     0.3670E-01  0.000    
 IT,TI,TSI,AVGI,SD,CHI2A
   2       20.81676     0.3674E-01   20.82105     0.2596E-01 0.2721E-01
 IT,TI,TSI,AVGI,SD,CHI2A
   3       20.76008     0.3671E-01   20.80080     0.2120E-01 0.9312    
 IT,TI,TSI,AVGI,SD,CHI2A
   4       20.79716     0.3660E-01   20.79989     0.1834E-01 0.6234    
 NLO starting:
 NDIM,CALLS,IT,ITMX,MDS,ND



 INPUT PARAMETERS FOR VEGAS:  NDIM=  6  NCALL=   786432.
                              IT=    0  ITMX=    4
                              MDS=  1   ND=  50
 **sig1: iscalef=  17
 **sig1: mur=   7.89950038
 **sig1: iscalef=  7
 **sig1: muf=   31.5980015
 ALFAS  =   0.256600242
 MUR2   =   7.89950038
 LOGMUR =  -1.04948972
 MUF2   =   31.5980015
 LOGMUF =   0.336804639
  
 INTEGRATING NLO GLUON ...
  
 IT,TI,TSI,AVGI,SD,CHI2A
   1      0.2219692E-01  3.544      0.2219692E-01  3.544      0.000    
 IT,TI,TSI,AVGI,SD,CHI2A
   2       7.249900      1.737       7.249884      1.228     0.7798E-04
 IT,TI,TSI,AVGI,SD,CHI2A
   3       7.120049     0.8443       7.145599     0.6235     0.3457E-02
 IT,TI,TSI,AVGI,SD,CHI2A
   4       9.175258     0.9158       8.224025     0.4980      1.380    
 NDIM,CALLS,IT,ITMX,MDS,ND



 INPUT PARAMETERS FOR VEGAS:  NDIM=  6  NCALL=  5971968.
                              IT=    0  ITMX=    8
                              MDS=  1   ND=  50
 IT,TI,TSI,AVGI,SD,CHI2A
   1       9.628382     0.4565       9.628382     0.4565      0.000    
 IT,TI,TSI,AVGI,SD,CHI2A
   2       8.661668     0.3067       9.007779     0.2598      3.182    
 IT,TI,TSI,AVGI,SD,CHI2A
   3       8.464052     0.2940       8.790220     0.1963      2.593    
 **sig1: calling fhist EVENT p1,p2,p3=   5.01334807  8.14308414E-07
 -0.998384319 -1.25474603  5.01329985 -8.14308414E-07 -0.998267886 -1.25464602
  0.  0.  0.  0.
 **sig1: soft virtual 
 **sig1: wgt=   NAN vwgt=   2.39765057E-11 XNORM=   0.0123382218
 **sig1: = HEVENTL  5.61255263E-05 XJAC=   2.34034431E-08
 **hzb: start tmp=   NAN
 IT,TI,TSI,AVGI,SD,CHI2A
   4       9.316286     0.3561       8.920905     0.1720      2.274    
 IT,TI,TSI,AVGI,SD,CHI2A
   5       9.685981     0.4295       9.040118     0.1604      2.404    
 IT,TI,TSI,AVGI,SD,CHI2A
   6       8.685091     0.4600       9.005169     0.1510      2.054    
 IT,TI,TSI,AVGI,SD,CHI2A
   7       8.763377     0.3946       8.976187     0.1410      1.781    
 IT,TI,TSI,AVGI,SD,CHI2A
   8       9.449976     0.3935       9.034446     0.1328      1.705    
 NDIM,CALLS,IT,ITMX,MDS,ND



 INPUT PARAMETERS FOR VEGAS:  NDIM=  6  NCALL=   786432.
                              IT=    0  ITMX=    4
                              MDS=  1   ND=  50
 ALFAS  =   0.210350399
 MUR2   =   24.0752907
 LOGMUR =   0.064896796
 MUF2   =   96.3011628
 LOGMUF =   1.45119116
  
 INTEGRATING QUARK INITIATED ...
  
 IT,TI,TSI,AVGI,SD,CHI2A
   1       12.10421      7.248       12.10421      7.248      0.000    
 IT,TI,TSI,AVGI,SD,CHI2A
   2       5.890414      1.183       6.518323      1.812      1.068    
 IT,TI,TSI,AVGI,SD,CHI2A
   3       5.322020     0.4237       5.500149     0.6138     0.9337    
 IT,TI,TSI,AVGI,SD,CHI2A
   4       6.083106     0.4578       5.784528     0.4127     0.8715    
 NDIM,CALLS,IT,ITMX,MDS,ND



 INPUT PARAMETERS FOR VEGAS:  NDIM=  6  NCALL=  5971968.
                              IT=    0  ITMX=    8
                              MDS=  1   ND=  50
 IT,TI,TSI,AVGI,SD,CHI2A
   1       5.667406     0.9760E-01   5.667406     0.9760E-01  0.000    
 IT,TI,TSI,AVGI,SD,CHI2A
   2       5.459688     0.9577E-01   5.565463     0.6838E-01  2.306    
 IT,TI,TSI,AVGI,SD,CHI2A
   3       5.671671     0.8812E-01   5.606339     0.5398E-01  1.596    
 IT,TI,TSI,AVGI,SD,CHI2A
   4       5.617059     0.1189       5.608179     0.4916E-01  1.065    
 IT,TI,TSI,AVGI,SD,CHI2A
   5       5.461843     0.9118E-01   5.576519     0.4330E-01  1.291    
 IT,TI,TSI,AVGI,SD,CHI2A
   6       5.729342     0.9356E-01   5.604705     0.3929E-01  1.478    
 IT,TI,TSI,AVGI,SD,CHI2A
   7       5.643953     0.8473E-01   5.611736     0.3563E-01  1.259    
 IT,TI,TSI,AVGI,SD,CHI2A
   8       5.669204     0.1044       5.617851     0.3373E-01  1.116    
  
 CROSS SECTION =   35.4521818 +/-   0.138212205
  
  # of events with muons:  0 out of:  279557616
  All:           1. muons:   129.69371 2. muon   8.45910072
 In acc: 1. muons:     95.198:      0.734 % 2. muon     11.481:      1.357 %
  Norm Histos here: lum=   1.lumbreit lum1  1.
  ZEUS scenario in Lab frame Q2>4
  Total      sig (pb):   607.036438
  b tot  sig (pb):   353.324249
  >=1jets sig (pb):   543.419434
  muon +no cuts on jet sig (pb):   71.4808426
  muon+jet    sig (pb):   66.1194916
  muon+jet+cone sig (pb):   41.861351
  ZEUS scenario in Breit frame Q2>2 
  tot        sig (pb):   607.036438
  b.cross    sig (pb):   440.102661
  >=1jet sig (pb):   463.926239
  muon nojet cut sig (pb):   38.8940201
  muon+jet   sig (pb):   35.4967041
 incl jet   sig (pb):  127.918449
 incl muon  sig (pb):  38.523159
 incl b     sig (pb):  574.40564
 generator:HVQ     hfrac  0.2205
  Output Histos here 
