  
 ============================
 | HVQDIS  V1.4  APRIL 2000 |
 ============================
  
 NORDER    =        2
 ISCALER   =        7
 ISCALEF   =       27
 IPDF      =        5
 PTS0      =   500000
 ITS0      =        2
 PTS1      =   800000
 ITS1      =        4
 IQUARK    =        2
 MASS      =      4.75
 EPRO      =    920.00
 EIEL      =     27.50
 Q2MIN     =      2.00
 Q2MAX     =   3000.00
 XBJMIN    =      0.00
 XBJMAX    =      1.00
 YMIN      =      0.05
 YMAX      =      0.70
 ETAMAX    =      2.50
 PTMIN     =      0.00
 PTMAX     =   *******
 IFRAG     =        0
 ISL       =        1
 EPS       =      0.0035
 HFRAC     =      0.2205
 XMD       =      5.2780
 TCFRAG    =        0
 TCSL    =        1
 PREF      =   f2b_2.-3000._0.-1._r7_f27_m4.75.histos  
  
 BOTTOM PRODUCTION
 RM48 INITIALIZED:        40           0         0
 **hist: start histos 
 HPATH.  ERROR IN PATHNAME,


 ===> Directory : 
  create directory HISB
 hfrac:  0.2205
 **hzb: Version kula1  
 FULL LO+NLO ME
 NDIM,CALLS,IT,ITMX,MDS,ND



 INPUT PARAMETERS FOR VEGAS:  NDIM=  3  NCALL=   476656.
                              IT=    0  ITMX=    2
                              MDS= -1   ND=  31
 **MScale: SCALFA=   1. ISCALE=  7
 **MScale: scale: (Q2+Pt2+M2)/4 
 1**Scales: M2=   22.5625 Q2=   24.8489252 X2=   0.0300290419
 1**Scale:   11.8603636
 **MScale: SCALFA=   1. ISCALE=  27
 **MScale: scale: 4*(Q2+Pt2+M2)/4 
 2**Scales: M2=   22.5625 Q2=   24.8489252 X2=   0.0300290419
 2**Scale:   47.4414542
 wtx  4.82606129E-06hfrac  0.392379761
 **frag: Peterson frag function 
 **frag: Vincenzo semi-leptonic routine dir+indir 

 ******************************************************
 KTCLUS: written by Mike Seymour, July 1992.
 Last modified October 1997.
 Please send comments or suggestions to Mike.Seymour@rl.ac.uk

       Collision type = 3 = pe        
     Angular variable = 2 = DeltaR    
 Monotonic definition = 1 = no        
 Recombination scheme = 1 = E         
 Ecut=  1.00
 ******************************************************

 **MScale: SCALFA=   1. ISCALE=  7
 **MScale: scale: (Q2+Pt2+M2)/4 
 3**Scales: M2=   22.5625 Q2=   20.1388584 X2=   0.0237148074
 3**Scale:   10.6812683
 **MScale: SCALFA=   1. ISCALE=  27
 **MScale: scale: 4*(Q2+Pt2+M2)/4 
 4**Scales: M2=   22.5625 Q2=   20.1388584 X2=   0.0237148074
 4**Scale:   42.7250732
 wtx  5.6033964E-06hfrac  0.392379761
 **MScale: SCALFA=   1. ISCALE=  7
 **MScale: scale: (Q2+Pt2+M2)/4 
 5**Scales: M2=   22.5625 Q2=   40.9511474 X2=   0.205258561
 5**Scale:   15.9297265
 6**Scales: M2=   22.5625 Q2=   40.9511474 X2=   0.205258561
 6**Scale:   63.718906
 wtx  6.01906504E-06hfrac  0.392379761
 7**Scales: M2=   22.5625 Q2=   39.3281695 X2=   0.0357159313
 7**Scale:   15.4815964
 8**Scales: M2=   22.5625 Q2=   39.3281695 X2=   0.0357159313
 8**Scale:   61.9263854
 wtx  2.33379092E-06hfrac  0.392379761
 9**Scales: M2=   22.5625 Q2=   20.9502873 X2=   0.0371282937
 9**Scale:   10.8874789
 10**Scales: M2=   22.5625 Q2=   20.9502873 X2=   0.0371282937
 10**Scale:   43.5499156
 wtx  5.13882696E-06hfrac  0.392379761
 11**Scales: M2=   22.5625 Q2=   33.2469469 X2=   0.642805767
 11**Scale:   14.1130632
 12**Scales: M2=   22.5625 Q2=   33.2469469 X2=   0.642805767
 12**Scale:   56.4522527
 wtx  1.47899245E-05hfrac  0.392379761
 13**Scales: M2=   22.5625 Q2=   26.204857 X2=   0.750147389
 13**Scale:   12.3793761
 14**Scales: M2=   22.5625 Q2=   26.204857 X2=   0.750147389
 14**Scale:   49.5175044
 wtx  2.0806925E-05hfrac  0.392379761
 15**Scales: M2=   22.5625 Q2=   36.9540545 X2=   0.222006781
 15**Scale:   14.9346403
 16**Scales: M2=   22.5625 Q2=   36.9540545 X2=   0.222006781
 16**Scale:   59.7385613
 wtx  5.95791198E-06hfrac  0.392379761
 17**Scales: M2=   22.5625 Q2=   20.3686396 X2=   3.03018075
 17**Scale:   11.4903301
 18**Scales: M2=   22.5625 Q2=   20.3686396 X2=   3.03018075
 18**Scale:   45.9613203
 wtx  5.53404789E-05hfrac  0.392379761
 19**Scales: M2=   22.5625 Q2=   24.0633907 X2=   0.151678138
 19**Scale:   11.6943922
 20**Scales: M2=   22.5625 Q2=   24.0633907 X2=   0.151678138
 20**Scale:   46.7775689
 wtx  7.95183678E-06hfrac  0.392379761
 21**Scales: M2=   22.5625 Q2=   22.7314537 X2=   3.8683235
 21**Scale:   12.2905693
 22**Scales: M2=   22.5625 Q2=   22.7314537 X2=   3.8683235
 22**Scale:   49.1622772
 wtx  5.29537174E-05hfrac  0.392379761
 23**Scales: M2=   22.5625 Q2=   31.4643936 X2=   0.734680127
 23**Scale:   13.6903934
 24**Scales: M2=   22.5625 Q2=   31.4643936 X2=   0.734680127
 24**Scale:   54.7615737
 wtx  1.42950748E-05hfrac  0.392379761
 25**Scales: M2=   22.5625 Q2=   4.45132372 X2=   0.017236629
 25**Scale:   6.75776509
 26**Scales: M2=   22.5625 Q2=   4.45132372 X2=   0.017236629
 26**Scale:   27.0310603
 wtx  1.86040252E-05hfrac  0.392379761
 27**Scales: M2=   22.5625 Q2=   27.1659265 X2=   2.96644486
 27**Scale:   13.1737178
 28**Scales: M2=   22.5625 Q2=   27.1659265 X2=   2.96644486
 28**Scale:   52.6948714
 wtx  3.81388563E-05hfrac  0.392379761
 29**Scales: M2=   22.5625 Q2=   45.5033769 X2=   7.98496178
 29**Scale:   19.0127097
 30**Scales: M2=   22.5625 Q2=   45.5033769 X2=   7.98496178
 30**Scale:   76.0508387
 wtx  2.43050872E-05hfrac  0.392379761
 31**Scales: M2=   22.5625 Q2=   47.7275762 X2=   7.59107264
 31**Scale:   19.4702872
 32**Scales: M2=   22.5625 Q2=   47.7275762 X2=   7.59107264
 32**Scale:   77.8811488
 wtx  2.22863309E-05hfrac  0.392379761
 33**Scales: M2=   22.5625 Q2=   25.7443285 X2=   0.0132550244
 33**Scale:   12.0800209
 34**Scales: M2=   22.5625 Q2=   25.7443285 X2=   0.0132550244
 34**Scale:   48.3200836
 wtx  1.89960383E-06hfrac  0.392379761
 35**Scales: M2=   22.5625 Q2=   22.4137263 X2=   3.08846811
 35**Scale:   12.0161736
 36**Scales: M2=   22.5625 Q2=   22.4137263 X2=   3.08846811
 36**Scale:   48.0646944
 wtx  4.51760243E-05hfrac  0.392379761
 37**Scales: M2=   22.5625 Q2=   6.96171903 X2=   15.2665293
 37**Scale:   11.1976871
 38**Scales: M2=   22.5625 Q2=   6.96171903 X2=   15.2665293
 38**Scale:   44.7907483
 wtx  0.000294997444hfrac  0.392379761
 39**Scales: M2=   22.5625 Q2=   16.0915468 X2=   20.0043175
 39**Scale:   14.6645911
 40**Scales: M2=   22.5625 Q2=   16.0915468 X2=   20.0043175
 40**Scale:   58.6583643
 wtx  9.99271724E-05hfrac  0.392379761
 41**Scales: M2=   22.5625 Q2=   12.2816054 X2=   293.508547
 41**Scale:   82.0881631
 42**Scales: M2=   22.5625 Q2=   12.2816054 X2=   293.508547
 42**Scale:   328.352652
 wtx  6.62710278E-08hfrac  0.392379761
 **bmatch: create BMAT   
 BMAT    histos booked ! 
 43**Scales: M2=   22.5625 Q2=   25.9260471 X2=   1.93266466
 43**Scale:   12.605303
 44**Scales: M2=   22.5625 Q2=   25.9260471 X2=   1.93266466
 44**Scale:   50.4212118
 wtx  2.91370252E-05hfrac  0.392379761
 45**Scales: M2=   22.5625 Q2=   39.1989167 X2=   1.59597077
 45**Scale:   15.8393469
 46**Scales: M2=   22.5625 Q2=   39.1989167 X2=   1.59597077
 46**Scale:   63.3573875
 wtx  1.29778655E-05hfrac  0.392379761
 47**Scales: M2=   22.5625 Q2=   10.0805705 X2=   2.57792934
 47**Scale:   8.80524997
 48**Scales: M2=   22.5625 Q2=   10.0805705 X2=   2.57792934
 48**Scale:   35.2209999
 wtx  0.000103093014hfrac  0.392379761
 49**Scales: M2=   22.5625 Q2=   19.9396765 X2=   0.552820132
 49**Scale:   10.7637492
 50**Scales: M2=   22.5625 Q2=   19.9396765 X2=   0.552820132
 50**Scale:   43.0549966
 wtx  1.85480785E-05hfrac  0.392379761
 51**Scales: M2=   22.5625 Q2=   36.8584303 X2=   24.1308832
 51**Scale:   20.8879534
 52**Scales: M2=   22.5625 Q2=   36.8584303 X2=   24.1308832
 52**Scale:   83.5518135
 wtx  3.43043939E-05hfrac  0.392379761
 53**Scales: M2=   22.5625 Q2=   21.3689491 X2=   184.345962
 53**Scale:   57.0693527
 54**Scales: M2=   22.5625 Q2=   21.3689491 X2=   184.345962
 54**Scale:   228.277411
 wtx  6.20216179E-06hfrac  0.392379761
 55**Scales: M2=   22.5625 Q2=   24.9667191 X2=   2.05186974
 55**Scale:   12.3952722
 56**Scales: M2=   22.5625 Q2=   24.9667191 X2=   2.05186974
 56**Scale:   49.5810889
 wtx  2.77118943E-05hfrac  0.392379761
 57**Scales: M2=   22.5625 Q2=   18.2466942 X2=   15.5651049
 57**Scale:   14.0935748
 58**Scales: M2=   22.5625 Q2=   18.2466942 X2=   15.5651049
 58**Scale:   56.3742991
 wtx  9.43626364E-05hfrac  0.392379761
 59**Scales: M2=   22.5625 Q2=   5.30902306 X2=   5.94890416
 59**Scale:   8.4551068
 60**Scales: M2=   22.5625 Q2=   5.30902306 X2=   5.94890416
 60**Scale:   33.8204272
 wtx  0.000332709256hfrac  0.392379761
 61**Scales: M2=   22.5625 Q2=   18.2075667 X2=   7.68572991
 61**Scale:   12.1139492
 62**Scales: M2=   22.5625 Q2=   18.2075667 X2=   7.68572991
 62**Scale:   48.4557966
 wtx  8.18516055E-05hfrac  0.392379761
 63**Scales: M2=   22.5625 Q2=   48.2617925 X2=   74.3745622
 63**Scale:   36.2997137
 64**Scales: M2=   22.5625 Q2=   48.2617925 X2=   74.3745622
 64**Scale:   145.198855
 wtx  1.30027311E-05hfrac  0.392379761
 65**Scales: M2=   22.5625 Q2=   42.0249217 X2=   118.658045
 65**Scale:   45.8113667
 66**Scales: M2=   22.5625 Q2=   42.0249217 X2=   118.658045
 66**Scale:   183.245467
 wtx  9.90859735E-06hfrac  0.392379761
 67**Scales: M2=   22.5625 Q2=   9.58583734 X2=   7.10076896
 67**Scale:   9.81227657
 68**Scales: M2=   22.5625 Q2=   9.58583734 X2=   7.10076896
 68**Scale:   39.2491063
 wtx  0.000173929715hfrac  0.392379761
 69**Scales: M2=   22.5625 Q2=   44.7306663 X2=   4.52201471
 69**Scale:   17.9537953
 70**Scales: M2=   22.5625 Q2=   44.7306663 X2=   4.52201471
 70**Scale:   71.815181
 wtx  1.73671942E-05hfrac  0.392379761
 71**Scales: M2=   22.5625 Q2=   7.15452773 X2=   4.73482402
 71**Scale:   8.61296294
 72**Scales: M2=   22.5625 Q2=   7.15452773 X2=   4.73482402
 72**Scale:   34.4518517
 wtx  0.000207501085hfrac  0.392379761
 73**Scales: M2=   22.5625 Q2=   32.9870521 X2=   17.36072
 73**Scale:   18.227568
 74**Scales: M2=   22.5625 Q2=   32.9870521 X2=   17.36072
 74**Scale:   72.9102721
 wtx  4.20865726E-05hfrac  0.392379761
 75**Scales: M2=   22.5625 Q2=   5.90190883 X2=   60.66319
 75**Scale:   22.2818997
 76**Scales: M2=   22.5625 Q2=   5.90190883 X2=   60.66319
 76**Scale:   89.1275989
 wtx  0.000228619436hfrac  0.392379761
 77**Scales: M2=   22.5625 Q2=   34.1913676 X2=   177.019163
 77**Scale:   58.4432576
 78**Scales: M2=   22.5625 Q2=   34.1913676 X2=   177.019163
 78**Scale:   233.773031
 wtx  7.82338338E-06hfrac  0.392379761
 79**Scales: M2=   22.5625 Q2=   21.1061606 X2=   7.10302744
 79**Scale:   12.692922
 80**Scales: M2=   22.5625 Q2=   21.1061606 X2=   7.10302744
 80**Scale:   50.7716881
 wtx  6.11967698E-05hfrac  0.392379761
 81**Scales: M2=   22.5625 Q2=   2.18158092 X2=   5.45670422
 81**Scale:   7.55019629
 82**Scales: M2=   22.5625 Q2=   2.18158092 X2=   5.45670422
 82**Scale:   30.2007851
 wtx  0.000791429251hfrac  0.392379761
 83**Scales: M2=   22.5625 Q2=   17.046735 X2=   82.8458192
 83**Scale:   30.6137635
 84**Scales: M2=   22.5625 Q2=   17.046735 X2=   82.8458192
 84**Scale:   122.455054
 wtx  5.38089407E-05hfrac  0.392379761
 85**Scales: M2=   22.5625 Q2=   38.0089359 X2=   77.7202405
 85**Scale:   34.5729191
 86**Scales: M2=   22.5625 Q2=   38.0089359 X2=   77.7202405
 86**Scale:   138.291676
 wtx  2.0045205E-05hfrac  0.392379761
 87**Scales: M2=   22.5625 Q2=   20.2148503 X2=   53.3151036
 87**Scale:   24.0231135
 88**Scales: M2=   22.5625 Q2=   20.2148503 X2=   53.3151036
 88**Scale:   96.0924539
 wtx  6.17038459E-05hfrac  0.392379761
 89**Scales: M2=   22.5625 Q2=   9.91490214 X2=   56.1405723
 89**Scale:   22.1544936
 90**Scales: M2=   22.5625 Q2=   9.91490214 X2=   56.1405723
 90**Scale:   88.6179745
 wtx  0.000139524098hfrac  0.392379761
 91**Scales: M2=   22.5625 Q2=   30.8639727 X2=   4.39211643
 91**Scale:   14.4546473
 92**Scales: M2=   22.5625 Q2=   30.8639727 X2=   4.39211643
 92**Scale:   57.8185891
 wtx  2.89148265E-05hfrac  0.392379761
 93**Scales: M2=   22.5625 Q2=   42.0702464 X2=   7.75997989
 93**Scale:   18.0981816
 94**Scales: M2=   22.5625 Q2=   42.0702464 X2=   7.75997989
 94**Scale:   72.3927262
 wtx  2.32813927E-05hfrac  0.392379761
 95**Scales: M2=   22.5625 Q2=   40.9714563 X2=   100.491597
 95**Scale:   41.0063884
 96**Scales: M2=   22.5625 Q2=   40.9714563 X2=   100.491597
 96**Scale:   164.025554
 wtx  1.42807994E-05hfrac  0.392379761
 97**Scales: M2=   22.5625 Q2=   10.9880306 X2=   301.350643
 97**Scale:   83.7252935
 98**Scales: M2=   22.5625 Q2=   10.9880306 X2=   301.350643
 98**Scale:   334.901174
 wtx  1.44371525E-05hfrac  0.392379761
 99**Scales: M2=   22.5625 Q2=   19.480461 X2=   149.37759
 99**Scale:   47.8551377
 100**Scales: M2=   22.5625 Q2=   19.480461 X2=   149.37759
 100**Scale:   191.420551
 wtx  2.49908608E-05hfrac  0.392379761
 wtx  7.93380968E-05hfrac  0.392379761
 wtx  1.81300566E-05hfrac  0.392379761
 wtx  3.44833529E-06hfrac  0.392379761
 wtx  1.33677549E-05hfrac  0.392379761
 wtx  2.64479295E-05hfrac  0.392379761
 wtx  5.04093587E-05hfrac  0.392379761
 wtx  4.9184815E-05hfrac  0.392379761
 wtx  3.23037311E-05hfrac  0.392379761
 wtx  3.05142967E-05hfrac  0.392379761
 wtx  5.18121342E-05hfrac  0.392379761
 wtx  0.000105103289hfrac  0.392379761
 wtx  2.81421544E-05hfrac  0.392379761
 wtx  3.25492401E-05hfrac  0.392379761
 wtx  1.41103728E-05hfrac  0.392379761
 wtx  0.000228934965hfrac  0.392379761
 wtx  2.69541542E-05hfrac  0.392379761
 wtx  1.9602081E-05hfrac  0.392379761
 wtx  1.12898294E-06hfrac  0.392379761
 wtx  4.0166713E-05hfrac  0.392379761
 wtx  0.000171911495hfrac  0.392379761
 wtx  5.09548372E-05hfrac  0.392379761
 wtx  2.5225183E-05hfrac  0.392379761
 wtx  1.40935435E-06hfrac  0.392379761
 wtx  3.23857566E-05hfrac  0.392379761
 wtx  2.57263382E-05hfrac  0.392379761
 wtx  7.33745355E-06hfrac  0.392379761
 wtx  8.70171789E-06hfrac  0.392379761
 wtx  2.79080596E-05hfrac  0.392379761
 wtx  4.80843119E-05hfrac  0.392379761
 wtx  6.43097083E-05hfrac  0.392379761
 wtx  1.27850244E-05hfrac  0.392379761
 wtx  2.48665037E-05hfrac  0.392379761
 wtx  5.25367068E-06hfrac  0.392379761
 wtx  4.01223588E-05hfrac  0.392379761
 wtx  4.31554963E-06hfrac  0.392379761
 wtx  1.22984356E-05hfrac  0.392379761
 wtx  3.96889118E-05hfrac  0.392379761
 wtx  9.50815956E-05hfrac  0.392379761
 wtx  8.37989592E-06hfrac  0.392379761
 wtx  4.06672989E-05hfrac  0.392379761
 wtx  4.38358547E-05hfrac  0.392379761
 wtx  7.46172509E-06hfrac  0.392379761
 wtx  2.13452495E-05hfrac  0.392379761
 wtx  5.94962148E-05hfrac  0.392379761
 wtx  4.72652791E-05hfrac  0.392379761
 wtx  6.75283518E-05hfrac  0.392379761
 wtx  0.000852001773hfrac  0.392379761
 wtx  6.0461145E-05hfrac  0.392379761
 wtx  6.15580429E-05hfrac  0.392379761
 wtx  2.21678947E-05hfrac  0.392379761
 IT,TI,TSI,AVGI,SD,CHI2A
   1       19.02651      1.114       19.02651      1.114      0.000    
 IT,TI,TSI,AVGI,SD,CHI2A
   2       18.91977     0.2571       18.92522     0.2511     0.8758E-02
 NDIM,CALLS,IT,ITMX,MDS,ND



 INPUT PARAMETERS FOR VEGAS:  NDIM=  3  NCALL=  4920750.
                              IT=    0  ITMX=    4
                              MDS= -1   ND=  45
 IT,TI,TSI,AVGI,SD,CHI2A
   1       18.56353     0.3259E-01   18.56353     0.3259E-01  0.000    
 IT,TI,TSI,AVGI,SD,CHI2A
   2       18.58928     0.3272E-01   18.57637     0.2309E-01 0.3109    
 IT,TI,TSI,AVGI,SD,CHI2A
   3       18.54986     0.3243E-01   18.56747     0.1881E-01 0.3771    
 IT,TI,TSI,AVGI,SD,CHI2A
   4       18.47822     0.3244E-01   18.54517     0.1627E-01  2.131    
 NLO starting:
 NDIM,CALLS,IT,ITMX,MDS,ND



 INPUT PARAMETERS FOR VEGAS:  NDIM=  6  NCALL=   786432.
                              IT=    0  ITMX=    4
                              MDS=  1   ND=  50
 **sig1: iscalef=  7
 **sig1: mur=   35.1724245
 **sig1: iscalef=  27
 **sig1: muf=   140.689698
 ALFAS  =   0.198482001
 MUR2   =   35.1724245
 LOGMUR =   0.443973145
 MUF2   =   140.689698
 LOGMUF =   1.83026751
  
 INTEGRATING NLO GLUON ...
  
 IT,TI,TSI,AVGI,SD,CHI2A
   1       9.925246      3.760       9.925246      3.760      0.000    
 IT,TI,TSI,AVGI,SD,CHI2A
   2       9.436678      1.860       9.540726      1.693     0.1396E-01
 IT,TI,TSI,AVGI,SD,CHI2A
   3       9.196368     0.6536       9.245201     0.6270     0.2557E-01
 IT,TI,TSI,AVGI,SD,CHI2A
   4       9.250835     0.4295       9.248964     0.3588     0.1731E-01
 NDIM,CALLS,IT,ITMX,MDS,ND



 INPUT PARAMETERS FOR VEGAS:  NDIM=  6  NCALL=  5971968.
                              IT=    0  ITMX=    8
                              MDS=  1   ND=  50
 IT,TI,TSI,AVGI,SD,CHI2A
   1       9.923062     0.1877       9.923062     0.1877      0.000    
 IT,TI,TSI,AVGI,SD,CHI2A
   2       9.780474     0.1906       9.853868     0.1337     0.2839    
 IT,TI,TSI,AVGI,SD,CHI2A
   3       10.20731     0.2838       9.921909     0.1216     0.7948    
 IT,TI,TSI,AVGI,SD,CHI2A
   4       9.988072     0.3082       9.930849     0.1132     0.5428    
 IT,TI,TSI,AVGI,SD,CHI2A
   5       9.793931     0.1855       9.894705     0.9674E-01 0.5074    
 IT,TI,TSI,AVGI,SD,CHI2A
   6       9.855680     0.2781       9.890556     0.9132E-01 0.4105    
 IT,TI,TSI,AVGI,SD,CHI2A
   7       9.784112     0.2926       9.881352     0.8711E-01 0.3631    
 IT,TI,TSI,AVGI,SD,CHI2A
   8       8.988135     0.5535       9.863503     0.8527E-01 0.6252    
 NDIM,CALLS,IT,ITMX,MDS,ND



 INPUT PARAMETERS FOR VEGAS:  NDIM=  6  NCALL=   786432.
                              IT=    0  ITMX=    4
                              MDS=  1   ND=  50
 ALFAS  =   0.207760319
 MUR2   =   26.0467211
 LOGMUR =   0.143602655
 MUF2   =   104.186884
 LOGMUF =   1.52989702
  
 INTEGRATING QUARK INITIATED ...
  
 IT,TI,TSI,AVGI,SD,CHI2A
   1       1.033311      2.011       1.033311      2.011      0.000    
 IT,TI,TSI,AVGI,SD,CHI2A
   2       1.816311     0.3845       1.807152     0.3110     0.7329E-01
 IT,TI,TSI,AVGI,SD,CHI2A
   3       2.020082     0.3071       1.947070     0.2068     0.1479    
 IT,TI,TSI,AVGI,SD,CHI2A
   4       2.018013     0.1613       1.997005     0.1186     0.1135    
 NDIM,CALLS,IT,ITMX,MDS,ND



 INPUT PARAMETERS FOR VEGAS:  NDIM=  6  NCALL=  5971968.
                              IT=    0  ITMX=    8
                              MDS=  1   ND=  50
 IT,TI,TSI,AVGI,SD,CHI2A
   1       1.966073     0.3770E-01   1.966073     0.3770E-01  0.000    
 IT,TI,TSI,AVGI,SD,CHI2A
   2       1.997940     0.3923E-01   1.981630     0.2719E-01 0.3432    
 IT,TI,TSI,AVGI,SD,CHI2A
   3       2.032074     0.4916E-01   1.993905     0.2385E-01 0.5804    
 IT,TI,TSI,AVGI,SD,CHI2A
   4       1.971663     0.3982E-01   1.988150     0.2047E-01 0.4651    
 IT,TI,TSI,AVGI,SD,CHI2A
   5       2.011412     0.4127E-01   1.992813     0.1834E-01 0.4119    
 IT,TI,TSI,AVGI,SD,CHI2A
   6       1.912955     0.3886E-01   1.979256     0.1659E-01 0.9869    
 IT,TI,TSI,AVGI,SD,CHI2A
   7       2.002404     0.5920E-01   1.980974     0.1599E-01 0.8440    
 IT,TI,TSI,AVGI,SD,CHI2A
   8       1.970707     0.4087E-01   1.979628     0.1489E-01 0.7325    
  
 CROSS SECTION =   30.388306 +/-   0.0880799606
  
  # of events with muons:  0 out of:  283586651
  All:           1. muons:   132.258484 2. muon   8.27044201
 In acc: 1. muons:     98.580:      0.745 % 2. muon     11.470:      1.387 %
  Norm Histos here: lum=   1.lumbreit lum1  1.
  ZEUS scenario in Lab frame Q2>4
  Total      sig (pb):   616.650513
  b tot  sig (pb):   358.158264
  >=1jets sig (pb):   521.808716
  muon +no cuts on jet sig (pb):   71.6161423
  muon+jet    sig (pb):   64.6786423
  muon+jet+cone sig (pb):   41.3521538
  ZEUS scenario in Breit frame Q2>2 
  tot        sig (pb):   616.650513
  b.cross    sig (pb):   391.453979
  >=1jet sig (pb):   373.74704
  muon nojet cut sig (pb):   40.1595306
  muon+jet   sig (pb):   30.31847
 incl jet   sig (pb):  120.996674
 incl muon  sig (pb):  32.8857346
 incl b     sig (pb):  521.484436
 generator:HVQ     hfrac  0.2205
  Output Histos here 
