  
 ============================
 | HVQDIS  V1.4  APRIL 2000 |
 ============================
  
 NORDER    =        2
 ISCALER   =        7
 ISCALEF   =        7
 IPDF      =        5
 PTS0      =   500000
 ITS0      =        2
 PTS1      =   800000
 ITS1      =        4
 IQUARK    =        2
 MASS      =      4.50
 EPRO      =    920.00
 EIEL      =     27.50
 Q2MIN     =      2.00
 Q2MAX     =   3000.00
 XBJMIN    =      0.00
 XBJMAX    =      1.00
 YMIN      =      0.05
 YMAX      =      0.70
 ETAMAX    =      2.50
 PTMIN     =      0.00
 PTMAX     =   *******
 IFRAG     =        0
 ISL       =        1
 EPS       =      0.0035
 HFRAC     =      0.2205
 XMD       =      5.2780
 TCFRAG    =        0
 TCSL    =        1
 PREF      =   f2b_2.-3000._0.-1._r7_f7_m4.5.histos    
  
 BOTTOM PRODUCTION
 RM48 INITIALIZED:        40           0         0
 **hist: start histos 
 HPATH.  ERROR IN PATHNAME,


 ===> Directory : 
  create directory HISB
 hfrac:  0.2205
 **hzb: Version kula1  
 FULL LO+NLO ME
 NDIM,CALLS,IT,ITMX,MDS,ND



 INPUT PARAMETERS FOR VEGAS:  NDIM=  3  NCALL=   476656.
                              IT=    0  ITMX=    2
                              MDS= -1   ND=  31
 **MScale: SCALFA=   1. ISCALE=  7
 **MScale: scale: (Q2+Pt2+M2)/4 
 1**Scales: M2=   20.25 Q2=   24.8489252 X2=   0.0277065333
 1**Scale:   11.2816579
 **MScale: SCALFA=   1. ISCALE=  7
 **MScale: scale: (Q2+Pt2+M2)/4 
 2**Scales: M2=   20.25 Q2=   24.8489252 X2=   0.0277065333
 2**Scale:   11.2816579
 wtx  5.15411011E-06hfrac  0.392379761
 **frag: Peterson frag function 
 **frag: Vincenzo semi-leptonic routine dir+indir 

 ******************************************************
 KTCLUS: written by Mike Seymour, July 1992.
 Last modified October 1997.
 Please send comments or suggestions to Mike.Seymour@rl.ac.uk

       Collision type = 3 = pe        
     Angular variable = 2 = DeltaR    
 Monotonic definition = 1 = no        
 Recombination scheme = 1 = E         
 Ecut=  1.00
 ******************************************************

 **MScale: SCALFA=   1. ISCALE=  7
 **MScale: scale: (Q2+Pt2+M2)/4 
 3**Scales: M2=   20.25 Q2=   20.1388584 X2=   0.0217980286
 3**Scale:   10.1026641
 **MScale: SCALFA=   1. ISCALE=  7
 **MScale: scale: (Q2+Pt2+M2)/4 
 4**Scales: M2=   20.25 Q2=   20.1388584 X2=   0.0217980286
 4**Scale:   10.1026641
 wtx  5.93152254E-06hfrac  0.392379761
 **MScale: SCALFA=   1. ISCALE=  7
 **MScale: scale: (Q2+Pt2+M2)/4 
 5**Scales: M2=   20.25 Q2=   40.9511474 X2=   0.191368622
 5**Scale:   15.348129
 6**Scales: M2=   20.25 Q2=   40.9511474 X2=   0.191368622
 6**Scale:   15.348129
 wtx  6.54735413E-06hfrac  0.392379761
 7**Scales: M2=   20.25 Q2=   39.3281695 X2=   0.0332385229
 7**Scale:   14.902852
 8**Scales: M2=   20.25 Q2=   39.3281695 X2=   0.0332385229
 8**Scale:   14.902852
 wtx  2.42102942E-06hfrac  0.392379761
 9**Scales: M2=   20.25 Q2=   20.9502873 X2=   0.0341101714
 9**Scale:   10.3085994
 10**Scales: M2=   20.25 Q2=   20.9502873 X2=   0.0341101714
 10**Scale:   10.3085994
 wtx  5.06653805E-06hfrac  0.392379761
 11**Scales: M2=   20.25 Q2=   33.2469469 X2=   0.596817971
 11**Scale:   13.5234412
 12**Scales: M2=   20.25 Q2=   33.2469469 X2=   0.596817971
 12**Scale:   13.5234412
 wtx  1.6261738E-05hfrac  0.392379761
 13**Scales: M2=   20.25 Q2=   26.204857 X2=   0.69257033
 13**Scale:   11.7868568
 14**Scales: M2=   20.25 Q2=   26.204857 X2=   0.69257033
 14**Scale:   11.7868568
 wtx  2.19492595E-05hfrac  0.392379761
 15**Scales: M2=   20.25 Q2=   36.9540545 X2=   0.206282744
 15**Scale:   14.3525843
 16**Scales: M2=   20.25 Q2=   36.9540545 X2=   0.206282744
 16**Scale:   14.3525843
 wtx  6.09146582E-06hfrac  0.392379761
 17**Scales: M2=   20.25 Q2=   20.3686396 X2=   2.79302757
 17**Scale:   10.8529168
 18**Scales: M2=   20.25 Q2=   20.3686396 X2=   2.79302757
 18**Scale:   10.8529168
 wtx  6.44615138E-05hfrac  0.392379761
 19**Scales: M2=   20.25 Q2=   24.0633907 X2=   0.139645888
 19**Scale:   11.1132592
 20**Scales: M2=   20.25 Q2=   24.0633907 X2=   0.139645888
 20**Scale:   11.1132592
 wtx  7.76166507E-06hfrac  0.392379761
 21**Scales: M2=   20.25 Q2=   22.7314537 X2=   3.56756682
 21**Scale:   11.6372551
 22**Scales: M2=   20.25 Q2=   22.7314537 X2=   3.56756682
 22**Scale:   11.6372551
 wtx  5.92073666E-05hfrac  0.392379761
 23**Scales: M2=   20.25 Q2=   31.4643936 X2=   0.680439176
 23**Scale:   13.0987082
 24**Scales: M2=   20.25 Q2=   31.4643936 X2=   0.680439176
 24**Scale:   13.0987082
 wtx  1.47475639E-05hfrac  0.392379761
 25**Scales: M2=   20.25 Q2=   4.45132372 X2=   0.015578844
 25**Scale:   6.17922564
 26**Scales: M2=   20.25 Q2=   4.45132372 X2=   0.015578844
 26**Scale:   6.17922564
 wtx  1.66753525E-05hfrac  0.392379761
 27**Scales: M2=   20.25 Q2=   27.1659265 X2=   2.74240926
 27**Scale:   12.5395839
 28**Scales: M2=   20.25 Q2=   27.1659265 X2=   2.74240926
 28**Scale:   12.5395839
 wtx  4.14948772E-05hfrac  0.392379761
 29**Scales: M2=   20.25 Q2=   45.5033769 X2=   7.47585523
 29**Scale:   18.307308
 30**Scales: M2=   20.25 Q2=   45.5033769 X2=   7.47585523
 30**Scale:   18.307308
 wtx  2.80087188E-05hfrac  0.392379761
 31**Scales: M2=   20.25 Q2=   47.7275762 X2=   7.11344648
 31**Scale:   18.7727557
 32**Scales: M2=   20.25 Q2=   47.7275762 X2=   7.11344648
 32**Scale:   18.7727557
 wtx  2.54360584E-05hfrac  0.392379761
 33**Scales: M2=   20.25 Q2=   25.7443285 X2=   0.0122170671
 33**Scale:   11.5016364
 34**Scales: M2=   20.25 Q2=   25.7443285 X2=   0.0122170671
 34**Scale:   11.5016364
 wtx  1.82709653E-06hfrac  0.392379761
 35**Scales: M2=   20.25 Q2=   22.4137263 X2=   2.84207075
 35**Scale:   11.3764493
 36**Scales: M2=   20.25 Q2=   22.4137263 X2=   2.84207075
 36**Scale:   11.3764493
 wtx  4.63630058E-05hfrac  0.392379761
 37**Scales: M2=   20.25 Q2=   6.96171903 X2=   13.9147724
 37**Scale:   10.2816229
 38**Scales: M2=   20.25 Q2=   6.96171903 X2=   13.9147724
 38**Scale:   10.2816229
 wtx  0.000351529161hfrac  0.392379761
 39**Scales: M2=   20.25 Q2=   16.0915468 X2=   18.4060054
 39**Scale:   13.686888
 40**Scales: M2=   20.25 Q2=   16.0915468 X2=   18.4060054
 40**Scale:   13.686888
 wtx  0.000121860969hfrac  0.392379761
 41**Scales: M2=   20.25 Q2=   12.2816054 X2=   286.964199
 41**Scale:   79.8739511
 42**Scales: M2=   20.25 Q2=   12.2816054 X2=   286.964199
 42**Scale:   79.8739511
 wtx  1.88584053E-07hfrac  0.392379761
 **bmatch: create BMAT   
 BMAT    histos booked ! 
 43**Scales: M2=   20.25 Q2=   25.9260471 X2=   1.78296831
 43**Scale:   11.9897539
 44**Scales: M2=   20.25 Q2=   25.9260471 X2=   1.78296831
 44**Scale:   11.9897539
 wtx  2.96452909E-05hfrac  0.392379761
 45**Scales: M2=   20.25 Q2=   39.1989167 X2=   1.48468144
 45**Scale:   15.2333995
 46**Scales: M2=   20.25 Q2=   39.1989167 X2=   1.48468144
 46**Scale:   15.2333995
 wtx  1.31355855E-05hfrac  0.392379761
 47**Scales: M2=   20.25 Q2=   10.0805705 X2=   2.3451024
 47**Scale:   8.16891824
 48**Scales: M2=   20.25 Q2=   10.0805705 X2=   2.3451024
 48**Scale:   8.16891824
 wtx  9.95378286E-05hfrac  0.392379761
 49**Scales: M2=   20.25 Q2=   19.9396765 X2=   0.507272776
 49**Scale:   10.1742373
 50**Scales: M2=   20.25 Q2=   19.9396765 X2=   0.507272776
 50**Scale:   10.1742373
 wtx  1.77542879E-05hfrac  0.392379761
 51**Scales: M2=   20.25 Q2=   36.8584303 X2=   22.4931174
 51**Scale:   19.9003869
 52**Scales: M2=   20.25 Q2=   36.8584303 X2=   22.4931174
 52**Scale:   19.9003869
 wtx  3.98197299E-05hfrac  0.392379761
 53**Scales: M2=   20.25 Q2=   21.3689491 X2=   174.080486
 53**Scale:   53.9248588
 54**Scales: M2=   20.25 Q2=   21.3689491 X2=   174.080486
 54**Scale:   53.9248588
 wtx  1.0473218E-05hfrac  0.392379761
 55**Scales: M2=   20.25 Q2=   24.9667191 X2=   1.89064857
 55**Scale:   11.7768419
 56**Scales: M2=   20.25 Q2=   24.9667191 X2=   1.89064857
 56**Scale:   11.7768419
 wtx  2.7373917E-05hfrac  0.392379761
 57**Scales: M2=   20.25 Q2=   18.2466942 X2=   14.2915519
 57**Scale:   13.1970615
 58**Scales: M2=   20.25 Q2=   18.2466942 X2=   14.2915519
 58**Scale:   13.1970615
 wtx  0.000102456688hfrac  0.392379761
 59**Scales: M2=   20.25 Q2=   5.30902306 X2=   5.38810198
 59**Scale:   7.73678126
 60**Scales: M2=   20.25 Q2=   5.30902306 X2=   5.38810198
 60**Scale:   7.73678126
 wtx  0.000330811366hfrac  0.392379761
 61**Scales: M2=   20.25 Q2=   18.2075667 X2=   7.04925218
 61**Scale:   11.3767047
 62**Scales: M2=   20.25 Q2=   18.2075667 X2=   7.04925218
 62**Scale:   11.3767047
 wtx  8.44264869E-05hfrac  0.392379761
 63**Scales: M2=   20.25 Q2=   48.2617925 X2=   69.9727607
 63**Scale:   34.6211383
 64**Scales: M2=   20.25 Q2=   48.2617925 X2=   69.9727607
 64**Scale:   34.6211383
 wtx  1.62642373E-05hfrac  0.392379761
 65**Scales: M2=   20.25 Q2=   42.0249217 X2=   111.642799
 65**Scale:   43.4794303
 66**Scales: M2=   20.25 Q2=   42.0249217 X2=   111.642799
 66**Scale:   43.4794303
 wtx  1.32159448E-05hfrac  0.392379761
 67**Scales: M2=   20.25 Q2=   9.58583734 X2=   6.45956486
 67**Scale:   9.07385055
 68**Scales: M2=   20.25 Q2=   9.58583734 X2=   6.45956486
 68**Scale:   9.07385055
 wtx  0.000174169312hfrac  0.392379761
 69**Scales: M2=   20.25 Q2=   44.7306663 X2=   4.22111568
 69**Scale:   17.3004455
 70**Scales: M2=   20.25 Q2=   44.7306663 X2=   4.22111568
 70**Scale:   17.3004455
 wtx  1.79416929E-05hfrac  0.392379761
 71**Scales: M2=   20.25 Q2=   7.15452773 X2=   4.2953204
 71**Scale:   7.92496203
 72**Scales: M2=   20.25 Q2=   7.15452773 X2=   4.2953204
 72**Scale:   7.92496203
 wtx  0.000201578732hfrac  0.392379761
 73**Scales: M2=   20.25 Q2=   32.9870521 X2=   16.1103676
 73**Scale:   17.3368549
 74**Scales: M2=   20.25 Q2=   32.9870521 X2=   16.1103676
 74**Scale:   17.3368549
 wtx  4.54682558E-05hfrac  0.392379761
 75**Scales: M2=   20.25 Q2=   5.90190883 X2=   55.2871726
 75**Scale:   20.3597704
 76**Scales: M2=   20.25 Q2=   5.90190883 X2=   55.2871726
 76**Scale:   20.3597704
 wtx  0.000284702604hfrac  0.392379761
 77**Scales: M2=   20.25 Q2=   34.1913676 X2=   166.45762
 77**Scale:   55.224747
 78**Scales: M2=   20.25 Q2=   34.1913676 X2=   166.45762
 78**Scale:   55.224747
 wtx  1.11095469E-05hfrac  0.392379761
 79**Scales: M2=   20.25 Q2=   21.1061606 X2=   6.52751598
 79**Scale:   11.9709192
 80**Scales: M2=   20.25 Q2=   21.1061606 X2=   6.52751598
 80**Scale:   11.9709192
 wtx  6.19081111E-05hfrac  0.392379761
 81**Scales: M2=   20.25 Q2=   2.18158092 X2=   4.92248125
 81**Scale:   6.83851554
 82**Scales: M2=   20.25 Q2=   2.18158092 X2=   4.92248125
 82**Scale:   6.83851554
 wtx  0.000759154791hfrac  0.392379761
 83**Scales: M2=   20.25 Q2=   17.046735 X2=   76.3217444
 83**Scale:   28.4046198
 84**Scales: M2=   20.25 Q2=   17.046735 X2=   76.3217444
 84**Scale:   28.4046198
 wtx  6.71300149E-05hfrac  0.392379761
 85**Scales: M2=   20.25 Q2=   38.0089359 X2=   72.6292129
 85**Scale:   32.7220372
 86**Scales: M2=   20.25 Q2=   38.0089359 X2=   72.6292129
 86**Scale:   32.7220372
 wtx  2.44499861E-05hfrac  0.392379761
 87**Scales: M2=   20.25 Q2=   20.2148503 X2=   49.1513512
 87**Scale:   22.4040504
 88**Scales: M2=   20.25 Q2=   20.2148503 X2=   49.1513512
 88**Scale:   22.4040504
 wtx  7.31469481E-05hfrac  0.392379761
 89**Scales: M2=   20.25 Q2=   9.91490214 X2=   51.282002
 89**Scale:   20.361726
 90**Scales: M2=   20.25 Q2=   9.91490214 X2=   51.282002
 90**Scale:   20.361726
 wtx  0.000166146448hfrac  0.392379761
 91**Scales: M2=   20.25 Q2=   30.8639727 X2=   4.06472919
 91**Scale:   13.7946755
 92**Scales: M2=   20.25 Q2=   30.8639727 X2=   4.06472919
 92**Scale:   13.7946755
 wtx  2.90962707E-05hfrac  0.392379761
 93**Scales: M2=   20.25 Q2=   42.0702464 X2=   7.23373283
 93**Scale:   17.3884948
 94**Scales: M2=   20.25 Q2=   42.0702464 X2=   7.23373283
 94**Scale:   17.3884948
 wtx  2.41602283E-05hfrac  0.392379761
 95**Scales: M2=   20.25 Q2=   40.9714563 X2=   94.2179824
 95**Scale:   38.8598597
 96**Scales: M2=   20.25 Q2=   40.9714563 X2=   94.2179824
 96**Scale:   38.8598597
 wtx  1.80399074E-05hfrac  0.392379761
 97**Scales: M2=   20.25 Q2=   10.9880306 X2=   280.164106
 97**Scale:   77.8505341
 98**Scales: M2=   20.25 Q2=   10.9880306 X2=   280.164106
 98**Scale:   77.8505341
 wtx  2.23733405E-05hfrac  0.392379761
 99**Scales: M2=   20.25 Q2=   19.480461 X2=   138.323532
 99**Scale:   44.5134983
 100**Scales: M2=   20.25 Q2=   19.480461 X2=   138.323532
 100**Scale:   44.5134983
 wtx  3.31206429E-05hfrac  0.392379761
 wtx  9.17763537E-05hfrac  0.392379761
 wtx  1.83938973E-05hfrac  0.392379761
 wtx  5.58207739E-06hfrac  0.392379761
 wtx  1.35313321E-05hfrac  0.392379761
 wtx  3.03734123E-05hfrac  0.392379761
 wtx  5.55091101E-05hfrac  0.392379761
 wtx  7.65187215E-05hfrac  0.392379761
 wtx  3.22504457E-05hfrac  0.392379761
 wtx  3.33186326E-05hfrac  0.392379761
 wtx  5.08118028E-05hfrac  0.392379761
 wtx  0.000106545231hfrac  0.392379761
 wtx  3.15339312E-05hfrac  0.392379761
 wtx  3.38732825E-05hfrac  0.392379761
 wtx  1.77789207E-05hfrac  0.392379761
 wtx  0.000233403451hfrac  0.392379761
 wtx  2.86931827E-05hfrac  0.392379761
 wtx  2.34905201E-05hfrac  0.392379761
 wtx  2.19841968E-06hfrac  0.392379761
 wtx  4.3917611E-05hfrac  0.392379761
 wtx  0.000220738235hfrac  0.392379761
 wtx  5.17695225E-05hfrac  0.392379761
 wtx  2.80342556E-05hfrac  0.392379761
 wtx  2.14727606E-06hfrac  0.392379761
 wtx  3.37178972E-05hfrac  0.392379761
 wtx  2.79998367E-05hfrac  0.392379761
 wtx  1.03268749E-05hfrac  0.392379761
 wtx  1.19354045E-05hfrac  0.392379761
 wtx  2.83197605E-05hfrac  0.392379761
 wtx  5.38744825E-05hfrac  0.392379761
 wtx  6.71718299E-05hfrac  0.392379761
 wtx  1.70850835E-05hfrac  0.392379761
 wtx  2.44776365E-05hfrac  0.392379761
 wtx  7.40084806E-06hfrac  0.392379761
 wtx  4.70806553E-05hfrac  0.392379761
 wtx  7.32740364E-06hfrac  0.392379761
 wtx  1.57657832E-05hfrac  0.392379761
 wtx  4.18677264E-05hfrac  0.392379761
 wtx  9.2507762E-05hfrac  0.392379761
 wtx  1.18414018E-05hfrac  0.392379761
 wtx  4.02260157E-05hfrac  0.392379761
 wtx  4.30863984E-05hfrac  0.392379761
 wtx  7.42877273E-06hfrac  0.392379761
 wtx  2.63086949E-05hfrac  0.392379761
 wtx  6.48849236E-05hfrac  0.392379761
 wtx  4.63319666E-05hfrac  0.392379761
 wtx  8.23094815E-05hfrac  0.392379761
 wtx  0.000842231908hfrac  0.392379761
 wtx  6.11127689E-05hfrac  0.392379761
 wtx  7.06216961E-05hfrac  0.392379761
 wtx  2.43189788E-05hfrac  0.392379761
 IT,TI,TSI,AVGI,SD,CHI2A
   1       17.26358     0.9414       17.26358     0.9414      0.000    
 IT,TI,TSI,AVGI,SD,CHI2A
   2       18.07848     0.2460       18.03070     0.2334     0.6728    
 NDIM,CALLS,IT,ITMX,MDS,ND



 INPUT PARAMETERS FOR VEGAS:  NDIM=  3  NCALL=  4920750.
                              IT=    0  ITMX=    4
                              MDS= -1   ND=  45
 IT,TI,TSI,AVGI,SD,CHI2A
   1       17.74166     0.3205E-01   17.74166     0.3205E-01  0.000    
 IT,TI,TSI,AVGI,SD,CHI2A
   2       17.74661     0.3196E-01   17.74414     0.2263E-01 0.1197E-01
 IT,TI,TSI,AVGI,SD,CHI2A
   3       17.76790     0.3205E-01   17.75206     0.1849E-01 0.1894    
 IT,TI,TSI,AVGI,SD,CHI2A
   4       17.75265     0.3214E-01   17.75221     0.1603E-01 0.1264    
 NLO starting:
 NDIM,CALLS,IT,ITMX,MDS,ND



 INPUT PARAMETERS FOR VEGAS:  NDIM=  6  NCALL=   786432.
                              IT=    0  ITMX=    4
                              MDS=  1   ND=  50
 **sig1: iscalef=  7
 **sig1: mur=   18.9019942
 **sig1: iscalef=  7
 **sig1: muf=   18.9019942
 ALFAS  =   0.218774322
 MUR2   =   18.9019942
 LOGMUR =  -0.0688873656
 MUF2   =   18.9019942
 LOGMUF =  -0.0688873656
  
 INTEGRATING NLO GLUON ...
  
 IT,TI,TSI,AVGI,SD,CHI2A
   1       8.611797      3.807       8.611797      3.807      0.000    
 IT,TI,TSI,AVGI,SD,CHI2A
   2       12.35861      2.390       11.75694      1.887     0.5315    
 IT,TI,TSI,AVGI,SD,CHI2A
   3       8.853530     0.6523       9.281702     0.6862      1.422    
 IT,TI,TSI,AVGI,SD,CHI2A
   4       9.529708     0.5604       9.423638     0.4427     0.9995    
 NDIM,CALLS,IT,ITMX,MDS,ND



 INPUT PARAMETERS FOR VEGAS:  NDIM=  6  NCALL=  5971968.
                              IT=    0  ITMX=    8
                              MDS=  1   ND=  50
 IT,TI,TSI,AVGI,SD,CHI2A
   1       9.944897     0.1728       9.944897     0.1728      0.000    
 IT,TI,TSI,AVGI,SD,CHI2A
   2       10.02803     0.1890       9.983099     0.1276     0.1054    
 IT,TI,TSI,AVGI,SD,CHI2A
   3       9.528407     0.1872       9.847906     0.1054      2.000    
 IT,TI,TSI,AVGI,SD,CHI2A
   4       9.485376     0.1736       9.755433     0.9013E-01  2.382    
 IT,TI,TSI,AVGI,SD,CHI2A
   5       9.634325     0.1785       9.731293     0.8046E-01  1.885    
 IT,TI,TSI,AVGI,SD,CHI2A
   6       9.968720     0.2141       9.761955     0.7540E-01  1.719    
 IT,TI,TSI,AVGI,SD,CHI2A
   7       9.487231     0.1903       9.726506     0.7008E-01  1.732    
 IT,TI,TSI,AVGI,SD,CHI2A
   8       9.624699     0.1819       9.713590     0.6540E-01  1.527    
 NDIM,CALLS,IT,ITMX,MDS,ND



 INPUT PARAMETERS FOR VEGAS:  NDIM=  6  NCALL=   786432.
                              IT=    0  ITMX=    4
                              MDS=  1   ND=  50
 ALFAS  =   0.171160046
 MUR2   =   104.690404
 LOGMUR =   1.64285267
 MUF2   =   104.690404
 LOGMUF =   1.64285267
  
 INTEGRATING QUARK INITIATED ...
  
 IT,TI,TSI,AVGI,SD,CHI2A
   1       1.479701      1.223       1.479701      1.223      0.000    
 IT,TI,TSI,AVGI,SD,CHI2A
   2       4.618432      1.162       4.351876     0.8257      1.123    
 IT,TI,TSI,AVGI,SD,CHI2A
   3       5.480132      1.698       4.776609     0.8033     0.6014    
 IT,TI,TSI,AVGI,SD,CHI2A
   4       3.431791     0.2525       3.606930     0.2773      1.326    
 NDIM,CALLS,IT,ITMX,MDS,ND



 INPUT PARAMETERS FOR VEGAS:  NDIM=  6  NCALL=  5971968.
                              IT=    0  ITMX=    8
                              MDS=  1   ND=  50
 IT,TI,TSI,AVGI,SD,CHI2A
   1       3.810312     0.6865E-01   3.810312     0.6865E-01  0.000    
 IT,TI,TSI,AVGI,SD,CHI2A
   2       3.890283     0.5787E-01   3.857866     0.4417E-01 0.7901    
 IT,TI,TSI,AVGI,SD,CHI2A
   3       3.872372     0.6999E-01   3.862031     0.3736E-01 0.4090    
 IT,TI,TSI,AVGI,SD,CHI2A
   4       3.843342     0.5149E-01   3.855617     0.3025E-01 0.3019    
 IT,TI,TSI,AVGI,SD,CHI2A
   5       3.832890     0.6387E-01   3.851489     0.2734E-01 0.2526    
 IT,TI,TSI,AVGI,SD,CHI2A
   6       3.767181     0.6643E-01   3.839726     0.2527E-01 0.4708    
 IT,TI,TSI,AVGI,SD,CHI2A
   7       3.773563     0.5109E-01   3.827065     0.2267E-01 0.6138    
 IT,TI,TSI,AVGI,SD,CHI2A
   8       3.846503     0.6552E-01   3.829161     0.2143E-01 0.5368    
  
 CROSS SECTION =   31.2949564 +/-   0.0706584833
  
  # of events with muons:  0 out of:  282459332
  All:           1. muons:   137.97966 2. muon   9.48161888
 In acc: 1. muons:    103.622:      0.751 % 2. muon     12.115:      1.278 %
  Norm Histos here: lum=   1.lumbreit lum1  1.
  ZEUS scenario in Lab frame Q2>4
  Total      sig (pb):   647.35968
  b tot  sig (pb):   361.490173
  >=1jets sig (pb):   536.272766
  muon +no cuts on jet sig (pb):   74.6961365
  muon+jet    sig (pb):   66.5043182
  muon+jet+cone sig (pb):   42.8526344
  ZEUS scenario in Breit frame Q2>2 
  tot        sig (pb):   647.35968
  b.cross    sig (pb):   402.042633
  >=1jet sig (pb):   388.392853
  muon nojet cut sig (pb):   42.3108521
  muon+jet   sig (pb):   31.2944698
 incl jet   sig (pb):  123.689987
 incl muon  sig (pb):  33.9373474
 incl b     sig (pb):  534.111328
 generator:HVQ     hfrac  0.2205
  Output Histos here 
