  
 ============================
 | HVQDIS  V1.4  APRIL 2000 |
 ============================
  
 NORDER    =        2
 ISCALER   =       27
 ISCALEF   =        7
 IPDF      =        5
 PTS0      =   500000
 ITS0      =        2
 PTS1      =   800000
 ITS1      =        4
 IQUARK    =        2
 MASS      =      4.75
 EPRO      =    920.00
 EIEL      =     27.50
 Q2MIN     =      2.00
 Q2MAX     =   3000.00
 XBJMIN    =      0.00
 XBJMAX    =      1.00
 YMIN      =      0.05
 YMAX      =      0.70
 ETAMAX    =      2.50
 PTMIN     =      0.00
 PTMAX     =   *******
 IFRAG     =        0
 ISL       =        1
 EPS       =      0.0035
 HFRAC     =      0.2205
 XMD       =      5.2780
 TCFRAG    =        0
 TCSL    =        1
 PREF      =   f2b_2.-3000._0.-1._r27_f7_m4.75.histos  
  
 BOTTOM PRODUCTION
 RM48 INITIALIZED:        40           0         0
 **hist: start histos 
 HPATH.  ERROR IN PATHNAME,


 ===> Directory : 
  create directory HISB
 hfrac:  0.2205
 **hzb: Version kula1  
 FULL LO+NLO ME
 NDIM,CALLS,IT,ITMX,MDS,ND



 INPUT PARAMETERS FOR VEGAS:  NDIM=  3  NCALL=   476656.
                              IT=    0  ITMX=    2
                              MDS= -1   ND=  31
 **MScale: SCALFA=   1. ISCALE=  27
 **MScale: scale: 4*(Q2+Pt2+M2)/4 
 1**Scales: M2=   22.5625 Q2=   24.8489252 X2=   0.0300290419
 1**Scale:   47.4414542
 **MScale: SCALFA=   1. ISCALE=  7
 **MScale: scale: (Q2+Pt2+M2)/4 
 2**Scales: M2=   22.5625 Q2=   24.8489252 X2=   0.0300290419
 2**Scale:   11.8603636
 wtx  3.58892976E-06hfrac  0.392379761
 **frag: Peterson frag function 
 **frag: Vincenzo semi-leptonic routine dir+indir 

 ******************************************************
 KTCLUS: written by Mike Seymour, July 1992.
 Last modified October 1997.
 Please send comments or suggestions to Mike.Seymour@rl.ac.uk

       Collision type = 3 = pe        
     Angular variable = 2 = DeltaR    
 Monotonic definition = 1 = no        
 Recombination scheme = 1 = E         
 Ecut=  1.00
 ******************************************************

 **MScale: SCALFA=   1. ISCALE=  27
 **MScale: scale: 4*(Q2+Pt2+M2)/4 
 3**Scales: M2=   22.5625 Q2=   20.1388584 X2=   0.0237148074
 3**Scale:   42.7250732
 **MScale: SCALFA=   1. ISCALE=  7
 **MScale: scale: (Q2+Pt2+M2)/4 
 4**Scales: M2=   22.5625 Q2=   20.1388584 X2=   0.0237148074
 4**Scale:   10.6812683
 wtx  4.08961887E-06hfrac  0.392379761
 **MScale: SCALFA=   1. ISCALE=  27
 **MScale: scale: 4*(Q2+Pt2+M2)/4 
 5**Scales: M2=   22.5625 Q2=   40.9511474 X2=   0.205258561
 5**Scale:   63.718906
 6**Scales: M2=   22.5625 Q2=   40.9511474 X2=   0.205258561
 6**Scale:   15.9297265
 wtx  4.63022661E-06hfrac  0.392379761
 7**Scales: M2=   22.5625 Q2=   39.3281695 X2=   0.0357159313
 7**Scale:   61.9263854
 8**Scales: M2=   22.5625 Q2=   39.3281695 X2=   0.0357159313
 8**Scale:   15.4815964
 wtx  1.72396665E-06hfrac  0.392379761
 9**Scales: M2=   22.5625 Q2=   20.9502873 X2=   0.0371282937
 9**Scale:   43.5499156
 10**Scales: M2=   22.5625 Q2=   20.9502873 X2=   0.0371282937
 10**Scale:   10.8874789
 wtx  3.56660166E-06hfrac  0.392379761
 11**Scales: M2=   22.5625 Q2=   33.2469469 X2=   0.642805767
 11**Scale:   56.4522527
 12**Scales: M2=   22.5625 Q2=   33.2469469 X2=   0.642805767
 12**Scale:   14.1130632
 wtx  1.14250251E-05hfrac  0.392379761
 13**Scales: M2=   22.5625 Q2=   26.204857 X2=   0.750147389
 13**Scale:   49.5175044
 14**Scales: M2=   22.5625 Q2=   26.204857 X2=   0.750147389
 14**Scale:   12.3793761
 wtx  1.53521742E-05hfrac  0.392379761
 15**Scales: M2=   22.5625 Q2=   36.9540545 X2=   0.222006781
 15**Scale:   59.7385613
 16**Scales: M2=   22.5625 Q2=   36.9540545 X2=   0.222006781
 16**Scale:   14.9346403
 wtx  4.34831827E-06hfrac  0.392379761
 17**Scales: M2=   22.5625 Q2=   20.3686396 X2=   3.03018075
 17**Scale:   45.9613203
 18**Scales: M2=   22.5625 Q2=   20.3686396 X2=   3.03018075
 18**Scale:   11.4903301
 wtx  4.40452241E-05hfrac  0.392379761
 19**Scales: M2=   22.5625 Q2=   24.0633907 X2=   0.151678138
 19**Scale:   46.7775689
 20**Scales: M2=   22.5625 Q2=   24.0633907 X2=   0.151678138
 20**Scale:   11.6943922
 wtx  5.48486423E-06hfrac  0.392379761
 21**Scales: M2=   22.5625 Q2=   22.7314537 X2=   3.8683235
 21**Scale:   49.1622772
 22**Scales: M2=   22.5625 Q2=   22.7314537 X2=   3.8683235
 22**Scale:   12.2905693
 wtx  4.10509638E-05hfrac  0.392379761
 23**Scales: M2=   22.5625 Q2=   31.4643936 X2=   0.734680127
 23**Scale:   54.7615737
 24**Scales: M2=   22.5625 Q2=   31.4643936 X2=   0.734680127
 24**Scale:   13.6903934
 wtx  1.04553856E-05hfrac  0.392379761
 25**Scales: M2=   22.5625 Q2=   4.45132372 X2=   0.017236629
 25**Scale:   27.0310603
 26**Scales: M2=   22.5625 Q2=   4.45132372 X2=   0.017236629
 26**Scale:   6.75776509
 wtx  1.14794484E-05hfrac  0.392379761
 27**Scales: M2=   22.5625 Q2=   27.1659265 X2=   2.96644486
 27**Scale:   52.6948714
 28**Scales: M2=   22.5625 Q2=   27.1659265 X2=   2.96644486
 28**Scale:   13.1737178
 wtx  2.90383887E-05hfrac  0.392379761
 29**Scales: M2=   22.5625 Q2=   45.5033769 X2=   7.98496178
 29**Scale:   76.0508387
 30**Scales: M2=   22.5625 Q2=   45.5033769 X2=   7.98496178
 30**Scale:   19.0127097
 wtx  2.00077684E-05hfrac  0.392379761
 31**Scales: M2=   22.5625 Q2=   47.7275762 X2=   7.59107264
 31**Scale:   77.8811488
 32**Scales: M2=   22.5625 Q2=   47.7275762 X2=   7.59107264
 32**Scale:   19.4702872
 wtx  1.82658205E-05hfrac  0.392379761
 33**Scales: M2=   22.5625 Q2=   25.7443285 X2=   0.0132550244
 33**Scale:   48.3200836
 34**Scales: M2=   22.5625 Q2=   25.7443285 X2=   0.0132550244
 34**Scale:   12.0800209
 wtx  1.30406534E-06hfrac  0.392379761
 35**Scales: M2=   22.5625 Q2=   22.4137263 X2=   3.08846811
 35**Scale:   48.0646944
 36**Scales: M2=   22.5625 Q2=   22.4137263 X2=   3.08846811
 36**Scale:   12.0161736
 wtx  3.25589353E-05hfrac  0.392379761
 37**Scales: M2=   22.5625 Q2=   6.96171903 X2=   15.2665293
 37**Scale:   44.7907483
 38**Scales: M2=   22.5625 Q2=   6.96171903 X2=   15.2665293
 38**Scale:   11.1976871
 wtx  0.000237370754hfrac  0.392379761
 39**Scales: M2=   22.5625 Q2=   16.0915468 X2=   20.0043175
 39**Scale:   58.6583643
 40**Scales: M2=   22.5625 Q2=   16.0915468 X2=   20.0043175
 40**Scale:   14.6645911
 wtx  8.39599234E-05hfrac  0.392379761
 41**Scales: M2=   22.5625 Q2=   12.2816054 X2=   293.508547
 41**Scale:   328.352652
 42**Scales: M2=   22.5625 Q2=   12.2816054 X2=   293.508547
 42**Scale:   82.0881631
 wtx  1.02847608E-07hfrac  0.392379761
 **bmatch: create BMAT   
 BMAT    histos booked ! 
 43**Scales: M2=   22.5625 Q2=   25.9260471 X2=   1.93266466
 43**Scale:   50.4212118
 44**Scales: M2=   22.5625 Q2=   25.9260471 X2=   1.93266466
 44**Scale:   12.605303
 wtx  2.1023603E-05hfrac  0.392379761
 45**Scales: M2=   22.5625 Q2=   39.1989167 X2=   1.59597077
 45**Scale:   63.3573875
 46**Scales: M2=   22.5625 Q2=   39.1989167 X2=   1.59597077
 46**Scale:   15.8393469
 wtx  9.44930252E-06hfrac  0.392379761
 47**Scales: M2=   22.5625 Q2=   10.0805705 X2=   2.57792934
 47**Scale:   35.2209999
 48**Scales: M2=   22.5625 Q2=   10.0805705 X2=   2.57792934
 48**Scale:   8.80524997
 wtx  6.86891799E-05hfrac  0.392379761
 49**Scales: M2=   22.5625 Q2=   19.9396765 X2=   0.552820132
 49**Scale:   43.0549966
 50**Scales: M2=   22.5625 Q2=   19.9396765 X2=   0.552820132
 50**Scale:   10.7637492
 wtx  1.25699753E-05hfrac  0.392379761
 51**Scales: M2=   22.5625 Q2=   36.8584303 X2=   24.1308832
 51**Scale:   83.5518135
 52**Scales: M2=   22.5625 Q2=   36.8584303 X2=   24.1308832
 52**Scale:   20.8879534
 wtx  2.85911938E-05hfrac  0.392379761
 53**Scales: M2=   22.5625 Q2=   21.3689491 X2=   184.345962
 53**Scale:   228.277411
 54**Scales: M2=   22.5625 Q2=   21.3689491 X2=   184.345962
 54**Scale:   57.0693527
 wtx  6.85139412E-06hfrac  0.392379761
 55**Scales: M2=   22.5625 Q2=   24.9667191 X2=   2.05186974
 55**Scale:   49.5810889
 56**Scales: M2=   22.5625 Q2=   24.9667191 X2=   2.05186974
 56**Scale:   12.3952722
 wtx  1.94336899E-05hfrac  0.392379761
 57**Scales: M2=   22.5625 Q2=   18.2466942 X2=   15.5651049
 57**Scale:   56.3742991
 58**Scales: M2=   22.5625 Q2=   18.2466942 X2=   15.5651049
 58**Scale:   14.0935748
 wtx  7.21011165E-05hfrac  0.392379761
 59**Scales: M2=   22.5625 Q2=   5.30902306 X2=   5.94890416
 59**Scale:   33.8204272
 60**Scales: M2=   22.5625 Q2=   5.30902306 X2=   5.94890416
 60**Scale:   8.4551068
 wtx  0.000227056094hfrac  0.392379761
 61**Scales: M2=   22.5625 Q2=   18.2075667 X2=   7.68572991
 61**Scale:   48.4557966
 62**Scales: M2=   22.5625 Q2=   18.2075667 X2=   7.68572991
 62**Scale:   12.1139492
 wtx  5.92486904E-05hfrac  0.392379761
 63**Scales: M2=   22.5625 Q2=   48.2617925 X2=   74.3745622
 63**Scale:   145.198855
 64**Scales: M2=   22.5625 Q2=   48.2617925 X2=   74.3745622
 64**Scale:   36.2997137
 wtx  1.18672497E-05hfrac  0.392379761
 65**Scales: M2=   22.5625 Q2=   42.0249217 X2=   118.658045
 65**Scale:   183.245467
 66**Scales: M2=   22.5625 Q2=   42.0249217 X2=   118.658045
 66**Scale:   45.8113667
 wtx  9.49875175E-06hfrac  0.392379761
 67**Scales: M2=   22.5625 Q2=   9.58583734 X2=   7.10076896
 67**Scale:   39.2491063
 68**Scales: M2=   22.5625 Q2=   9.58583734 X2=   7.10076896
 68**Scale:   9.81227657
 wtx  0.000120731776hfrac  0.392379761
 69**Scales: M2=   22.5625 Q2=   44.7306663 X2=   4.52201471
 69**Scale:   71.815181
 70**Scales: M2=   22.5625 Q2=   44.7306663 X2=   4.52201471
 70**Scale:   17.9537953
 wtx  1.30174549E-05hfrac  0.392379761
 71**Scales: M2=   22.5625 Q2=   7.15452773 X2=   4.73482402
 71**Scale:   34.4518517
 72**Scales: M2=   22.5625 Q2=   7.15452773 X2=   4.73482402
 72**Scale:   8.61296294
 wtx  0.000139402749hfrac  0.392379761
 73**Scales: M2=   22.5625 Q2=   32.9870521 X2=   17.36072
 73**Scale:   72.9102721
 74**Scales: M2=   22.5625 Q2=   32.9870521 X2=   17.36072
 74**Scale:   18.227568
 wtx  3.27584676E-05hfrac  0.392379761
 75**Scales: M2=   22.5625 Q2=   5.90190883 X2=   60.66319
 75**Scale:   89.1275989
 76**Scales: M2=   22.5625 Q2=   5.90190883 X2=   60.66319
 76**Scale:   22.2818997
 wtx  0.000195754517hfrac  0.392379761
 77**Scales: M2=   22.5625 Q2=   34.1913676 X2=   177.019163
 77**Scale:   233.773031
 78**Scales: M2=   22.5625 Q2=   34.1913676 X2=   177.019163
 78**Scale:   58.4432576
 wtx  7.82221468E-06hfrac  0.392379761
 79**Scales: M2=   22.5625 Q2=   21.1061606 X2=   7.10302744
 79**Scale:   50.7716881
 80**Scales: M2=   22.5625 Q2=   21.1061606 X2=   7.10302744
 80**Scale:   12.692922
 wtx  4.37750423E-05hfrac  0.392379761
 81**Scales: M2=   22.5625 Q2=   2.18158092 X2=   5.45670422
 81**Scale:   30.2007851
 82**Scales: M2=   22.5625 Q2=   2.18158092 X2=   5.45670422
 82**Scale:   7.55019629
 wtx  0.000519262976hfrac  0.392379761
 83**Scales: M2=   22.5625 Q2=   17.046735 X2=   82.8458192
 83**Scale:   122.455054
 84**Scales: M2=   22.5625 Q2=   17.046735 X2=   82.8458192
 84**Scale:   30.6137635
 wtx  4.72531829E-05hfrac  0.392379761
 85**Scales: M2=   22.5625 Q2=   38.0089359 X2=   77.7202405
 85**Scale:   138.291676
 86**Scales: M2=   22.5625 Q2=   38.0089359 X2=   77.7202405
 86**Scale:   34.5729191
 wtx  1.77768179E-05hfrac  0.392379761
 87**Scales: M2=   22.5625 Q2=   20.2148503 X2=   53.3151036
 87**Scale:   96.0924539
 88**Scales: M2=   22.5625 Q2=   20.2148503 X2=   53.3151036
 88**Scale:   24.0231135
 wtx  5.18959896E-05hfrac  0.392379761
 89**Scales: M2=   22.5625 Q2=   9.91490214 X2=   56.1405723
 89**Scale:   88.6179745
 90**Scales: M2=   22.5625 Q2=   9.91490214 X2=   56.1405723
 90**Scale:   22.1544936
 wtx  0.000116026116hfrac  0.392379761
 91**Scales: M2=   22.5625 Q2=   30.8639727 X2=   4.39211643
 91**Scale:   57.8185891
 92**Scales: M2=   22.5625 Q2=   30.8639727 X2=   4.39211643
 92**Scale:   14.4546473
 wtx  2.08744659E-05hfrac  0.392379761
 93**Scales: M2=   22.5625 Q2=   42.0702464 X2=   7.75997989
 93**Scale:   72.3927262
 94**Scales: M2=   22.5625 Q2=   42.0702464 X2=   7.75997989
 94**Scale:   18.0981816
 wtx  1.75245659E-05hfrac  0.392379761
 95**Scales: M2=   22.5625 Q2=   40.9714563 X2=   100.491597
 95**Scale:   164.025554
 96**Scales: M2=   22.5625 Q2=   40.9714563 X2=   100.491597
 96**Scale:   41.0063884
 wtx  1.30905028E-05hfrac  0.392379761
 97**Scales: M2=   22.5625 Q2=   10.9880306 X2=   301.350643
 97**Scale:   334.901174
 98**Scales: M2=   22.5625 Q2=   10.9880306 X2=   301.350643
 98**Scale:   83.7252935
 wtx  1.49039452E-05hfrac  0.392379761
 99**Scales: M2=   22.5625 Q2=   19.480461 X2=   149.37759
 99**Scale:   191.420551
 100**Scales: M2=   22.5625 Q2=   19.480461 X2=   149.37759
 100**Scale:   47.8551377
 wtx  2.32673665E-05hfrac  0.392379761
 wtx  6.50205548E-05hfrac  0.392379761
 wtx  1.32778623E-05hfrac  0.392379761
 wtx  3.72848422E-06hfrac  0.392379761
 wtx  9.83066911E-06hfrac  0.392379761
 wtx  2.21904374E-05hfrac  0.392379761
 wtx  4.00324971E-05hfrac  0.392379761
 wtx  5.02349321E-05hfrac  0.392379761
 wtx  2.31568774E-05hfrac  0.392379761
 wtx  2.43796439E-05hfrac  0.392379761
 wtx  3.58434372E-05hfrac  0.392379761
 wtx  7.4992764E-05hfrac  0.392379761
 wtx  2.31047052E-05hfrac  0.392379761
 wtx  2.45917417E-05hfrac  0.392379761
 wtx  1.28886322E-05hfrac  0.392379761
 wtx  0.000163234261hfrac  0.392379761
 wtx  2.10399103E-05hfrac  0.392379761
 wtx  1.71633055E-05hfrac  0.392379761
 wtx  1.35106893E-06hfrac  0.392379761
 wtx  3.18179991E-05hfrac  0.392379761
 wtx  0.000152051856hfrac  0.392379761
 wtx  3.7068854E-05hfrac  0.392379761
 wtx  2.05579381E-05hfrac  0.392379761
 wtx  1.5124424E-06hfrac  0.392379761
 wtx  2.45402098E-05hfrac  0.392379761
 wtx  2.06154054E-05hfrac  0.392379761
 wtx  7.30168176E-06hfrac  0.392379761
 wtx  8.48690524E-06hfrac  0.392379761
 wtx  2.03659474E-05hfrac  0.392379761
 wtx  3.87518885E-05hfrac  0.392379761
 wtx  4.81358147E-05hfrac  0.392379761
 wtx  1.21799749E-05hfrac  0.392379761
 wtx  1.73720618E-05hfrac  0.392379761
 wtx  5.27459451E-06hfrac  0.392379761
 wtx  3.37900346E-05hfrac  0.392379761
 wtx  4.77890762E-06hfrac  0.392379761
 wtx  1.14212498E-05hfrac  0.392379761
 wtx  3.01978835E-05hfrac  0.392379761
 wtx  6.4382999E-05hfrac  0.392379761
 wtx  8.35088485E-06hfrac  0.392379761
 wtx  2.8654531E-05hfrac  0.392379761
 wtx  3.0381656E-05hfrac  0.392379761
 wtx  5.40530664E-06hfrac  0.392379761
 wtx  1.89922303E-05hfrac  0.392379761
 wtx  4.61876007E-05hfrac  0.392379761
 wtx  3.25901674E-05hfrac  0.392379761
 wtx  5.77745413E-05hfrac  0.392379761
 wtx  0.000573923113hfrac  0.392379761
 wtx  4.30796863E-05hfrac  0.392379761
 wtx  5.00274109E-05hfrac  0.392379761
 wtx  1.77460352E-05hfrac  0.392379761
 IT,TI,TSI,AVGI,SD,CHI2A
   1       14.28607     0.8180       14.28607     0.8180      0.000    
 IT,TI,TSI,AVGI,SD,CHI2A
   2       14.23508     0.1905       14.23772     0.1859     0.3699E-02
 NDIM,CALLS,IT,ITMX,MDS,ND



 INPUT PARAMETERS FOR VEGAS:  NDIM=  3  NCALL=  4920750.
                              IT=    0  ITMX=    4
                              MDS= -1   ND=  45
 IT,TI,TSI,AVGI,SD,CHI2A
   1       13.97063     0.2408E-01   13.97063     0.2408E-01  0.000    
 IT,TI,TSI,AVGI,SD,CHI2A
   2       13.97561     0.2411E-01   13.97312     0.1704E-01 0.2136E-01
 IT,TI,TSI,AVGI,SD,CHI2A
   3       13.94302     0.2406E-01   13.96310     0.1390E-01 0.5309    
 IT,TI,TSI,AVGI,SD,CHI2A
   4       13.97415     0.2408E-01   13.96586     0.1204E-01 0.4066    
 NLO starting:
 NDIM,CALLS,IT,ITMX,MDS,ND



 INPUT PARAMETERS FOR VEGAS:  NDIM=  6  NCALL=   786432.
                              IT=    0  ITMX=    4
                              MDS=  1   ND=  50
 **sig1: iscalef=  27
 **sig1: mur=   127.353513
 **sig1: iscalef=  7
 **sig1: muf=   31.8383783
 ALFAS  =   0.167077265
 MUR2   =   127.353513
 LOGMUR =   1.73067755
 MUF2   =   31.8383783
 LOGMUF =   0.34438319
  
 INTEGRATING NLO GLUON ...
  
 IT,TI,TSI,AVGI,SD,CHI2A
   1       7.736908      1.774       7.736908      1.774      0.000    
 IT,TI,TSI,AVGI,SD,CHI2A
   2       8.799670     0.9447       8.608585     0.8056     0.2567    
 IT,TI,TSI,AVGI,SD,CHI2A
   3       8.822220     0.4369       8.778215     0.3737     0.1496    
 IT,TI,TSI,AVGI,SD,CHI2A
   4       8.492930     0.2896       8.599588     0.2286     0.2211    
 NDIM,CALLS,IT,ITMX,MDS,ND



 INPUT PARAMETERS FOR VEGAS:  NDIM=  6  NCALL=  5971968.
                              IT=    0  ITMX=    8
                              MDS=  1   ND=  50
 IT,TI,TSI,AVGI,SD,CHI2A
   1       8.501904     0.1262       8.501904     0.1262      0.000    
 IT,TI,TSI,AVGI,SD,CHI2A
   2       8.169345     0.1088       8.317580     0.8264E-01  4.000    
 IT,TI,TSI,AVGI,SD,CHI2A
   3       8.198189     0.1152       8.277912     0.6716E-01  2.373    
 IT,TI,TSI,AVGI,SD,CHI2A
   4       8.213750     0.1351       8.265390     0.6011E-01  1.649    
 IT,TI,TSI,AVGI,SD,CHI2A
   5       8.207911     0.1186       8.253784     0.5362E-01  1.287    
 IT,TI,TSI,AVGI,SD,CHI2A
   6       8.335817     0.1225       8.267179     0.4912E-01  1.103    
 IT,TI,TSI,AVGI,SD,CHI2A
   7       8.304330     0.9690E-01   8.274822     0.4380E-01 0.9374    
 IT,TI,TSI,AVGI,SD,CHI2A
   8       8.108648     0.9718E-01   8.247705     0.3997E-01  1.145    
 NDIM,CALLS,IT,ITMX,MDS,ND



 INPUT PARAMETERS FOR VEGAS:  NDIM=  6  NCALL=   786432.
                              IT=    0  ITMX=    4
                              MDS=  1   ND=  50
 ALFAS  =   0.145523432
 MUR2   =   435.210227
 LOGMUR =   2.95953996
 MUF2   =   108.802557
 LOGMUF =   1.5732456
  
 INTEGRATING QUARK INITIATED ...
  
 IT,TI,TSI,AVGI,SD,CHI2A
   1      0.7940351     0.8521      0.7940351     0.8521      0.000    
 IT,TI,TSI,AVGI,SD,CHI2A
   2       2.504412     0.3547       2.475126     0.2609     0.7234    
 IT,TI,TSI,AVGI,SD,CHI2A
   3       2.335409     0.1462       2.358578     0.1161     0.4033    
 IT,TI,TSI,AVGI,SD,CHI2A
   4       2.317177     0.7992E-01   2.328220     0.6217E-01 0.2788    
 NDIM,CALLS,IT,ITMX,MDS,ND



 INPUT PARAMETERS FOR VEGAS:  NDIM=  6  NCALL=  5971968.
                              IT=    0  ITMX=    8
                              MDS=  1   ND=  50
 IT,TI,TSI,AVGI,SD,CHI2A
   1       2.301685     0.2614E-01   2.301685     0.2614E-01  0.000    
 IT,TI,TSI,AVGI,SD,CHI2A
   2       2.317547     0.2782E-01   2.309178     0.1905E-01 0.1727    
 IT,TI,TSI,AVGI,SD,CHI2A
   3       2.343208     0.2712E-01   2.320645     0.1559E-01 0.6177    
 IT,TI,TSI,AVGI,SD,CHI2A
   4       2.304813     0.2525E-01   2.316318     0.1327E-01 0.5075    
 IT,TI,TSI,AVGI,SD,CHI2A
   5       2.340652     0.2657E-01   2.321255     0.1187E-01 0.5489    
 IT,TI,TSI,AVGI,SD,CHI2A
   6       2.363883     0.4740E-01   2.323857     0.1154E-01 0.5930    
 IT,TI,TSI,AVGI,SD,CHI2A
   7       2.367091     0.5871E-01   2.325516     0.1134E-01 0.5812    
 IT,TI,TSI,AVGI,SD,CHI2A
   8       2.348689     0.3010E-01   2.328427     0.1061E-01 0.5722    
  
 CROSS SECTION =   24.5419968 +/-   0.0430706289
  
  # of events with muons:  0 out of:  278465688
  All:           1. muons:   113.179039 2. muon   7.63935804
 In acc: 1. muons:     85.698:      0.757 % 2. muon     10.213:      1.337 %
  Norm Histos here: lum=   1.lumbreit lum1  1.
  ZEUS scenario in Lab frame Q2>4
  Total      sig (pb):   520.166077
  b tot  sig (pb):   307.832397
  >=1jets sig (pb):   434.642944
  muon +no cuts on jet sig (pb):   61.4241829
  muon+jet    sig (pb):   55.1761398
  muon+jet+cone sig (pb):   36.0929909
  ZEUS scenario in Breit frame Q2>2 
  tot        sig (pb):   520.166077
  b.cross    sig (pb):   322.947418
  >=1jet sig (pb):   292.414673
  muon nojet cut sig (pb):   35.0538368
  muon+jet   sig (pb):   24.5567856
 incl jet   sig (pb):  103.589096
 incl muon  sig (pb):  26.6532249
 incl b     sig (pb):  435.375
 generator:HVQ     hfrac  0.2205
  Output Histos here 
