  
 ============================
 | HVQDIS  V1.4  APRIL 2000 |
 ============================
  
 NORDER    =        2
 ISCALER   =        5
 ISCALEF   =        5
 IPDF      =        2
 PTS0      =   100000
 ITS0      =       10
 PTS1      =    80000
 ITS1      =       20
 IQUARK    =        2
 MASS      =      4.75
 EPRO      =    920.00
 EIEL      =     27.50
 Q2MIN     =      4.00
 Q2MAX     =   *******
 XBJMIN    =      0.00
 XBJMAX    =      1.00
 YMIN      =      0.00
 YMAX      =      1.00
 ETAMAX    =      2.50
 PTMIN     =      0.00
 PTMAX     =   *******
 IFRAG     =        0
 ISL       =        1
 EPS       =      0.0035
 HFRAC     =      0.2205
 XMD       =      5.2780
 TCFRAG    =        0
 TCSL    =        1
 PREF      =   f2b_cteq5f3_full.histos                 
  
 BOTTOM PRODUCTION
 RM48 INITIALIZED:        40           0         0
 **hist: start histos 
 HPATH.  ERROR IN PATHNAME,


 ===> Directory : 
  create directory HISB
 hfrac:  0.2205
 **hzb: Version kula1  
 FULL LO+NLO ME



 INPUT PARAMETERS FOR VEGAS:  NDIM=  3  NCALL=    93312.
                              IT=    0  ITMX=   10
                              MDS= -1   ND=  36
 **MScale: SCALFA=   1. ISCALE=  5
 **MScale: scale: Pt2+4 M2 
 **MScale: SCALFA=   1. ISCALE=  5
 **MScale: scale: Pt2+4 M2 
 wtx  1.44076785E-06hfrac  0.392379761
 **frag: Peterson frag function 
 **frag: Vincenzo semi-leptonic routine dir+indir 

 ******************************************************
 KTCLUS: written by Mike Seymour, July 1992.
 Last modified October 1997.
 Please send comments or suggestions to Mike.Seymour@rl.ac.uk

       Collision type = 3 = pe        
     Angular variable = 2 = DeltaR    
 Monotonic definition = 1 = no        
 Recombination scheme = 1 = E         
 Ecut=  1.00
 ******************************************************

 **MScale: SCALFA=   1. ISCALE=  5
 **MScale: scale: Pt2+4 M2 
 **MScale: SCALFA=   1. ISCALE=  5
 **MScale: scale: Pt2+4 M2 
 wtx  4.7280032E-06hfrac  0.392379761
 **MScale: SCALFA=   1. ISCALE=  5
 **MScale: scale: Pt2+4 M2 
 wtx  5.94072662E-06hfrac  0.392379761
 wtx  2.85063766E-06hfrac  0.392379761
 wtx  1.13137541E-10hfrac  0.392379761
 wtx  7.29775411E-06hfrac  0.392379761
 wtx  2.3669345E-05hfrac  0.392379761
 wtx  8.00034832E-06hfrac  0.392379761
 wtx  3.72929353E-05hfrac  0.392379761
 wtx  1.04653654E-05hfrac  0.392379761
 wtx  4.00342797E-05hfrac  0.392379761
 wtx  4.26843053E-06hfrac  0.392379761
 wtx  2.07676549E-05hfrac  0.392379761
 wtx  2.71254544E-06hfrac  0.392379761
 wtx  1.17537559E-06hfrac  0.392379761
 wtx  5.46529509E-06hfrac  0.392379761
 wtx  2.46200261E-06hfrac  0.392379761
 wtx  4.3558266E-05hfrac  0.392379761
 wtx  2.56417443E-05hfrac  0.392379761
 wtx  3.66466993E-05hfrac  0.392379761
 **bmatch: create BMAT   
 BMAT    histos booked ! 
 wtx  1.33806866E-09hfrac  0.392379761
 wtx  2.11941142E-07hfrac  0.392379761
 wtx  1.41825722E-05hfrac  0.392379761
 wtx  0.000110533401hfrac  0.392379761
 wtx  2.29421803E-05hfrac  0.392379761
 wtx  1.46985849E-05hfrac  0.392379761
 wtx  3.00391349E-07hfrac  0.392379761
 wtx  2.99184485E-05hfrac  0.392379761
 wtx  5.6806366E-05hfrac  0.392379761
 wtx  7.99829868E-05hfrac  0.392379761
 wtx  6.19140483E-05hfrac  0.392379761
 wtx  2.81285338E-06hfrac  0.392379761
 wtx  1.71895385E-06hfrac  0.392379761
 wtx  0.000107455016hfrac  0.392379761
 wtx  1.75081332E-05hfrac  0.392379761
 wtx  5.45572657E-05hfrac  0.392379761
 wtx  2.78627122E-05hfrac  0.392379761
 wtx  5.72667122E-05hfrac  0.392379761
 wtx  1.06134405E-06hfrac  0.392379761
 wtx  5.27725715E-05hfrac  0.392379761
 wtx  8.50002743E-06hfrac  0.392379761
 wtx  2.14278625E-05hfrac  0.392379761
 wtx  7.00176633E-06hfrac  0.392379761
 wtx  1.12462803E-05hfrac  0.392379761
 wtx  4.65748672E-05hfrac  0.392379761
 wtx  2.55659197E-05hfrac  0.392379761
 wtx  1.79994768E-05hfrac  0.392379761
 wtx  4.33953273E-09hfrac  0.392379761
 wtx  4.12299505E-06hfrac  0.392379761
 wtx  1.2096265E-05hfrac  0.392379761
 wtx  5.00261413E-05hfrac  0.392379761
 wtx  3.51466696E-07hfrac  0.392379761
 wtx  3.95671407E-07hfrac  0.392379761
 wtx  9.1489228E-06hfrac  0.392379761
 wtx  1.81356954E-05hfrac  0.392379761
 wtx  3.57897843E-05hfrac  0.392379761
 wtx  5.12688348E-06hfrac  0.392379761
 wtx  1.86593206E-05hfrac  0.392379761
 wtx  2.05703727E-05hfrac  0.392379761
 wtx  2.07498233E-05hfrac  0.392379761
 wtx  5.11867984E-05hfrac  0.392379761
 wtx  1.25856423E-05hfrac  0.392379761
 wtx  1.43453726E-05hfrac  0.392379761
 wtx  6.0593851E-07hfrac  0.392379761
 wtx  7.84572185E-05hfrac  0.392379761
 wtx  1.18034377E-05hfrac  0.392379761
 wtx  4.16378008E-08hfrac  0.392379761
 wtx  1.0025939E-09hfrac  0.392379761
 wtx  6.88137334E-06hfrac  0.392379761
 wtx  1.8543702E-05hfrac  0.392379761
 wtx  9.23565391E-11hfrac  0.392379761
 wtx  1.35823632E-06hfrac  0.392379761
 wtx  3.53538283E-08hfrac  0.392379761
 wtx  1.01422472E-07hfrac  0.392379761
 wtx  2.00930344E-06hfrac  0.392379761
 wtx  1.32120792E-09hfrac  0.392379761
 wtx  6.75199544E-07hfrac  0.392379761
 wtx  1.95494727E-06hfrac  0.392379761
 wtx  2.94517145E-06hfrac  0.392379761
 wtx  4.7735698E-06hfrac  0.392379761
 wtx  1.03615685E-06hfrac  0.392379761
 wtx  2.02043293E-06hfrac  0.392379761
 wtx  2.85208529E-07hfrac  0.392379761
 wtx  4.03000013E-06hfrac  0.392379761
 wtx  3.54408805E-08hfrac  0.392379761
 wtx  1.05223398E-06hfrac  0.392379761
 wtx  5.65767414E-06hfrac  0.392379761
 wtx  7.58456645E-06hfrac  0.392379761
 wtx  2.43915991E-07hfrac  0.392379761
 wtx  5.0889239E-06hfrac  0.392379761
 wtx  5.75866625E-06hfrac  0.392379761
 wtx  1.46327864E-06hfrac  0.392379761
 wtx  1.55564396E-06hfrac  0.392379761
 wtx  7.40614905E-06hfrac  0.392379761
 wtx  8.32448586E-06hfrac  0.392379761
 wtx  3.70760546E-07hfrac  0.392379761
 wtx  1.59882329E-05hfrac  0.392379761
 wtx  1.0097483E-05hfrac  0.392379761
 wtx  3.99930923E-06hfrac  0.392379761
 wtx  2.3345915E-06hfrac  0.392379761
   1       14.29088      4.371       14.29088      4.371      0.000    
   2       17.41554      1.666       17.13706      1.454     0.3747    
   3       17.25123     0.4546       17.24246     0.4148     0.1798    
   4       16.91760     0.2163       16.98362     0.1885     0.2782    
   5       17.16204     0.1927       17.07427     0.1333     0.3174    
   6       17.05876     0.1907       17.06902     0.1088     0.2527    
   7       16.96981     0.1930       17.04455     0.9465E-01 0.2437    
   8       16.97508     0.1903       17.03048     0.8467E-01 0.2237    
   9       17.29952     0.1886       17.07796     0.7710E-01 0.4156    
  10       17.09299     0.1907       17.08012     0.7144E-01 0.3689    



 INPUT PARAMETERS FOR VEGAS:  NDIM=  3  NCALL=   949104.
                              IT=    0  ITMX=   20
                              MDS= -1   ND=  39
   1       17.12981     0.6025E-01   17.12981     0.6025E-01  0.000    
   2       17.06112     0.5964E-01   17.09525     0.4239E-01 0.6565    
   3       17.02538     0.5958E-01   17.07190     0.3454E-01 0.7845    
   4       17.04261     0.5999E-01   17.06463     0.2993E-01 0.5830    
   5       17.06630     0.5927E-01   17.06497     0.2672E-01 0.4374    
   6       17.06892     0.5969E-01   17.06563     0.2439E-01 0.3506    
   7       16.96366     0.5935E-01   17.05105     0.2256E-01 0.7100    
   8       17.04681     0.6027E-01   17.05053     0.2113E-01 0.6092    
   9       17.16963     0.6002E-01   17.06382     0.1993E-01 0.9751    
  10       17.10300     0.5975E-01   17.06776     0.1890E-01 0.9095    
  11       17.04815     0.5971E-01   17.06597     0.1802E-01 0.8285    
  12       16.96656     0.5956E-01   17.05772     0.1725E-01 0.9836    
  13       17.08412     0.6006E-01   17.05974     0.1658E-01 0.9164    
  14       17.03219     0.5915E-01   17.05774     0.1596E-01 0.8615    
  15       16.99087     0.5939E-01   17.05327     0.1542E-01 0.8843    
  16       17.04451     0.6010E-01   17.05273     0.1493E-01 0.8267    
  17       17.00886     0.6070E-01   17.05023     0.1450E-01 0.8059    
  18       17.00422     0.5969E-01   17.04768     0.1409E-01 0.7916    
  19       17.01207     0.5954E-01   17.04580     0.1371E-01 0.7665    
  20       17.08415     0.6010E-01   17.04771     0.1337E-01 0.7465    



 INPUT PARAMETERS FOR VEGAS:  NDIM=  6  NCALL=    78125.
                              IT=    0  ITMX=   20
                              MDS=  1   ND=  50
 **sig1: iscalef=  5
 **sig1: mur=   128.07037
 **sig1: iscalef=  5
 **sig1: muf=   128.07037
 ALFAS  =   0.161436653
 MUR2   =   128.07037
 LOGMUR =   1.73629064
 MUF2   =   128.07037
 LOGMUF =   1.73629064
  
 INTEGRATING NLO GLUON ...
  
   1      -1.037945      1.072      -1.037945      1.072      0.000    
   2       6.340427      2.269       5.548937      1.536      2.209    
   3       8.337963      1.752       7.561239      1.084      1.282    
   4       9.399272      1.720       8.457269     0.9014     0.9802    
   5       7.287886      1.578       8.155431     0.7816     0.8326    
   6       11.46933      1.534       9.492631     0.6797      1.670    
   7       9.430393      1.454       9.478136     0.6117      1.318    
   8       12.09006      1.724       10.03744     0.5804      1.473    
   9       11.34681      1.800       10.23049     0.5553      1.288    
  10       10.74704      1.541       10.30951     0.5209      1.116    
  11       8.510842      1.051       10.00226     0.4709      1.226    
  12       8.161572      1.133       9.782913     0.4379      1.304    
  13       10.76373      1.599       9.875383     0.4229      1.199    
  14       9.015849      1.198       9.784864     0.3993      1.144    
  15       8.996215     0.8805       9.656578     0.3647      1.112    
  16       10.73119      4.863       9.664670     0.3672      1.020    
  17       7.151335      1.656       9.594236     0.3576      1.064    
  18       7.824834      2.301       9.564000     0.3518      1.042    
  19       8.899469      1.886       9.542825     0.3456     0.9937    
  20       9.214115      1.165       9.515817     0.3313     0.9445    



 INPUT PARAMETERS FOR VEGAS:  NDIM=  6  NCALL=   786432.
                              IT=    0  ITMX=   40
                              MDS=  1   ND=  50
   1       9.509038     0.4277       9.509038     0.4277      0.000    
   2       10.71985     0.9428       9.760046     0.4057      1.464    
   3       9.111857     0.4016       9.466982     0.2906      1.398    
   4       9.200484     0.5163       9.408849     0.2531      1.024    
   5       10.75660     0.6518       9.621201     0.2378      1.798    
   6       9.537346     0.4495       9.603874     0.2106      1.461    
   7       9.223544     0.6914       9.575153     0.2008      1.280    
   8       10.22251     0.6054       9.645029     0.1908      1.242    
   9       10.10420     0.5139       9.703658     0.1788      1.171    
  10       8.888176     0.4236       9.600161     0.1655      1.359    
  11       9.598054     0.5119       9.599967     0.1575      1.227    
  12       9.361438     0.4321       9.573868     0.1482      1.145    
  13       9.464899     0.4755       9.564654     0.1415      1.058    
  14       9.283813      1.173       9.560948     0.1402     0.9860    
  15       8.909329     0.3389       9.478141     0.1303      1.123    
  16       9.593774     0.5246       9.484839     0.1265      1.051    
  17       10.64516     0.9665       9.508719     0.1260      1.079    
  18       10.45902     0.9326       9.528571     0.1252      1.076    
  19       9.288931     0.4260       9.511033     0.1203      1.036    
  20       10.41495     0.7633       9.536215     0.1191      1.056    
  21       9.280070     0.4923       9.523282     0.1158      1.019    
  22       9.058342     0.3985       9.491477     0.1114      1.029    
  23       9.739565     0.3981       9.509690     0.1073     0.9984    
  24       9.586749     0.5442       9.512515     0.1052     0.9567    
  25       9.445855     0.3821       9.508026     0.1015     0.9197    
  26       11.94407      2.256       9.515524     0.1024     0.9349    
  27       9.507196     0.3724       9.514968     0.9882E-01 0.9007    
  28       9.242549     0.3879       9.499987     0.9589E-01 0.8861    
  29       9.217300     0.4409       9.488504     0.9375E-01 0.8702    
  30       9.310915     0.4127       9.480483     0.9148E-01 0.8482    
  31       9.796070     0.4908       9.491261     0.8993E-01 0.8330    
  32       9.938143     0.6476       9.500105     0.8910E-01 0.8207    
  33       9.338406     0.5418       9.496167     0.8791E-01 0.7994    
  34       10.25094     0.8225       9.505657     0.8750E-01 0.8006    
  35       9.644705     0.4029       9.511821     0.8552E-01 0.7807    
  36       9.975401     0.5838       9.522058     0.8463E-01 0.7758    
  37       9.515446     0.5442       9.521909     0.8362E-01 0.7551    
  38       9.717183     0.4790       9.527676     0.8237E-01 0.7391    
  39       9.531997      1.051       9.527701     0.8209E-01 0.7204    
  40       14.78598      5.980       9.529993     0.8341E-01 0.7240    



 INPUT PARAMETERS FOR VEGAS:  NDIM=  6  NCALL=    78125.
                              IT=    0  ITMX=   20
                              MDS=  1   ND=  50
 ALFAS  =   0.167045408
 MUR2   =   98.706862
 LOGMUR =   1.47586523
 MUF2   =   98.706862
 LOGMUF =   1.47586523
  
 INTEGRATING QUARK INITIATED ...
  
   1      0.4018113     0.4168      0.4018113     0.4168      0.000    
   2      0.7689878     0.2818      0.7282569     0.2120     0.2959    
   3      0.1645936     0.2195      0.6928098     0.1705     0.5361    
   4      0.7702901     0.1860      0.7437516     0.1147     0.3049    
   5      0.7313212     0.1498      0.7378188     0.8743E-01 0.2070    
   6      0.3691311     0.4165      0.7321093     0.8197E-01 0.2472    
   7      0.8595432     0.2379      0.7582012     0.7896E-01 0.2472    
   8      0.5593206     0.3148      0.7488225     0.7604E-01 0.2616    
   9      0.3614048     0.2841      0.7396736     0.7232E-01 0.3298    
  10      0.3410959     0.2326      0.7275496     0.6877E-01 0.4245    
  11       1.317026     0.4777      0.7847757     0.7678E-01 0.7933    
  12      0.8569496     0.2234      0.7961904     0.7216E-01 0.6994    
  13       1.051521     0.1828      0.8632030     0.6496E-01 0.8328    
  14      0.7768947     0.1426      0.8467501     0.5872E-01 0.7871    
  15       1.090688     0.1787      0.8938216     0.5485E-01 0.8962    
  16      0.7580193     0.1427      0.8764938     0.5121E-01 0.8891    
  17      0.8205223     0.1797      0.8716734     0.4919E-01 0.8322    
  18       1.060454     0.2137      0.8890961     0.4804E-01 0.8212    
  19      0.8298026     0.1919      0.8852131     0.4659E-01 0.7763    
  20      0.8352308     0.2092      0.8825687     0.4548E-01 0.7340    



 INPUT PARAMETERS FOR VEGAS:  NDIM=  6  NCALL=   786432.
                              IT=    0  ITMX=   40
                              MDS=  1   ND=  50
   1      0.9071425     0.6516E-01  0.9071425     0.6516E-01  0.000    
   2      0.9667871     0.8714E-01  0.9303093     0.5266E-01 0.3047    
   3      0.9148772     0.7560E-01  0.9254314     0.4320E-01 0.1686    
   4      0.9600399     0.7972E-01  0.9336811     0.3801E-01 0.1607    
   5       1.038007     0.2346      0.9369333     0.3825E-01 0.1715    
   6      0.8542270     0.7217E-01  0.9218478     0.3399E-01 0.3187    
   7       1.083533     0.7149E-01  0.9590762     0.3050E-01  1.084    
   8      0.7953689     0.7525E-01  0.9425913     0.2834E-01  1.399    
   9      0.9412971     0.7661E-01  0.9424363     0.2658E-01  1.225    
  10       1.074899     0.1759      0.9462485     0.2658E-01  1.135    
  11      0.8587384     0.7650E-01  0.9385031     0.2515E-01  1.137    
  12      0.8820331     0.6395E-01  0.9318472     0.2349E-01  1.100    
  13      0.8571320     0.7869E-01  0.9267312     0.2252E-01  1.081    
  14      0.8344261     0.7497E-01  0.9205723     0.2159E-01  1.100    
  15      0.9849684     0.7539E-01  0.9259946     0.2075E-01  1.067    
  16      0.9062183     0.6322E-01  0.9241748     0.1973E-01  1.005    
  17       1.065674     0.7557E-01  0.9357467     0.1908E-01  1.184    
  18      0.8701531     0.7079E-01  0.9319096     0.1844E-01  1.164    
  19      0.9226476     0.8631E-01  0.9315172     0.1803E-01  1.102    
  20       1.003157     0.8114E-01  0.9353598     0.1760E-01  1.080    
  21       1.118757     0.1171      0.9410490     0.1750E-01  1.171    
  22      0.9112061     0.7340E-01  0.9395630     0.1703E-01  1.126    
  23       1.001322     0.7478E-01  0.9429447     0.1660E-01  1.102    
  24       1.355819     0.4295      0.9441972     0.1693E-01  1.089    
  25       1.159713     0.8206E-01  0.9565520     0.1657E-01  1.407    
  26       1.049901     0.7162E-01  0.9619755     0.1613E-01  1.416    
  27      0.9140652     0.7690E-01  0.9602129     0.1579E-01  1.381    
  28      0.9599817     0.7173E-01  0.9602026     0.1543E-01  1.331    
  29      0.9379707     0.7580E-01  0.9593868     0.1512E-01  1.290    
  30       1.021359     0.7356E-01  0.9621239     0.1481E-01  1.267    
  31      0.7997914     0.7957E-01  0.9584520     0.1456E-01  1.330    
  32       1.075047     0.7838E-01  0.9631644     0.1431E-01  1.361    
  33      0.8549953     0.7046E-01  0.9598473     0.1404E-01  1.383    
  34      0.9431498     0.8176E-01  0.9593970     0.1384E-01  1.345    
  35      0.9337971     0.9965E-01  0.9589494     0.1370E-01  1.310    
  36      0.8957117     0.6460E-01  0.9566180     0.1342E-01  1.300    
  37      0.9520217     0.6186E-01  0.9564183     0.1312E-01  1.265    
  38      0.8975112     0.9609E-01  0.9554905     0.1299E-01  1.244    
  39      0.9965294     0.6920E-01  0.9569716     0.1276E-01  1.219    
  40      0.7982009     0.5683E-01  0.9517027     0.1250E-01  1.330    
  
 CROSS SECTION =   27.5294034 +/-   0.0853939323
  
  # of events with muons:  0 out of:  191768882
  All:           1. muons:   138.273376 2. muon   8.7586937
 In acc: 1. muons:    103.166:      0.746 % 2. muon     12.259:      1.400 %
  Norm Histos here: lum=   1.lumbreit lum1  1.
  ZEUS scenario in Lab frame Q2>4
  Total      sig (pb):   655.520569
  b tot  sig (pb):   345.667908
  >=1jets sig (pb):   493.106079
  muon +no cuts on jet sig (pb):   74.4728851
  muon+jet    sig (pb):   61.7357712
  muon+jet+cone sig (pb):   39.7443237
  ZEUS scenario in Breit frame Q2>2 
  tot        sig (pb):   655.503601
  b.cross    sig (pb):   363.639801
  >=1jet sig (pb):   316.284424
  muon nojet cut sig (pb):   41.913044
  muon+jet   sig (pb):   27.8330975
 incl jet   sig (pb):  121.684639
 incl muon  sig (pb):  30.2774429
 incl b     sig (pb):  481.696472
 generator:HVQ     hfrac  0.2205
  Output Histos here 
