  
 ============================
 | HVQDIS  V1.4  APRIL 2000 |
 ============================
  
 NORDER    =        2
 ISCALER   =        7
 ISCALEF   =       17
 IPDF      =        5
 PTS0      =   500000
 ITS0      =        2
 PTS1      =   800000
 ITS1      =        4
 IQUARK    =        2
 MASS      =      4.75
 EPRO      =    920.00
 EIEL      =     27.50
 Q2MIN     =      2.00
 Q2MAX     =   3000.00
 XBJMIN    =      0.00
 XBJMAX    =      1.00
 YMIN      =      0.05
 YMAX      =      0.70
 ETAMAX    =      2.50
 PTMIN     =      0.00
 PTMAX     =   *******
 IFRAG     =        0
 ISL       =        1
 EPS       =      0.0035
 HFRAC     =      0.2205
 XMD       =      5.2780
 TCFRAG    =        0
 TCSL    =        1
 PREF      =   f2b_2.-3000._0.-1._r7_f17_m4.75.histos  
  
 BOTTOM PRODUCTION
 RM48 INITIALIZED:        40           0         0
 **hist: start histos 
 HPATH.  ERROR IN PATHNAME,


 ===> Directory : 
  create directory HISB
 hfrac:  0.2205
 **hzb: Version kula1  
 FULL LO+NLO ME
 NDIM,CALLS,IT,ITMX,MDS,ND



 INPUT PARAMETERS FOR VEGAS:  NDIM=  3  NCALL=   476656.
                              IT=    0  ITMX=    2
                              MDS= -1   ND=  31
 **MScale: SCALFA=   1. ISCALE=  7
 **MScale: scale: (Q2+Pt2+M2)/4 
 1**Scales: M2=   22.5625 Q2=   24.8489252 X2=   0.0300290419
 1**Scale:   11.8603636
 **MScale: SCALFA=   1. ISCALE=  17
 **MScale: scale: .25*(Q2+Pt2+M2)/4
 2**Scales: M2=   22.5625 Q2=   24.8489252 X2=   0.0300290419
 2**Scale:   2.96509089
 wtx  3.49992638E-06hfrac  0.392379761
 **frag: Peterson frag function 
 **frag: Vincenzo semi-leptonic routine dir+indir 

 ******************************************************
 KTCLUS: written by Mike Seymour, July 1992.
 Last modified October 1997.
 Please send comments or suggestions to Mike.Seymour@rl.ac.uk

       Collision type = 3 = pe        
     Angular variable = 2 = DeltaR    
 Monotonic definition = 1 = no        
 Recombination scheme = 1 = E         
 Ecut=  1.00
 ******************************************************

 **MScale: SCALFA=   1. ISCALE=  7
 **MScale: scale: (Q2+Pt2+M2)/4 
 3**Scales: M2=   22.5625 Q2=   20.1388584 X2=   0.0237148074
 3**Scale:   10.6812683
 **MScale: SCALFA=   1. ISCALE=  17
 **MScale: scale: .25*(Q2+Pt2+M2)/4
 4**Scales: M2=   22.5625 Q2=   20.1388584 X2=   0.0237148074
 4**Scale:   2.67031708
 wtx  3.8888802E-06hfrac  0.392379761
 **MScale: SCALFA=   1. ISCALE=  7
 **MScale: scale: (Q2+Pt2+M2)/4 
 5**Scales: M2=   22.5625 Q2=   40.9511474 X2=   0.205258561
 5**Scale:   15.9297265
 6**Scales: M2=   22.5625 Q2=   40.9511474 X2=   0.205258561
 6**Scale:   3.98243163
 wtx  4.7017611E-06hfrac  0.392379761
 7**Scales: M2=   22.5625 Q2=   39.3281695 X2=   0.0357159313
 7**Scale:   15.4815964
 8**Scales: M2=   22.5625 Q2=   39.3281695 X2=   0.0357159313
 8**Scale:   3.87039909
 wtx  1.64368203E-06hfrac  0.392379761
 9**Scales: M2=   22.5625 Q2=   20.9502873 X2=   0.0371282937
 9**Scale:   10.8874789
 10**Scales: M2=   22.5625 Q2=   20.9502873 X2=   0.0371282937
 10**Scale:   2.72186973
 wtx  3.11242638E-06hfrac  0.392379761
 11**Scales: M2=   22.5625 Q2=   33.2469469 X2=   0.642805767
 11**Scale:   14.1130632
 12**Scales: M2=   22.5625 Q2=   33.2469469 X2=   0.642805767
 12**Scale:   3.52826579
 wtx  1.17129066E-05hfrac  0.392379761
 13**Scales: M2=   22.5625 Q2=   26.204857 X2=   0.750147389
 13**Scale:   12.3793761
 14**Scales: M2=   22.5625 Q2=   26.204857 X2=   0.750147389
 14**Scale:   3.09484403
 wtx  1.4719164E-05hfrac  0.392379761
 15**Scales: M2=   22.5625 Q2=   36.9540545 X2=   0.222006781
 15**Scale:   14.9346403
 16**Scales: M2=   22.5625 Q2=   36.9540545 X2=   0.222006781
 16**Scale:   3.73366008
 wtx  4.06922845E-06hfrac  0.392379761
 17**Scales: M2=   22.5625 Q2=   20.3686396 X2=   3.03018075
 17**Scale:   11.4903301
 18**Scales: M2=   22.5625 Q2=   20.3686396 X2=   3.03018075
 18**Scale:   2.87258252
 wtx  4.8097223E-05hfrac  0.392379761
 19**Scales: M2=   22.5625 Q2=   24.0633907 X2=   0.151678138
 19**Scale:   11.6943922
 20**Scales: M2=   22.5625 Q2=   24.0633907 X2=   0.151678138
 20**Scale:   2.92359805
 wtx  4.7233666E-06hfrac  0.392379761
 21**Scales: M2=   22.5625 Q2=   22.7314537 X2=   3.8683235
 21**Scale:   12.2905693
 22**Scales: M2=   22.5625 Q2=   22.7314537 X2=   3.8683235
 22**Scale:   3.07264233
 wtx  4.26905899E-05hfrac  0.392379761
 23**Scales: M2=   22.5625 Q2=   31.4643936 X2=   0.734680127
 23**Scale:   13.6903934
 24**Scales: M2=   22.5625 Q2=   31.4643936 X2=   0.734680127
 24**Scale:   3.42259836
 wtx  9.82713118E-06hfrac  0.392379761
 25**Scales: M2=   22.5625 Q2=   4.45132372 X2=   0.017236629
 25**Scale:   6.75776509
 26**Scales: M2=   22.5625 Q2=   4.45132372 X2=   0.017236629
 26**Scale:   1.68944127
 wtx  8.04624506E-06hfrac  0.392379761
 27**Scales: M2=   22.5625 Q2=   27.1659265 X2=   2.96644486
 27**Scale:   13.1737178
 28**Scales: M2=   22.5625 Q2=   27.1659265 X2=   2.96644486
 28**Scale:   3.29342946
 wtx  2.91344786E-05hfrac  0.392379761
 29**Scales: M2=   22.5625 Q2=   45.5033769 X2=   7.98496178
 29**Scale:   19.0127097
 30**Scales: M2=   22.5625 Q2=   45.5033769 X2=   7.98496178
 30**Scale:   4.75317742
 wtx  2.24061368E-05hfrac  0.392379761
 31**Scales: M2=   22.5625 Q2=   47.7275762 X2=   7.59107264
 31**Scale:   19.4702872
 32**Scales: M2=   22.5625 Q2=   47.7275762 X2=   7.59107264
 32**Scale:   4.8675718
 wtx  2.0303738E-05hfrac  0.392379761
 33**Scales: M2=   22.5625 Q2=   25.7443285 X2=   0.0132550244
 33**Scale:   12.0800209
 34**Scales: M2=   22.5625 Q2=   25.7443285 X2=   0.0132550244
 34**Scale:   3.02000522
 wtx  1.11215957E-06hfrac  0.392379761
 35**Scales: M2=   22.5625 Q2=   22.4137263 X2=   3.08846811
 35**Scale:   12.0161736
 36**Scales: M2=   22.5625 Q2=   22.4137263 X2=   3.08846811
 36**Scale:   3.0040434
 wtx  3.01178443E-05hfrac  0.392379761
 37**Scales: M2=   22.5625 Q2=   6.96171903 X2=   15.2665293
 37**Scale:   11.1976871
 38**Scales: M2=   22.5625 Q2=   6.96171903 X2=   15.2665293
 38**Scale:   2.79942177
 wtx  0.000264369621hfrac  0.392379761
 39**Scales: M2=   22.5625 Q2=   16.0915468 X2=   20.0043175
 39**Scale:   14.6645911
 40**Scales: M2=   22.5625 Q2=   16.0915468 X2=   20.0043175
 40**Scale:   3.66614777
 wtx  9.80198238E-05hfrac  0.392379761
 41**Scales: M2=   22.5625 Q2=   12.2816054 X2=   293.508547
 41**Scale:   82.0881631
 42**Scales: M2=   22.5625 Q2=   12.2816054 X2=   293.508547
 42**Scale:   20.5220408
 wtx  2.45031998E-07hfrac  0.392379761
 **bmatch: create BMAT   
 BMAT    histos booked ! 
 43**Scales: M2=   22.5625 Q2=   25.9260471 X2=   1.93266466
 43**Scale:   12.605303
 44**Scales: M2=   22.5625 Q2=   25.9260471 X2=   1.93266466
 44**Scale:   3.15132574
 wtx  1.93821088E-05hfrac  0.392379761
 45**Scales: M2=   22.5625 Q2=   39.1989167 X2=   1.59597077
 45**Scale:   15.8393469
 46**Scales: M2=   22.5625 Q2=   39.1989167 X2=   1.59597077
 46**Scale:   3.95983672
 wtx  8.80352218E-06hfrac  0.392379761
 47**Scales: M2=   22.5625 Q2=   10.0805705 X2=   2.57792934
 47**Scale:   8.80524997
 48**Scales: M2=   22.5625 Q2=   10.0805705 X2=   2.57792934
 48**Scale:   2.20131249
 wtx  5.60886874E-05hfrac  0.392379761
 49**Scales: M2=   22.5625 Q2=   19.9396765 X2=   0.552820132
 49**Scale:   10.7637492
 50**Scales: M2=   22.5625 Q2=   19.9396765 X2=   0.552820132
 50**Scale:   2.69093729
 wtx  1.05360768E-05hfrac  0.392379761
 51**Scales: M2=   22.5625 Q2=   36.8584303 X2=   24.1308832
 51**Scale:   20.8879534
 52**Scales: M2=   22.5625 Q2=   36.8584303 X2=   24.1308832
 52**Scale:   5.22198835
 wtx  3.2491731E-05hfrac  0.392379761
 53**Scales: M2=   22.5625 Q2=   21.3689491 X2=   184.345962
 53**Scale:   57.0693527
 54**Scales: M2=   22.5625 Q2=   21.3689491 X2=   184.345962
 54**Scale:   14.2673382
 wtx  1.08236118E-05hfrac  0.392379761
 55**Scales: M2=   22.5625 Q2=   24.9667191 X2=   2.05186974
 55**Scale:   12.3952722
 56**Scales: M2=   22.5625 Q2=   24.9667191 X2=   2.05186974
 56**Scale:   3.09881805
 wtx  1.71346965E-05hfrac  0.392379761
 57**Scales: M2=   22.5625 Q2=   18.2466942 X2=   15.5651049
 57**Scale:   14.0935748
 58**Scales: M2=   22.5625 Q2=   18.2466942 X2=   15.5651049
 58**Scale:   3.5233937
 wtx  7.26456565E-05hfrac  0.392379761
 59**Scales: M2=   22.5625 Q2=   5.30902306 X2=   5.94890416
 59**Scale:   8.4551068
 60**Scales: M2=   22.5625 Q2=   5.30902306 X2=   5.94890416
 60**Scale:   2.1137767
 wtx  0.000193663902hfrac  0.392379761
 61**Scales: M2=   22.5625 Q2=   18.2075667 X2=   7.68572991
 61**Scale:   12.1139492
 62**Scales: M2=   22.5625 Q2=   18.2075667 X2=   7.68572991
 62**Scale:   3.02848729
 wtx  5.51618286E-05hfrac  0.392379761
 63**Scales: M2=   22.5625 Q2=   48.2617925 X2=   74.3745622
 63**Scale:   36.2997137
 64**Scales: M2=   22.5625 Q2=   48.2617925 X2=   74.3745622
 64**Scale:   9.07492842
 wtx  1.4910539E-05hfrac  0.392379761
 65**Scales: M2=   22.5625 Q2=   42.0249217 X2=   118.658045
 65**Scale:   45.8113667
 66**Scales: M2=   22.5625 Q2=   42.0249217 X2=   118.658045
 66**Scale:   11.4528417
 wtx  1.26200175E-05hfrac  0.392379761
 67**Scales: M2=   22.5625 Q2=   9.58583734 X2=   7.10076896
 67**Scale:   9.81227657
 68**Scales: M2=   22.5625 Q2=   9.58583734 X2=   7.10076896
 68**Scale:   2.45306914
 wtx  0.000105737709hfrac  0.392379761
 69**Scales: M2=   22.5625 Q2=   44.7306663 X2=   4.52201471
 69**Scale:   17.9537953
 70**Scales: M2=   22.5625 Q2=   44.7306663 X2=   4.52201471
 70**Scale:   4.48844881
 wtx  1.26624691E-05hfrac  0.392379761
 71**Scales: M2=   22.5625 Q2=   7.15452773 X2=   4.73482402
 71**Scale:   8.61296294
 72**Scales: M2=   22.5625 Q2=   7.15452773 X2=   4.73482402
 72**Scale:   2.15324073
 wtx  0.000115569354hfrac  0.392379761
 73**Scales: M2=   22.5625 Q2=   32.9870521 X2=   17.36072
 73**Scale:   18.227568
 74**Scales: M2=   22.5625 Q2=   32.9870521 X2=   17.36072
 74**Scale:   4.55689201
 wtx  3.37529018E-05hfrac  0.392379761
 75**Scales: M2=   22.5625 Q2=   5.90190883 X2=   60.66319
 75**Scale:   22.2818997
 76**Scales: M2=   22.5625 Q2=   5.90190883 X2=   60.66319
 76**Scale:   5.57047493
 wtx  0.000230790058hfrac  0.392379761
 77**Scales: M2=   22.5625 Q2=   34.1913676 X2=   177.019163
 77**Scale:   58.4432576
 78**Scales: M2=   22.5625 Q2=   34.1913676 X2=   177.019163
 78**Scale:   14.6108144
 wtx  1.08514732E-05hfrac  0.392379761
 79**Scales: M2=   22.5625 Q2=   21.1061606 X2=   7.10302744
 79**Scale:   12.692922
 80**Scales: M2=   22.5625 Q2=   21.1061606 X2=   7.10302744
 80**Scale:   3.17323051
 wtx  3.97404729E-05hfrac  0.392379761
 81**Scales: M2=   22.5625 Q2=   2.18158092 X2=   5.45670422
 81**Scale:   7.55019629
 82**Scales: M2=   22.5625 Q2=   2.18158092 X2=   5.45670422
 82**Scale:   1.88754907
 wtx  0.000411734771hfrac  0.392379761
 83**Scales: M2=   22.5625 Q2=   17.046735 X2=   82.8458192
 83**Scale:   30.6137635
 84**Scales: M2=   22.5625 Q2=   17.046735 X2=   82.8458192
 84**Scale:   7.65344088
 wtx  5.67584684E-05hfrac  0.392379761
 85**Scales: M2=   22.5625 Q2=   38.0089359 X2=   77.7202405
 85**Scale:   34.5729191
 86**Scales: M2=   22.5625 Q2=   38.0089359 X2=   77.7202405
 86**Scale:   8.64322977
 wtx  2.15052241E-05hfrac  0.392379761
 87**Scales: M2=   22.5625 Q2=   20.2148503 X2=   53.3151036
 87**Scale:   24.0231135
 88**Scales: M2=   22.5625 Q2=   20.2148503 X2=   53.3151036
 88**Scale:   6.00577837
 wtx  5.93992918E-05hfrac  0.392379761
 89**Scales: M2=   22.5625 Q2=   9.91490214 X2=   56.1405723
 89**Scale:   22.1544936
 90**Scales: M2=   22.5625 Q2=   9.91490214 X2=   56.1405723
 90**Scale:   5.53862341
 wtx  0.000131107707hfrac  0.392379761
 91**Scales: M2=   22.5625 Q2=   30.8639727 X2=   4.39211643
 91**Scale:   14.4546473
 92**Scales: M2=   22.5625 Q2=   30.8639727 X2=   4.39211643
 92**Scale:   3.61366182
 wtx  1.92042917E-05hfrac  0.392379761
 93**Scales: M2=   22.5625 Q2=   42.0702464 X2=   7.75997989
 93**Scale:   18.0981816
 94**Scales: M2=   22.5625 Q2=   42.0702464 X2=   7.75997989
 94**Scale:   4.52454539
 wtx  1.71549309E-05hfrac  0.392379761
 95**Scales: M2=   22.5625 Q2=   40.9714563 X2=   100.491597
 95**Scale:   41.0063884
 96**Scales: M2=   22.5625 Q2=   40.9714563 X2=   100.491597
 96**Scale:   10.2515971
 wtx  1.64540088E-05hfrac  0.392379761
 97**Scales: M2=   22.5625 Q2=   10.9880306 X2=   301.350643
 97**Scale:   83.7252935
 98**Scales: M2=   22.5625 Q2=   10.9880306 X2=   301.350643
 98**Scale:   20.9313234
 wtx  2.11809329E-05hfrac  0.392379761
 99**Scales: M2=   22.5625 Q2=   19.480461 X2=   149.37759
 99**Scale:   47.8551377
 100**Scales: M2=   22.5625 Q2=   19.480461 X2=   149.37759
 100**Scale:   11.9637844
 wtx  2.9660885E-05hfrac  0.392379761
 wtx  7.1826209E-05hfrac  0.392379761
 wtx  1.24873441E-05hfrac  0.392379761
 wtx  5.56086206E-06hfrac  0.392379761
 wtx  9.29009184E-06hfrac  0.392379761
 wtx  2.50017292E-05hfrac  0.392379761
 wtx  4.22901467E-05hfrac  0.392379761
 wtx  7.06400679E-05hfrac  0.392379761
 wtx  2.10696526E-05hfrac  0.392379761
 wtx  2.58992732E-05hfrac  0.392379761
 wtx  3.1077634E-05hfrac  0.392379761
 wtx  6.80531157E-05hfrac  0.392379761
 wtx  2.54238785E-05hfrac  0.392379761
 wtx  2.42003625E-05hfrac  0.392379761
 wtx  1.60702984E-05hfrac  0.392379761
 wtx  0.000148452804hfrac  0.392379761
 wtx  2.16414592E-05hfrac  0.392379761
 wtx  2.03890722E-05hfrac  0.392379761
 wtx  2.24082737E-06hfrac  0.392379761
 wtx  3.3497563E-05hfrac  0.392379761
 wtx  0.000183855111hfrac  0.392379761
 wtx  3.45425251E-05hfrac  0.392379761
 wtx  2.23921488E-05hfrac  0.392379761
 wtx  2.23239931E-06hfrac  0.392379761
 wtx  2.42539481E-05hfrac  0.392379761
 wtx  2.19938665E-05hfrac  0.392379761
 wtx  1.00249763E-05hfrac  0.392379761
 wtx  1.13824499E-05hfrac  0.392379761
 wtx  1.90493793E-05hfrac  0.392379761
 wtx  4.18753443E-05hfrac  0.392379761
 wtx  4.68507169E-05hfrac  0.392379761
 wtx  1.5964808E-05hfrac  0.392379761
 wtx  1.52180546E-05hfrac  0.392379761
 wtx  7.31536875E-06hfrac  0.392379761
 wtx  3.86073771E-05hfrac  0.392379761
 wtx  7.41136773E-06hfrac  0.392379761
 wtx  1.45856175E-05hfrac  0.392379761
 wtx  3.00855208E-05hfrac  0.392379761
 wtx  5.40113979E-05hfrac  0.392379761
 wtx  1.15760113E-05hfrac  0.392379761
 wtx  2.54378756E-05hfrac  0.392379761
 wtx  2.63973634E-05hfrac  0.392379761
 wtx  4.99276757E-06hfrac  0.392379761
 wtx  2.32728089E-05hfrac  0.392379761
 wtx  4.75439301E-05hfrac  0.392379761
 wtx  2.81493376E-05hfrac  0.392379761
 wtx  6.83201142E-05hfrac  0.392379761
 wtx  0.000478142814hfrac  0.392379761
 wtx  3.91634348E-05hfrac  0.392379761
 wtx  5.51524463E-05hfrac  0.392379761
 wtx  1.89734092E-05hfrac  0.392379761
 IT,TI,TSI,AVGI,SD,CHI2A
   1       13.81308     0.7960       13.81308     0.7960      0.000    
 IT,TI,TSI,AVGI,SD,CHI2A
   2       13.95066     0.1832       13.94387     0.1777     0.2812E-01
 NDIM,CALLS,IT,ITMX,MDS,ND



 INPUT PARAMETERS FOR VEGAS:  NDIM=  3  NCALL=  4920750.
                              IT=    0  ITMX=    4
                              MDS= -1   ND=  45
 IT,TI,TSI,AVGI,SD,CHI2A
   1       13.59348     0.2343E-01   13.59348     0.2343E-01  0.000    
 IT,TI,TSI,AVGI,SD,CHI2A
   2       13.60548     0.2341E-01   13.59949     0.1656E-01 0.1314    
 IT,TI,TSI,AVGI,SD,CHI2A
   3       13.59650     0.2334E-01   13.59849     0.1351E-01 0.7116E-01
 IT,TI,TSI,AVGI,SD,CHI2A
   4       13.59593     0.2351E-01   13.59785     0.1171E-01 0.5041E-01
 NLO starting:
 NDIM,CALLS,IT,ITMX,MDS,ND



 INPUT PARAMETERS FOR VEGAS:  NDIM=  6  NCALL=   786432.
                              IT=    0  ITMX=    4
                              MDS=  1   ND=  50
 **sig1: iscalef=  7
 **sig1: mur=   31.8383783
 **sig1: iscalef=  17
 **sig1: muf=   7.95959457
 ALFAS  =   0.201457021
 MUR2   =   31.8383783
 LOGMUR =   0.34438319
 MUF2   =   7.95959457
 LOGMUF =  -1.04191117
  
 INTEGRATING NLO GLUON ...
  
 IT,TI,TSI,AVGI,SD,CHI2A
   1       6.553355      2.081       6.553355      2.081      0.000    
 IT,TI,TSI,AVGI,SD,CHI2A
   2       7.908431      1.028       7.714048     0.8735     0.2957    
 IT,TI,TSI,AVGI,SD,CHI2A
   3       8.021735     0.4780       7.961089     0.4018     0.1841    
 IT,TI,TSI,AVGI,SD,CHI2A
   4       8.375473     0.5036       8.143785     0.3093     0.2633    
 NDIM,CALLS,IT,ITMX,MDS,ND



 INPUT PARAMETERS FOR VEGAS:  NDIM=  6  NCALL=  5971968.
                              IT=    0  ITMX=    8
                              MDS=  1   ND=  50
 IT,TI,TSI,AVGI,SD,CHI2A
   1       8.184929     0.1841       8.184929     0.1841      0.000    
 IT,TI,TSI,AVGI,SD,CHI2A
   2       8.217703     0.1622       8.203447     0.1216     0.1784E-01
 IT,TI,TSI,AVGI,SD,CHI2A
   3       7.930516     0.1579       8.106065     0.9650E-01 0.9270    
 IT,TI,TSI,AVGI,SD,CHI2A
   4       8.298423     0.1655       8.156526     0.8336E-01 0.9543    
 IT,TI,TSI,AVGI,SD,CHI2A
   5       8.650630     0.1835       8.249565     0.7603E-01  2.312    
 IT,TI,TSI,AVGI,SD,CHI2A
   6       8.389003     0.1914       8.269094     0.7069E-01  1.934    
 IT,TI,TSI,AVGI,SD,CHI2A
   7       8.126013     0.1683       8.248311     0.6518E-01  1.720    
 IT,TI,TSI,AVGI,SD,CHI2A
   8       8.341946     0.1711       8.260390     0.6091E-01  1.508    
 NDIM,CALLS,IT,ITMX,MDS,ND



 INPUT PARAMETERS FOR VEGAS:  NDIM=  6  NCALL=   786432.
                              IT=    0  ITMX=    4
                              MDS=  1   ND=  50
 ALFAS  =   0.172166697
 MUR2   =   99.9042732
 LOGMUR =   1.48792322
 MUF2   =   24.9760683
 LOGMUF =   0.101628863
  
 INTEGRATING QUARK INITIATED ...
  
 IT,TI,TSI,AVGI,SD,CHI2A
   1       2.099654     0.7760       2.099654     0.7760      0.000    
 IT,TI,TSI,AVGI,SD,CHI2A
   2       5.533035     0.8788       4.997820     0.6106      4.160    
 IT,TI,TSI,AVGI,SD,CHI2A
   3       4.609309     0.2331       4.650959     0.2069      2.111    
 IT,TI,TSI,AVGI,SD,CHI2A
   4       4.458906     0.1394       4.516468     0.1141      1.584    
 NDIM,CALLS,IT,ITMX,MDS,ND



 INPUT PARAMETERS FOR VEGAS:  NDIM=  6  NCALL=  5971968.
                              IT=    0  ITMX=    8
                              MDS=  1   ND=  50
 IT,TI,TSI,AVGI,SD,CHI2A
   1       4.558080     0.4477E-01   4.558080     0.4477E-01  0.000    
 IT,TI,TSI,AVGI,SD,CHI2A
   2       4.511406     0.5784E-01   4.540816     0.3536E-01 0.4062    
 IT,TI,TSI,AVGI,SD,CHI2A
   3       4.593563     0.4870E-01   4.559332     0.2861E-01 0.5886    
 IT,TI,TSI,AVGI,SD,CHI2A
   4       4.577098     0.5768E-01   4.562867     0.2563E-01 0.4169    
 IT,TI,TSI,AVGI,SD,CHI2A
   5       4.583969     0.4449E-01   4.568168     0.2221E-01 0.3545    
 IT,TI,TSI,AVGI,SD,CHI2A
   6       4.572531     0.4999E-01   4.568889     0.2029E-01 0.2847    
 IT,TI,TSI,AVGI,SD,CHI2A
   7       4.650830     0.5844E-01   4.577999     0.1918E-01 0.5365    
 IT,TI,TSI,AVGI,SD,CHI2A
   8       4.686136     0.7615E-01   4.584740     0.1863E-01 0.7384    
  
 CROSS SECTION =   26.4429842 +/-   0.064763265
  
  # of events with muons:  0 out of:  260153602
  All:           1. muons:   111.245506 2. muon   7.0982132
 In acc: 1. muons:     82.370:      0.740 % 2. muon      9.793:      1.380 %
  Norm Histos here: lum=   1.lumbreit lum1  1.
  ZEUS scenario in Lab frame Q2>4
  Total      sig (pb):   498.998047
  b tot  sig (pb):   304.275208
  >=1jets sig (pb):   432.664948
  muon +no cuts on jet sig (pb):   60.4419632
  muon+jet    sig (pb):   55.5156898
  muon+jet+cone sig (pb):   36.3766365
  ZEUS scenario in Breit frame Q2>2 
  tot        sig (pb):   498.998047
  b.cross    sig (pb):   341.11496
  >=1jet sig (pb):   324.948273
  muon nojet cut sig (pb):   33.8170204
  muon+jet   sig (pb):   26.4569454
 incl jet   sig (pb):  107.09211
 incl muon  sig (pb):  28.6952171
 incl b     sig (pb):  459.273682
 generator:HVQ     hfrac  0.2205
  Output Histos here 
