  
 ============================
 | HVQDIS  V1.4  APRIL 2000 |
 ============================
  
 NORDER    =        2
 ISCALER   =        7
 ISCALEF   =        7
 IPDF      =        5
 PTS0      =   500000
 ITS0      =        2
 PTS1      =   800000
 ITS1      =        4
 IQUARK    =        2
 MASS      =      5.00
 EPRO      =    920.00
 EIEL      =     27.50
 Q2MIN     =      2.00
 Q2MAX     =   3000.00
 XBJMIN    =      0.00
 XBJMAX    =      1.00
 YMIN      =      0.05
 YMAX      =      0.70
 ETAMAX    =      2.50
 PTMIN     =      0.00
 PTMAX     =   *******
 IFRAG     =        0
 ISL       =        1
 EPS       =      0.0035
 HFRAC     =      0.2205
 XMD       =      5.2780
 TCFRAG    =        0
 TCSL    =        1
 PREF      =   f2b_2.-3000._0.-1._r7_f7_m5.0.histos    
  
 BOTTOM PRODUCTION
 RM48 INITIALIZED:        40           0         0
 **hist: start histos 
 HPATH.  ERROR IN PATHNAME,


 ===> Directory : 
  create directory HISB
 hfrac:  0.2205
 **hzb: Version kula1  
 FULL LO+NLO ME
 NDIM,CALLS,IT,ITMX,MDS,ND



 INPUT PARAMETERS FOR VEGAS:  NDIM=  3  NCALL=   476656.
                              IT=    0  ITMX=    2
                              MDS= -1   ND=  31
 **MScale: SCALFA=   1. ISCALE=  7
 **MScale: scale: (Q2+Pt2+M2)/4 
 1**Scales: M2=   25. Q2=   24.8489252 X2=   0.032460252
 1**Scale:   12.4703464
 **MScale: SCALFA=   1. ISCALE=  7
 **MScale: scale: (Q2+Pt2+M2)/4 
 2**Scales: M2=   25. Q2=   24.8489252 X2=   0.032460252
 2**Scale:   12.4703464
 wtx  3.77162837E-06hfrac  0.392379761
 **frag: Peterson frag function 
 **frag: Vincenzo semi-leptonic routine dir+indir 

 ******************************************************
 KTCLUS: written by Mike Seymour, July 1992.
 Last modified October 1997.
 Please send comments or suggestions to Mike.Seymour@rl.ac.uk

       Collision type = 3 = pe        
     Angular variable = 2 = DeltaR    
 Monotonic definition = 1 = no        
 Recombination scheme = 1 = E         
 Ecut=  1.00
 ******************************************************

 **MScale: SCALFA=   1. ISCALE=  7
 **MScale: scale: (Q2+Pt2+M2)/4 
 3**Scales: M2=   25. Q2=   20.1388584 X2=   0.0257215251
 3**Scale:   11.291145
 **MScale: SCALFA=   1. ISCALE=  7
 **MScale: scale: (Q2+Pt2+M2)/4 
 4**Scales: M2=   25. Q2=   20.1388584 X2=   0.0257215251
 4**Scale:   11.291145
 wtx  4.3399059E-06hfrac  0.392379761
 **MScale: SCALFA=   1. ISCALE=  7
 **MScale: scale: (Q2+Pt2+M2)/4 
 5**Scales: M2=   25. Q2=   40.9511474 X2=   0.219805716
 5**Scale:   16.5427383
 6**Scales: M2=   25. Q2=   40.9511474 X2=   0.219805716
 6**Scale:   16.5427383
 wtx  4.83348867E-06hfrac  0.392379761
 7**Scales: M2=   25. Q2=   39.3281695 X2=   0.0383153512
 7**Scale:   16.0916212
 8**Scales: M2=   25. Q2=   39.3281695 X2=   0.0383153512
 8**Scale:   16.0916212
 wtx  1.81395933E-06hfrac  0.392379761
 9**Scales: M2=   25. Q2=   20.9502873 X2=   0.0402957787
 9**Scale:   11.4976458
 10**Scales: M2=   25. Q2=   20.9502873 X2=   0.0402957787
 10**Scale:   11.4976458
 wtx  3.81349741E-06hfrac  0.392379761
 11**Scales: M2=   25. Q2=   33.2469469 X2=   0.690910895
 11**Scale:   14.7344644
 12**Scales: M2=   25. Q2=   33.2469469 X2=   0.690910895
 12**Scale:   14.7344644
 wtx  1.19073484E-05hfrac  0.392379761
 13**Scales: M2=   25. Q2=   26.204857 X2=   0.810468231
 13**Scale:   13.0038313
 14**Scales: M2=   25. Q2=   26.204857 X2=   0.810468231
 14**Scale:   13.0038313
 wtx  1.61890548E-05hfrac  0.392379761
 15**Scales: M2=   25. Q2=   36.9540545 X2=   0.238509921
 15**Scale:   15.5481411
 16**Scales: M2=   25. Q2=   36.9540545 X2=   0.238509921
 16**Scale:   15.5481411
 wtx  4.60615775E-06hfrac  0.392379761
 17**Scales: M2=   25. Q2=   20.3686396 X2=   3.27712045
 17**Scale:   12.16144
 18**Scales: M2=   25. Q2=   20.3686396 X2=   3.27712045
 18**Scale:   12.16144
 wtx  4.58117574E-05hfrac  0.392379761
 19**Scales: M2=   25. Q2=   24.0633907 X2=   0.164314911
 19**Scale:   12.3069264
 20**Scales: M2=   25. Q2=   24.0633907 X2=   0.164314911
 20**Scale:   12.3069264
 wtx  5.88272997E-06hfrac  0.392379761
 21**Scales: M2=   25. Q2=   22.7314537 X2=   4.18237517
 21**Scale:   12.9784572
 22**Scales: M2=   25. Q2=   22.7314537 X2=   4.18237517
 22**Scale:   12.9784572
 wtx  4.2897489E-05hfrac  0.392379761
 23**Scales: M2=   25. Q2=   31.4643936 X2=   0.791571409
 23**Scale:   14.3139912
 24**Scales: M2=   25. Q2=   31.4643936 X2=   0.791571409
 24**Scale:   14.3139912
 wtx  1.10662177E-05hfrac  0.392379761
 25**Scales: M2=   25. Q2=   4.45132372 X2=   0.0189779755
 25**Scale:   7.36757542
 26**Scales: M2=   25. Q2=   4.45132372 X2=   0.0189779755
 26**Scale:   7.36757542
 wtx  1.26517216E-05hfrac  0.392379761
 27**Scales: M2=   25. Q2=   27.1659265 X2=   3.20084334
 27**Scale:   13.8416925
 28**Scales: M2=   25. Q2=   27.1659265 X2=   3.20084334
 28**Scale:   13.8416925
 wtx  3.05602662E-05hfrac  0.392379761
 29**Scales: M2=   25. Q2=   45.5033769 X2=   8.51629725
 29**Scale:   19.7549185
 30**Scales: M2=   25. Q2=   45.5033769 X2=   8.51629725
 30**Scale:   19.7549185
 wtx  2.08101956E-05hfrac  0.392379761
 31**Scales: M2=   25. Q2=   47.7275762 X2=   8.08985054
 31**Scale:   20.2043567
 32**Scales: M2=   25. Q2=   47.7275762 X2=   8.08985054
 32**Scale:   20.2043567
 wtx  1.90005303E-05hfrac  0.392379761
 33**Scales: M2=   25. Q2=   25.7443285 X2=   0.0143455102
 33**Scale:   12.6896685
 34**Scales: M2=   25. Q2=   25.7443285 X2=   0.0143455102
 34**Scale:   12.6896685
 wtx  1.40215047E-06hfrac  0.392379761
 35**Scales: M2=   25. Q2=   22.4137263 X2=   3.34681274
 35**Scale:   12.6901348
 36**Scales: M2=   25. Q2=   22.4137263 X2=   3.34681274
 36**Scale:   12.6901348
 wtx  3.45770131E-05hfrac  0.392379761
 37**Scales: M2=   25. Q2=   6.96171903 X2=   16.6698309
 37**Scale:   12.1578875
 38**Scales: M2=   25. Q2=   6.96171903 X2=   16.6698309
 38**Scale:   12.1578875
 wtx  0.00024365625hfrac  0.392379761
 39**Scales: M2=   25. Q2=   16.0915468 X2=   21.6620198
 39**Scale:   15.6883916
 40**Scales: M2=   25. Q2=   16.0915468 X2=   21.6620198
 40**Scale:   15.6883916
 wtx  8.56606057E-05hfrac  0.392379761
 41**Scales: M2=   25. Q2=   12.2816054 X2=   299.423962
 41**Scale:   84.176392
 42**Scales: M2=   25. Q2=   12.2816054 X2=   299.423962
 42**Scale:   84.176392
 wtx  7.65411414E-08hfrac  0.392379761
 **bmatch: create BMAT   
 BMAT    histos booked ! 
 43**Scales: M2=   25. Q2=   25.9260471 X2=   2.08967439
 43**Scale:   13.2539304
 44**Scales: M2=   25. Q2=   25.9260471 X2=   2.08967439
 44**Scale:   13.2539304
 wtx  2.22880135E-05hfrac  0.392379761
 45**Scales: M2=   25. Q2=   39.1989167 X2=   1.71281881
 45**Scale:   16.4779339
 46**Scales: M2=   25. Q2=   39.1989167 X2=   1.71281881
 46**Scale:   16.4779339
 wtx  1.00510433E-05hfrac  0.392379761
 47**Scales: M2=   25. Q2=   10.0805705 X2=   2.8222825
 47**Scale:   9.47571326
 48**Scales: M2=   25. Q2=   10.0805705 X2=   2.8222825
 48**Scale:   9.47571326
 wtx  7.46181104E-05hfrac  0.392379761
 49**Scales: M2=   25. Q2=   19.9396765 X2=   0.600659122
 49**Scale:   11.3850839
 50**Scales: M2=   25. Q2=   19.9396765 X2=   0.600659122
 50**Scale:   11.3850839
 wtx  1.35257651E-05hfrac  0.392379761
 51**Scales: M2=   25. Q2=   36.8584303 X2=   25.8381335
 51**Scale:   21.9241409
 52**Scales: M2=   25. Q2=   36.8584303 X2=   25.8381335
 52**Scale:   21.9241409
 wtx  2.97358474E-05hfrac  0.392379761
 53**Scales: M2=   25. Q2=   21.3689491 X2=   194.525989
 53**Scale:   60.2237345
 54**Scales: M2=   25. Q2=   21.3689491 X2=   194.525989
 54**Scale:   60.2237345
 wtx  6.12454187E-06hfrac  0.392379761
 55**Scales: M2=   25. Q2=   24.9667191 X2=   2.22114459
 55**Scale:   13.0469659
 56**Scales: M2=   25. Q2=   24.9667191 X2=   2.22114459
 56**Scale:   13.0469659
 wtx  2.08158253E-05hfrac  0.392379761
 57**Scales: M2=   25. Q2=   18.2466942 X2=   16.8969975
 57**Scale:   15.0359229
 58**Scales: M2=   25. Q2=   18.2466942 X2=   16.8969975
 58**Scale:   15.0359229
 wtx  7.57148809E-05hfrac  0.392379761
 59**Scales: M2=   25. Q2=   5.30902306 X2=   6.5365693
 59**Scale:   9.21139809
 60**Scales: M2=   25. Q2=   5.30902306 X2=   6.5365693
 60**Scale:   9.21139809
 wtx  0.000243604125hfrac  0.392379761
 61**Scales: M2=   25. Q2=   18.2075667 X2=   8.35282174
 61**Scale:   12.8900971
 62**Scales: M2=   25. Q2=   18.2075667 X2=   8.35282174
 62**Scale:   12.8900971
 wtx  6.3059204E-05hfrac  0.392379761
 63**Scales: M2=   25. Q2=   48.2617925 X2=   78.935867
 63**Scale:   38.0494149
 64**Scales: M2=   25. Q2=   48.2617925 X2=   78.935867
 64**Scale:   38.0494149
 wtx  1.20973255E-05hfrac  0.392379761
 65**Scales: M2=   25. Q2=   42.0249217 X2=   125.875235
 65**Scale:   48.2250393
 66**Scales: M2=   25. Q2=   42.0249217 X2=   125.875235
 66**Scale:   48.2250393
 wtx  9.42522092E-06hfrac  0.392379761
 67**Scales: M2=   25. Q2=   9.58583734 X2=   7.772979
 67**Scale:   10.5897041
 68**Scales: M2=   25. Q2=   9.58583734 X2=   7.772979
 68**Scale:   10.5897041
 wtx  0.000129333668hfrac  0.392379761
 69**Scales: M2=   25. Q2=   44.7306663 X2=   4.83775555
 69**Scale:   18.6421055
 70**Scales: M2=   25. Q2=   44.7306663 X2=   4.83775555
 70**Scale:   18.6421055
 wtx  1.38277237E-05hfrac  0.392379761
 71**Scales: M2=   25. Q2=   7.15452773 X2=   5.1957966
 71**Scale:   9.33758108
 72**Scales: M2=   25. Q2=   7.15452773 X2=   5.1957966
 72**Scale:   9.33758108
 wtx  0.000150266613hfrac  0.392379761
 73**Scales: M2=   25. Q2=   32.9870521 X2=   18.6696024
 73**Scale:   19.1641636
 74**Scales: M2=   25. Q2=   32.9870521 X2=   18.6696024
 74**Scale:   19.1641636
 wtx  3.45092485E-05hfrac  0.392379761
 75**Scales: M2=   25. Q2=   5.90190883 X2=   66.2318596
 75**Scale:   24.2834421
 76**Scales: M2=   25. Q2=   5.90190883 X2=   66.2318596
 76**Scale:   24.2834421
 wtx  0.000194027962hfrac  0.392379761
 77**Scales: M2=   25. Q2=   34.1913676 X2=   187.790172
 77**Scale:   61.745385
 78**Scales: M2=   25. Q2=   34.1913676 X2=   187.790172
 78**Scale:   61.745385
 wtx  7.51799098E-06hfrac  0.392379761
 79**Scales: M2=   25. Q2=   21.1061606 X2=   7.706823
 79**Scale:   13.4532459
 80**Scales: M2=   25. Q2=   21.1061606 X2=   7.706823
 80**Scale:   13.4532459
 wtx  4.68099315E-05hfrac  0.392379761
 81**Scales: M2=   25. Q2=   2.18158092 X2=   6.01696894
 81**Scale:   8.29963746
 82**Scales: M2=   25. Q2=   2.18158092 X2=   6.01696894
 82**Scale:   8.29963746
 wtx  0.000562220055hfrac  0.392379761
 83**Scales: M2=   25. Q2=   17.046735 X2=   89.6066479
 83**Scale:   32.9133457
 84**Scales: M2=   25. Q2=   17.046735 X2=   89.6066479
 84**Scale:   32.9133457
 wtx  4.70928171E-05hfrac  0.392379761
 85**Scales: M2=   25. Q2=   38.0089359 X2=   83.0068132
 85**Scale:   36.5039373
 86**Scales: M2=   25. Q2=   38.0089359 X2=   83.0068132
 86**Scale:   36.5039373
 wtx  1.8059789E-05hfrac  0.392379761
 87**Scales: M2=   25. Q2=   20.2148503 X2=   57.6477658
 87**Scale:   25.715654
 88**Scales: M2=   25. Q2=   20.2148503 X2=   57.6477658
 88**Scale:   25.715654
 wtx  5.28169221E-05hfrac  0.392379761
 89**Scales: M2=   25. Q2=   9.91490214 X2=   61.1939266
 89**Scale:   24.0272072
 90**Scales: M2=   25. Q2=   9.91490214 X2=   61.1939266
 90**Scale:   24.0272072
 wtx  0.000117067102hfrac  0.392379761
 91**Scales: M2=   25. Q2=   30.8639727 X2=   4.73576384
 91**Scale:   15.1499341
 92**Scales: M2=   25. Q2=   30.8639727 X2=   4.73576384
 92**Scale:   15.1499341
 wtx  2.2282311E-05hfrac  0.392379761
 93**Scales: M2=   25. Q2=   42.0702464 X2=   8.31205217
 93**Scale:   18.8455746
 94**Scales: M2=   25. Q2=   42.0702464 X2=   8.31205217
 94**Scale:   18.8455746
 wtx  1.86826728E-05hfrac  0.392379761
 95**Scales: M2=   25. Q2=   40.9714563 X2=   106.984888
 95**Scale:   43.2390861
 96**Scales: M2=   25. Q2=   40.9714563 X2=   106.984888
 96**Scale:   43.2390861
 wtx  1.31817897E-05hfrac  0.392379761
 97**Scales: M2=   25. Q2=   10.9880306 X2=   322.642874
 97**Scale:   89.6577262
 98**Scales: M2=   25. Q2=   10.9880306 X2=   322.642874
 98**Scale:   89.6577262
 wtx  1.33639915E-05hfrac  0.392379761
 99**Scales: M2=   25. Q2=   19.480461 X2=   160.760024
 99**Scale:   51.3101211
 100**Scales: M2=   25. Q2=   19.480461 X2=   160.760024
 100**Scale:   51.3101211
 wtx  2.26064167E-05hfrac  0.392379761
 wtx  6.64917388E-05hfrac  0.392379761
 wtx  1.41703731E-05hfrac  0.392379761
 wtx  3.31422279E-06hfrac  0.392379761
 wtx  1.05068493E-05hfrac  0.392379761
 wtx  2.28653989E-05hfrac  0.392379761
 wtx  4.16632065E-05hfrac  0.392379761
 wtx  4.45915284E-05hfrac  0.392379761
 wtx  2.46728614E-05hfrac  0.392379761
 wtx  2.55730156E-05hfrac  0.392379761
 wtx  3.85458188E-05hfrac  0.392379761
 wtx  7.99545087E-05hfrac  0.392379761
 wtx  2.40208374E-05hfrac  0.392379761
 wtx  2.61544883E-05hfrac  0.392379761
 wtx  1.29530526E-05hfrac  0.392379761
 wtx  0.000172363754hfrac  0.392379761
 wtx  2.22740528E-05hfrac  0.392379761
 wtx  1.75324585E-05hfrac  0.392379761
 wtx  1.09261805E-06hfrac  0.392379761
 wtx  3.33709504E-05hfrac  0.392379761
 wtx  0.000147686762hfrac  0.392379761
 wtx  3.9323706E-05hfrac  0.392379761
 wtx  2.15667933E-05hfrac  0.392379761
 wtx  1.41354019E-06hfrac  0.392379761
 wtx  2.60408124E-05hfrac  0.392379761
 wtx  2.16656845E-05hfrac  0.392379761
 wtx  7.01037879E-06hfrac  0.392379761
 wtx  8.23646042E-06hfrac  0.392379761
 wtx  2.17612942E-05hfrac  0.392379761
 wtx  4.03463637E-05hfrac  0.392379761
 wtx  5.07731711E-05hfrac  0.392379761
 wtx  1.19167053E-05hfrac  0.392379761
 wtx  1.86896359E-05hfrac  0.392379761
 wtx  5.10102473E-06hfrac  0.392379761
 wtx  3.47221976E-05hfrac  0.392379761
 wtx  4.17902265E-06hfrac  0.392379761
 wtx  1.14844051E-05hfrac  0.392379761
 wtx  3.19341561E-05hfrac  0.392379761
 wtx  6.9608097E-05hfrac  0.392379761
 wtx  8.05534273E-06hfrac  0.392379761
 wtx  3.05951326E-05hfrac  0.392379761
 wtx  3.26709123E-05hfrac  0.392379761
 wtx  5.77215542E-06hfrac  0.392379761
 wtx  1.94390959E-05hfrac  0.392379761
 wtx  4.85571654E-05hfrac  0.392379761
 wtx  3.49577531E-05hfrac  0.392379761
 wtx  5.87370741E-05hfrac  0.392379761
 wtx  0.000617947953hfrac  0.392379761
 wtx  4.58620125E-05hfrac  0.392379761
 wtx  5.18066299E-05hfrac  0.392379761
 wtx  1.86737561E-05hfrac  0.392379761
 IT,TI,TSI,AVGI,SD,CHI2A
   1       15.83509     0.8621       15.83509     0.8621      0.000    
 IT,TI,TSI,AVGI,SD,CHI2A
   2       15.57469     0.1991       15.58830     0.1955     0.8791E-01
 NDIM,CALLS,IT,ITMX,MDS,ND



 INPUT PARAMETERS FOR VEGAS:  NDIM=  3  NCALL=  4920750.
                              IT=    0  ITMX=    4
                              MDS= -1   ND=  45
 IT,TI,TSI,AVGI,SD,CHI2A
   1       15.50482     0.2618E-01   15.50482     0.2618E-01  0.000    
 IT,TI,TSI,AVGI,SD,CHI2A
   2       15.50176     0.2628E-01   15.50330     0.1855E-01 0.6795E-02
 IT,TI,TSI,AVGI,SD,CHI2A
   3       15.46851     0.2617E-01   15.49170     0.1513E-01 0.5905    
 IT,TI,TSI,AVGI,SD,CHI2A
   4       15.48864     0.2619E-01   15.49094     0.1310E-01 0.3971    
 NLO starting:
 NDIM,CALLS,IT,ITMX,MDS,ND



 INPUT PARAMETERS FOR VEGAS:  NDIM=  6  NCALL=   786432.
                              IT=    0  ITMX=    4
                              MDS=  1   ND=  50
 **sig1: iscalef=  7
 **sig1: mur=   12.6319528
 **sig1: iscalef=  7
 **sig1: muf=   12.6319528
 ALFAS  =   0.234598022
 MUR2   =   12.6319528
 LOGMUR =  -0.682646284
 MUF2   =   12.6319528
 LOGMUF =  -0.682646284
  
 INTEGRATING NLO GLUON ...
  
 IT,TI,TSI,AVGI,SD,CHI2A
   1       5.579906      1.640       5.579906      1.640      0.000    
 IT,TI,TSI,AVGI,SD,CHI2A
   2       7.044080      1.055       6.742402     0.8477     0.4880    
 IT,TI,TSI,AVGI,SD,CHI2A
   3       6.897010     0.4763       6.864333     0.4011     0.2427    
 IT,TI,TSI,AVGI,SD,CHI2A
   4       7.493928     0.3525       7.260725     0.2535     0.6296    
 NDIM,CALLS,IT,ITMX,MDS,ND



 INPUT PARAMETERS FOR VEGAS:  NDIM=  6  NCALL=  5971968.
                              IT=    0  ITMX=    8
                              MDS=  1   ND=  50
 IT,TI,TSI,AVGI,SD,CHI2A
   1       7.391299     0.1238       7.391299     0.1238      0.000    
 IT,TI,TSI,AVGI,SD,CHI2A
   2       7.607413     0.1211       7.504906     0.8653E-01  1.555    
 IT,TI,TSI,AVGI,SD,CHI2A
   3       7.455334     0.1337       7.490394     0.7262E-01 0.8290    
 IT,TI,TSI,AVGI,SD,CHI2A
   4       7.649173     0.1365       7.526628     0.6415E-01 0.9063    
 IT,TI,TSI,AVGI,SD,CHI2A
   5       7.414181     0.1811       7.514422     0.6039E-01 0.7676    
 IT,TI,TSI,AVGI,SD,CHI2A
   6       7.373829     0.2023       7.503282     0.5778E-01 0.7040    
 IT,TI,TSI,AVGI,SD,CHI2A
   7       7.686572     0.1803       7.521215     0.5510E-01 0.7449    
 IT,TI,TSI,AVGI,SD,CHI2A
   8       7.359484     0.1356       7.499082     0.5106E-01 0.8110    
 NDIM,CALLS,IT,ITMX,MDS,ND



 INPUT PARAMETERS FOR VEGAS:  NDIM=  6  NCALL=   786432.
                              IT=    0  ITMX=    4
                              MDS=  1   ND=  50
 ALFAS  =   0.173380991
 MUR2   =   94.4939858
 LOGMUR =   1.32966036
 MUF2   =   94.4939858
 LOGMUF =   1.32966036
  
 INTEGRATING QUARK INITIATED ...
  
 IT,TI,TSI,AVGI,SD,CHI2A
   1       2.950821      1.260       2.950821      1.260      0.000    
 IT,TI,TSI,AVGI,SD,CHI2A
   2       2.358876     0.3138       2.411289     0.3393     0.2456    
 IT,TI,TSI,AVGI,SD,CHI2A
   3       3.423396     0.4839       2.863452     0.2781      1.738    
 IT,TI,TSI,AVGI,SD,CHI2A
   4       2.961245     0.1312       2.943608     0.1183      1.189    
 NDIM,CALLS,IT,ITMX,MDS,ND



 INPUT PARAMETERS FOR VEGAS:  NDIM=  6  NCALL=  5971968.
                              IT=    0  ITMX=    8
                              MDS=  1   ND=  50
 IT,TI,TSI,AVGI,SD,CHI2A
   1       2.969454     0.3706E-01   2.969454     0.3706E-01  0.000    
 IT,TI,TSI,AVGI,SD,CHI2A
   2       2.927207     0.3577E-01   2.947885     0.2575E-01 0.6728    
 IT,TI,TSI,AVGI,SD,CHI2A
   3       2.946328     0.3622E-01   2.947363     0.2098E-01 0.3372    
 IT,TI,TSI,AVGI,SD,CHI2A
   4       2.951475     0.3899E-01   2.948288     0.1848E-01 0.2275    
 IT,TI,TSI,AVGI,SD,CHI2A
   5       2.980514     0.3446E-01   2.955605     0.1628E-01 0.3418    
 IT,TI,TSI,AVGI,SD,CHI2A
   6       2.942498     0.3511E-01   2.953302     0.1477E-01 0.2966    
 IT,TI,TSI,AVGI,SD,CHI2A
   7       2.954173     0.3672E-01   2.953423     0.1370E-01 0.2472    
 IT,TI,TSI,AVGI,SD,CHI2A
   8       3.122853     0.1468       2.955058     0.1374E-01 0.4165    
  
 CROSS SECTION =   25.9450763 +/-   0.0544783652
  
  # of events with muons:  0 out of:  277295501
  All:           1. muons:   111.399712 2. muon   7.47277832
 In acc: 1. muons:     81.435:      0.731 % 2. muon      9.679:      1.295 %
  Norm Histos here: lum=   1.lumbreit lum1  1.
  ZEUS scenario in Lab frame Q2>4
  Total      sig (pb):   499.292816
  b tot  sig (pb):   307.449554
  >=1jets sig (pb):   433.99353
  muon +no cuts on jet sig (pb):   60.0170326
  muon+jet    sig (pb):   54.9801598
  muon+jet+cone sig (pb):   35.9024506
  ZEUS scenario in Breit frame Q2>2 
  tot        sig (pb):   499.292816
  b.cross    sig (pb):   337.454285
  >=1jet sig (pb):   321.187103
  muon nojet cut sig (pb):   33.3232841
  muon+jet   sig (pb):   25.957407
 incl jet   sig (pb):  105.075172
 incl muon  sig (pb):  28.1511059
 incl b     sig (pb):  454.642914
 generator:HVQ     hfrac  0.2205
  Output Histos here 
