    5.000000    0.000180    0.274484    0.149490    0.012494    0.010156    0.016101
    7.000000    0.000500    0.138340    0.155308    0.006708    0.009085    0.011293
    7.000000    0.000300    0.230567    0.168858    0.007727    0.010613    0.013128
   12.000000    0.001500    0.079051    0.141293    0.007714    0.009590    0.012307
   12.000000    0.000800    0.148221    0.177144    0.006667    0.010161    0.012153
   12.000000    0.000500    0.237154    0.234159    0.010045    0.011826    0.015516
   12.000000    0.000320    0.370553    0.285231    0.013440    0.018611    0.022957
   18.000000    0.002500    0.071146    0.157601    0.005557    0.009021    0.010595
   18.000000    0.001350    0.131752    0.200865    0.006534    0.010544    0.012404
   18.000000    0.000800    0.222332    0.263742    0.010135    0.012235    0.015887
   18.000000    0.000500    0.355731    0.276547    0.012886    0.019234    0.023152
   32.000000    0.003200    0.098814    0.194201    0.013741    0.010902    0.017540
   32.000000    0.002400    0.131752    0.203529    0.009782    0.010063    0.014034
   32.000000    0.001400    0.225861    0.276658    0.010720    0.011730    0.015891
   32.000000    0.000800    0.395257    0.352729    0.015185    0.018850    0.024205
   60.000000    0.005000    0.118577    0.197526    0.009317    0.009622    0.013394
   60.000000    0.003200    0.185277    0.272060    0.012873    0.010485    0.016603
   60.000000    0.002000    0.296443    0.338706    0.014681    0.012457    0.019254
   60.000000    0.001400    0.423490    0.321811    0.019730    0.017474    0.026356
  120.000000    0.010000    0.118577    0.159014    0.010477    0.008632    0.013575
  120.000000    0.005500    0.215595    0.225993    0.011746    0.010161    0.015531
  120.000000    0.002000    0.592885    0.344984    0.024498    0.017902    0.030342
  200.000000    0.013000    0.152022    0.165943    0.011093    0.008002    0.013678
  200.000000    0.005000    0.395257    0.243894    0.019701    0.013913    0.024119
  350.000000    0.025000    0.138340    0.101626    0.011370    0.005916    0.012817
  350.000000    0.010000    0.345850    0.220087    0.019184    0.010982    0.022105
  650.000000    0.032000    0.200716    0.093895    0.011633    0.009994    0.015336
  650.000000    0.013000    0.494071    0.200375    0.022302    0.014419    0.026557
 2000.000000    0.050000    0.395257    0.062148    0.017185    0.008958    0.019380
    7.000000    0.001600    0.043231    0.092482    0.005876    0.006989    0.009131
    7.000000    0.000800    0.086462    0.115612    0.008265    0.006961    0.010806
    7.000000    0.000130    0.532077    0.214174    0.017368    0.017079    0.024359
   12.000000    0.003000    0.039526    0.102776    0.006315    0.008267    0.010403
   12.000000    0.000220    0.538987    0.298314    0.025172    0.021533    0.033125
   18.000000    0.004500    0.039526    0.134896    0.007776    0.010842    0.013342
   18.000000    0.000350    0.508187    0.309280    0.028365    0.019993    0.034703
   32.000000    0.008000    0.039526    0.102726    0.010954    0.008476    0.013850
   32.000000    0.005500    0.057492    0.148733    0.010240    0.008898    0.013566
   60.000000    0.015000    0.039526    0.100791    0.010658    0.006471    0.012468
   60.000000    0.008000    0.074111    0.145604    0.017488    0.007533    0.019041
    2.500000    0.000030    0.823452    0.112628    0.015807    0.012250    0.019999
    2.500000    0.000070    0.352908    0.106745    0.009594    0.010580    0.014282
    2.500000    0.000130    0.190027    0.088876    0.008882    0.008045    0.011983
    2.500000    0.000180    0.137242    0.090667    0.008579    0.007546    0.011426
    2.500000    0.000350    0.070582    0.055990    0.004876    0.004561    0.006677
    7.000000    0.000180    0.384278    0.190896    0.019413    0.016254    0.025319
    5.000000    0.000070    0.705816    0.146614    0.022897    0.014645    0.027180
    5.000000    0.000350    0.141163    0.115107    0.008175    0.007673    0.011212
    5.000000    0.001000    0.049407    0.080289    0.007422    0.006610    0.009939
   32.000000    0.000600    0.527009    0.411852    0.062266    0.023619    0.066596
  120.000000    0.003200    0.370553    0.243244    0.038665    0.009827    0.039894
  120.000000    0.025000    0.047431    0.086573    0.011841    0.005906    0.013232
